[2024-02-05T06:46:42.649+0000] {processor.py:157} INFO - Started process (PID=40) to work on /opt/airflow/dags/modeling.py
[2024-02-05T06:46:42.651+0000] {processor.py:826} INFO - Processing file /opt/airflow/dags/modeling.py for tasks to queue
[2024-02-05T06:46:42.652+0000] {logging_mixin.py:150} INFO - [2024-02-05T06:46:42.652+0000] {dagbag.py:541} INFO - Filling up the DagBag from /opt/airflow/dags/modeling.py
[2024-02-05T06:46:53.303+0000] {processor.py:836} INFO - DAG(s) dict_keys(['modeling_dag']) retrieved from /opt/airflow/dags/modeling.py
[2024-02-05T06:46:53.363+0000] {logging_mixin.py:150} INFO - [2024-02-05T06:46:53.362+0000] {dag.py:2742} INFO - Sync 1 DAGs
[2024-02-05T06:46:53.406+0000] {logging_mixin.py:150} INFO - [2024-02-05T06:46:53.406+0000] {dag.py:3508} INFO - Setting next_dagrun for modeling_dag to 2024-02-05T06:46:00+00:00, run_after=2024-02-05T06:47:00+00:00
[2024-02-05T06:46:53.463+0000] {processor.py:179} INFO - Processing /opt/airflow/dags/modeling.py took 10.829 seconds
[2024-02-05T06:46:58.531+0000] {processor.py:157} INFO - Started process (PID=122) to work on /opt/airflow/dags/modeling.py
[2024-02-05T06:46:58.533+0000] {processor.py:826} INFO - Processing file /opt/airflow/dags/modeling.py for tasks to queue
[2024-02-05T06:46:58.534+0000] {logging_mixin.py:150} INFO - [2024-02-05T06:46:58.534+0000] {dagbag.py:541} INFO - Filling up the DagBag from /opt/airflow/dags/modeling.py
[2024-02-05T06:47:01.277+0000] {processor.py:836} INFO - DAG(s) dict_keys(['modeling_dag']) retrieved from /opt/airflow/dags/modeling.py
[2024-02-05T06:47:01.306+0000] {logging_mixin.py:150} INFO - [2024-02-05T06:47:01.305+0000] {dag.py:2742} INFO - Sync 1 DAGs
[2024-02-05T06:47:01.332+0000] {logging_mixin.py:150} INFO - [2024-02-05T06:47:01.332+0000] {dag.py:3508} INFO - Setting next_dagrun for modeling_dag to 2024-02-05T06:47:00+00:00, run_after=2024-02-05T06:48:00+00:00
[2024-02-05T06:47:01.364+0000] {processor.py:179} INFO - Processing /opt/airflow/dags/modeling.py took 2.837 seconds
[2024-02-05T06:47:06.771+0000] {processor.py:157} INFO - Started process (PID=188) to work on /opt/airflow/dags/modeling.py
[2024-02-05T06:47:06.772+0000] {processor.py:826} INFO - Processing file /opt/airflow/dags/modeling.py for tasks to queue
[2024-02-05T06:47:06.773+0000] {logging_mixin.py:150} INFO - [2024-02-05T06:47:06.772+0000] {dagbag.py:541} INFO - Filling up the DagBag from /opt/airflow/dags/modeling.py
[2024-02-05T06:47:09.244+0000] {processor.py:836} INFO - DAG(s) dict_keys(['modeling_dag']) retrieved from /opt/airflow/dags/modeling.py
[2024-02-05T06:47:09.267+0000] {logging_mixin.py:150} INFO - [2024-02-05T06:47:09.267+0000] {dag.py:2742} INFO - Sync 1 DAGs
[2024-02-05T06:47:09.290+0000] {logging_mixin.py:150} INFO - [2024-02-05T06:47:09.289+0000] {dag.py:3508} INFO - Setting next_dagrun for modeling_dag to 2024-02-05T06:47:00+00:00, run_after=2024-02-05T06:48:00+00:00
[2024-02-05T06:47:09.305+0000] {processor.py:179} INFO - Processing /opt/airflow/dags/modeling.py took 2.538 seconds
[2024-02-05T06:47:39.528+0000] {processor.py:157} INFO - Started process (PID=288) to work on /opt/airflow/dags/modeling.py
[2024-02-05T06:47:39.531+0000] {processor.py:826} INFO - Processing file /opt/airflow/dags/modeling.py for tasks to queue
[2024-02-05T06:47:39.532+0000] {logging_mixin.py:150} INFO - [2024-02-05T06:47:39.532+0000] {dagbag.py:541} INFO - Filling up the DagBag from /opt/airflow/dags/modeling.py
[2024-02-05T06:47:42.595+0000] {processor.py:836} INFO - DAG(s) dict_keys(['modeling_dag']) retrieved from /opt/airflow/dags/modeling.py
[2024-02-05T06:47:42.765+0000] {logging_mixin.py:150} INFO - [2024-02-05T06:47:42.764+0000] {dag.py:2742} INFO - Sync 1 DAGs
[2024-02-05T06:47:42.793+0000] {logging_mixin.py:150} INFO - [2024-02-05T06:47:42.792+0000] {dag.py:3508} INFO - Setting next_dagrun for modeling_dag to 2024-02-05T06:47:00+00:00, run_after=2024-02-05T06:48:00+00:00
[2024-02-05T06:47:42.833+0000] {processor.py:179} INFO - Processing /opt/airflow/dags/modeling.py took 3.309 seconds
[2024-02-05T06:48:33.389+0000] {processor.py:157} INFO - Started process (PID=30) to work on /opt/airflow/dags/modeling.py
[2024-02-05T06:48:33.395+0000] {processor.py:826} INFO - Processing file /opt/airflow/dags/modeling.py for tasks to queue
[2024-02-05T06:48:33.396+0000] {logging_mixin.py:150} INFO - [2024-02-05T06:48:33.396+0000] {dagbag.py:541} INFO - Filling up the DagBag from /opt/airflow/dags/modeling.py
[2024-02-05T06:48:35.985+0000] {processor.py:836} INFO - DAG(s) dict_keys(['modeling_dag']) retrieved from /opt/airflow/dags/modeling.py
[2024-02-05T06:48:36.110+0000] {logging_mixin.py:150} INFO - [2024-02-05T06:48:36.109+0000] {dag.py:2742} INFO - Sync 1 DAGs
[2024-02-05T06:48:36.135+0000] {logging_mixin.py:150} INFO - [2024-02-05T06:48:36.135+0000] {dag.py:3508} INFO - Setting next_dagrun for modeling_dag to 2024-02-05T06:47:00+00:00, run_after=2024-02-05T06:48:00+00:00
[2024-02-05T06:48:36.167+0000] {processor.py:179} INFO - Processing /opt/airflow/dags/modeling.py took 2.782 seconds
[2024-02-05T06:49:06.341+0000] {processor.py:157} INFO - Started process (PID=157) to work on /opt/airflow/dags/modeling.py
[2024-02-05T06:49:06.342+0000] {processor.py:826} INFO - Processing file /opt/airflow/dags/modeling.py for tasks to queue
[2024-02-05T06:49:06.343+0000] {logging_mixin.py:150} INFO - [2024-02-05T06:49:06.343+0000] {dagbag.py:541} INFO - Filling up the DagBag from /opt/airflow/dags/modeling.py
[2024-02-05T06:49:09.047+0000] {processor.py:836} INFO - DAG(s) dict_keys(['modeling_dag']) retrieved from /opt/airflow/dags/modeling.py
[2024-02-05T06:49:09.073+0000] {logging_mixin.py:150} INFO - [2024-02-05T06:49:09.073+0000] {dag.py:2742} INFO - Sync 1 DAGs
[2024-02-05T06:49:09.095+0000] {logging_mixin.py:150} INFO - [2024-02-05T06:49:09.095+0000] {dag.py:3508} INFO - Setting next_dagrun for modeling_dag to 2024-02-05T06:49:00+00:00, run_after=2024-02-05T06:50:00+00:00
[2024-02-05T06:49:09.118+0000] {processor.py:179} INFO - Processing /opt/airflow/dags/modeling.py took 2.780 seconds
[2024-02-05T06:49:39.191+0000] {processor.py:157} INFO - Started process (PID=259) to work on /opt/airflow/dags/modeling.py
[2024-02-05T06:49:39.193+0000] {processor.py:826} INFO - Processing file /opt/airflow/dags/modeling.py for tasks to queue
[2024-02-05T06:49:39.194+0000] {logging_mixin.py:150} INFO - [2024-02-05T06:49:39.193+0000] {dagbag.py:541} INFO - Filling up the DagBag from /opt/airflow/dags/modeling.py
[2024-02-05T06:49:41.330+0000] {processor.py:836} INFO - DAG(s) dict_keys(['modeling_dag']) retrieved from /opt/airflow/dags/modeling.py
[2024-02-05T06:49:41.351+0000] {logging_mixin.py:150} INFO - [2024-02-05T06:49:41.351+0000] {dag.py:2742} INFO - Sync 1 DAGs
[2024-02-05T06:49:41.372+0000] {logging_mixin.py:150} INFO - [2024-02-05T06:49:41.371+0000] {dag.py:3508} INFO - Setting next_dagrun for modeling_dag to 2024-02-05T06:49:00+00:00, run_after=2024-02-05T06:50:00+00:00
[2024-02-05T06:49:41.394+0000] {processor.py:179} INFO - Processing /opt/airflow/dags/modeling.py took 2.206 seconds
[2024-02-05T06:50:11.539+0000] {processor.py:157} INFO - Started process (PID=358) to work on /opt/airflow/dags/modeling.py
[2024-02-05T06:50:11.540+0000] {processor.py:826} INFO - Processing file /opt/airflow/dags/modeling.py for tasks to queue
[2024-02-05T06:50:11.541+0000] {logging_mixin.py:150} INFO - [2024-02-05T06:50:11.541+0000] {dagbag.py:541} INFO - Filling up the DagBag from /opt/airflow/dags/modeling.py
[2024-02-05T06:50:13.757+0000] {processor.py:836} INFO - DAG(s) dict_keys(['modeling_dag']) retrieved from /opt/airflow/dags/modeling.py
[2024-02-05T06:50:13.781+0000] {logging_mixin.py:150} INFO - [2024-02-05T06:50:13.780+0000] {dag.py:2742} INFO - Sync 1 DAGs
[2024-02-05T06:50:13.808+0000] {logging_mixin.py:150} INFO - [2024-02-05T06:50:13.807+0000] {dag.py:3508} INFO - Setting next_dagrun for modeling_dag to 2024-02-05T06:50:00+00:00, run_after=2024-02-05T06:51:00+00:00
[2024-02-05T06:50:13.827+0000] {processor.py:179} INFO - Processing /opt/airflow/dags/modeling.py took 2.293 seconds
[2024-02-05T06:50:44.033+0000] {processor.py:157} INFO - Started process (PID=447) to work on /opt/airflow/dags/modeling.py
[2024-02-05T06:50:44.034+0000] {processor.py:826} INFO - Processing file /opt/airflow/dags/modeling.py for tasks to queue
[2024-02-05T06:50:44.034+0000] {logging_mixin.py:150} INFO - [2024-02-05T06:50:44.034+0000] {dagbag.py:541} INFO - Filling up the DagBag from /opt/airflow/dags/modeling.py
[2024-02-05T06:50:46.059+0000] {processor.py:836} INFO - DAG(s) dict_keys(['modeling_dag']) retrieved from /opt/airflow/dags/modeling.py
[2024-02-05T06:50:46.079+0000] {logging_mixin.py:150} INFO - [2024-02-05T06:50:46.079+0000] {dag.py:2742} INFO - Sync 1 DAGs
[2024-02-05T06:50:46.098+0000] {logging_mixin.py:150} INFO - [2024-02-05T06:50:46.098+0000] {dag.py:3508} INFO - Setting next_dagrun for modeling_dag to 2024-02-05T06:50:00+00:00, run_after=2024-02-05T06:51:00+00:00
[2024-02-05T06:50:46.112+0000] {processor.py:179} INFO - Processing /opt/airflow/dags/modeling.py took 2.081 seconds
[2024-02-05T06:51:16.339+0000] {processor.py:157} INFO - Started process (PID=545) to work on /opt/airflow/dags/modeling.py
[2024-02-05T06:51:16.340+0000] {processor.py:826} INFO - Processing file /opt/airflow/dags/modeling.py for tasks to queue
[2024-02-05T06:51:16.341+0000] {logging_mixin.py:150} INFO - [2024-02-05T06:51:16.341+0000] {dagbag.py:541} INFO - Filling up the DagBag from /opt/airflow/dags/modeling.py
[2024-02-05T06:51:18.683+0000] {processor.py:836} INFO - DAG(s) dict_keys(['modeling_dag']) retrieved from /opt/airflow/dags/modeling.py
[2024-02-05T06:51:18.705+0000] {logging_mixin.py:150} INFO - [2024-02-05T06:51:18.704+0000] {dag.py:2742} INFO - Sync 1 DAGs
[2024-02-05T06:51:18.729+0000] {logging_mixin.py:150} INFO - [2024-02-05T06:51:18.729+0000] {dag.py:3508} INFO - Setting next_dagrun for modeling_dag to 2024-02-05T06:51:00+00:00, run_after=2024-02-05T06:52:00+00:00
[2024-02-05T06:51:18.746+0000] {processor.py:179} INFO - Processing /opt/airflow/dags/modeling.py took 2.410 seconds
[2024-02-05T06:51:48.848+0000] {processor.py:157} INFO - Started process (PID=626) to work on /opt/airflow/dags/modeling.py
[2024-02-05T06:51:48.850+0000] {processor.py:826} INFO - Processing file /opt/airflow/dags/modeling.py for tasks to queue
[2024-02-05T06:51:48.851+0000] {logging_mixin.py:150} INFO - [2024-02-05T06:51:48.850+0000] {dagbag.py:541} INFO - Filling up the DagBag from /opt/airflow/dags/modeling.py
[2024-02-05T06:51:51.015+0000] {processor.py:836} INFO - DAG(s) dict_keys(['modeling_dag']) retrieved from /opt/airflow/dags/modeling.py
[2024-02-05T06:51:51.070+0000] {logging_mixin.py:150} INFO - [2024-02-05T06:51:51.069+0000] {dag.py:2742} INFO - Sync 1 DAGs
[2024-02-05T06:51:51.127+0000] {logging_mixin.py:150} INFO - [2024-02-05T06:51:51.127+0000] {dag.py:3508} INFO - Setting next_dagrun for modeling_dag to 2024-02-05T06:51:00+00:00, run_after=2024-02-05T06:52:00+00:00
[2024-02-05T06:51:51.157+0000] {processor.py:179} INFO - Processing /opt/airflow/dags/modeling.py took 2.312 seconds
[2024-02-05T06:52:21.369+0000] {processor.py:157} INFO - Started process (PID=724) to work on /opt/airflow/dags/modeling.py
[2024-02-05T06:52:21.370+0000] {processor.py:826} INFO - Processing file /opt/airflow/dags/modeling.py for tasks to queue
[2024-02-05T06:52:21.371+0000] {logging_mixin.py:150} INFO - [2024-02-05T06:52:21.371+0000] {dagbag.py:541} INFO - Filling up the DagBag from /opt/airflow/dags/modeling.py
[2024-02-05T06:52:23.457+0000] {processor.py:836} INFO - DAG(s) dict_keys(['modeling_dag']) retrieved from /opt/airflow/dags/modeling.py
[2024-02-05T06:52:23.477+0000] {logging_mixin.py:150} INFO - [2024-02-05T06:52:23.476+0000] {dag.py:2742} INFO - Sync 1 DAGs
[2024-02-05T06:52:23.501+0000] {logging_mixin.py:150} INFO - [2024-02-05T06:52:23.501+0000] {dag.py:3508} INFO - Setting next_dagrun for modeling_dag to 2024-02-05T06:52:00+00:00, run_after=2024-02-05T06:53:00+00:00
[2024-02-05T06:52:23.523+0000] {processor.py:179} INFO - Processing /opt/airflow/dags/modeling.py took 2.157 seconds
[2024-02-05T06:52:53.585+0000] {processor.py:157} INFO - Started process (PID=805) to work on /opt/airflow/dags/modeling.py
[2024-02-05T06:52:53.586+0000] {processor.py:826} INFO - Processing file /opt/airflow/dags/modeling.py for tasks to queue
[2024-02-05T06:52:53.587+0000] {logging_mixin.py:150} INFO - [2024-02-05T06:52:53.587+0000] {dagbag.py:541} INFO - Filling up the DagBag from /opt/airflow/dags/modeling.py
[2024-02-05T06:52:55.875+0000] {processor.py:836} INFO - DAG(s) dict_keys(['modeling_dag']) retrieved from /opt/airflow/dags/modeling.py
[2024-02-05T06:52:55.901+0000] {logging_mixin.py:150} INFO - [2024-02-05T06:52:55.900+0000] {dag.py:2742} INFO - Sync 1 DAGs
[2024-02-05T06:52:55.925+0000] {logging_mixin.py:150} INFO - [2024-02-05T06:52:55.925+0000] {dag.py:3508} INFO - Setting next_dagrun for modeling_dag to 2024-02-05T06:52:00+00:00, run_after=2024-02-05T06:53:00+00:00
[2024-02-05T06:52:55.948+0000] {processor.py:179} INFO - Processing /opt/airflow/dags/modeling.py took 2.366 seconds
[2024-02-05T06:53:26.702+0000] {processor.py:157} INFO - Started process (PID=903) to work on /opt/airflow/dags/modeling.py
[2024-02-05T06:53:26.705+0000] {processor.py:826} INFO - Processing file /opt/airflow/dags/modeling.py for tasks to queue
[2024-02-05T06:53:26.706+0000] {logging_mixin.py:150} INFO - [2024-02-05T06:53:26.705+0000] {dagbag.py:541} INFO - Filling up the DagBag from /opt/airflow/dags/modeling.py
[2024-02-05T06:53:28.760+0000] {processor.py:836} INFO - DAG(s) dict_keys(['modeling_dag']) retrieved from /opt/airflow/dags/modeling.py
[2024-02-05T06:53:28.781+0000] {logging_mixin.py:150} INFO - [2024-02-05T06:53:28.781+0000] {dag.py:2742} INFO - Sync 1 DAGs
[2024-02-05T06:53:28.801+0000] {logging_mixin.py:150} INFO - [2024-02-05T06:53:28.801+0000] {dag.py:3508} INFO - Setting next_dagrun for modeling_dag to 2024-02-05T06:53:00+00:00, run_after=2024-02-05T06:54:00+00:00
[2024-02-05T06:53:28.818+0000] {processor.py:179} INFO - Processing /opt/airflow/dags/modeling.py took 2.119 seconds
[2024-02-05T06:53:59.098+0000] {processor.py:157} INFO - Started process (PID=993) to work on /opt/airflow/dags/modeling.py
[2024-02-05T06:53:59.100+0000] {processor.py:826} INFO - Processing file /opt/airflow/dags/modeling.py for tasks to queue
[2024-02-05T06:53:59.101+0000] {logging_mixin.py:150} INFO - [2024-02-05T06:53:59.100+0000] {dagbag.py:541} INFO - Filling up the DagBag from /opt/airflow/dags/modeling.py
[2024-02-05T06:54:01.544+0000] {processor.py:836} INFO - DAG(s) dict_keys(['modeling_dag']) retrieved from /opt/airflow/dags/modeling.py
[2024-02-05T06:54:01.580+0000] {logging_mixin.py:150} INFO - [2024-02-05T06:54:01.579+0000] {dag.py:2742} INFO - Sync 1 DAGs
[2024-02-05T06:54:01.616+0000] {logging_mixin.py:150} INFO - [2024-02-05T06:54:01.616+0000] {dag.py:3508} INFO - Setting next_dagrun for modeling_dag to 2024-02-05T06:54:00+00:00, run_after=2024-02-05T06:55:00+00:00
[2024-02-05T06:54:01.648+0000] {processor.py:179} INFO - Processing /opt/airflow/dags/modeling.py took 2.553 seconds
[2024-02-05T06:54:31.756+0000] {processor.py:157} INFO - Started process (PID=1090) to work on /opt/airflow/dags/modeling.py
[2024-02-05T06:54:31.759+0000] {processor.py:826} INFO - Processing file /opt/airflow/dags/modeling.py for tasks to queue
[2024-02-05T06:54:31.760+0000] {logging_mixin.py:150} INFO - [2024-02-05T06:54:31.760+0000] {dagbag.py:541} INFO - Filling up the DagBag from /opt/airflow/dags/modeling.py
[2024-02-05T06:54:33.998+0000] {processor.py:836} INFO - DAG(s) dict_keys(['modeling_dag']) retrieved from /opt/airflow/dags/modeling.py
[2024-02-05T06:54:34.022+0000] {logging_mixin.py:150} INFO - [2024-02-05T06:54:34.021+0000] {dag.py:2742} INFO - Sync 1 DAGs
[2024-02-05T06:54:34.046+0000] {logging_mixin.py:150} INFO - [2024-02-05T06:54:34.046+0000] {dag.py:3508} INFO - Setting next_dagrun for modeling_dag to 2024-02-05T06:54:00+00:00, run_after=2024-02-05T06:55:00+00:00
[2024-02-05T06:54:34.068+0000] {processor.py:179} INFO - Processing /opt/airflow/dags/modeling.py took 2.316 seconds
[2024-02-05T06:55:04.318+0000] {processor.py:157} INFO - Started process (PID=1177) to work on /opt/airflow/dags/modeling.py
[2024-02-05T06:55:04.322+0000] {processor.py:826} INFO - Processing file /opt/airflow/dags/modeling.py for tasks to queue
[2024-02-05T06:55:04.324+0000] {logging_mixin.py:150} INFO - [2024-02-05T06:55:04.323+0000] {dagbag.py:541} INFO - Filling up the DagBag from /opt/airflow/dags/modeling.py
[2024-02-05T06:55:06.524+0000] {processor.py:836} INFO - DAG(s) dict_keys(['modeling_dag']) retrieved from /opt/airflow/dags/modeling.py
[2024-02-05T06:55:06.549+0000] {logging_mixin.py:150} INFO - [2024-02-05T06:55:06.548+0000] {dag.py:2742} INFO - Sync 1 DAGs
[2024-02-05T06:55:06.572+0000] {logging_mixin.py:150} INFO - [2024-02-05T06:55:06.572+0000] {dag.py:3508} INFO - Setting next_dagrun for modeling_dag to 2024-02-05T06:55:00+00:00, run_after=2024-02-05T06:56:00+00:00
[2024-02-05T06:55:06.594+0000] {processor.py:179} INFO - Processing /opt/airflow/dags/modeling.py took 2.284 seconds
[2024-02-05T06:55:36.761+0000] {processor.py:157} INFO - Started process (PID=1272) to work on /opt/airflow/dags/modeling.py
[2024-02-05T06:55:36.765+0000] {processor.py:826} INFO - Processing file /opt/airflow/dags/modeling.py for tasks to queue
[2024-02-05T06:55:36.767+0000] {logging_mixin.py:150} INFO - [2024-02-05T06:55:36.767+0000] {dagbag.py:541} INFO - Filling up the DagBag from /opt/airflow/dags/modeling.py
[2024-02-05T06:55:38.779+0000] {processor.py:836} INFO - DAG(s) dict_keys(['modeling_dag']) retrieved from /opt/airflow/dags/modeling.py
[2024-02-05T06:55:38.800+0000] {logging_mixin.py:150} INFO - [2024-02-05T06:55:38.799+0000] {dag.py:2742} INFO - Sync 1 DAGs
[2024-02-05T06:55:38.819+0000] {logging_mixin.py:150} INFO - [2024-02-05T06:55:38.819+0000] {dag.py:3508} INFO - Setting next_dagrun for modeling_dag to 2024-02-05T06:55:00+00:00, run_after=2024-02-05T06:56:00+00:00
[2024-02-05T06:55:38.836+0000] {processor.py:179} INFO - Processing /opt/airflow/dags/modeling.py took 2.084 seconds
[2024-02-05T06:56:08.946+0000] {processor.py:157} INFO - Started process (PID=1373) to work on /opt/airflow/dags/modeling.py
[2024-02-05T06:56:08.947+0000] {processor.py:826} INFO - Processing file /opt/airflow/dags/modeling.py for tasks to queue
[2024-02-05T06:56:08.948+0000] {logging_mixin.py:150} INFO - [2024-02-05T06:56:08.948+0000] {dagbag.py:541} INFO - Filling up the DagBag from /opt/airflow/dags/modeling.py
[2024-02-05T06:56:11.851+0000] {processor.py:836} INFO - DAG(s) dict_keys(['modeling_dag']) retrieved from /opt/airflow/dags/modeling.py
[2024-02-05T06:56:11.876+0000] {logging_mixin.py:150} INFO - [2024-02-05T06:56:11.875+0000] {dag.py:2742} INFO - Sync 1 DAGs
[2024-02-05T06:56:11.905+0000] {logging_mixin.py:150} INFO - [2024-02-05T06:56:11.904+0000] {dag.py:3508} INFO - Setting next_dagrun for modeling_dag to 2024-02-05T06:56:00+00:00, run_after=2024-02-05T06:57:00+00:00
[2024-02-05T06:56:11.943+0000] {processor.py:179} INFO - Processing /opt/airflow/dags/modeling.py took 3.000 seconds
[2024-02-05T06:56:42.178+0000] {processor.py:157} INFO - Started process (PID=1454) to work on /opt/airflow/dags/modeling.py
[2024-02-05T06:56:42.178+0000] {processor.py:826} INFO - Processing file /opt/airflow/dags/modeling.py for tasks to queue
[2024-02-05T06:56:42.179+0000] {logging_mixin.py:150} INFO - [2024-02-05T06:56:42.179+0000] {dagbag.py:541} INFO - Filling up the DagBag from /opt/airflow/dags/modeling.py
[2024-02-05T06:56:44.263+0000] {processor.py:836} INFO - DAG(s) dict_keys(['modeling_dag']) retrieved from /opt/airflow/dags/modeling.py
[2024-02-05T06:56:44.284+0000] {logging_mixin.py:150} INFO - [2024-02-05T06:56:44.283+0000] {dag.py:2742} INFO - Sync 1 DAGs
[2024-02-05T06:56:44.303+0000] {logging_mixin.py:150} INFO - [2024-02-05T06:56:44.303+0000] {dag.py:3508} INFO - Setting next_dagrun for modeling_dag to 2024-02-05T06:56:00+00:00, run_after=2024-02-05T06:57:00+00:00
[2024-02-05T06:56:44.317+0000] {processor.py:179} INFO - Processing /opt/airflow/dags/modeling.py took 2.143 seconds
[2024-02-05T06:57:14.454+0000] {processor.py:157} INFO - Started process (PID=1551) to work on /opt/airflow/dags/modeling.py
[2024-02-05T06:57:14.460+0000] {processor.py:826} INFO - Processing file /opt/airflow/dags/modeling.py for tasks to queue
[2024-02-05T06:57:14.462+0000] {logging_mixin.py:150} INFO - [2024-02-05T06:57:14.461+0000] {dagbag.py:541} INFO - Filling up the DagBag from /opt/airflow/dags/modeling.py
[2024-02-05T06:57:16.787+0000] {processor.py:836} INFO - DAG(s) dict_keys(['modeling_dag']) retrieved from /opt/airflow/dags/modeling.py
[2024-02-05T06:57:16.810+0000] {logging_mixin.py:150} INFO - [2024-02-05T06:57:16.809+0000] {dag.py:2742} INFO - Sync 1 DAGs
[2024-02-05T06:57:16.832+0000] {logging_mixin.py:150} INFO - [2024-02-05T06:57:16.832+0000] {dag.py:3508} INFO - Setting next_dagrun for modeling_dag to 2024-02-05T06:57:00+00:00, run_after=2024-02-05T06:58:00+00:00
[2024-02-05T06:57:16.850+0000] {processor.py:179} INFO - Processing /opt/airflow/dags/modeling.py took 2.407 seconds
[2024-02-05T06:57:47.057+0000] {processor.py:157} INFO - Started process (PID=1640) to work on /opt/airflow/dags/modeling.py
[2024-02-05T06:57:47.058+0000] {processor.py:826} INFO - Processing file /opt/airflow/dags/modeling.py for tasks to queue
[2024-02-05T06:57:47.059+0000] {logging_mixin.py:150} INFO - [2024-02-05T06:57:47.059+0000] {dagbag.py:541} INFO - Filling up the DagBag from /opt/airflow/dags/modeling.py
[2024-02-05T06:57:49.071+0000] {processor.py:836} INFO - DAG(s) dict_keys(['modeling_dag']) retrieved from /opt/airflow/dags/modeling.py
[2024-02-05T06:57:49.092+0000] {logging_mixin.py:150} INFO - [2024-02-05T06:57:49.091+0000] {dag.py:2742} INFO - Sync 1 DAGs
[2024-02-05T06:57:49.113+0000] {logging_mixin.py:150} INFO - [2024-02-05T06:57:49.112+0000] {dag.py:3508} INFO - Setting next_dagrun for modeling_dag to 2024-02-05T06:57:00+00:00, run_after=2024-02-05T06:58:00+00:00
[2024-02-05T06:57:49.129+0000] {processor.py:179} INFO - Processing /opt/airflow/dags/modeling.py took 2.075 seconds
[2024-02-05T06:58:19.331+0000] {processor.py:157} INFO - Started process (PID=1730) to work on /opt/airflow/dags/modeling.py
[2024-02-05T06:58:19.332+0000] {processor.py:826} INFO - Processing file /opt/airflow/dags/modeling.py for tasks to queue
[2024-02-05T06:58:19.333+0000] {logging_mixin.py:150} INFO - [2024-02-05T06:58:19.333+0000] {dagbag.py:541} INFO - Filling up the DagBag from /opt/airflow/dags/modeling.py
[2024-02-05T06:58:21.550+0000] {processor.py:836} INFO - DAG(s) dict_keys(['modeling_dag']) retrieved from /opt/airflow/dags/modeling.py
[2024-02-05T06:58:21.576+0000] {logging_mixin.py:150} INFO - [2024-02-05T06:58:21.576+0000] {dag.py:2742} INFO - Sync 1 DAGs
[2024-02-05T06:58:21.600+0000] {logging_mixin.py:150} INFO - [2024-02-05T06:58:21.600+0000] {dag.py:3508} INFO - Setting next_dagrun for modeling_dag to 2024-02-05T06:58:00+00:00, run_after=2024-02-05T06:59:00+00:00
[2024-02-05T06:58:21.623+0000] {processor.py:179} INFO - Processing /opt/airflow/dags/modeling.py took 2.297 seconds
[2024-02-05T06:58:51.673+0000] {processor.py:157} INFO - Started process (PID=1820) to work on /opt/airflow/dags/modeling.py
[2024-02-05T06:58:51.675+0000] {processor.py:826} INFO - Processing file /opt/airflow/dags/modeling.py for tasks to queue
[2024-02-05T06:58:51.675+0000] {logging_mixin.py:150} INFO - [2024-02-05T06:58:51.675+0000] {dagbag.py:541} INFO - Filling up the DagBag from /opt/airflow/dags/modeling.py
[2024-02-05T06:58:53.786+0000] {processor.py:836} INFO - DAG(s) dict_keys(['modeling_dag']) retrieved from /opt/airflow/dags/modeling.py
[2024-02-05T06:58:53.807+0000] {logging_mixin.py:150} INFO - [2024-02-05T06:58:53.806+0000] {dag.py:2742} INFO - Sync 1 DAGs
[2024-02-05T06:58:53.825+0000] {logging_mixin.py:150} INFO - [2024-02-05T06:58:53.825+0000] {dag.py:3508} INFO - Setting next_dagrun for modeling_dag to 2024-02-05T06:58:00+00:00, run_after=2024-02-05T06:59:00+00:00
[2024-02-05T06:58:53.851+0000] {processor.py:179} INFO - Processing /opt/airflow/dags/modeling.py took 2.181 seconds
