[2023-10-21T22:30:05.042+0900] {taskinstance.py:1103} INFO - Dependencies all met for dep_context=non-requeueable deps ti=<TaskInstance: combined_dag.predict_ntu_task scheduled__2023-10-21T13:29:00+00:00 [queued]>
[2023-10-21T22:30:05.049+0900] {taskinstance.py:1103} INFO - Dependencies all met for dep_context=requeueable deps ti=<TaskInstance: combined_dag.predict_ntu_task scheduled__2023-10-21T13:29:00+00:00 [queued]>
[2023-10-21T22:30:05.049+0900] {taskinstance.py:1308} INFO - Starting attempt 1 of 1
[2023-10-21T22:30:05.059+0900] {taskinstance.py:1327} INFO - Executing <Task(PythonOperator): predict_ntu_task> on 2023-10-21 13:29:00+00:00
[2023-10-21T22:30:05.063+0900] {standard_task_runner.py:57} INFO - Started process 141354 to run task
[2023-10-21T22:30:05.066+0900] {standard_task_runner.py:84} INFO - Running: ['airflow', 'tasks', 'run', 'combined_dag', 'predict_ntu_task', 'scheduled__2023-10-21T13:29:00+00:00', '--job-id', '39', '--raw', '--subdir', 'DAGS_FOLDER/combined_dag(real).py', '--cfg-path', '/tmp/tmp19jztb84']
[2023-10-21T22:30:05.066+0900] {standard_task_runner.py:85} INFO - Job 39: Subtask predict_ntu_task
[2023-10-21T22:30:05.297+0900] {task_command.py:410} INFO - Running <TaskInstance: combined_dag.predict_ntu_task scheduled__2023-10-21T13:29:00+00:00 [running]> on host DESKTOP-HIRTBK6.
[2023-10-21T22:30:05.616+0900] {taskinstance.py:1547} INFO - Exporting env vars: AIRFLOW_CTX_DAG_OWNER='airflow' AIRFLOW_CTX_DAG_ID='combined_dag' AIRFLOW_CTX_TASK_ID='predict_ntu_task' AIRFLOW_CTX_EXECUTION_DATE='2023-10-21T13:29:00+00:00' AIRFLOW_CTX_TRY_NUMBER='1' AIRFLOW_CTX_DAG_RUN_ID='scheduled__2023-10-21T13:29:00+00:00'
[2023-10-21T22:30:05.690+0900] {logging_mixin.py:150} INFO - [[4.005342], [3.764371], [3.47802]]
[2023-10-21T22:30:05.690+0900] {combined_dag(real).py:58} INFO - [[4.005342], [3.764371], [3.47802]]
[2023-10-21T22:30:05.692+0900] {taskinstance.py:1824} ERROR - Task failed with exception
Traceback (most recent call last):
  File "/home/user/anaconda3/envs/airflow_env/lib/python3.7/site-packages/airflow/operators/python.py", line 181, in execute
    return_value = self.execute_callable()
  File "/home/user/anaconda3/envs/airflow_env/lib/python3.7/site-packages/airflow/operators/python.py", line 198, in execute_callable
    return self.python_callable(*self.op_args, **self.op_kwargs)
  File "/home/user/airflow/dags/combined_dag(real).py", line 60, in predict_ntu
    ntu_model=load_model('./models/lstm_ntu.h5')
  File "/home/user/anaconda3/envs/airflow_env/lib/python3.7/site-packages/keras/utils/traceback_utils.py", line 70, in error_handler
    raise e.with_traceback(filtered_tb) from None
  File "/home/user/anaconda3/envs/airflow_env/lib/python3.7/site-packages/keras/saving/legacy/save.py", line 228, in load_model
    f"No file or directory found at {filepath_str}"
OSError: No file or directory found at ./models/lstm_ntu.h5
[2023-10-21T22:30:05.761+0900] {taskinstance.py:1350} INFO - Marking task as FAILED. dag_id=combined_dag, task_id=predict_ntu_task, execution_date=20231021T132900, start_date=20231021T133005, end_date=20231021T133005
[2023-10-21T22:30:05.773+0900] {standard_task_runner.py:109} ERROR - Failed to execute job 39 for task predict_ntu_task (No file or directory found at ./models/lstm_ntu.h5; 141354)
[2023-10-21T22:30:05.800+0900] {local_task_job_runner.py:225} INFO - Task exited with return code 1
[2023-10-21T22:30:05.877+0900] {taskinstance.py:2653} INFO - 0 downstream tasks scheduled from follow-on schedule check
