[2023-12-27T17:21:11.938+0000] {taskinstance.py:1103} INFO - Dependencies all met for dep_context=non-requeueable deps ti=<TaskInstance: combined_dag.load_modeling manual__2023-12-27T17:21:06.605307+00:00 [queued]>
[2023-12-27T17:21:11.947+0000] {taskinstance.py:1103} INFO - Dependencies all met for dep_context=requeueable deps ti=<TaskInstance: combined_dag.load_modeling manual__2023-12-27T17:21:06.605307+00:00 [queued]>
[2023-12-27T17:21:11.947+0000] {taskinstance.py:1308} INFO - Starting attempt 1 of 1
[2023-12-27T17:21:11.961+0000] {taskinstance.py:1327} INFO - Executing <Task(PythonOperator): load_modeling> on 2023-12-27 17:21:06.605307+00:00
[2023-12-27T17:21:11.968+0000] {standard_task_runner.py:57} INFO - Started process 7141 to run task
[2023-12-27T17:21:11.972+0000] {standard_task_runner.py:84} INFO - Running: ['***', 'tasks', 'run', 'combined_dag', 'load_modeling', 'manual__2023-12-27T17:21:06.605307+00:00', '--job-id', '507', '--raw', '--subdir', 'DAGS_FOLDER/combined_dag(real).py', '--cfg-path', '/tmp/tmp0ecvhjws']
[2023-12-27T17:21:11.974+0000] {standard_task_runner.py:85} INFO - Job 507: Subtask load_modeling
[2023-12-27T17:21:12.016+0000] {task_command.py:410} INFO - Running <TaskInstance: combined_dag.load_modeling manual__2023-12-27T17:21:06.605307+00:00 [running]> on host c56b1de7f6cf
[2023-12-27T17:21:12.088+0000] {taskinstance.py:1547} INFO - Exporting env vars: AIRFLOW_CTX_DAG_OWNER='***' AIRFLOW_CTX_DAG_ID='combined_dag' AIRFLOW_CTX_TASK_ID='load_modeling' AIRFLOW_CTX_EXECUTION_DATE='2023-12-27T17:21:06.605307+00:00' AIRFLOW_CTX_TRY_NUMBER='1' AIRFLOW_CTX_DAG_RUN_ID='manual__2023-12-27T17:21:06.605307+00:00'
[2023-12-27T17:21:12.099+0000] {logging_mixin.py:150} INFO - /opt/***
[2023-12-27T17:21:12.099+0000] {combined_dag(real).py:158} INFO - /opt/***
[2023-12-27T17:21:12.727+0000] {warnings.py:110} WARNING - /home/***/.local/lib/python3.7/site-packages/sklearn/base.py:451: UserWarning: X does not have valid feature names, but RandomForestClassifier was fitted with feature names
  "X does not have valid feature names, but"

[2023-12-27T17:21:12.752+0000] {warnings.py:110} WARNING - /home/***/.local/lib/python3.7/site-packages/sklearn/base.py:451: UserWarning: X does not have valid feature names, but ExtraTreesClassifier was fitted with feature names
  "X does not have valid feature names, but"

[2023-12-27T17:21:13.010+0000] {warnings.py:110} WARNING - /home/***/.local/lib/python3.7/site-packages/sklearn/base.py:451: UserWarning: X does not have valid feature names, but ExtraTreesRegressor was fitted with feature names
  "X does not have valid feature names, but"

[2023-12-27T17:21:13.015+0000] {python.py:183} INFO - Done. Returned value was: (array([53.28930167]), array([1]))
[2023-12-27T17:21:13.039+0000] {taskinstance.py:1350} INFO - Marking task as SUCCESS. dag_id=combined_dag, task_id=load_modeling, execution_date=20231227T172106, start_date=20231227T172111, end_date=20231227T172113
[2023-12-27T17:21:13.106+0000] {local_task_job_runner.py:225} INFO - Task exited with return code 0
[2023-12-27T17:21:13.132+0000] {taskinstance.py:2653} INFO - 0 downstream tasks scheduled from follow-on schedule check
