[2024-01-03T07:54:30.922+0000] {processor.py:157} INFO - Started process (PID=93) to work on /opt/airflow/dags/consumer.py
[2024-01-03T07:54:30.923+0000] {processor.py:826} INFO - Processing file /opt/airflow/dags/consumer.py for tasks to queue
[2024-01-03T07:54:30.923+0000] {logging_mixin.py:150} INFO - [2024-01-03T07:54:30.923+0000] {dagbag.py:541} INFO - Filling up the DagBag from /opt/airflow/dags/consumer.py
[2024-01-03T07:54:30.935+0000] {processor.py:836} INFO - DAG(s) dict_keys(['consumer_dag']) retrieved from /opt/airflow/dags/consumer.py
[2024-01-03T07:54:31.091+0000] {logging_mixin.py:150} INFO - [2024-01-03T07:54:31.091+0000] {dag.py:2742} INFO - Sync 1 DAGs
[2024-01-03T07:54:31.108+0000] {logging_mixin.py:150} INFO - [2024-01-03T07:54:31.108+0000] {dag.py:3508} INFO - Setting next_dagrun for consumer_dag to 2024-01-03T07:53:00+00:00, run_after=2024-01-03T07:54:00+00:00
[2024-01-03T07:54:31.123+0000] {processor.py:179} INFO - Processing /opt/airflow/dags/consumer.py took 0.203 seconds
[2024-01-03T07:55:01.413+0000] {processor.py:157} INFO - Started process (PID=166) to work on /opt/airflow/dags/consumer.py
[2024-01-03T07:55:01.414+0000] {processor.py:826} INFO - Processing file /opt/airflow/dags/consumer.py for tasks to queue
[2024-01-03T07:55:01.415+0000] {logging_mixin.py:150} INFO - [2024-01-03T07:55:01.415+0000] {dagbag.py:541} INFO - Filling up the DagBag from /opt/airflow/dags/consumer.py
[2024-01-03T07:55:01.429+0000] {processor.py:836} INFO - DAG(s) dict_keys(['consumer_dag']) retrieved from /opt/airflow/dags/consumer.py
[2024-01-03T07:55:01.454+0000] {logging_mixin.py:150} INFO - [2024-01-03T07:55:01.454+0000] {dag.py:2742} INFO - Sync 1 DAGs
[2024-01-03T07:55:01.551+0000] {logging_mixin.py:150} INFO - [2024-01-03T07:55:01.551+0000] {dag.py:3508} INFO - Setting next_dagrun for consumer_dag to 2024-01-03T07:54:00+00:00, run_after=2024-01-03T07:55:00+00:00
[2024-01-03T07:55:01.566+0000] {processor.py:179} INFO - Processing /opt/airflow/dags/consumer.py took 0.155 seconds
[2024-01-03T07:55:31.694+0000] {processor.py:157} INFO - Started process (PID=215) to work on /opt/airflow/dags/consumer.py
[2024-01-03T07:55:31.695+0000] {processor.py:826} INFO - Processing file /opt/airflow/dags/consumer.py for tasks to queue
[2024-01-03T07:55:31.696+0000] {logging_mixin.py:150} INFO - [2024-01-03T07:55:31.696+0000] {dagbag.py:541} INFO - Filling up the DagBag from /opt/airflow/dags/consumer.py
[2024-01-03T07:55:31.715+0000] {processor.py:836} INFO - DAG(s) dict_keys(['consumer_dag']) retrieved from /opt/airflow/dags/consumer.py
[2024-01-03T07:55:31.846+0000] {logging_mixin.py:150} INFO - [2024-01-03T07:55:31.846+0000] {dag.py:2742} INFO - Sync 1 DAGs
[2024-01-03T07:55:31.865+0000] {logging_mixin.py:150} INFO - [2024-01-03T07:55:31.865+0000] {dag.py:3508} INFO - Setting next_dagrun for consumer_dag to 2024-01-03T07:54:00+00:00, run_after=2024-01-03T07:55:00+00:00
[2024-01-03T07:55:31.881+0000] {processor.py:179} INFO - Processing /opt/airflow/dags/consumer.py took 0.191 seconds
[2024-01-03T07:56:02.084+0000] {processor.py:157} INFO - Started process (PID=298) to work on /opt/airflow/dags/consumer.py
[2024-01-03T07:56:02.084+0000] {processor.py:826} INFO - Processing file /opt/airflow/dags/consumer.py for tasks to queue
[2024-01-03T07:56:02.085+0000] {logging_mixin.py:150} INFO - [2024-01-03T07:56:02.085+0000] {dagbag.py:541} INFO - Filling up the DagBag from /opt/airflow/dags/consumer.py
[2024-01-03T07:56:02.099+0000] {processor.py:836} INFO - DAG(s) dict_keys(['consumer_dag']) retrieved from /opt/airflow/dags/consumer.py
[2024-01-03T07:56:02.125+0000] {logging_mixin.py:150} INFO - [2024-01-03T07:56:02.124+0000] {dag.py:2742} INFO - Sync 1 DAGs
[2024-01-03T07:56:02.149+0000] {logging_mixin.py:150} INFO - [2024-01-03T07:56:02.149+0000] {dag.py:3508} INFO - Setting next_dagrun for consumer_dag to 2024-01-03T07:55:00+00:00, run_after=2024-01-03T07:56:00+00:00
[2024-01-03T07:56:02.165+0000] {processor.py:179} INFO - Processing /opt/airflow/dags/consumer.py took 0.084 seconds
[2024-01-03T07:58:31.880+0000] {processor.py:157} INFO - Started process (PID=31) to work on /opt/airflow/dags/consumer.py
[2024-01-03T07:58:31.881+0000] {processor.py:826} INFO - Processing file /opt/airflow/dags/consumer.py for tasks to queue
[2024-01-03T07:58:31.881+0000] {logging_mixin.py:150} INFO - [2024-01-03T07:58:31.881+0000] {dagbag.py:541} INFO - Filling up the DagBag from /opt/airflow/dags/consumer.py
[2024-01-03T07:58:31.898+0000] {processor.py:836} INFO - DAG(s) dict_keys(['consumer_dag']) retrieved from /opt/airflow/dags/consumer.py
[2024-01-03T07:58:32.120+0000] {logging_mixin.py:150} INFO - [2024-01-03T07:58:32.120+0000] {dag.py:2742} INFO - Sync 1 DAGs
[2024-01-03T07:58:32.139+0000] {logging_mixin.py:150} INFO - [2024-01-03T07:58:32.139+0000] {dag.py:3508} INFO - Setting next_dagrun for consumer_dag to 2024-01-03T07:57:00+00:00, run_after=2024-01-03T07:58:00+00:00
[2024-01-03T07:58:32.159+0000] {processor.py:179} INFO - Processing /opt/airflow/dags/consumer.py took 0.281 seconds
[2024-01-03T07:59:02.247+0000] {processor.py:157} INFO - Started process (PID=121) to work on /opt/airflow/dags/consumer.py
[2024-01-03T07:59:02.249+0000] {processor.py:826} INFO - Processing file /opt/airflow/dags/consumer.py for tasks to queue
[2024-01-03T07:59:02.250+0000] {logging_mixin.py:150} INFO - [2024-01-03T07:59:02.250+0000] {dagbag.py:541} INFO - Filling up the DagBag from /opt/airflow/dags/consumer.py
[2024-01-03T07:59:02.266+0000] {processor.py:836} INFO - DAG(s) dict_keys(['consumer_dag']) retrieved from /opt/airflow/dags/consumer.py
[2024-01-03T07:59:02.293+0000] {logging_mixin.py:150} INFO - [2024-01-03T07:59:02.293+0000] {dag.py:2742} INFO - Sync 1 DAGs
[2024-01-03T07:59:02.383+0000] {logging_mixin.py:150} INFO - [2024-01-03T07:59:02.383+0000] {dag.py:3508} INFO - Setting next_dagrun for consumer_dag to 2024-01-03T07:58:00+00:00, run_after=2024-01-03T07:59:00+00:00
[2024-01-03T07:59:02.396+0000] {processor.py:179} INFO - Processing /opt/airflow/dags/consumer.py took 0.151 seconds
[2024-01-03T08:00:15.829+0000] {processor.py:157} INFO - Started process (PID=31) to work on /opt/airflow/dags/consumer.py
[2024-01-03T08:00:15.830+0000] {processor.py:826} INFO - Processing file /opt/airflow/dags/consumer.py for tasks to queue
[2024-01-03T08:00:15.831+0000] {logging_mixin.py:150} INFO - [2024-01-03T08:00:15.830+0000] {dagbag.py:541} INFO - Filling up the DagBag from /opt/airflow/dags/consumer.py
[2024-01-03T08:00:15.851+0000] {processor.py:836} INFO - DAG(s) dict_keys(['consumer_dag']) retrieved from /opt/airflow/dags/consumer.py
[2024-01-03T08:00:16.077+0000] {logging_mixin.py:150} INFO - [2024-01-03T08:00:16.077+0000] {dag.py:2742} INFO - Sync 1 DAGs
[2024-01-03T08:00:16.097+0000] {logging_mixin.py:150} INFO - [2024-01-03T08:00:16.097+0000] {dag.py:3508} INFO - Setting next_dagrun for consumer_dag to 2024-01-03T07:59:00+00:00, run_after=2024-01-03T08:00:00+00:00
[2024-01-03T08:00:16.112+0000] {processor.py:179} INFO - Processing /opt/airflow/dags/consumer.py took 0.287 seconds
[2024-01-03T08:00:46.162+0000] {processor.py:157} INFO - Started process (PID=121) to work on /opt/airflow/dags/consumer.py
[2024-01-03T08:00:46.164+0000] {processor.py:826} INFO - Processing file /opt/airflow/dags/consumer.py for tasks to queue
[2024-01-03T08:00:46.165+0000] {logging_mixin.py:150} INFO - [2024-01-03T08:00:46.164+0000] {dagbag.py:541} INFO - Filling up the DagBag from /opt/airflow/dags/consumer.py
[2024-01-03T08:00:46.176+0000] {processor.py:836} INFO - DAG(s) dict_keys(['consumer_dag']) retrieved from /opt/airflow/dags/consumer.py
[2024-01-03T08:00:46.197+0000] {logging_mixin.py:150} INFO - [2024-01-03T08:00:46.197+0000] {dag.py:2742} INFO - Sync 1 DAGs
[2024-01-03T08:00:46.285+0000] {logging_mixin.py:150} INFO - [2024-01-03T08:00:46.285+0000] {dag.py:3508} INFO - Setting next_dagrun for consumer_dag to 2024-01-03T07:59:00+00:00, run_after=2024-01-03T08:00:00+00:00
[2024-01-03T08:00:46.298+0000] {processor.py:179} INFO - Processing /opt/airflow/dags/consumer.py took 0.139 seconds
[2024-01-03T08:01:20.151+0000] {processor.py:157} INFO - Started process (PID=30) to work on /opt/airflow/dags/consumer.py
[2024-01-03T08:01:20.153+0000] {processor.py:826} INFO - Processing file /opt/airflow/dags/consumer.py for tasks to queue
[2024-01-03T08:01:20.154+0000] {logging_mixin.py:150} INFO - [2024-01-03T08:01:20.154+0000] {dagbag.py:541} INFO - Filling up the DagBag from /opt/airflow/dags/consumer.py
[2024-01-03T08:01:20.169+0000] {processor.py:836} INFO - DAG(s) dict_keys(['consumer_dag']) retrieved from /opt/airflow/dags/consumer.py
[2024-01-03T08:01:20.415+0000] {logging_mixin.py:150} INFO - [2024-01-03T08:01:20.415+0000] {dag.py:2742} INFO - Sync 1 DAGs
[2024-01-03T08:01:20.438+0000] {logging_mixin.py:150} INFO - [2024-01-03T08:01:20.437+0000] {dag.py:3508} INFO - Setting next_dagrun for consumer_dag to 2024-01-03T08:00:00+00:00, run_after=2024-01-03T08:01:00+00:00
[2024-01-03T08:01:20.460+0000] {processor.py:179} INFO - Processing /opt/airflow/dags/consumer.py took 0.312 seconds
[2024-01-03T08:01:50.608+0000] {processor.py:157} INFO - Started process (PID=127) to work on /opt/airflow/dags/consumer.py
[2024-01-03T08:01:50.608+0000] {processor.py:826} INFO - Processing file /opt/airflow/dags/consumer.py for tasks to queue
[2024-01-03T08:01:50.609+0000] {logging_mixin.py:150} INFO - [2024-01-03T08:01:50.609+0000] {dagbag.py:541} INFO - Filling up the DagBag from /opt/airflow/dags/consumer.py
[2024-01-03T08:01:50.623+0000] {processor.py:836} INFO - DAG(s) dict_keys(['consumer_dag']) retrieved from /opt/airflow/dags/consumer.py
[2024-01-03T08:01:50.648+0000] {logging_mixin.py:150} INFO - [2024-01-03T08:01:50.647+0000] {dag.py:2742} INFO - Sync 1 DAGs
[2024-01-03T08:01:50.745+0000] {logging_mixin.py:150} INFO - [2024-01-03T08:01:50.745+0000] {dag.py:3508} INFO - Setting next_dagrun for consumer_dag to 2024-01-03T08:01:00+00:00, run_after=2024-01-03T08:02:00+00:00
[2024-01-03T08:01:50.758+0000] {processor.py:179} INFO - Processing /opt/airflow/dags/consumer.py took 0.153 seconds
[2024-01-03T08:02:20.822+0000] {processor.py:157} INFO - Started process (PID=216) to work on /opt/airflow/dags/consumer.py
[2024-01-03T08:02:20.823+0000] {processor.py:826} INFO - Processing file /opt/airflow/dags/consumer.py for tasks to queue
[2024-01-03T08:02:20.824+0000] {logging_mixin.py:150} INFO - [2024-01-03T08:02:20.824+0000] {dagbag.py:541} INFO - Filling up the DagBag from /opt/airflow/dags/consumer.py
[2024-01-03T08:02:20.848+0000] {processor.py:836} INFO - DAG(s) dict_keys(['consumer_dag']) retrieved from /opt/airflow/dags/consumer.py
[2024-01-03T08:02:20.968+0000] {logging_mixin.py:150} INFO - [2024-01-03T08:02:20.967+0000] {dag.py:2742} INFO - Sync 1 DAGs
[2024-01-03T08:02:20.989+0000] {logging_mixin.py:150} INFO - [2024-01-03T08:02:20.989+0000] {dag.py:3508} INFO - Setting next_dagrun for consumer_dag to 2024-01-03T08:02:00+00:00, run_after=2024-01-03T08:03:00+00:00
[2024-01-03T08:02:21.009+0000] {processor.py:179} INFO - Processing /opt/airflow/dags/consumer.py took 0.190 seconds
[2024-01-03T08:02:51.103+0000] {processor.py:157} INFO - Started process (PID=307) to work on /opt/airflow/dags/consumer.py
[2024-01-03T08:02:51.104+0000] {processor.py:826} INFO - Processing file /opt/airflow/dags/consumer.py for tasks to queue
[2024-01-03T08:02:51.105+0000] {logging_mixin.py:150} INFO - [2024-01-03T08:02:51.105+0000] {dagbag.py:541} INFO - Filling up the DagBag from /opt/airflow/dags/consumer.py
[2024-01-03T08:02:51.116+0000] {processor.py:836} INFO - DAG(s) dict_keys(['consumer_dag']) retrieved from /opt/airflow/dags/consumer.py
[2024-01-03T08:02:51.137+0000] {logging_mixin.py:150} INFO - [2024-01-03T08:02:51.137+0000] {dag.py:2742} INFO - Sync 1 DAGs
[2024-01-03T08:02:51.156+0000] {logging_mixin.py:150} INFO - [2024-01-03T08:02:51.155+0000] {dag.py:3508} INFO - Setting next_dagrun for consumer_dag to 2024-01-03T08:02:00+00:00, run_after=2024-01-03T08:03:00+00:00
[2024-01-03T08:02:51.170+0000] {processor.py:179} INFO - Processing /opt/airflow/dags/consumer.py took 0.069 seconds
[2024-01-03T08:03:21.849+0000] {processor.py:157} INFO - Started process (PID=395) to work on /opt/airflow/dags/consumer.py
[2024-01-03T08:03:21.851+0000] {processor.py:826} INFO - Processing file /opt/airflow/dags/consumer.py for tasks to queue
[2024-01-03T08:03:21.852+0000] {logging_mixin.py:150} INFO - [2024-01-03T08:03:21.851+0000] {dagbag.py:541} INFO - Filling up the DagBag from /opt/airflow/dags/consumer.py
[2024-01-03T08:03:21.865+0000] {processor.py:836} INFO - DAG(s) dict_keys(['consumer_dag']) retrieved from /opt/airflow/dags/consumer.py
[2024-01-03T08:03:21.888+0000] {logging_mixin.py:150} INFO - [2024-01-03T08:03:21.888+0000] {dag.py:2742} INFO - Sync 1 DAGs
[2024-01-03T08:03:21.907+0000] {logging_mixin.py:150} INFO - [2024-01-03T08:03:21.907+0000] {dag.py:3508} INFO - Setting next_dagrun for consumer_dag to 2024-01-03T08:03:00+00:00, run_after=2024-01-03T08:04:00+00:00
[2024-01-03T08:03:21.920+0000] {processor.py:179} INFO - Processing /opt/airflow/dags/consumer.py took 0.073 seconds
[2024-01-03T08:03:52.571+0000] {processor.py:157} INFO - Started process (PID=486) to work on /opt/airflow/dags/consumer.py
[2024-01-03T08:03:52.572+0000] {processor.py:826} INFO - Processing file /opt/airflow/dags/consumer.py for tasks to queue
[2024-01-03T08:03:52.572+0000] {logging_mixin.py:150} INFO - [2024-01-03T08:03:52.572+0000] {dagbag.py:541} INFO - Filling up the DagBag from /opt/airflow/dags/consumer.py
[2024-01-03T08:03:52.584+0000] {processor.py:836} INFO - DAG(s) dict_keys(['consumer_dag']) retrieved from /opt/airflow/dags/consumer.py
[2024-01-03T08:03:52.606+0000] {logging_mixin.py:150} INFO - [2024-01-03T08:03:52.606+0000] {dag.py:2742} INFO - Sync 1 DAGs
[2024-01-03T08:03:52.623+0000] {logging_mixin.py:150} INFO - [2024-01-03T08:03:52.623+0000] {dag.py:3508} INFO - Setting next_dagrun for consumer_dag to 2024-01-03T08:03:00+00:00, run_after=2024-01-03T08:04:00+00:00
[2024-01-03T08:03:52.639+0000] {processor.py:179} INFO - Processing /opt/airflow/dags/consumer.py took 0.070 seconds
[2024-01-03T08:04:23.291+0000] {processor.py:157} INFO - Started process (PID=584) to work on /opt/airflow/dags/consumer.py
[2024-01-03T08:04:23.293+0000] {processor.py:826} INFO - Processing file /opt/airflow/dags/consumer.py for tasks to queue
[2024-01-03T08:04:23.294+0000] {logging_mixin.py:150} INFO - [2024-01-03T08:04:23.293+0000] {dagbag.py:541} INFO - Filling up the DagBag from /opt/airflow/dags/consumer.py
[2024-01-03T08:04:23.306+0000] {processor.py:836} INFO - DAG(s) dict_keys(['consumer_dag']) retrieved from /opt/airflow/dags/consumer.py
[2024-01-03T08:04:23.329+0000] {logging_mixin.py:150} INFO - [2024-01-03T08:04:23.329+0000] {dag.py:2742} INFO - Sync 1 DAGs
[2024-01-03T08:04:23.347+0000] {logging_mixin.py:150} INFO - [2024-01-03T08:04:23.347+0000] {dag.py:3508} INFO - Setting next_dagrun for consumer_dag to 2024-01-03T08:04:00+00:00, run_after=2024-01-03T08:05:00+00:00
[2024-01-03T08:04:23.363+0000] {processor.py:179} INFO - Processing /opt/airflow/dags/consumer.py took 0.074 seconds
[2024-01-03T08:04:53.499+0000] {processor.py:157} INFO - Started process (PID=666) to work on /opt/airflow/dags/consumer.py
[2024-01-03T08:04:53.503+0000] {processor.py:826} INFO - Processing file /opt/airflow/dags/consumer.py for tasks to queue
[2024-01-03T08:04:53.504+0000] {logging_mixin.py:150} INFO - [2024-01-03T08:04:53.504+0000] {dagbag.py:541} INFO - Filling up the DagBag from /opt/airflow/dags/consumer.py
[2024-01-03T08:04:53.516+0000] {processor.py:836} INFO - DAG(s) dict_keys(['consumer_dag']) retrieved from /opt/airflow/dags/consumer.py
[2024-01-03T08:04:53.537+0000] {logging_mixin.py:150} INFO - [2024-01-03T08:04:53.537+0000] {dag.py:2742} INFO - Sync 1 DAGs
[2024-01-03T08:04:53.556+0000] {logging_mixin.py:150} INFO - [2024-01-03T08:04:53.556+0000] {dag.py:3508} INFO - Setting next_dagrun for consumer_dag to 2024-01-03T08:04:00+00:00, run_after=2024-01-03T08:05:00+00:00
[2024-01-03T08:04:53.568+0000] {processor.py:179} INFO - Processing /opt/airflow/dags/consumer.py took 0.071 seconds
[2024-01-03T08:05:23.974+0000] {processor.py:157} INFO - Started process (PID=763) to work on /opt/airflow/dags/consumer.py
[2024-01-03T08:05:23.976+0000] {processor.py:826} INFO - Processing file /opt/airflow/dags/consumer.py for tasks to queue
[2024-01-03T08:05:23.976+0000] {logging_mixin.py:150} INFO - [2024-01-03T08:05:23.976+0000] {dagbag.py:541} INFO - Filling up the DagBag from /opt/airflow/dags/consumer.py
[2024-01-03T08:05:23.989+0000] {processor.py:836} INFO - DAG(s) dict_keys(['consumer_dag']) retrieved from /opt/airflow/dags/consumer.py
[2024-01-03T08:05:24.011+0000] {logging_mixin.py:150} INFO - [2024-01-03T08:05:24.011+0000] {dag.py:2742} INFO - Sync 1 DAGs
[2024-01-03T08:05:24.032+0000] {logging_mixin.py:150} INFO - [2024-01-03T08:05:24.032+0000] {dag.py:3508} INFO - Setting next_dagrun for consumer_dag to 2024-01-03T08:05:00+00:00, run_after=2024-01-03T08:06:00+00:00
[2024-01-03T08:05:24.046+0000] {processor.py:179} INFO - Processing /opt/airflow/dags/consumer.py took 0.075 seconds
[2024-01-03T08:05:54.612+0000] {processor.py:157} INFO - Started process (PID=854) to work on /opt/airflow/dags/consumer.py
[2024-01-03T08:05:54.614+0000] {processor.py:826} INFO - Processing file /opt/airflow/dags/consumer.py for tasks to queue
[2024-01-03T08:05:54.614+0000] {logging_mixin.py:150} INFO - [2024-01-03T08:05:54.614+0000] {dagbag.py:541} INFO - Filling up the DagBag from /opt/airflow/dags/consumer.py
[2024-01-03T08:05:54.627+0000] {processor.py:836} INFO - DAG(s) dict_keys(['consumer_dag']) retrieved from /opt/airflow/dags/consumer.py
[2024-01-03T08:05:54.651+0000] {logging_mixin.py:150} INFO - [2024-01-03T08:05:54.650+0000] {dag.py:2742} INFO - Sync 1 DAGs
[2024-01-03T08:05:54.670+0000] {logging_mixin.py:150} INFO - [2024-01-03T08:05:54.670+0000] {dag.py:3508} INFO - Setting next_dagrun for consumer_dag to 2024-01-03T08:05:00+00:00, run_after=2024-01-03T08:06:00+00:00
[2024-01-03T08:05:54.687+0000] {processor.py:179} INFO - Processing /opt/airflow/dags/consumer.py took 0.077 seconds
[2024-01-03T08:06:24.846+0000] {processor.py:157} INFO - Started process (PID=943) to work on /opt/airflow/dags/consumer.py
[2024-01-03T08:06:24.849+0000] {processor.py:826} INFO - Processing file /opt/airflow/dags/consumer.py for tasks to queue
[2024-01-03T08:06:24.850+0000] {logging_mixin.py:150} INFO - [2024-01-03T08:06:24.850+0000] {dagbag.py:541} INFO - Filling up the DagBag from /opt/airflow/dags/consumer.py
[2024-01-03T08:06:24.871+0000] {processor.py:836} INFO - DAG(s) dict_keys(['consumer_dag']) retrieved from /opt/airflow/dags/consumer.py
[2024-01-03T08:06:24.899+0000] {logging_mixin.py:150} INFO - [2024-01-03T08:06:24.898+0000] {dag.py:2742} INFO - Sync 1 DAGs
[2024-01-03T08:06:24.928+0000] {logging_mixin.py:150} INFO - [2024-01-03T08:06:24.928+0000] {dag.py:3508} INFO - Setting next_dagrun for consumer_dag to 2024-01-03T08:06:00+00:00, run_after=2024-01-03T08:07:00+00:00
[2024-01-03T08:06:24.948+0000] {processor.py:179} INFO - Processing /opt/airflow/dags/consumer.py took 0.105 seconds
[2024-01-03T08:06:55.630+0000] {processor.py:157} INFO - Started process (PID=1034) to work on /opt/airflow/dags/consumer.py
[2024-01-03T08:06:55.631+0000] {processor.py:826} INFO - Processing file /opt/airflow/dags/consumer.py for tasks to queue
[2024-01-03T08:06:55.631+0000] {logging_mixin.py:150} INFO - [2024-01-03T08:06:55.631+0000] {dagbag.py:541} INFO - Filling up the DagBag from /opt/airflow/dags/consumer.py
[2024-01-03T08:06:55.644+0000] {processor.py:836} INFO - DAG(s) dict_keys(['consumer_dag']) retrieved from /opt/airflow/dags/consumer.py
[2024-01-03T08:06:55.666+0000] {logging_mixin.py:150} INFO - [2024-01-03T08:06:55.666+0000] {dag.py:2742} INFO - Sync 1 DAGs
[2024-01-03T08:06:55.686+0000] {logging_mixin.py:150} INFO - [2024-01-03T08:06:55.686+0000] {dag.py:3508} INFO - Setting next_dagrun for consumer_dag to 2024-01-03T08:06:00+00:00, run_after=2024-01-03T08:07:00+00:00
[2024-01-03T08:06:55.700+0000] {processor.py:179} INFO - Processing /opt/airflow/dags/consumer.py took 0.072 seconds
[2024-01-03T08:07:25.823+0000] {processor.py:157} INFO - Started process (PID=1122) to work on /opt/airflow/dags/consumer.py
[2024-01-03T08:07:25.825+0000] {processor.py:826} INFO - Processing file /opt/airflow/dags/consumer.py for tasks to queue
[2024-01-03T08:07:25.826+0000] {logging_mixin.py:150} INFO - [2024-01-03T08:07:25.826+0000] {dagbag.py:541} INFO - Filling up the DagBag from /opt/airflow/dags/consumer.py
[2024-01-03T08:07:25.840+0000] {processor.py:836} INFO - DAG(s) dict_keys(['consumer_dag']) retrieved from /opt/airflow/dags/consumer.py
[2024-01-03T08:07:25.862+0000] {logging_mixin.py:150} INFO - [2024-01-03T08:07:25.862+0000] {dag.py:2742} INFO - Sync 1 DAGs
[2024-01-03T08:07:25.881+0000] {logging_mixin.py:150} INFO - [2024-01-03T08:07:25.880+0000] {dag.py:3508} INFO - Setting next_dagrun for consumer_dag to 2024-01-03T08:07:00+00:00, run_after=2024-01-03T08:08:00+00:00
[2024-01-03T08:07:25.893+0000] {processor.py:179} INFO - Processing /opt/airflow/dags/consumer.py took 0.073 seconds
[2024-01-03T08:07:56.522+0000] {processor.py:157} INFO - Started process (PID=1213) to work on /opt/airflow/dags/consumer.py
[2024-01-03T08:07:56.523+0000] {processor.py:826} INFO - Processing file /opt/airflow/dags/consumer.py for tasks to queue
[2024-01-03T08:07:56.523+0000] {logging_mixin.py:150} INFO - [2024-01-03T08:07:56.523+0000] {dagbag.py:541} INFO - Filling up the DagBag from /opt/airflow/dags/consumer.py
[2024-01-03T08:07:56.536+0000] {processor.py:836} INFO - DAG(s) dict_keys(['consumer_dag']) retrieved from /opt/airflow/dags/consumer.py
[2024-01-03T08:07:56.557+0000] {logging_mixin.py:150} INFO - [2024-01-03T08:07:56.557+0000] {dag.py:2742} INFO - Sync 1 DAGs
[2024-01-03T08:07:56.577+0000] {logging_mixin.py:150} INFO - [2024-01-03T08:07:56.577+0000] {dag.py:3508} INFO - Setting next_dagrun for consumer_dag to 2024-01-03T08:07:00+00:00, run_after=2024-01-03T08:08:00+00:00
[2024-01-03T08:07:56.589+0000] {processor.py:179} INFO - Processing /opt/airflow/dags/consumer.py took 0.070 seconds
[2024-01-03T08:08:26.659+0000] {processor.py:157} INFO - Started process (PID=1311) to work on /opt/airflow/dags/consumer.py
[2024-01-03T08:08:26.660+0000] {processor.py:826} INFO - Processing file /opt/airflow/dags/consumer.py for tasks to queue
[2024-01-03T08:08:26.661+0000] {logging_mixin.py:150} INFO - [2024-01-03T08:08:26.661+0000] {dagbag.py:541} INFO - Filling up the DagBag from /opt/airflow/dags/consumer.py
[2024-01-03T08:08:26.674+0000] {processor.py:836} INFO - DAG(s) dict_keys(['consumer_dag']) retrieved from /opt/airflow/dags/consumer.py
[2024-01-03T08:08:26.700+0000] {logging_mixin.py:150} INFO - [2024-01-03T08:08:26.699+0000] {dag.py:2742} INFO - Sync 1 DAGs
[2024-01-03T08:08:26.722+0000] {logging_mixin.py:150} INFO - [2024-01-03T08:08:26.722+0000] {dag.py:3508} INFO - Setting next_dagrun for consumer_dag to 2024-01-03T08:08:00+00:00, run_after=2024-01-03T08:09:00+00:00
[2024-01-03T08:08:26.738+0000] {processor.py:179} INFO - Processing /opt/airflow/dags/consumer.py took 0.082 seconds
[2024-01-03T08:08:57.160+0000] {processor.py:157} INFO - Started process (PID=1393) to work on /opt/airflow/dags/consumer.py
[2024-01-03T08:08:57.162+0000] {processor.py:826} INFO - Processing file /opt/airflow/dags/consumer.py for tasks to queue
[2024-01-03T08:08:57.163+0000] {logging_mixin.py:150} INFO - [2024-01-03T08:08:57.163+0000] {dagbag.py:541} INFO - Filling up the DagBag from /opt/airflow/dags/consumer.py
[2024-01-03T08:08:57.175+0000] {processor.py:836} INFO - DAG(s) dict_keys(['consumer_dag']) retrieved from /opt/airflow/dags/consumer.py
[2024-01-03T08:08:57.197+0000] {logging_mixin.py:150} INFO - [2024-01-03T08:08:57.196+0000] {dag.py:2742} INFO - Sync 1 DAGs
[2024-01-03T08:08:57.215+0000] {logging_mixin.py:150} INFO - [2024-01-03T08:08:57.215+0000] {dag.py:3508} INFO - Setting next_dagrun for consumer_dag to 2024-01-03T08:08:00+00:00, run_after=2024-01-03T08:09:00+00:00
[2024-01-03T08:08:57.229+0000] {processor.py:179} INFO - Processing /opt/airflow/dags/consumer.py took 0.071 seconds
[2024-01-03T08:09:27.926+0000] {processor.py:157} INFO - Started process (PID=1491) to work on /opt/airflow/dags/consumer.py
[2024-01-03T08:09:27.928+0000] {processor.py:826} INFO - Processing file /opt/airflow/dags/consumer.py for tasks to queue
[2024-01-03T08:09:27.929+0000] {logging_mixin.py:150} INFO - [2024-01-03T08:09:27.929+0000] {dagbag.py:541} INFO - Filling up the DagBag from /opt/airflow/dags/consumer.py
[2024-01-03T08:09:27.942+0000] {processor.py:836} INFO - DAG(s) dict_keys(['consumer_dag']) retrieved from /opt/airflow/dags/consumer.py
[2024-01-03T08:09:27.964+0000] {logging_mixin.py:150} INFO - [2024-01-03T08:09:27.963+0000] {dag.py:2742} INFO - Sync 1 DAGs
[2024-01-03T08:09:27.983+0000] {logging_mixin.py:150} INFO - [2024-01-03T08:09:27.983+0000] {dag.py:3508} INFO - Setting next_dagrun for consumer_dag to 2024-01-03T08:09:00+00:00, run_after=2024-01-03T08:10:00+00:00
[2024-01-03T08:09:27.997+0000] {processor.py:179} INFO - Processing /opt/airflow/dags/consumer.py took 0.073 seconds
[2024-01-03T08:09:58.088+0000] {processor.py:157} INFO - Started process (PID=1573) to work on /opt/airflow/dags/consumer.py
[2024-01-03T08:09:58.088+0000] {processor.py:826} INFO - Processing file /opt/airflow/dags/consumer.py for tasks to queue
[2024-01-03T08:09:58.089+0000] {logging_mixin.py:150} INFO - [2024-01-03T08:09:58.088+0000] {dagbag.py:541} INFO - Filling up the DagBag from /opt/airflow/dags/consumer.py
[2024-01-03T08:09:58.101+0000] {processor.py:836} INFO - DAG(s) dict_keys(['consumer_dag']) retrieved from /opt/airflow/dags/consumer.py
[2024-01-03T08:09:58.125+0000] {logging_mixin.py:150} INFO - [2024-01-03T08:09:58.125+0000] {dag.py:2742} INFO - Sync 1 DAGs
[2024-01-03T08:09:58.144+0000] {logging_mixin.py:150} INFO - [2024-01-03T08:09:58.143+0000] {dag.py:3508} INFO - Setting next_dagrun for consumer_dag to 2024-01-03T08:09:00+00:00, run_after=2024-01-03T08:10:00+00:00
[2024-01-03T08:09:58.157+0000] {processor.py:179} INFO - Processing /opt/airflow/dags/consumer.py took 0.072 seconds
[2024-01-03T08:10:28.284+0000] {processor.py:157} INFO - Started process (PID=1651) to work on /opt/airflow/dags/consumer.py
[2024-01-03T08:10:28.335+0000] {processor.py:826} INFO - Processing file /opt/airflow/dags/consumer.py for tasks to queue
[2024-01-03T08:10:28.337+0000] {logging_mixin.py:150} INFO - [2024-01-03T08:10:28.336+0000] {dagbag.py:541} INFO - Filling up the DagBag from /opt/airflow/dags/consumer.py
[2024-01-03T08:10:28.362+0000] {processor.py:836} INFO - DAG(s) dict_keys(['consumer_dag']) retrieved from /opt/airflow/dags/consumer.py
[2024-01-03T08:10:28.396+0000] {logging_mixin.py:150} INFO - [2024-01-03T08:10:28.396+0000] {dag.py:2742} INFO - Sync 1 DAGs
[2024-01-03T08:10:28.425+0000] {logging_mixin.py:150} INFO - [2024-01-03T08:10:28.425+0000] {dag.py:3508} INFO - Setting next_dagrun for consumer_dag to 2024-01-03T08:10:00+00:00, run_after=2024-01-03T08:11:00+00:00
[2024-01-03T08:10:28.571+0000] {processor.py:179} INFO - Processing /opt/airflow/dags/consumer.py took 0.290 seconds
[2024-01-03T08:10:58.612+0000] {processor.py:157} INFO - Started process (PID=1741) to work on /opt/airflow/dags/consumer.py
[2024-01-03T08:10:58.613+0000] {processor.py:826} INFO - Processing file /opt/airflow/dags/consumer.py for tasks to queue
[2024-01-03T08:10:58.614+0000] {logging_mixin.py:150} INFO - [2024-01-03T08:10:58.613+0000] {dagbag.py:541} INFO - Filling up the DagBag from /opt/airflow/dags/consumer.py
[2024-01-03T08:10:58.628+0000] {processor.py:836} INFO - DAG(s) dict_keys(['consumer_dag']) retrieved from /opt/airflow/dags/consumer.py
[2024-01-03T08:10:58.649+0000] {logging_mixin.py:150} INFO - [2024-01-03T08:10:58.649+0000] {dag.py:2742} INFO - Sync 1 DAGs
[2024-01-03T08:10:58.670+0000] {logging_mixin.py:150} INFO - [2024-01-03T08:10:58.670+0000] {dag.py:3508} INFO - Setting next_dagrun for consumer_dag to 2024-01-03T08:10:00+00:00, run_after=2024-01-03T08:11:00+00:00
[2024-01-03T08:10:58.686+0000] {processor.py:179} INFO - Processing /opt/airflow/dags/consumer.py took 0.077 seconds
[2024-01-03T08:11:29.443+0000] {processor.py:157} INFO - Started process (PID=1829) to work on /opt/airflow/dags/consumer.py
[2024-01-03T08:11:29.445+0000] {processor.py:826} INFO - Processing file /opt/airflow/dags/consumer.py for tasks to queue
[2024-01-03T08:11:29.445+0000] {logging_mixin.py:150} INFO - [2024-01-03T08:11:29.445+0000] {dagbag.py:541} INFO - Filling up the DagBag from /opt/airflow/dags/consumer.py
[2024-01-03T08:11:29.457+0000] {processor.py:836} INFO - DAG(s) dict_keys(['consumer_dag']) retrieved from /opt/airflow/dags/consumer.py
[2024-01-03T08:11:29.478+0000] {logging_mixin.py:150} INFO - [2024-01-03T08:11:29.478+0000] {dag.py:2742} INFO - Sync 1 DAGs
[2024-01-03T08:11:29.497+0000] {logging_mixin.py:150} INFO - [2024-01-03T08:11:29.496+0000] {dag.py:3508} INFO - Setting next_dagrun for consumer_dag to 2024-01-03T08:11:00+00:00, run_after=2024-01-03T08:12:00+00:00
[2024-01-03T08:11:29.510+0000] {processor.py:179} INFO - Processing /opt/airflow/dags/consumer.py took 0.070 seconds
[2024-01-03T08:11:59.629+0000] {processor.py:157} INFO - Started process (PID=1920) to work on /opt/airflow/dags/consumer.py
[2024-01-03T08:11:59.630+0000] {processor.py:826} INFO - Processing file /opt/airflow/dags/consumer.py for tasks to queue
[2024-01-03T08:11:59.630+0000] {logging_mixin.py:150} INFO - [2024-01-03T08:11:59.630+0000] {dagbag.py:541} INFO - Filling up the DagBag from /opt/airflow/dags/consumer.py
[2024-01-03T08:11:59.642+0000] {processor.py:836} INFO - DAG(s) dict_keys(['consumer_dag']) retrieved from /opt/airflow/dags/consumer.py
[2024-01-03T08:11:59.665+0000] {logging_mixin.py:150} INFO - [2024-01-03T08:11:59.664+0000] {dag.py:2742} INFO - Sync 1 DAGs
[2024-01-03T08:11:59.683+0000] {logging_mixin.py:150} INFO - [2024-01-03T08:11:59.683+0000] {dag.py:3508} INFO - Setting next_dagrun for consumer_dag to 2024-01-03T08:11:00+00:00, run_after=2024-01-03T08:12:00+00:00
[2024-01-03T08:11:59.700+0000] {processor.py:179} INFO - Processing /opt/airflow/dags/consumer.py took 0.073 seconds
[2024-01-03T08:12:29.718+0000] {processor.py:157} INFO - Started process (PID=2009) to work on /opt/airflow/dags/consumer.py
[2024-01-03T08:12:29.726+0000] {processor.py:826} INFO - Processing file /opt/airflow/dags/consumer.py for tasks to queue
[2024-01-03T08:12:29.727+0000] {logging_mixin.py:150} INFO - [2024-01-03T08:12:29.727+0000] {dagbag.py:541} INFO - Filling up the DagBag from /opt/airflow/dags/consumer.py
[2024-01-03T08:12:29.739+0000] {processor.py:836} INFO - DAG(s) dict_keys(['consumer_dag']) retrieved from /opt/airflow/dags/consumer.py
[2024-01-03T08:12:29.759+0000] {logging_mixin.py:150} INFO - [2024-01-03T08:12:29.759+0000] {dag.py:2742} INFO - Sync 1 DAGs
[2024-01-03T08:12:29.778+0000] {logging_mixin.py:150} INFO - [2024-01-03T08:12:29.778+0000] {dag.py:3508} INFO - Setting next_dagrun for consumer_dag to 2024-01-03T08:12:00+00:00, run_after=2024-01-03T08:13:00+00:00
[2024-01-03T08:12:29.793+0000] {processor.py:179} INFO - Processing /opt/airflow/dags/consumer.py took 0.077 seconds
[2024-01-03T08:13:00.119+0000] {processor.py:157} INFO - Started process (PID=2100) to work on /opt/airflow/dags/consumer.py
[2024-01-03T08:13:00.121+0000] {processor.py:826} INFO - Processing file /opt/airflow/dags/consumer.py for tasks to queue
[2024-01-03T08:13:00.122+0000] {logging_mixin.py:150} INFO - [2024-01-03T08:13:00.121+0000] {dagbag.py:541} INFO - Filling up the DagBag from /opt/airflow/dags/consumer.py
[2024-01-03T08:13:00.135+0000] {processor.py:836} INFO - DAG(s) dict_keys(['consumer_dag']) retrieved from /opt/airflow/dags/consumer.py
[2024-01-03T08:13:00.157+0000] {logging_mixin.py:150} INFO - [2024-01-03T08:13:00.157+0000] {dag.py:2742} INFO - Sync 1 DAGs
[2024-01-03T08:13:00.180+0000] {logging_mixin.py:150} INFO - [2024-01-03T08:13:00.180+0000] {dag.py:3508} INFO - Setting next_dagrun for consumer_dag to 2024-01-03T08:12:00+00:00, run_after=2024-01-03T08:13:00+00:00
[2024-01-03T08:13:00.196+0000] {processor.py:179} INFO - Processing /opt/airflow/dags/consumer.py took 0.080 seconds
[2024-01-03T08:13:30.561+0000] {processor.py:157} INFO - Started process (PID=2197) to work on /opt/airflow/dags/consumer.py
[2024-01-03T08:13:30.563+0000] {processor.py:826} INFO - Processing file /opt/airflow/dags/consumer.py for tasks to queue
[2024-01-03T08:13:30.564+0000] {logging_mixin.py:150} INFO - [2024-01-03T08:13:30.564+0000] {dagbag.py:541} INFO - Filling up the DagBag from /opt/airflow/dags/consumer.py
[2024-01-03T08:13:30.577+0000] {processor.py:836} INFO - DAG(s) dict_keys(['consumer_dag']) retrieved from /opt/airflow/dags/consumer.py
[2024-01-03T08:13:30.597+0000] {logging_mixin.py:150} INFO - [2024-01-03T08:13:30.597+0000] {dag.py:2742} INFO - Sync 1 DAGs
[2024-01-03T08:13:30.618+0000] {logging_mixin.py:150} INFO - [2024-01-03T08:13:30.617+0000] {dag.py:3508} INFO - Setting next_dagrun for consumer_dag to 2024-01-03T08:13:00+00:00, run_after=2024-01-03T08:14:00+00:00
[2024-01-03T08:13:30.632+0000] {processor.py:179} INFO - Processing /opt/airflow/dags/consumer.py took 0.074 seconds
[2024-01-03T08:14:00.755+0000] {processor.py:157} INFO - Started process (PID=2279) to work on /opt/airflow/dags/consumer.py
[2024-01-03T08:14:00.757+0000] {processor.py:826} INFO - Processing file /opt/airflow/dags/consumer.py for tasks to queue
[2024-01-03T08:14:00.757+0000] {logging_mixin.py:150} INFO - [2024-01-03T08:14:00.757+0000] {dagbag.py:541} INFO - Filling up the DagBag from /opt/airflow/dags/consumer.py
[2024-01-03T08:14:00.769+0000] {processor.py:836} INFO - DAG(s) dict_keys(['consumer_dag']) retrieved from /opt/airflow/dags/consumer.py
[2024-01-03T08:14:00.791+0000] {logging_mixin.py:150} INFO - [2024-01-03T08:14:00.791+0000] {dag.py:2742} INFO - Sync 1 DAGs
[2024-01-03T08:14:00.812+0000] {logging_mixin.py:150} INFO - [2024-01-03T08:14:00.812+0000] {dag.py:3508} INFO - Setting next_dagrun for consumer_dag to 2024-01-03T08:13:00+00:00, run_after=2024-01-03T08:14:00+00:00
[2024-01-03T08:14:00.826+0000] {processor.py:179} INFO - Processing /opt/airflow/dags/consumer.py took 0.074 seconds
[2024-01-03T08:14:30.944+0000] {processor.py:157} INFO - Started process (PID=2377) to work on /opt/airflow/dags/consumer.py
[2024-01-03T08:14:30.946+0000] {processor.py:826} INFO - Processing file /opt/airflow/dags/consumer.py for tasks to queue
[2024-01-03T08:14:30.946+0000] {logging_mixin.py:150} INFO - [2024-01-03T08:14:30.946+0000] {dagbag.py:541} INFO - Filling up the DagBag from /opt/airflow/dags/consumer.py
[2024-01-03T08:14:30.958+0000] {processor.py:836} INFO - DAG(s) dict_keys(['consumer_dag']) retrieved from /opt/airflow/dags/consumer.py
[2024-01-03T08:14:30.981+0000] {logging_mixin.py:150} INFO - [2024-01-03T08:14:30.981+0000] {dag.py:2742} INFO - Sync 1 DAGs
[2024-01-03T08:14:31.000+0000] {logging_mixin.py:150} INFO - [2024-01-03T08:14:31.000+0000] {dag.py:3508} INFO - Setting next_dagrun for consumer_dag to 2024-01-03T08:14:00+00:00, run_after=2024-01-03T08:15:00+00:00
[2024-01-03T08:14:31.013+0000] {processor.py:179} INFO - Processing /opt/airflow/dags/consumer.py took 0.072 seconds
[2024-01-03T08:15:01.624+0000] {processor.py:157} INFO - Started process (PID=2465) to work on /opt/airflow/dags/consumer.py
[2024-01-03T08:15:01.626+0000] {processor.py:826} INFO - Processing file /opt/airflow/dags/consumer.py for tasks to queue
[2024-01-03T08:15:01.627+0000] {logging_mixin.py:150} INFO - [2024-01-03T08:15:01.627+0000] {dagbag.py:541} INFO - Filling up the DagBag from /opt/airflow/dags/consumer.py
[2024-01-03T08:15:01.642+0000] {processor.py:836} INFO - DAG(s) dict_keys(['consumer_dag']) retrieved from /opt/airflow/dags/consumer.py
[2024-01-03T08:15:01.665+0000] {logging_mixin.py:150} INFO - [2024-01-03T08:15:01.665+0000] {dag.py:2742} INFO - Sync 1 DAGs
[2024-01-03T08:15:01.687+0000] {logging_mixin.py:150} INFO - [2024-01-03T08:15:01.687+0000] {dag.py:3508} INFO - Setting next_dagrun for consumer_dag to 2024-01-03T08:15:00+00:00, run_after=2024-01-03T08:16:00+00:00
[2024-01-03T08:15:01.703+0000] {processor.py:179} INFO - Processing /opt/airflow/dags/consumer.py took 0.082 seconds
[2024-01-03T08:15:31.735+0000] {processor.py:157} INFO - Started process (PID=2556) to work on /opt/airflow/dags/consumer.py
[2024-01-03T08:15:31.736+0000] {processor.py:826} INFO - Processing file /opt/airflow/dags/consumer.py for tasks to queue
[2024-01-03T08:15:31.737+0000] {logging_mixin.py:150} INFO - [2024-01-03T08:15:31.737+0000] {dagbag.py:541} INFO - Filling up the DagBag from /opt/airflow/dags/consumer.py
[2024-01-03T08:15:31.750+0000] {processor.py:836} INFO - DAG(s) dict_keys(['consumer_dag']) retrieved from /opt/airflow/dags/consumer.py
[2024-01-03T08:15:31.773+0000] {logging_mixin.py:150} INFO - [2024-01-03T08:15:31.773+0000] {dag.py:2742} INFO - Sync 1 DAGs
[2024-01-03T08:15:31.794+0000] {logging_mixin.py:150} INFO - [2024-01-03T08:15:31.794+0000] {dag.py:3508} INFO - Setting next_dagrun for consumer_dag to 2024-01-03T08:15:00+00:00, run_after=2024-01-03T08:16:00+00:00
[2024-01-03T08:15:31.808+0000] {processor.py:179} INFO - Processing /opt/airflow/dags/consumer.py took 0.075 seconds
[2024-01-03T08:16:01.827+0000] {processor.py:157} INFO - Started process (PID=2654) to work on /opt/airflow/dags/consumer.py
[2024-01-03T08:16:01.829+0000] {processor.py:826} INFO - Processing file /opt/airflow/dags/consumer.py for tasks to queue
[2024-01-03T08:16:01.830+0000] {logging_mixin.py:150} INFO - [2024-01-03T08:16:01.829+0000] {dagbag.py:541} INFO - Filling up the DagBag from /opt/airflow/dags/consumer.py
[2024-01-03T08:16:01.847+0000] {processor.py:836} INFO - DAG(s) dict_keys(['consumer_dag']) retrieved from /opt/airflow/dags/consumer.py
[2024-01-03T08:16:01.870+0000] {logging_mixin.py:150} INFO - [2024-01-03T08:16:01.870+0000] {dag.py:2742} INFO - Sync 1 DAGs
[2024-01-03T08:16:01.894+0000] {logging_mixin.py:150} INFO - [2024-01-03T08:16:01.894+0000] {dag.py:3508} INFO - Setting next_dagrun for consumer_dag to 2024-01-03T08:16:00+00:00, run_after=2024-01-03T08:17:00+00:00
[2024-01-03T08:16:01.912+0000] {processor.py:179} INFO - Processing /opt/airflow/dags/consumer.py took 0.088 seconds
[2024-01-03T08:16:31.978+0000] {processor.py:157} INFO - Started process (PID=2736) to work on /opt/airflow/dags/consumer.py
[2024-01-03T08:16:31.978+0000] {processor.py:826} INFO - Processing file /opt/airflow/dags/consumer.py for tasks to queue
[2024-01-03T08:16:31.979+0000] {logging_mixin.py:150} INFO - [2024-01-03T08:16:31.979+0000] {dagbag.py:541} INFO - Filling up the DagBag from /opt/airflow/dags/consumer.py
[2024-01-03T08:16:31.991+0000] {processor.py:836} INFO - DAG(s) dict_keys(['consumer_dag']) retrieved from /opt/airflow/dags/consumer.py
[2024-01-03T08:16:32.012+0000] {logging_mixin.py:150} INFO - [2024-01-03T08:16:32.012+0000] {dag.py:2742} INFO - Sync 1 DAGs
[2024-01-03T08:16:32.030+0000] {logging_mixin.py:150} INFO - [2024-01-03T08:16:32.030+0000] {dag.py:3508} INFO - Setting next_dagrun for consumer_dag to 2024-01-03T08:16:00+00:00, run_after=2024-01-03T08:17:00+00:00
[2024-01-03T08:16:32.044+0000] {processor.py:179} INFO - Processing /opt/airflow/dags/consumer.py took 0.069 seconds
[2024-01-03T08:39:41.141+0000] {processor.py:157} INFO - Started process (PID=32) to work on /opt/airflow/dags/consumer.py
[2024-01-03T08:39:41.143+0000] {processor.py:826} INFO - Processing file /opt/airflow/dags/consumer.py for tasks to queue
[2024-01-03T08:39:41.143+0000] {logging_mixin.py:150} INFO - [2024-01-03T08:39:41.143+0000] {dagbag.py:541} INFO - Filling up the DagBag from /opt/airflow/dags/consumer.py
[2024-01-03T08:39:41.165+0000] {processor.py:836} INFO - DAG(s) dict_keys(['consumer_dag']) retrieved from /opt/airflow/dags/consumer.py
[2024-01-03T08:39:41.407+0000] {logging_mixin.py:150} INFO - [2024-01-03T08:39:41.407+0000] {manager.py:504} INFO - Created Permission View: can read on DAG:consumer_dag
[2024-01-03T08:39:41.416+0000] {logging_mixin.py:150} INFO - [2024-01-03T08:39:41.416+0000] {manager.py:504} INFO - Created Permission View: can edit on DAG:consumer_dag
[2024-01-03T08:39:41.424+0000] {logging_mixin.py:150} INFO - [2024-01-03T08:39:41.423+0000] {manager.py:504} INFO - Created Permission View: can delete on DAG:consumer_dag
[2024-01-03T08:39:41.437+0000] {logging_mixin.py:150} INFO - [2024-01-03T08:39:41.437+0000] {dag.py:2742} INFO - Sync 1 DAGs
[2024-01-03T08:39:41.449+0000] {logging_mixin.py:150} INFO - [2024-01-03T08:39:41.449+0000] {dag.py:2763} INFO - Creating ORM DAG for consumer_dag
[2024-01-03T08:39:41.461+0000] {logging_mixin.py:150} INFO - [2024-01-03T08:39:41.461+0000] {dag.py:3508} INFO - Setting next_dagrun for consumer_dag to 2024-01-03T08:38:00+00:00, run_after=2024-01-03T08:39:00+00:00
[2024-01-03T08:39:41.479+0000] {processor.py:179} INFO - Processing /opt/airflow/dags/consumer.py took 0.340 seconds
[2024-01-03T08:40:11.495+0000] {processor.py:157} INFO - Started process (PID=123) to work on /opt/airflow/dags/consumer.py
[2024-01-03T08:40:11.500+0000] {processor.py:826} INFO - Processing file /opt/airflow/dags/consumer.py for tasks to queue
[2024-01-03T08:40:11.500+0000] {logging_mixin.py:150} INFO - [2024-01-03T08:40:11.500+0000] {dagbag.py:541} INFO - Filling up the DagBag from /opt/airflow/dags/consumer.py
[2024-01-03T08:40:11.513+0000] {processor.py:836} INFO - DAG(s) dict_keys(['consumer_dag']) retrieved from /opt/airflow/dags/consumer.py
[2024-01-03T08:40:11.534+0000] {logging_mixin.py:150} INFO - [2024-01-03T08:40:11.534+0000] {dag.py:2742} INFO - Sync 1 DAGs
[2024-01-03T08:40:11.555+0000] {logging_mixin.py:150} INFO - [2024-01-03T08:40:11.554+0000] {dag.py:3508} INFO - Setting next_dagrun for consumer_dag to 2024-01-03T08:39:00+00:00, run_after=2024-01-03T08:40:00+00:00
[2024-01-03T08:40:11.574+0000] {processor.py:179} INFO - Processing /opt/airflow/dags/consumer.py took 0.082 seconds
[2024-01-03T08:40:41.729+0000] {processor.py:157} INFO - Started process (PID=196) to work on /opt/airflow/dags/consumer.py
[2024-01-03T08:40:41.775+0000] {processor.py:826} INFO - Processing file /opt/airflow/dags/consumer.py for tasks to queue
[2024-01-03T08:40:41.776+0000] {logging_mixin.py:150} INFO - [2024-01-03T08:40:41.776+0000] {dagbag.py:541} INFO - Filling up the DagBag from /opt/airflow/dags/consumer.py
[2024-01-03T08:40:41.789+0000] {processor.py:836} INFO - DAG(s) dict_keys(['consumer_dag']) retrieved from /opt/airflow/dags/consumer.py
[2024-01-03T08:40:41.812+0000] {logging_mixin.py:150} INFO - [2024-01-03T08:40:41.811+0000] {dag.py:2742} INFO - Sync 1 DAGs
[2024-01-03T08:40:41.831+0000] {logging_mixin.py:150} INFO - [2024-01-03T08:40:41.831+0000] {dag.py:3508} INFO - Setting next_dagrun for consumer_dag to 2024-01-03T08:39:00+00:00, run_after=2024-01-03T08:40:00+00:00
[2024-01-03T08:40:54.199+0000] {processor.py:179} INFO - Processing /opt/airflow/dags/consumer.py took 12.474 seconds
[2024-01-03T08:41:24.397+0000] {processor.py:157} INFO - Started process (PID=278) to work on /opt/airflow/dags/consumer.py
[2024-01-03T08:41:24.398+0000] {processor.py:826} INFO - Processing file /opt/airflow/dags/consumer.py for tasks to queue
[2024-01-03T08:41:24.398+0000] {logging_mixin.py:150} INFO - [2024-01-03T08:41:24.398+0000] {dagbag.py:541} INFO - Filling up the DagBag from /opt/airflow/dags/consumer.py
[2024-01-03T08:41:24.413+0000] {processor.py:836} INFO - DAG(s) dict_keys(['consumer_dag']) retrieved from /opt/airflow/dags/consumer.py
[2024-01-03T08:41:24.450+0000] {logging_mixin.py:150} INFO - [2024-01-03T08:41:24.450+0000] {dag.py:2742} INFO - Sync 1 DAGs
[2024-01-03T08:41:24.487+0000] {logging_mixin.py:150} INFO - [2024-01-03T08:41:24.487+0000] {dag.py:3508} INFO - Setting next_dagrun for consumer_dag to 2024-01-03T08:40:00+00:00, run_after=2024-01-03T08:41:00+00:00
[2024-01-03T08:41:24.519+0000] {processor.py:179} INFO - Processing /opt/airflow/dags/consumer.py took 0.125 seconds
[2024-01-03T08:41:54.631+0000] {processor.py:157} INFO - Started process (PID=369) to work on /opt/airflow/dags/consumer.py
[2024-01-03T08:41:54.633+0000] {processor.py:826} INFO - Processing file /opt/airflow/dags/consumer.py for tasks to queue
[2024-01-03T08:41:54.633+0000] {logging_mixin.py:150} INFO - [2024-01-03T08:41:54.633+0000] {dagbag.py:541} INFO - Filling up the DagBag from /opt/airflow/dags/consumer.py
[2024-01-03T08:41:54.646+0000] {processor.py:836} INFO - DAG(s) dict_keys(['consumer_dag']) retrieved from /opt/airflow/dags/consumer.py
[2024-01-03T08:41:54.668+0000] {logging_mixin.py:150} INFO - [2024-01-03T08:41:54.668+0000] {dag.py:2742} INFO - Sync 1 DAGs
[2024-01-03T08:41:54.691+0000] {logging_mixin.py:150} INFO - [2024-01-03T08:41:54.691+0000] {dag.py:3508} INFO - Setting next_dagrun for consumer_dag to 2024-01-03T08:40:00+00:00, run_after=2024-01-03T08:41:00+00:00
[2024-01-03T08:41:54.708+0000] {processor.py:179} INFO - Processing /opt/airflow/dags/consumer.py took 0.079 seconds
[2024-01-03T08:42:24.806+0000] {processor.py:157} INFO - Started process (PID=451) to work on /opt/airflow/dags/consumer.py
[2024-01-03T08:42:24.807+0000] {processor.py:826} INFO - Processing file /opt/airflow/dags/consumer.py for tasks to queue
[2024-01-03T08:42:24.808+0000] {logging_mixin.py:150} INFO - [2024-01-03T08:42:24.808+0000] {dagbag.py:541} INFO - Filling up the DagBag from /opt/airflow/dags/consumer.py
[2024-01-03T08:42:24.821+0000] {processor.py:836} INFO - DAG(s) dict_keys(['consumer_dag']) retrieved from /opt/airflow/dags/consumer.py
[2024-01-03T08:42:24.842+0000] {logging_mixin.py:150} INFO - [2024-01-03T08:42:24.842+0000] {dag.py:2742} INFO - Sync 1 DAGs
[2024-01-03T08:42:24.862+0000] {logging_mixin.py:150} INFO - [2024-01-03T08:42:24.861+0000] {dag.py:3508} INFO - Setting next_dagrun for consumer_dag to 2024-01-03T08:41:00+00:00, run_after=2024-01-03T08:42:00+00:00
[2024-01-03T08:42:24.878+0000] {processor.py:179} INFO - Processing /opt/airflow/dags/consumer.py took 0.074 seconds
[2024-01-03T08:42:54.983+0000] {processor.py:157} INFO - Started process (PID=542) to work on /opt/airflow/dags/consumer.py
[2024-01-03T08:42:54.984+0000] {processor.py:826} INFO - Processing file /opt/airflow/dags/consumer.py for tasks to queue
[2024-01-03T08:42:54.985+0000] {logging_mixin.py:150} INFO - [2024-01-03T08:42:54.985+0000] {dagbag.py:541} INFO - Filling up the DagBag from /opt/airflow/dags/consumer.py
[2024-01-03T08:42:54.998+0000] {processor.py:836} INFO - DAG(s) dict_keys(['consumer_dag']) retrieved from /opt/airflow/dags/consumer.py
[2024-01-03T08:42:55.021+0000] {logging_mixin.py:150} INFO - [2024-01-03T08:42:55.021+0000] {dag.py:2742} INFO - Sync 1 DAGs
[2024-01-03T08:42:55.047+0000] {logging_mixin.py:150} INFO - [2024-01-03T08:42:55.047+0000] {dag.py:3508} INFO - Setting next_dagrun for consumer_dag to 2024-01-03T08:41:00+00:00, run_after=2024-01-03T08:42:00+00:00
[2024-01-03T08:42:55.065+0000] {processor.py:179} INFO - Processing /opt/airflow/dags/consumer.py took 0.085 seconds
[2024-01-03T08:43:25.217+0000] {processor.py:157} INFO - Started process (PID=633) to work on /opt/airflow/dags/consumer.py
[2024-01-03T08:43:25.219+0000] {processor.py:826} INFO - Processing file /opt/airflow/dags/consumer.py for tasks to queue
[2024-01-03T08:43:25.219+0000] {logging_mixin.py:150} INFO - [2024-01-03T08:43:25.219+0000] {dagbag.py:541} INFO - Filling up the DagBag from /opt/airflow/dags/consumer.py
[2024-01-03T08:43:25.230+0000] {processor.py:836} INFO - DAG(s) dict_keys(['consumer_dag']) retrieved from /opt/airflow/dags/consumer.py
[2024-01-03T08:43:25.253+0000] {logging_mixin.py:150} INFO - [2024-01-03T08:43:25.252+0000] {dag.py:2742} INFO - Sync 1 DAGs
[2024-01-03T08:43:25.273+0000] {logging_mixin.py:150} INFO - [2024-01-03T08:43:25.273+0000] {dag.py:3508} INFO - Setting next_dagrun for consumer_dag to 2024-01-03T08:42:00+00:00, run_after=2024-01-03T08:43:00+00:00
[2024-01-03T08:43:25.288+0000] {processor.py:179} INFO - Processing /opt/airflow/dags/consumer.py took 0.074 seconds
