[2023-12-23T16:09:51.048+0000] {taskinstance.py:1103} INFO - Dependencies all met for dep_context=non-requeueable deps ti=<TaskInstance: consumer_dag.consume_task manual__2023-12-23T16:09:49.708028+00:00 [queued]>
[2023-12-23T16:09:51.056+0000] {taskinstance.py:1103} INFO - Dependencies all met for dep_context=requeueable deps ti=<TaskInstance: consumer_dag.consume_task manual__2023-12-23T16:09:49.708028+00:00 [queued]>
[2023-12-23T16:09:51.056+0000] {taskinstance.py:1308} INFO - Starting attempt 1 of 1
[2023-12-23T16:09:51.068+0000] {taskinstance.py:1327} INFO - Executing <Task(PythonOperator): consume_task> on 2023-12-23 16:09:49.708028+00:00
[2023-12-23T16:09:51.072+0000] {standard_task_runner.py:57} INFO - Started process 868 to run task
[2023-12-23T16:09:51.075+0000] {standard_task_runner.py:84} INFO - Running: ['***', 'tasks', 'run', 'consumer_dag', 'consume_task', 'manual__2023-12-23T16:09:49.708028+00:00', '--job-id', '19', '--raw', '--subdir', 'DAGS_FOLDER/consumer.py', '--cfg-path', '/tmp/tmpzovr38rj']
[2023-12-23T16:09:51.075+0000] {standard_task_runner.py:85} INFO - Job 19: Subtask consume_task
[2023-12-23T16:09:51.110+0000] {task_command.py:410} INFO - Running <TaskInstance: consumer_dag.consume_task manual__2023-12-23T16:09:49.708028+00:00 [running]> on host f21c60d604df
[2023-12-23T16:09:51.167+0000] {taskinstance.py:1547} INFO - Exporting env vars: AIRFLOW_CTX_DAG_OWNER='***' AIRFLOW_CTX_DAG_ID='consumer_dag' AIRFLOW_CTX_TASK_ID='consume_task' AIRFLOW_CTX_EXECUTION_DATE='2023-12-23T16:09:49.708028+00:00' AIRFLOW_CTX_TRY_NUMBER='1' AIRFLOW_CTX_DAG_RUN_ID='manual__2023-12-23T16:09:49.708028+00:00'
[2023-12-23T16:09:51.168+0000] {logging_mixin.py:150} INFO - 상혁1
[2023-12-23T16:09:51.170+0000] {logging_mixin.py:150} INFO - 상혁2
[2023-12-23T16:09:51.170+0000] {logging_mixin.py:150} INFO - 상혁3
[2023-12-23T16:09:51.170+0000] {logging_mixin.py:150} INFO - 상혁4
[2023-12-23T16:10:01.183+0000] {logging_mixin.py:150} INFO - 타입입니당 <class 'NoneType'>
[2023-12-23T16:10:01.184+0000] {logging_mixin.py:150} INFO - 상혁5
[2023-12-23T16:10:01.184+0000] {logging_mixin.py:150} INFO - 상혁6
[2023-12-23T16:10:08.294+0000] {python.py:183} INFO - Done. Returned value was: None
[2023-12-23T16:10:08.308+0000] {taskinstance.py:1350} INFO - Marking task as SUCCESS. dag_id=consumer_dag, task_id=consume_task, execution_date=20231223T160949, start_date=20231223T160951, end_date=20231223T161008
[2023-12-23T16:10:08.374+0000] {local_task_job_runner.py:225} INFO - Task exited with return code 0
[2023-12-23T16:10:08.386+0000] {taskinstance.py:2653} INFO - 0 downstream tasks scheduled from follow-on schedule check
