[2023-12-27T15:57:09.253+0000] {taskinstance.py:1103} INFO - Dependencies all met for dep_context=non-requeueable deps ti=<TaskInstance: modeling_dag.insert_to_db scheduled__2023-12-27T15:56:00+00:00 [queued]>
[2023-12-27T15:57:09.261+0000] {taskinstance.py:1103} INFO - Dependencies all met for dep_context=requeueable deps ti=<TaskInstance: modeling_dag.insert_to_db scheduled__2023-12-27T15:56:00+00:00 [queued]>
[2023-12-27T15:57:09.261+0000] {taskinstance.py:1308} INFO - Starting attempt 1 of 1
[2023-12-27T15:57:09.270+0000] {taskinstance.py:1327} INFO - Executing <Task(PythonOperator): insert_to_db> on 2023-12-27 15:56:00+00:00
[2023-12-27T15:57:09.276+0000] {standard_task_runner.py:57} INFO - Started process 528 to run task
[2023-12-27T15:57:09.278+0000] {standard_task_runner.py:84} INFO - Running: ['***', 'tasks', 'run', 'modeling_dag', 'insert_to_db', 'scheduled__2023-12-27T15:56:00+00:00', '--job-id', '394', '--raw', '--subdir', 'DAGS_FOLDER/modeling.py', '--cfg-path', '/tmp/tmp657w4hgq']
[2023-12-27T15:57:09.280+0000] {standard_task_runner.py:85} INFO - Job 394: Subtask insert_to_db
[2023-12-27T15:57:09.309+0000] {task_command.py:410} INFO - Running <TaskInstance: modeling_dag.insert_to_db scheduled__2023-12-27T15:56:00+00:00 [running]> on host c56b1de7f6cf
[2023-12-27T15:57:09.357+0000] {taskinstance.py:1547} INFO - Exporting env vars: AIRFLOW_CTX_DAG_OWNER='***' AIRFLOW_CTX_DAG_ID='modeling_dag' AIRFLOW_CTX_TASK_ID='insert_to_db' AIRFLOW_CTX_EXECUTION_DATE='2023-12-27T15:56:00+00:00' AIRFLOW_CTX_TRY_NUMBER='1' AIRFLOW_CTX_DAG_RUN_ID='scheduled__2023-12-27T15:56:00+00:00'
[2023-12-27T15:57:09.377+0000] {logging_mixin.py:150} INFO - [[5.843430000000001, 6.92532, 19.822499999999998, 263.64753, 56.20221, 3188.25]]
[2023-12-27T15:57:09.377+0000] {modeling.py:86} INFO - [[5.843430000000001, 6.92532, 19.822499999999998, 263.64753, 56.20221, 3188.25]]
[2023-12-27T15:57:30.419+0000] {taskinstance.py:1824} ERROR - Task failed with exception
Traceback (most recent call last):
  File "/home/airflow/.local/lib/python3.7/site-packages/airflow/operators/python.py", line 181, in execute
    return_value = self.execute_callable()
  File "/home/airflow/.local/lib/python3.7/site-packages/airflow/operators/python.py", line 198, in execute_callable
    return self.python_callable(*self.op_args, **self.op_kwargs)
  File "/opt/airflow/dags/modeling.py", line 92, in insert_to_db
    password="airflow"
  File "/home/airflow/.local/lib/python3.7/site-packages/psycopg2/__init__.py", line 122, in connect
    conn = _connect(dsn, connection_factory=connection_factory, **kwasync)
psycopg2.OperationalError: connection to server at "192.168.35.133", port 5432 failed: Connection refused
	Is the server running on that host and accepting TCP/IP connections?

[2023-12-27T15:57:30.429+0000] {taskinstance.py:1350} INFO - Marking task as FAILED. dag_id=modeling_dag, task_id=insert_to_db, execution_date=20231227T155600, start_date=20231227T155709, end_date=20231227T155730
[2023-12-27T15:57:30.471+0000] {standard_task_runner.py:109} ERROR - Failed to execute job 394 for task insert_to_db (connection to server at "192.168.35.133", port 5432 failed: Connection refused
	Is the server running on that host and accepting TCP/IP connections?
; 528)
[2023-12-27T15:57:30.507+0000] {local_task_job_runner.py:225} INFO - Task exited with return code 1
[2023-12-27T15:57:30.533+0000] {taskinstance.py:2653} INFO - 0 downstream tasks scheduled from follow-on schedule check
