[2023-12-20T02:56:21.709+0000] {taskinstance.py:1103} INFO - Dependencies all met for dep_context=non-requeueable deps ti=<TaskInstance: combined_dag.load_modeling scheduled__2023-12-20T02:55:00+00:00 [queued]>
[2023-12-20T02:56:21.720+0000] {taskinstance.py:1103} INFO - Dependencies all met for dep_context=requeueable deps ti=<TaskInstance: combined_dag.load_modeling scheduled__2023-12-20T02:55:00+00:00 [queued]>
[2023-12-20T02:56:21.720+0000] {taskinstance.py:1308} INFO - Starting attempt 1 of 1
[2023-12-20T02:56:21.734+0000] {taskinstance.py:1327} INFO - Executing <Task(PythonOperator): load_modeling> on 2023-12-20 02:55:00+00:00
[2023-12-20T02:56:21.741+0000] {standard_task_runner.py:57} INFO - Started process 2122 to run task
[2023-12-20T02:56:21.745+0000] {standard_task_runner.py:84} INFO - Running: ['***', 'tasks', 'run', 'combined_dag', 'load_modeling', 'scheduled__2023-12-20T02:55:00+00:00', '--job-id', '55', '--raw', '--subdir', 'DAGS_FOLDER/combined_dag(real).py', '--cfg-path', '/tmp/tmpyunpp58r']
[2023-12-20T02:56:21.748+0000] {standard_task_runner.py:85} INFO - Job 55: Subtask load_modeling
[2023-12-20T02:56:21.795+0000] {task_command.py:410} INFO - Running <TaskInstance: combined_dag.load_modeling scheduled__2023-12-20T02:55:00+00:00 [running]> on host b045abe315e4
[2023-12-20T02:56:21.872+0000] {taskinstance.py:1547} INFO - Exporting env vars: AIRFLOW_CTX_DAG_OWNER='***' AIRFLOW_CTX_DAG_ID='combined_dag' AIRFLOW_CTX_TASK_ID='load_modeling' AIRFLOW_CTX_EXECUTION_DATE='2023-12-20T02:55:00+00:00' AIRFLOW_CTX_TRY_NUMBER='1' AIRFLOW_CTX_DAG_RUN_ID='scheduled__2023-12-20T02:55:00+00:00'
[2023-12-20T02:56:21.883+0000] {logging_mixin.py:150} INFO - /opt/***
[2023-12-20T02:56:21.884+0000] {combined_dag(real).py:158} INFO - /opt/***
[2023-12-20T02:56:22.608+0000] {warnings.py:110} WARNING - /home/***/.local/lib/python3.7/site-packages/sklearn/base.py:451: UserWarning: X does not have valid feature names, but RandomForestClassifier was fitted with feature names
  "X does not have valid feature names, but"

[2023-12-20T02:56:22.656+0000] {warnings.py:110} WARNING - /home/***/.local/lib/python3.7/site-packages/sklearn/base.py:451: UserWarning: X does not have valid feature names, but ExtraTreesClassifier was fitted with feature names
  "X does not have valid feature names, but"

[2023-12-20T02:56:22.823+0000] {warnings.py:110} WARNING - /home/***/.local/lib/python3.7/site-packages/sklearn/base.py:451: UserWarning: X does not have valid feature names, but ExtraTreesRegressor was fitted with feature names
  "X does not have valid feature names, but"

[2023-12-20T02:56:22.833+0000] {python.py:183} INFO - Done. Returned value was: (array([21.4973933]), array([0]))
[2023-12-20T02:56:22.854+0000] {taskinstance.py:1350} INFO - Marking task as SUCCESS. dag_id=combined_dag, task_id=load_modeling, execution_date=20231220T025500, start_date=20231220T025621, end_date=20231220T025622
[2023-12-20T02:56:22.924+0000] {local_task_job_runner.py:225} INFO - Task exited with return code 0
[2023-12-20T02:56:22.943+0000] {taskinstance.py:2653} INFO - 0 downstream tasks scheduled from follow-on schedule check
