[2023-12-27T17:21:09.073+0000] {taskinstance.py:1103} INFO - Dependencies all met for dep_context=non-requeueable deps ti=<TaskInstance: combined_dag.generate_random_data_task manual__2023-12-27T17:21:06.605307+00:00 [queued]>
[2023-12-27T17:21:09.080+0000] {taskinstance.py:1103} INFO - Dependencies all met for dep_context=requeueable deps ti=<TaskInstance: combined_dag.generate_random_data_task manual__2023-12-27T17:21:06.605307+00:00 [queued]>
[2023-12-27T17:21:09.081+0000] {taskinstance.py:1308} INFO - Starting attempt 1 of 1
[2023-12-27T17:21:09.092+0000] {taskinstance.py:1327} INFO - Executing <Task(PythonOperator): generate_random_data_task> on 2023-12-27 17:21:06.605307+00:00
[2023-12-27T17:21:09.098+0000] {standard_task_runner.py:57} INFO - Started process 7135 to run task
[2023-12-27T17:21:09.101+0000] {standard_task_runner.py:84} INFO - Running: ['***', 'tasks', 'run', 'combined_dag', 'generate_random_data_task', 'manual__2023-12-27T17:21:06.605307+00:00', '--job-id', '505', '--raw', '--subdir', 'DAGS_FOLDER/combined_dag(real).py', '--cfg-path', '/tmp/tmpdfaant83']
[2023-12-27T17:21:09.103+0000] {standard_task_runner.py:85} INFO - Job 505: Subtask generate_random_data_task
[2023-12-27T17:21:09.138+0000] {task_command.py:410} INFO - Running <TaskInstance: combined_dag.generate_random_data_task manual__2023-12-27T17:21:06.605307+00:00 [running]> on host c56b1de7f6cf
[2023-12-27T17:21:09.215+0000] {taskinstance.py:1547} INFO - Exporting env vars: AIRFLOW_CTX_DAG_OWNER='***' AIRFLOW_CTX_DAG_ID='combined_dag' AIRFLOW_CTX_TASK_ID='generate_random_data_task' AIRFLOW_CTX_EXECUTION_DATE='2023-12-27T17:21:06.605307+00:00' AIRFLOW_CTX_TRY_NUMBER='1' AIRFLOW_CTX_DAG_RUN_ID='manual__2023-12-27T17:21:06.605307+00:00'
[2023-12-27T17:21:09.578+0000] {warnings.py:110} WARNING - /opt/***/dags/combined_dag(real).py:41: SettingWithCopyWarning: 
A value is trying to be set on a copy of a slice from a DataFrame.
Try using .loc[row_indexer,col_indexer] = value instead

See the caveats in the documentation: https://pandas.pydata.org/pandas-docs/stable/user_guide/indexing.html#returning-a-view-versus-a-copy
  lstm_df[col] = low_val

[2023-12-27T17:21:09.580+0000] {warnings.py:110} WARNING - /home/***/.local/lib/python3.7/site-packages/sklearn/preprocessing/_data.py:461: RuntimeWarning: All-NaN slice encountered
  data_min = np.nanmin(X, axis=0)

[2023-12-27T17:21:09.581+0000] {warnings.py:110} WARNING - /home/***/.local/lib/python3.7/site-packages/sklearn/preprocessing/_data.py:462: RuntimeWarning: All-NaN slice encountered
  data_max = np.nanmax(X, axis=0)

[2023-12-27T17:21:09.587+0000] {python.py:183} INFO - Done. Returned value was: ([[49.67253, 6.22719, 23.38587, 147.22218, 28.25982, 2319.1875]], [[55.863819], [56.328508], [54.087866]], MinMaxScaler())
[2023-12-27T17:21:09.609+0000] {taskinstance.py:1350} INFO - Marking task as SUCCESS. dag_id=combined_dag, task_id=generate_random_data_task, execution_date=20231227T172106, start_date=20231227T172109, end_date=20231227T172109
[2023-12-27T17:21:09.634+0000] {local_task_job_runner.py:225} INFO - Task exited with return code 0
[2023-12-27T17:21:09.654+0000] {taskinstance.py:2653} INFO - 2 downstream tasks scheduled from follow-on schedule check
