[2023-12-23T15:51:14.801+0000] {processor.py:157} INFO - Started process (PID=32) to work on /opt/airflow/dags/consume.py
[2023-12-23T15:51:14.801+0000] {processor.py:826} INFO - Processing file /opt/airflow/dags/consume.py for tasks to queue
[2023-12-23T15:51:14.802+0000] {logging_mixin.py:150} INFO - [2023-12-23T15:51:14.802+0000] {dagbag.py:541} INFO - Filling up the DagBag from /opt/airflow/dags/consume.py
[2023-12-23T15:51:14.870+0000] {processor.py:836} INFO - DAG(s) dict_keys(['consume_dag']) retrieved from /opt/airflow/dags/consume.py
[2023-12-23T15:51:15.055+0000] {logging_mixin.py:150} INFO - [2023-12-23T15:51:15.055+0000] {manager.py:504} INFO - Created Permission View: can delete on DAG:consume_dag
[2023-12-23T15:51:15.064+0000] {logging_mixin.py:150} INFO - [2023-12-23T15:51:15.064+0000] {manager.py:504} INFO - Created Permission View: can edit on DAG:consume_dag
[2023-12-23T15:51:15.069+0000] {logging_mixin.py:150} INFO - [2023-12-23T15:51:15.069+0000] {manager.py:504} INFO - Created Permission View: can read on DAG:consume_dag
[2023-12-23T15:51:15.081+0000] {logging_mixin.py:150} INFO - [2023-12-23T15:51:15.081+0000] {dag.py:2742} INFO - Sync 1 DAGs
[2023-12-23T15:51:15.091+0000] {logging_mixin.py:150} INFO - [2023-12-23T15:51:15.091+0000] {dag.py:2763} INFO - Creating ORM DAG for consume_dag
[2023-12-23T15:51:15.102+0000] {logging_mixin.py:150} INFO - [2023-12-23T15:51:15.101+0000] {dag.py:3508} INFO - Setting next_dagrun for consume_dag to 2023-12-23T15:50:00+00:00, run_after=2023-12-23T15:51:00+00:00
[2023-12-23T15:51:15.129+0000] {processor.py:179} INFO - Processing /opt/airflow/dags/consume.py took 0.331 seconds
[2023-12-23T15:52:06.236+0000] {processor.py:157} INFO - Started process (PID=31) to work on /opt/airflow/dags/consume.py
[2023-12-23T15:52:06.238+0000] {processor.py:826} INFO - Processing file /opt/airflow/dags/consume.py for tasks to queue
[2023-12-23T15:52:06.241+0000] {logging_mixin.py:150} INFO - [2023-12-23T15:52:06.241+0000] {dagbag.py:541} INFO - Filling up the DagBag from /opt/airflow/dags/consume.py
[2023-12-23T15:52:06.283+0000] {processor.py:836} INFO - DAG(s) dict_keys(['consume_dag']) retrieved from /opt/airflow/dags/consume.py
[2023-12-23T15:52:06.652+0000] {logging_mixin.py:150} INFO - [2023-12-23T15:52:06.652+0000] {dag.py:2742} INFO - Sync 1 DAGs
[2023-12-23T15:52:06.671+0000] {logging_mixin.py:150} INFO - [2023-12-23T15:52:06.671+0000] {dag.py:3508} INFO - Setting next_dagrun for consume_dag to 2023-12-23T15:51:00+00:00, run_after=2023-12-23T15:52:00+00:00
[2023-12-23T15:52:06.690+0000] {processor.py:179} INFO - Processing /opt/airflow/dags/consume.py took 0.466 seconds
[2023-12-23T15:52:36.849+0000] {processor.py:157} INFO - Started process (PID=150) to work on /opt/airflow/dags/consume.py
[2023-12-23T15:52:36.849+0000] {processor.py:826} INFO - Processing file /opt/airflow/dags/consume.py for tasks to queue
[2023-12-23T15:52:36.850+0000] {logging_mixin.py:150} INFO - [2023-12-23T15:52:36.850+0000] {dagbag.py:541} INFO - Filling up the DagBag from /opt/airflow/dags/consume.py
[2023-12-23T15:52:36.866+0000] {processor.py:836} INFO - DAG(s) dict_keys(['consume_dag']) retrieved from /opt/airflow/dags/consume.py
[2023-12-23T15:52:36.971+0000] {logging_mixin.py:150} INFO - [2023-12-23T15:52:36.971+0000] {dag.py:2742} INFO - Sync 1 DAGs
[2023-12-23T15:52:36.988+0000] {logging_mixin.py:150} INFO - [2023-12-23T15:52:36.988+0000] {dag.py:3508} INFO - Setting next_dagrun for consume_dag to 2023-12-23T15:51:00+00:00, run_after=2023-12-23T15:52:00+00:00
[2023-12-23T15:52:37.002+0000] {processor.py:179} INFO - Processing /opt/airflow/dags/consume.py took 0.156 seconds
[2023-12-23T15:53:07.456+0000] {processor.py:157} INFO - Started process (PID=257) to work on /opt/airflow/dags/consume.py
[2023-12-23T15:53:07.461+0000] {processor.py:826} INFO - Processing file /opt/airflow/dags/consume.py for tasks to queue
[2023-12-23T15:53:07.462+0000] {logging_mixin.py:150} INFO - [2023-12-23T15:53:07.462+0000] {dagbag.py:541} INFO - Filling up the DagBag from /opt/airflow/dags/consume.py
[2023-12-23T15:53:07.473+0000] {processor.py:836} INFO - DAG(s) dict_keys(['consume_dag']) retrieved from /opt/airflow/dags/consume.py
[2023-12-23T15:53:07.494+0000] {logging_mixin.py:150} INFO - [2023-12-23T15:53:07.494+0000] {dag.py:2742} INFO - Sync 1 DAGs
[2023-12-23T15:53:07.515+0000] {logging_mixin.py:150} INFO - [2023-12-23T15:53:07.515+0000] {dag.py:3508} INFO - Setting next_dagrun for consume_dag to 2023-12-23T15:52:00+00:00, run_after=2023-12-23T15:53:00+00:00
[2023-12-23T15:53:07.528+0000] {processor.py:179} INFO - Processing /opt/airflow/dags/consume.py took 0.074 seconds
[2023-12-23T15:53:37.808+0000] {processor.py:157} INFO - Started process (PID=373) to work on /opt/airflow/dags/consume.py
[2023-12-23T15:53:37.810+0000] {processor.py:826} INFO - Processing file /opt/airflow/dags/consume.py for tasks to queue
[2023-12-23T15:53:37.811+0000] {logging_mixin.py:150} INFO - [2023-12-23T15:53:37.811+0000] {dagbag.py:541} INFO - Filling up the DagBag from /opt/airflow/dags/consume.py
[2023-12-23T15:53:37.823+0000] {processor.py:836} INFO - DAG(s) dict_keys(['consume_dag']) retrieved from /opt/airflow/dags/consume.py
[2023-12-23T15:53:37.857+0000] {logging_mixin.py:150} INFO - [2023-12-23T15:53:37.856+0000] {dag.py:2742} INFO - Sync 1 DAGs
[2023-12-23T15:53:37.877+0000] {logging_mixin.py:150} INFO - [2023-12-23T15:53:37.877+0000] {dag.py:3508} INFO - Setting next_dagrun for consume_dag to 2023-12-23T15:52:00+00:00, run_after=2023-12-23T15:53:00+00:00
[2023-12-23T15:53:37.892+0000] {processor.py:179} INFO - Processing /opt/airflow/dags/consume.py took 0.086 seconds
[2023-12-23T15:54:32.521+0000] {processor.py:157} INFO - Started process (PID=31) to work on /opt/airflow/dags/consume.py
[2023-12-23T15:54:32.522+0000] {processor.py:826} INFO - Processing file /opt/airflow/dags/consume.py for tasks to queue
[2023-12-23T15:54:32.522+0000] {logging_mixin.py:150} INFO - [2023-12-23T15:54:32.522+0000] {dagbag.py:541} INFO - Filling up the DagBag from /opt/airflow/dags/consume.py
[2023-12-23T15:54:32.544+0000] {processor.py:836} INFO - DAG(s) dict_keys(['consume_dag']) retrieved from /opt/airflow/dags/consume.py
[2023-12-23T15:54:32.802+0000] {logging_mixin.py:150} INFO - [2023-12-23T15:54:32.802+0000] {dag.py:2742} INFO - Sync 1 DAGs
[2023-12-23T15:54:32.821+0000] {logging_mixin.py:150} INFO - [2023-12-23T15:54:32.821+0000] {dag.py:3508} INFO - Setting next_dagrun for consume_dag to 2023-12-23T15:53:00+00:00, run_after=2023-12-23T15:54:00+00:00
[2023-12-23T15:54:32.838+0000] {processor.py:179} INFO - Processing /opt/airflow/dags/consume.py took 0.320 seconds
[2023-12-23T15:55:03.161+0000] {processor.py:157} INFO - Started process (PID=146) to work on /opt/airflow/dags/consume.py
[2023-12-23T15:55:03.163+0000] {processor.py:826} INFO - Processing file /opt/airflow/dags/consume.py for tasks to queue
[2023-12-23T15:55:03.164+0000] {logging_mixin.py:150} INFO - [2023-12-23T15:55:03.164+0000] {dagbag.py:541} INFO - Filling up the DagBag from /opt/airflow/dags/consume.py
[2023-12-23T15:55:03.174+0000] {processor.py:836} INFO - DAG(s) dict_keys(['consume_dag']) retrieved from /opt/airflow/dags/consume.py
[2023-12-23T15:55:03.265+0000] {logging_mixin.py:150} INFO - [2023-12-23T15:55:03.265+0000] {dag.py:2742} INFO - Sync 1 DAGs
[2023-12-23T15:55:03.281+0000] {logging_mixin.py:150} INFO - [2023-12-23T15:55:03.281+0000] {dag.py:3508} INFO - Setting next_dagrun for consume_dag to 2023-12-23T15:54:00+00:00, run_after=2023-12-23T15:55:00+00:00
[2023-12-23T15:55:03.296+0000] {processor.py:179} INFO - Processing /opt/airflow/dags/consume.py took 0.138 seconds
[2023-12-23T15:55:33.589+0000] {processor.py:157} INFO - Started process (PID=253) to work on /opt/airflow/dags/consume.py
[2023-12-23T15:55:33.592+0000] {processor.py:826} INFO - Processing file /opt/airflow/dags/consume.py for tasks to queue
[2023-12-23T15:55:33.593+0000] {logging_mixin.py:150} INFO - [2023-12-23T15:55:33.592+0000] {dagbag.py:541} INFO - Filling up the DagBag from /opt/airflow/dags/consume.py
[2023-12-23T15:55:33.633+0000] {processor.py:836} INFO - DAG(s) dict_keys(['consume_dag']) retrieved from /opt/airflow/dags/consume.py
[2023-12-23T15:55:33.673+0000] {logging_mixin.py:150} INFO - [2023-12-23T15:55:33.673+0000] {dag.py:2742} INFO - Sync 1 DAGs
[2023-12-23T15:55:33.697+0000] {logging_mixin.py:150} INFO - [2023-12-23T15:55:33.696+0000] {dag.py:3508} INFO - Setting next_dagrun for consume_dag to 2023-12-23T15:54:00+00:00, run_after=2023-12-23T15:55:00+00:00
[2023-12-23T15:55:33.717+0000] {processor.py:179} INFO - Processing /opt/airflow/dags/consume.py took 0.139 seconds
[2023-12-23T15:56:04.053+0000] {processor.py:157} INFO - Started process (PID=368) to work on /opt/airflow/dags/consume.py
[2023-12-23T15:56:04.055+0000] {processor.py:826} INFO - Processing file /opt/airflow/dags/consume.py for tasks to queue
[2023-12-23T15:56:04.056+0000] {logging_mixin.py:150} INFO - [2023-12-23T15:56:04.056+0000] {dagbag.py:541} INFO - Filling up the DagBag from /opt/airflow/dags/consume.py
[2023-12-23T15:56:04.077+0000] {processor.py:836} INFO - DAG(s) dict_keys(['consume_dag']) retrieved from /opt/airflow/dags/consume.py
[2023-12-23T15:56:04.103+0000] {logging_mixin.py:150} INFO - [2023-12-23T15:56:04.103+0000] {dag.py:2742} INFO - Sync 1 DAGs
[2023-12-23T15:56:04.122+0000] {logging_mixin.py:150} INFO - [2023-12-23T15:56:04.122+0000] {dag.py:3508} INFO - Setting next_dagrun for consume_dag to 2023-12-23T15:55:00+00:00, run_after=2023-12-23T15:56:00+00:00
[2023-12-23T15:56:04.137+0000] {processor.py:179} INFO - Processing /opt/airflow/dags/consume.py took 0.088 seconds
[2023-12-23T15:56:34.370+0000] {processor.py:157} INFO - Started process (PID=484) to work on /opt/airflow/dags/consume.py
[2023-12-23T15:56:34.372+0000] {processor.py:826} INFO - Processing file /opt/airflow/dags/consume.py for tasks to queue
[2023-12-23T15:56:34.373+0000] {logging_mixin.py:150} INFO - [2023-12-23T15:56:34.373+0000] {dagbag.py:541} INFO - Filling up the DagBag from /opt/airflow/dags/consume.py
[2023-12-23T15:56:34.388+0000] {processor.py:836} INFO - DAG(s) dict_keys(['consume_dag']) retrieved from /opt/airflow/dags/consume.py
[2023-12-23T15:56:34.412+0000] {logging_mixin.py:150} INFO - [2023-12-23T15:56:34.412+0000] {dag.py:2742} INFO - Sync 1 DAGs
[2023-12-23T15:56:34.432+0000] {logging_mixin.py:150} INFO - [2023-12-23T15:56:34.432+0000] {dag.py:3508} INFO - Setting next_dagrun for consume_dag to 2023-12-23T15:55:00+00:00, run_after=2023-12-23T15:56:00+00:00
[2023-12-23T15:56:34.448+0000] {processor.py:179} INFO - Processing /opt/airflow/dags/consume.py took 0.082 seconds
[2023-12-23T15:57:04.802+0000] {processor.py:157} INFO - Started process (PID=591) to work on /opt/airflow/dags/consume.py
[2023-12-23T15:57:04.803+0000] {processor.py:826} INFO - Processing file /opt/airflow/dags/consume.py for tasks to queue
[2023-12-23T15:57:04.804+0000] {logging_mixin.py:150} INFO - [2023-12-23T15:57:04.803+0000] {dagbag.py:541} INFO - Filling up the DagBag from /opt/airflow/dags/consume.py
[2023-12-23T15:57:04.816+0000] {processor.py:836} INFO - DAG(s) dict_keys(['consume_dag']) retrieved from /opt/airflow/dags/consume.py
[2023-12-23T15:57:04.843+0000] {logging_mixin.py:150} INFO - [2023-12-23T15:57:04.843+0000] {dag.py:2742} INFO - Sync 1 DAGs
[2023-12-23T15:57:04.867+0000] {logging_mixin.py:150} INFO - [2023-12-23T15:57:04.867+0000] {dag.py:3508} INFO - Setting next_dagrun for consume_dag to 2023-12-23T15:56:00+00:00, run_after=2023-12-23T15:57:00+00:00
[2023-12-23T15:57:04.884+0000] {processor.py:179} INFO - Processing /opt/airflow/dags/consume.py took 0.084 seconds
[2023-12-23T15:57:35.307+0000] {processor.py:157} INFO - Started process (PID=708) to work on /opt/airflow/dags/consume.py
[2023-12-23T15:57:35.309+0000] {processor.py:826} INFO - Processing file /opt/airflow/dags/consume.py for tasks to queue
[2023-12-23T15:57:35.310+0000] {logging_mixin.py:150} INFO - [2023-12-23T15:57:35.309+0000] {dagbag.py:541} INFO - Filling up the DagBag from /opt/airflow/dags/consume.py
[2023-12-23T15:57:35.323+0000] {processor.py:836} INFO - DAG(s) dict_keys(['consume_dag']) retrieved from /opt/airflow/dags/consume.py
[2023-12-23T15:57:35.347+0000] {logging_mixin.py:150} INFO - [2023-12-23T15:57:35.347+0000] {dag.py:2742} INFO - Sync 1 DAGs
[2023-12-23T15:57:35.366+0000] {logging_mixin.py:150} INFO - [2023-12-23T15:57:35.366+0000] {dag.py:3508} INFO - Setting next_dagrun for consume_dag to 2023-12-23T15:56:00+00:00, run_after=2023-12-23T15:57:00+00:00
[2023-12-23T15:57:35.383+0000] {processor.py:179} INFO - Processing /opt/airflow/dags/consume.py took 0.079 seconds
[2023-12-23T15:58:05.623+0000] {processor.py:157} INFO - Started process (PID=815) to work on /opt/airflow/dags/consume.py
[2023-12-23T15:58:05.623+0000] {processor.py:826} INFO - Processing file /opt/airflow/dags/consume.py for tasks to queue
[2023-12-23T15:58:05.624+0000] {logging_mixin.py:150} INFO - [2023-12-23T15:58:05.624+0000] {dagbag.py:541} INFO - Filling up the DagBag from /opt/airflow/dags/consume.py
[2023-12-23T15:58:05.635+0000] {processor.py:836} INFO - DAG(s) dict_keys(['consume_dag']) retrieved from /opt/airflow/dags/consume.py
[2023-12-23T15:58:05.658+0000] {logging_mixin.py:150} INFO - [2023-12-23T15:58:05.658+0000] {dag.py:2742} INFO - Sync 1 DAGs
[2023-12-23T15:58:05.677+0000] {logging_mixin.py:150} INFO - [2023-12-23T15:58:05.676+0000] {dag.py:3508} INFO - Setting next_dagrun for consume_dag to 2023-12-23T15:57:00+00:00, run_after=2023-12-23T15:58:00+00:00
[2023-12-23T15:58:05.694+0000] {processor.py:179} INFO - Processing /opt/airflow/dags/consume.py took 0.074 seconds
[2023-12-23T15:58:35.954+0000] {processor.py:157} INFO - Started process (PID=931) to work on /opt/airflow/dags/consume.py
[2023-12-23T15:58:35.955+0000] {processor.py:826} INFO - Processing file /opt/airflow/dags/consume.py for tasks to queue
[2023-12-23T15:58:35.956+0000] {logging_mixin.py:150} INFO - [2023-12-23T15:58:35.956+0000] {dagbag.py:541} INFO - Filling up the DagBag from /opt/airflow/dags/consume.py
[2023-12-23T15:58:35.968+0000] {processor.py:836} INFO - DAG(s) dict_keys(['consume_dag']) retrieved from /opt/airflow/dags/consume.py
[2023-12-23T15:58:35.989+0000] {logging_mixin.py:150} INFO - [2023-12-23T15:58:35.989+0000] {dag.py:2742} INFO - Sync 1 DAGs
[2023-12-23T15:58:36.007+0000] {logging_mixin.py:150} INFO - [2023-12-23T15:58:36.007+0000] {dag.py:3508} INFO - Setting next_dagrun for consume_dag to 2023-12-23T15:57:00+00:00, run_after=2023-12-23T15:58:00+00:00
[2023-12-23T15:58:36.023+0000] {processor.py:179} INFO - Processing /opt/airflow/dags/consume.py took 0.071 seconds
[2023-12-23T15:59:06.318+0000] {processor.py:157} INFO - Started process (PID=1048) to work on /opt/airflow/dags/consume.py
[2023-12-23T15:59:06.321+0000] {processor.py:826} INFO - Processing file /opt/airflow/dags/consume.py for tasks to queue
[2023-12-23T15:59:06.322+0000] {logging_mixin.py:150} INFO - [2023-12-23T15:59:06.321+0000] {dagbag.py:541} INFO - Filling up the DagBag from /opt/airflow/dags/consume.py
[2023-12-23T15:59:06.334+0000] {processor.py:836} INFO - DAG(s) dict_keys(['consume_dag']) retrieved from /opt/airflow/dags/consume.py
[2023-12-23T15:59:06.357+0000] {logging_mixin.py:150} INFO - [2023-12-23T15:59:06.356+0000] {dag.py:2742} INFO - Sync 1 DAGs
[2023-12-23T15:59:06.376+0000] {logging_mixin.py:150} INFO - [2023-12-23T15:59:06.376+0000] {dag.py:3508} INFO - Setting next_dagrun for consume_dag to 2023-12-23T15:58:00+00:00, run_after=2023-12-23T15:59:00+00:00
[2023-12-23T15:59:06.390+0000] {processor.py:179} INFO - Processing /opt/airflow/dags/consume.py took 0.076 seconds
[2023-12-23T15:59:36.448+0000] {processor.py:157} INFO - Started process (PID=1155) to work on /opt/airflow/dags/consume.py
[2023-12-23T15:59:36.448+0000] {processor.py:826} INFO - Processing file /opt/airflow/dags/consume.py for tasks to queue
[2023-12-23T15:59:36.449+0000] {logging_mixin.py:150} INFO - [2023-12-23T15:59:36.449+0000] {dagbag.py:541} INFO - Filling up the DagBag from /opt/airflow/dags/consume.py
[2023-12-23T15:59:36.462+0000] {processor.py:836} INFO - DAG(s) dict_keys(['consume_dag']) retrieved from /opt/airflow/dags/consume.py
[2023-12-23T15:59:36.489+0000] {logging_mixin.py:150} INFO - [2023-12-23T15:59:36.489+0000] {dag.py:2742} INFO - Sync 1 DAGs
[2023-12-23T15:59:36.516+0000] {logging_mixin.py:150} INFO - [2023-12-23T15:59:36.515+0000] {dag.py:3508} INFO - Setting next_dagrun for consume_dag to 2023-12-23T15:58:00+00:00, run_after=2023-12-23T15:59:00+00:00
[2023-12-23T15:59:36.536+0000] {processor.py:179} INFO - Processing /opt/airflow/dags/consume.py took 0.091 seconds
[2023-12-23T16:00:06.953+0000] {processor.py:157} INFO - Started process (PID=1271) to work on /opt/airflow/dags/consume.py
[2023-12-23T16:00:06.954+0000] {processor.py:826} INFO - Processing file /opt/airflow/dags/consume.py for tasks to queue
[2023-12-23T16:00:06.955+0000] {logging_mixin.py:150} INFO - [2023-12-23T16:00:06.955+0000] {dagbag.py:541} INFO - Filling up the DagBag from /opt/airflow/dags/consume.py
[2023-12-23T16:00:06.971+0000] {processor.py:836} INFO - DAG(s) dict_keys(['consume_dag']) retrieved from /opt/airflow/dags/consume.py
[2023-12-23T16:00:06.993+0000] {logging_mixin.py:150} INFO - [2023-12-23T16:00:06.993+0000] {dag.py:2742} INFO - Sync 1 DAGs
[2023-12-23T16:00:07.012+0000] {logging_mixin.py:150} INFO - [2023-12-23T16:00:07.012+0000] {dag.py:3508} INFO - Setting next_dagrun for consume_dag to 2023-12-23T15:59:00+00:00, run_after=2023-12-23T16:00:00+00:00
[2023-12-23T16:00:07.027+0000] {processor.py:179} INFO - Processing /opt/airflow/dags/consume.py took 0.078 seconds
[2023-12-23T16:00:37.311+0000] {processor.py:157} INFO - Started process (PID=1387) to work on /opt/airflow/dags/consume.py
[2023-12-23T16:00:37.314+0000] {processor.py:826} INFO - Processing file /opt/airflow/dags/consume.py for tasks to queue
[2023-12-23T16:00:37.315+0000] {logging_mixin.py:150} INFO - [2023-12-23T16:00:37.314+0000] {dagbag.py:541} INFO - Filling up the DagBag from /opt/airflow/dags/consume.py
[2023-12-23T16:00:37.329+0000] {processor.py:836} INFO - DAG(s) dict_keys(['consume_dag']) retrieved from /opt/airflow/dags/consume.py
[2023-12-23T16:00:37.353+0000] {logging_mixin.py:150} INFO - [2023-12-23T16:00:37.352+0000] {dag.py:2742} INFO - Sync 1 DAGs
[2023-12-23T16:00:37.372+0000] {logging_mixin.py:150} INFO - [2023-12-23T16:00:37.372+0000] {dag.py:3508} INFO - Setting next_dagrun for consume_dag to 2023-12-23T15:59:00+00:00, run_after=2023-12-23T16:00:00+00:00
[2023-12-23T16:00:37.388+0000] {processor.py:179} INFO - Processing /opt/airflow/dags/consume.py took 0.080 seconds
[2023-12-23T16:01:07.743+0000] {processor.py:157} INFO - Started process (PID=1494) to work on /opt/airflow/dags/consume.py
[2023-12-23T16:01:07.745+0000] {processor.py:826} INFO - Processing file /opt/airflow/dags/consume.py for tasks to queue
[2023-12-23T16:01:07.745+0000] {logging_mixin.py:150} INFO - [2023-12-23T16:01:07.745+0000] {dagbag.py:541} INFO - Filling up the DagBag from /opt/airflow/dags/consume.py
[2023-12-23T16:01:07.757+0000] {processor.py:836} INFO - DAG(s) dict_keys(['consume_dag']) retrieved from /opt/airflow/dags/consume.py
[2023-12-23T16:01:07.779+0000] {logging_mixin.py:150} INFO - [2023-12-23T16:01:07.779+0000] {dag.py:2742} INFO - Sync 1 DAGs
[2023-12-23T16:01:07.796+0000] {logging_mixin.py:150} INFO - [2023-12-23T16:01:07.796+0000] {dag.py:3508} INFO - Setting next_dagrun for consume_dag to 2023-12-23T16:00:00+00:00, run_after=2023-12-23T16:01:00+00:00
[2023-12-23T16:01:07.812+0000] {processor.py:179} INFO - Processing /opt/airflow/dags/consume.py took 0.072 seconds
[2023-12-23T16:01:38.100+0000] {processor.py:157} INFO - Started process (PID=1609) to work on /opt/airflow/dags/consume.py
[2023-12-23T16:01:38.105+0000] {processor.py:826} INFO - Processing file /opt/airflow/dags/consume.py for tasks to queue
[2023-12-23T16:01:38.105+0000] {logging_mixin.py:150} INFO - [2023-12-23T16:01:38.105+0000] {dagbag.py:541} INFO - Filling up the DagBag from /opt/airflow/dags/consume.py
[2023-12-23T16:01:38.117+0000] {processor.py:836} INFO - DAG(s) dict_keys(['consume_dag']) retrieved from /opt/airflow/dags/consume.py
[2023-12-23T16:01:38.138+0000] {logging_mixin.py:150} INFO - [2023-12-23T16:01:38.138+0000] {dag.py:2742} INFO - Sync 1 DAGs
[2023-12-23T16:01:38.157+0000] {logging_mixin.py:150} INFO - [2023-12-23T16:01:38.156+0000] {dag.py:3508} INFO - Setting next_dagrun for consume_dag to 2023-12-23T16:00:00+00:00, run_after=2023-12-23T16:01:00+00:00
[2023-12-23T16:01:38.172+0000] {processor.py:179} INFO - Processing /opt/airflow/dags/consume.py took 0.075 seconds
[2023-12-23T16:02:08.258+0000] {processor.py:157} INFO - Started process (PID=1715) to work on /opt/airflow/dags/consume.py
[2023-12-23T16:02:08.259+0000] {processor.py:826} INFO - Processing file /opt/airflow/dags/consume.py for tasks to queue
[2023-12-23T16:02:08.260+0000] {logging_mixin.py:150} INFO - [2023-12-23T16:02:08.260+0000] {dagbag.py:541} INFO - Filling up the DagBag from /opt/airflow/dags/consume.py
[2023-12-23T16:02:08.272+0000] {processor.py:836} INFO - DAG(s) dict_keys(['consume_dag']) retrieved from /opt/airflow/dags/consume.py
[2023-12-23T16:02:08.294+0000] {logging_mixin.py:150} INFO - [2023-12-23T16:02:08.294+0000] {dag.py:2742} INFO - Sync 1 DAGs
[2023-12-23T16:02:08.312+0000] {logging_mixin.py:150} INFO - [2023-12-23T16:02:08.312+0000] {dag.py:3508} INFO - Setting next_dagrun for consume_dag to 2023-12-23T16:01:00+00:00, run_after=2023-12-23T16:02:00+00:00
[2023-12-23T16:02:08.330+0000] {processor.py:179} INFO - Processing /opt/airflow/dags/consume.py took 0.074 seconds
[2023-12-23T16:02:38.465+0000] {processor.py:157} INFO - Started process (PID=1810) to work on /opt/airflow/dags/consume.py
[2023-12-23T16:02:38.466+0000] {processor.py:826} INFO - Processing file /opt/airflow/dags/consume.py for tasks to queue
[2023-12-23T16:02:38.466+0000] {logging_mixin.py:150} INFO - [2023-12-23T16:02:38.466+0000] {dagbag.py:541} INFO - Filling up the DagBag from /opt/airflow/dags/consume.py
[2023-12-23T16:02:38.478+0000] {processor.py:836} INFO - DAG(s) dict_keys(['consume_dag']) retrieved from /opt/airflow/dags/consume.py
[2023-12-23T16:02:38.504+0000] {logging_mixin.py:150} INFO - [2023-12-23T16:02:38.504+0000] {dag.py:2742} INFO - Sync 1 DAGs
[2023-12-23T16:02:38.523+0000] {logging_mixin.py:150} INFO - [2023-12-23T16:02:38.522+0000] {dag.py:3508} INFO - Setting next_dagrun for consume_dag to 2023-12-23T16:01:00+00:00, run_after=2023-12-23T16:02:00+00:00
[2023-12-23T16:02:38.539+0000] {processor.py:179} INFO - Processing /opt/airflow/dags/consume.py took 0.076 seconds
[2023-12-23T16:03:08.717+0000] {processor.py:157} INFO - Started process (PID=1926) to work on /opt/airflow/dags/consume.py
[2023-12-23T16:03:08.718+0000] {processor.py:826} INFO - Processing file /opt/airflow/dags/consume.py for tasks to queue
[2023-12-23T16:03:08.719+0000] {logging_mixin.py:150} INFO - [2023-12-23T16:03:08.718+0000] {dagbag.py:541} INFO - Filling up the DagBag from /opt/airflow/dags/consume.py
[2023-12-23T16:03:08.734+0000] {processor.py:836} INFO - DAG(s) dict_keys(['consume_dag']) retrieved from /opt/airflow/dags/consume.py
[2023-12-23T16:03:08.758+0000] {logging_mixin.py:150} INFO - [2023-12-23T16:03:08.758+0000] {dag.py:2742} INFO - Sync 1 DAGs
[2023-12-23T16:03:08.779+0000] {logging_mixin.py:150} INFO - [2023-12-23T16:03:08.779+0000] {dag.py:3508} INFO - Setting next_dagrun for consume_dag to 2023-12-23T16:02:00+00:00, run_after=2023-12-23T16:03:00+00:00
[2023-12-23T16:03:08.794+0000] {processor.py:179} INFO - Processing /opt/airflow/dags/consume.py took 0.080 seconds
[2023-12-23T16:03:38.826+0000] {processor.py:157} INFO - Started process (PID=2032) to work on /opt/airflow/dags/consume.py
[2023-12-23T16:03:38.827+0000] {processor.py:826} INFO - Processing file /opt/airflow/dags/consume.py for tasks to queue
[2023-12-23T16:03:38.827+0000] {logging_mixin.py:150} INFO - [2023-12-23T16:03:38.827+0000] {dagbag.py:541} INFO - Filling up the DagBag from /opt/airflow/dags/consume.py
[2023-12-23T16:03:38.841+0000] {processor.py:836} INFO - DAG(s) dict_keys(['consume_dag']) retrieved from /opt/airflow/dags/consume.py
[2023-12-23T16:03:38.862+0000] {logging_mixin.py:150} INFO - [2023-12-23T16:03:38.861+0000] {dag.py:2742} INFO - Sync 1 DAGs
[2023-12-23T16:03:38.883+0000] {logging_mixin.py:150} INFO - [2023-12-23T16:03:38.883+0000] {dag.py:3508} INFO - Setting next_dagrun for consume_dag to 2023-12-23T16:02:00+00:00, run_after=2023-12-23T16:03:00+00:00
[2023-12-23T16:03:38.898+0000] {processor.py:179} INFO - Processing /opt/airflow/dags/consume.py took 0.075 seconds
[2023-12-23T16:04:08.919+0000] {processor.py:157} INFO - Started process (PID=2148) to work on /opt/airflow/dags/consume.py
[2023-12-23T16:04:08.920+0000] {processor.py:826} INFO - Processing file /opt/airflow/dags/consume.py for tasks to queue
[2023-12-23T16:04:08.921+0000] {logging_mixin.py:150} INFO - [2023-12-23T16:04:08.921+0000] {dagbag.py:541} INFO - Filling up the DagBag from /opt/airflow/dags/consume.py
[2023-12-23T16:04:08.933+0000] {processor.py:836} INFO - DAG(s) dict_keys(['consume_dag']) retrieved from /opt/airflow/dags/consume.py
[2023-12-23T16:04:08.955+0000] {logging_mixin.py:150} INFO - [2023-12-23T16:04:08.954+0000] {dag.py:2742} INFO - Sync 1 DAGs
[2023-12-23T16:04:08.972+0000] {logging_mixin.py:150} INFO - [2023-12-23T16:04:08.972+0000] {dag.py:3508} INFO - Setting next_dagrun for consume_dag to 2023-12-23T16:03:00+00:00, run_after=2023-12-23T16:04:00+00:00
[2023-12-23T16:04:08.988+0000] {processor.py:179} INFO - Processing /opt/airflow/dags/consume.py took 0.071 seconds
[2023-12-23T16:04:39.128+0000] {processor.py:157} INFO - Started process (PID=2255) to work on /opt/airflow/dags/consume.py
[2023-12-23T16:04:39.129+0000] {processor.py:826} INFO - Processing file /opt/airflow/dags/consume.py for tasks to queue
[2023-12-23T16:04:39.129+0000] {logging_mixin.py:150} INFO - [2023-12-23T16:04:39.129+0000] {dagbag.py:541} INFO - Filling up the DagBag from /opt/airflow/dags/consume.py
[2023-12-23T16:04:39.141+0000] {processor.py:836} INFO - DAG(s) dict_keys(['consume_dag']) retrieved from /opt/airflow/dags/consume.py
[2023-12-23T16:04:39.164+0000] {logging_mixin.py:150} INFO - [2023-12-23T16:04:39.164+0000] {dag.py:2742} INFO - Sync 1 DAGs
[2023-12-23T16:04:39.182+0000] {logging_mixin.py:150} INFO - [2023-12-23T16:04:39.182+0000] {dag.py:3508} INFO - Setting next_dagrun for consume_dag to 2023-12-23T16:03:00+00:00, run_after=2023-12-23T16:04:00+00:00
[2023-12-23T16:04:39.199+0000] {processor.py:179} INFO - Processing /opt/airflow/dags/consume.py took 0.073 seconds
[2023-12-23T16:05:10.049+0000] {processor.py:157} INFO - Started process (PID=2371) to work on /opt/airflow/dags/consume.py
[2023-12-23T16:05:10.051+0000] {processor.py:826} INFO - Processing file /opt/airflow/dags/consume.py for tasks to queue
[2023-12-23T16:05:10.052+0000] {logging_mixin.py:150} INFO - [2023-12-23T16:05:10.051+0000] {dagbag.py:541} INFO - Filling up the DagBag from /opt/airflow/dags/consume.py
[2023-12-23T16:05:10.065+0000] {processor.py:836} INFO - DAG(s) dict_keys(['consume_dag']) retrieved from /opt/airflow/dags/consume.py
[2023-12-23T16:05:10.088+0000] {logging_mixin.py:150} INFO - [2023-12-23T16:05:10.088+0000] {dag.py:2742} INFO - Sync 1 DAGs
[2023-12-23T16:05:10.108+0000] {logging_mixin.py:150} INFO - [2023-12-23T16:05:10.108+0000] {dag.py:3508} INFO - Setting next_dagrun for consume_dag to 2023-12-23T16:04:00+00:00, run_after=2023-12-23T16:05:00+00:00
[2023-12-23T16:05:10.125+0000] {processor.py:179} INFO - Processing /opt/airflow/dags/consume.py took 0.078 seconds
[2023-12-23T16:05:40.960+0000] {processor.py:157} INFO - Started process (PID=2487) to work on /opt/airflow/dags/consume.py
[2023-12-23T16:05:40.961+0000] {processor.py:826} INFO - Processing file /opt/airflow/dags/consume.py for tasks to queue
[2023-12-23T16:05:40.962+0000] {logging_mixin.py:150} INFO - [2023-12-23T16:05:40.962+0000] {dagbag.py:541} INFO - Filling up the DagBag from /opt/airflow/dags/consume.py
[2023-12-23T16:05:40.975+0000] {processor.py:836} INFO - DAG(s) dict_keys(['consume_dag']) retrieved from /opt/airflow/dags/consume.py
[2023-12-23T16:05:41.000+0000] {logging_mixin.py:150} INFO - [2023-12-23T16:05:41.000+0000] {dag.py:2742} INFO - Sync 1 DAGs
[2023-12-23T16:05:41.021+0000] {logging_mixin.py:150} INFO - [2023-12-23T16:05:41.021+0000] {dag.py:3508} INFO - Setting next_dagrun for consume_dag to 2023-12-23T16:04:00+00:00, run_after=2023-12-23T16:05:00+00:00
[2023-12-23T16:05:41.036+0000] {processor.py:179} INFO - Processing /opt/airflow/dags/consume.py took 0.078 seconds
[2023-12-23T16:06:11.942+0000] {processor.py:157} INFO - Started process (PID=2594) to work on /opt/airflow/dags/consume.py
[2023-12-23T16:06:11.943+0000] {processor.py:826} INFO - Processing file /opt/airflow/dags/consume.py for tasks to queue
[2023-12-23T16:06:11.944+0000] {logging_mixin.py:150} INFO - [2023-12-23T16:06:11.944+0000] {dagbag.py:541} INFO - Filling up the DagBag from /opt/airflow/dags/consume.py
[2023-12-23T16:06:11.956+0000] {processor.py:836} INFO - DAG(s) dict_keys(['consume_dag']) retrieved from /opt/airflow/dags/consume.py
[2023-12-23T16:06:11.979+0000] {logging_mixin.py:150} INFO - [2023-12-23T16:06:11.979+0000] {dag.py:2742} INFO - Sync 1 DAGs
[2023-12-23T16:06:11.999+0000] {logging_mixin.py:150} INFO - [2023-12-23T16:06:11.999+0000] {dag.py:3508} INFO - Setting next_dagrun for consume_dag to 2023-12-23T16:05:00+00:00, run_after=2023-12-23T16:06:00+00:00
[2023-12-23T16:06:12.014+0000] {processor.py:179} INFO - Processing /opt/airflow/dags/consume.py took 0.074 seconds
[2023-12-23T16:06:42.160+0000] {processor.py:157} INFO - Started process (PID=2710) to work on /opt/airflow/dags/consume.py
[2023-12-23T16:06:42.162+0000] {processor.py:826} INFO - Processing file /opt/airflow/dags/consume.py for tasks to queue
[2023-12-23T16:06:42.163+0000] {logging_mixin.py:150} INFO - [2023-12-23T16:06:42.163+0000] {dagbag.py:541} INFO - Filling up the DagBag from /opt/airflow/dags/consume.py
[2023-12-23T16:06:42.174+0000] {processor.py:836} INFO - DAG(s) dict_keys(['consume_dag']) retrieved from /opt/airflow/dags/consume.py
[2023-12-23T16:06:42.195+0000] {logging_mixin.py:150} INFO - [2023-12-23T16:06:42.195+0000] {dag.py:2742} INFO - Sync 1 DAGs
[2023-12-23T16:06:42.214+0000] {logging_mixin.py:150} INFO - [2023-12-23T16:06:42.214+0000] {dag.py:3508} INFO - Setting next_dagrun for consume_dag to 2023-12-23T16:05:00+00:00, run_after=2023-12-23T16:06:00+00:00
[2023-12-23T16:06:42.229+0000] {processor.py:179} INFO - Processing /opt/airflow/dags/consume.py took 0.073 seconds
[2023-12-23T16:07:13.161+0000] {processor.py:157} INFO - Started process (PID=2826) to work on /opt/airflow/dags/consume.py
[2023-12-23T16:07:13.162+0000] {processor.py:826} INFO - Processing file /opt/airflow/dags/consume.py for tasks to queue
[2023-12-23T16:07:13.162+0000] {logging_mixin.py:150} INFO - [2023-12-23T16:07:13.162+0000] {dagbag.py:541} INFO - Filling up the DagBag from /opt/airflow/dags/consume.py
[2023-12-23T16:07:13.180+0000] {processor.py:836} INFO - DAG(s) dict_keys(['consume_dag']) retrieved from /opt/airflow/dags/consume.py
[2023-12-23T16:07:13.201+0000] {logging_mixin.py:150} INFO - [2023-12-23T16:07:13.200+0000] {dag.py:2742} INFO - Sync 1 DAGs
[2023-12-23T16:07:13.219+0000] {logging_mixin.py:150} INFO - [2023-12-23T16:07:13.219+0000] {dag.py:3508} INFO - Setting next_dagrun for consume_dag to 2023-12-23T16:06:00+00:00, run_after=2023-12-23T16:07:00+00:00
[2023-12-23T16:07:13.237+0000] {processor.py:179} INFO - Processing /opt/airflow/dags/consume.py took 0.079 seconds
[2023-12-23T16:07:44.116+0000] {processor.py:157} INFO - Started process (PID=2933) to work on /opt/airflow/dags/consume.py
[2023-12-23T16:07:44.119+0000] {processor.py:826} INFO - Processing file /opt/airflow/dags/consume.py for tasks to queue
[2023-12-23T16:07:44.119+0000] {logging_mixin.py:150} INFO - [2023-12-23T16:07:44.119+0000] {dagbag.py:541} INFO - Filling up the DagBag from /opt/airflow/dags/consume.py
[2023-12-23T16:07:44.131+0000] {processor.py:836} INFO - DAG(s) dict_keys(['consume_dag']) retrieved from /opt/airflow/dags/consume.py
[2023-12-23T16:07:44.154+0000] {logging_mixin.py:150} INFO - [2023-12-23T16:07:44.153+0000] {dag.py:2742} INFO - Sync 1 DAGs
[2023-12-23T16:07:44.171+0000] {logging_mixin.py:150} INFO - [2023-12-23T16:07:44.171+0000] {dag.py:3508} INFO - Setting next_dagrun for consume_dag to 2023-12-23T16:06:00+00:00, run_after=2023-12-23T16:07:00+00:00
[2023-12-23T16:07:44.186+0000] {processor.py:179} INFO - Processing /opt/airflow/dags/consume.py took 0.074 seconds
[2023-12-23T16:08:14.482+0000] {processor.py:157} INFO - Started process (PID=3049) to work on /opt/airflow/dags/consume.py
[2023-12-23T16:08:14.483+0000] {processor.py:826} INFO - Processing file /opt/airflow/dags/consume.py for tasks to queue
[2023-12-23T16:08:14.483+0000] {logging_mixin.py:150} INFO - [2023-12-23T16:08:14.483+0000] {dagbag.py:541} INFO - Filling up the DagBag from /opt/airflow/dags/consume.py
[2023-12-23T16:08:14.496+0000] {processor.py:836} INFO - DAG(s) dict_keys(['consume_dag']) retrieved from /opt/airflow/dags/consume.py
[2023-12-23T16:08:14.519+0000] {logging_mixin.py:150} INFO - [2023-12-23T16:08:14.519+0000] {dag.py:2742} INFO - Sync 1 DAGs
[2023-12-23T16:08:14.540+0000] {logging_mixin.py:150} INFO - [2023-12-23T16:08:14.540+0000] {dag.py:3508} INFO - Setting next_dagrun for consume_dag to 2023-12-23T16:07:00+00:00, run_after=2023-12-23T16:08:00+00:00
[2023-12-23T16:08:14.555+0000] {processor.py:179} INFO - Processing /opt/airflow/dags/consume.py took 0.075 seconds
[2023-12-23T16:08:44.672+0000] {processor.py:157} INFO - Started process (PID=3166) to work on /opt/airflow/dags/consume.py
[2023-12-23T16:08:44.678+0000] {processor.py:826} INFO - Processing file /opt/airflow/dags/consume.py for tasks to queue
[2023-12-23T16:08:44.678+0000] {logging_mixin.py:150} INFO - [2023-12-23T16:08:44.678+0000] {dagbag.py:541} INFO - Filling up the DagBag from /opt/airflow/dags/consume.py
[2023-12-23T16:08:44.690+0000] {processor.py:836} INFO - DAG(s) dict_keys(['consume_dag']) retrieved from /opt/airflow/dags/consume.py
[2023-12-23T16:08:44.712+0000] {logging_mixin.py:150} INFO - [2023-12-23T16:08:44.712+0000] {dag.py:2742} INFO - Sync 1 DAGs
[2023-12-23T16:08:44.732+0000] {logging_mixin.py:150} INFO - [2023-12-23T16:08:44.732+0000] {dag.py:3508} INFO - Setting next_dagrun for consume_dag to 2023-12-23T16:07:00+00:00, run_after=2023-12-23T16:08:00+00:00
[2023-12-23T16:08:44.748+0000] {processor.py:179} INFO - Processing /opt/airflow/dags/consume.py took 0.079 seconds
[2023-12-23T16:09:15.005+0000] {processor.py:157} INFO - Started process (PID=3273) to work on /opt/airflow/dags/consume.py
[2023-12-23T16:09:15.006+0000] {processor.py:826} INFO - Processing file /opt/airflow/dags/consume.py for tasks to queue
[2023-12-23T16:09:15.006+0000] {logging_mixin.py:150} INFO - [2023-12-23T16:09:15.006+0000] {dagbag.py:541} INFO - Filling up the DagBag from /opt/airflow/dags/consume.py
[2023-12-23T16:09:15.017+0000] {processor.py:836} INFO - DAG(s) dict_keys(['consume_dag']) retrieved from /opt/airflow/dags/consume.py
[2023-12-23T16:09:15.039+0000] {logging_mixin.py:150} INFO - [2023-12-23T16:09:15.039+0000] {dag.py:2742} INFO - Sync 1 DAGs
[2023-12-23T16:09:15.057+0000] {logging_mixin.py:150} INFO - [2023-12-23T16:09:15.057+0000] {dag.py:3508} INFO - Setting next_dagrun for consume_dag to 2023-12-23T16:08:00+00:00, run_after=2023-12-23T16:09:00+00:00
[2023-12-23T16:09:15.073+0000] {processor.py:179} INFO - Processing /opt/airflow/dags/consume.py took 0.072 seconds
[2023-12-23T16:09:45.505+0000] {processor.py:157} INFO - Started process (PID=3389) to work on /opt/airflow/dags/consume.py
[2023-12-23T16:09:45.508+0000] {processor.py:826} INFO - Processing file /opt/airflow/dags/consume.py for tasks to queue
[2023-12-23T16:09:45.508+0000] {logging_mixin.py:150} INFO - [2023-12-23T16:09:45.508+0000] {dagbag.py:541} INFO - Filling up the DagBag from /opt/airflow/dags/consume.py
[2023-12-23T16:09:45.525+0000] {processor.py:836} INFO - DAG(s) dict_keys(['consume_dag']) retrieved from /opt/airflow/dags/consume.py
[2023-12-23T16:09:45.548+0000] {logging_mixin.py:150} INFO - [2023-12-23T16:09:45.548+0000] {dag.py:2742} INFO - Sync 1 DAGs
[2023-12-23T16:09:45.566+0000] {logging_mixin.py:150} INFO - [2023-12-23T16:09:45.565+0000] {dag.py:3508} INFO - Setting next_dagrun for consume_dag to 2023-12-23T16:08:00+00:00, run_after=2023-12-23T16:09:00+00:00
[2023-12-23T16:09:45.580+0000] {processor.py:179} INFO - Processing /opt/airflow/dags/consume.py took 0.078 seconds
[2023-12-23T16:10:16.162+0000] {processor.py:157} INFO - Started process (PID=3506) to work on /opt/airflow/dags/consume.py
[2023-12-23T16:10:16.163+0000] {processor.py:826} INFO - Processing file /opt/airflow/dags/consume.py for tasks to queue
[2023-12-23T16:10:16.164+0000] {logging_mixin.py:150} INFO - [2023-12-23T16:10:16.163+0000] {dagbag.py:541} INFO - Filling up the DagBag from /opt/airflow/dags/consume.py
[2023-12-23T16:10:16.179+0000] {processor.py:836} INFO - DAG(s) dict_keys(['consume_dag']) retrieved from /opt/airflow/dags/consume.py
[2023-12-23T16:10:16.210+0000] {logging_mixin.py:150} INFO - [2023-12-23T16:10:16.210+0000] {dag.py:2742} INFO - Sync 1 DAGs
[2023-12-23T16:10:16.235+0000] {logging_mixin.py:150} INFO - [2023-12-23T16:10:16.234+0000] {dag.py:3508} INFO - Setting next_dagrun for consume_dag to 2023-12-23T16:09:00+00:00, run_after=2023-12-23T16:10:00+00:00
[2023-12-23T16:10:16.255+0000] {processor.py:179} INFO - Processing /opt/airflow/dags/consume.py took 0.098 seconds
[2023-12-23T16:10:46.285+0000] {processor.py:157} INFO - Started process (PID=3616) to work on /opt/airflow/dags/consume.py
[2023-12-23T16:10:46.289+0000] {processor.py:826} INFO - Processing file /opt/airflow/dags/consume.py for tasks to queue
[2023-12-23T16:10:46.289+0000] {logging_mixin.py:150} INFO - [2023-12-23T16:10:46.289+0000] {dagbag.py:541} INFO - Filling up the DagBag from /opt/airflow/dags/consume.py
[2023-12-23T16:10:46.301+0000] {processor.py:836} INFO - DAG(s) dict_keys(['consume_dag']) retrieved from /opt/airflow/dags/consume.py
[2023-12-23T16:10:46.322+0000] {logging_mixin.py:150} INFO - [2023-12-23T16:10:46.322+0000] {dag.py:2742} INFO - Sync 1 DAGs
[2023-12-23T16:10:46.343+0000] {logging_mixin.py:150} INFO - [2023-12-23T16:10:46.343+0000] {dag.py:3508} INFO - Setting next_dagrun for consume_dag to 2023-12-23T16:09:00+00:00, run_after=2023-12-23T16:10:00+00:00
[2023-12-23T16:10:46.366+0000] {processor.py:179} INFO - Processing /opt/airflow/dags/consume.py took 0.083 seconds
[2023-12-23T16:11:16.668+0000] {processor.py:157} INFO - Started process (PID=3734) to work on /opt/airflow/dags/consume.py
[2023-12-23T16:11:16.668+0000] {processor.py:826} INFO - Processing file /opt/airflow/dags/consume.py for tasks to queue
[2023-12-23T16:11:16.669+0000] {logging_mixin.py:150} INFO - [2023-12-23T16:11:16.669+0000] {dagbag.py:541} INFO - Filling up the DagBag from /opt/airflow/dags/consume.py
[2023-12-23T16:11:16.680+0000] {processor.py:836} INFO - DAG(s) dict_keys(['consume_dag']) retrieved from /opt/airflow/dags/consume.py
[2023-12-23T16:11:16.701+0000] {logging_mixin.py:150} INFO - [2023-12-23T16:11:16.701+0000] {dag.py:2742} INFO - Sync 1 DAGs
[2023-12-23T16:11:16.719+0000] {logging_mixin.py:150} INFO - [2023-12-23T16:11:16.719+0000] {dag.py:3508} INFO - Setting next_dagrun for consume_dag to 2023-12-23T16:10:00+00:00, run_after=2023-12-23T16:11:00+00:00
[2023-12-23T16:11:16.733+0000] {processor.py:179} INFO - Processing /opt/airflow/dags/consume.py took 0.068 seconds
[2023-12-23T16:11:47.184+0000] {processor.py:157} INFO - Started process (PID=3820) to work on /opt/airflow/dags/consume.py
[2023-12-23T16:11:47.186+0000] {processor.py:826} INFO - Processing file /opt/airflow/dags/consume.py for tasks to queue
[2023-12-23T16:11:47.187+0000] {logging_mixin.py:150} INFO - [2023-12-23T16:11:47.187+0000] {dagbag.py:541} INFO - Filling up the DagBag from /opt/airflow/dags/consume.py
[2023-12-23T16:11:47.201+0000] {processor.py:836} INFO - DAG(s) dict_keys(['consume_dag']) retrieved from /opt/airflow/dags/consume.py
[2023-12-23T16:11:47.246+0000] {logging_mixin.py:150} INFO - [2023-12-23T16:11:47.246+0000] {dag.py:2742} INFO - Sync 1 DAGs
[2023-12-23T16:11:47.274+0000] {logging_mixin.py:150} INFO - [2023-12-23T16:11:47.274+0000] {dag.py:3508} INFO - Setting next_dagrun for consume_dag to 2023-12-23T16:10:00+00:00, run_after=2023-12-23T16:11:00+00:00
[2023-12-23T16:11:47.297+0000] {processor.py:179} INFO - Processing /opt/airflow/dags/consume.py took 0.116 seconds
[2023-12-23T16:12:17.968+0000] {processor.py:157} INFO - Started process (PID=3936) to work on /opt/airflow/dags/consume.py
[2023-12-23T16:12:17.970+0000] {processor.py:826} INFO - Processing file /opt/airflow/dags/consume.py for tasks to queue
[2023-12-23T16:12:17.972+0000] {logging_mixin.py:150} INFO - [2023-12-23T16:12:17.971+0000] {dagbag.py:541} INFO - Filling up the DagBag from /opt/airflow/dags/consume.py
[2023-12-23T16:12:17.987+0000] {processor.py:836} INFO - DAG(s) dict_keys(['consume_dag']) retrieved from /opt/airflow/dags/consume.py
[2023-12-23T16:12:18.010+0000] {logging_mixin.py:150} INFO - [2023-12-23T16:12:18.010+0000] {dag.py:2742} INFO - Sync 1 DAGs
[2023-12-23T16:12:18.033+0000] {logging_mixin.py:150} INFO - [2023-12-23T16:12:18.033+0000] {dag.py:3508} INFO - Setting next_dagrun for consume_dag to 2023-12-23T16:11:00+00:00, run_after=2023-12-23T16:12:00+00:00
[2023-12-23T16:12:18.052+0000] {processor.py:179} INFO - Processing /opt/airflow/dags/consume.py took 0.088 seconds
[2023-12-23T16:12:48.865+0000] {processor.py:157} INFO - Started process (PID=4031) to work on /opt/airflow/dags/consume.py
[2023-12-23T16:12:48.867+0000] {processor.py:826} INFO - Processing file /opt/airflow/dags/consume.py for tasks to queue
[2023-12-23T16:12:48.868+0000] {logging_mixin.py:150} INFO - [2023-12-23T16:12:48.868+0000] {dagbag.py:541} INFO - Filling up the DagBag from /opt/airflow/dags/consume.py
[2023-12-23T16:12:48.887+0000] {processor.py:836} INFO - DAG(s) dict_keys(['consume_dag']) retrieved from /opt/airflow/dags/consume.py
[2023-12-23T16:12:48.931+0000] {logging_mixin.py:150} INFO - [2023-12-23T16:12:48.931+0000] {dag.py:2742} INFO - Sync 1 DAGs
[2023-12-23T16:12:48.960+0000] {logging_mixin.py:150} INFO - [2023-12-23T16:12:48.960+0000] {dag.py:3508} INFO - Setting next_dagrun for consume_dag to 2023-12-23T16:11:00+00:00, run_after=2023-12-23T16:12:00+00:00
[2023-12-23T16:12:48.986+0000] {processor.py:179} INFO - Processing /opt/airflow/dags/consume.py took 0.125 seconds
[2023-12-23T16:13:19.549+0000] {processor.py:157} INFO - Started process (PID=4138) to work on /opt/airflow/dags/consume.py
[2023-12-23T16:13:19.551+0000] {processor.py:826} INFO - Processing file /opt/airflow/dags/consume.py for tasks to queue
[2023-12-23T16:13:19.552+0000] {logging_mixin.py:150} INFO - [2023-12-23T16:13:19.551+0000] {dagbag.py:541} INFO - Filling up the DagBag from /opt/airflow/dags/consume.py
[2023-12-23T16:13:19.564+0000] {processor.py:836} INFO - DAG(s) dict_keys(['consume_dag']) retrieved from /opt/airflow/dags/consume.py
[2023-12-23T16:13:19.586+0000] {logging_mixin.py:150} INFO - [2023-12-23T16:13:19.586+0000] {dag.py:2742} INFO - Sync 1 DAGs
[2023-12-23T16:13:19.605+0000] {logging_mixin.py:150} INFO - [2023-12-23T16:13:19.605+0000] {dag.py:3508} INFO - Setting next_dagrun for consume_dag to 2023-12-23T16:12:00+00:00, run_after=2023-12-23T16:13:00+00:00
[2023-12-23T16:13:19.624+0000] {processor.py:179} INFO - Processing /opt/airflow/dags/consume.py took 0.078 seconds
[2023-12-23T16:13:50.312+0000] {processor.py:157} INFO - Started process (PID=4254) to work on /opt/airflow/dags/consume.py
[2023-12-23T16:13:50.313+0000] {processor.py:826} INFO - Processing file /opt/airflow/dags/consume.py for tasks to queue
[2023-12-23T16:13:50.313+0000] {logging_mixin.py:150} INFO - [2023-12-23T16:13:50.313+0000] {dagbag.py:541} INFO - Filling up the DagBag from /opt/airflow/dags/consume.py
[2023-12-23T16:13:50.327+0000] {processor.py:836} INFO - DAG(s) dict_keys(['consume_dag']) retrieved from /opt/airflow/dags/consume.py
[2023-12-23T16:13:50.349+0000] {logging_mixin.py:150} INFO - [2023-12-23T16:13:50.349+0000] {dag.py:2742} INFO - Sync 1 DAGs
[2023-12-23T16:13:50.369+0000] {logging_mixin.py:150} INFO - [2023-12-23T16:13:50.369+0000] {dag.py:3508} INFO - Setting next_dagrun for consume_dag to 2023-12-23T16:12:00+00:00, run_after=2023-12-23T16:13:00+00:00
[2023-12-23T16:13:50.383+0000] {processor.py:179} INFO - Processing /opt/airflow/dags/consume.py took 0.075 seconds
[2023-12-23T16:14:20.946+0000] {processor.py:157} INFO - Started process (PID=4372) to work on /opt/airflow/dags/consume.py
[2023-12-23T16:14:20.947+0000] {processor.py:826} INFO - Processing file /opt/airflow/dags/consume.py for tasks to queue
[2023-12-23T16:14:20.947+0000] {logging_mixin.py:150} INFO - [2023-12-23T16:14:20.947+0000] {dagbag.py:541} INFO - Filling up the DagBag from /opt/airflow/dags/consume.py
[2023-12-23T16:14:20.960+0000] {processor.py:836} INFO - DAG(s) dict_keys(['consume_dag']) retrieved from /opt/airflow/dags/consume.py
[2023-12-23T16:14:20.987+0000] {logging_mixin.py:150} INFO - [2023-12-23T16:14:20.987+0000] {dag.py:2742} INFO - Sync 1 DAGs
[2023-12-23T16:14:21.006+0000] {logging_mixin.py:150} INFO - [2023-12-23T16:14:21.006+0000] {dag.py:3508} INFO - Setting next_dagrun for consume_dag to 2023-12-23T16:13:00+00:00, run_after=2023-12-23T16:14:00+00:00
[2023-12-23T16:14:21.019+0000] {processor.py:179} INFO - Processing /opt/airflow/dags/consume.py took 0.075 seconds
[2023-12-23T16:14:51.823+0000] {processor.py:157} INFO - Started process (PID=4479) to work on /opt/airflow/dags/consume.py
[2023-12-23T16:14:51.825+0000] {processor.py:826} INFO - Processing file /opt/airflow/dags/consume.py for tasks to queue
[2023-12-23T16:14:51.826+0000] {logging_mixin.py:150} INFO - [2023-12-23T16:14:51.826+0000] {dagbag.py:541} INFO - Filling up the DagBag from /opt/airflow/dags/consume.py
[2023-12-23T16:14:51.838+0000] {processor.py:836} INFO - DAG(s) dict_keys(['consume_dag']) retrieved from /opt/airflow/dags/consume.py
[2023-12-23T16:14:51.859+0000] {logging_mixin.py:150} INFO - [2023-12-23T16:14:51.859+0000] {dag.py:2742} INFO - Sync 1 DAGs
[2023-12-23T16:14:51.877+0000] {logging_mixin.py:150} INFO - [2023-12-23T16:14:51.877+0000] {dag.py:3508} INFO - Setting next_dagrun for consume_dag to 2023-12-23T16:13:00+00:00, run_after=2023-12-23T16:14:00+00:00
[2023-12-23T16:14:51.890+0000] {processor.py:179} INFO - Processing /opt/airflow/dags/consume.py took 0.069 seconds
[2023-12-23T16:15:22.287+0000] {processor.py:157} INFO - Started process (PID=4595) to work on /opt/airflow/dags/consume.py
[2023-12-23T16:15:22.288+0000] {processor.py:826} INFO - Processing file /opt/airflow/dags/consume.py for tasks to queue
[2023-12-23T16:15:22.288+0000] {logging_mixin.py:150} INFO - [2023-12-23T16:15:22.288+0000] {dagbag.py:541} INFO - Filling up the DagBag from /opt/airflow/dags/consume.py
[2023-12-23T16:15:22.300+0000] {processor.py:836} INFO - DAG(s) dict_keys(['consume_dag']) retrieved from /opt/airflow/dags/consume.py
[2023-12-23T16:15:22.320+0000] {logging_mixin.py:150} INFO - [2023-12-23T16:15:22.320+0000] {dag.py:2742} INFO - Sync 1 DAGs
[2023-12-23T16:15:22.339+0000] {logging_mixin.py:150} INFO - [2023-12-23T16:15:22.339+0000] {dag.py:3508} INFO - Setting next_dagrun for consume_dag to 2023-12-23T16:14:00+00:00, run_after=2023-12-23T16:15:00+00:00
[2023-12-23T16:15:22.364+0000] {processor.py:179} INFO - Processing /opt/airflow/dags/consume.py took 0.079 seconds
[2023-12-23T16:15:52.663+0000] {processor.py:157} INFO - Started process (PID=4710) to work on /opt/airflow/dags/consume.py
[2023-12-23T16:15:52.665+0000] {processor.py:826} INFO - Processing file /opt/airflow/dags/consume.py for tasks to queue
[2023-12-23T16:15:52.666+0000] {logging_mixin.py:150} INFO - [2023-12-23T16:15:52.665+0000] {dagbag.py:541} INFO - Filling up the DagBag from /opt/airflow/dags/consume.py
[2023-12-23T16:15:52.678+0000] {processor.py:836} INFO - DAG(s) dict_keys(['consume_dag']) retrieved from /opt/airflow/dags/consume.py
[2023-12-23T16:15:52.700+0000] {logging_mixin.py:150} INFO - [2023-12-23T16:15:52.700+0000] {dag.py:2742} INFO - Sync 1 DAGs
[2023-12-23T16:15:52.720+0000] {logging_mixin.py:150} INFO - [2023-12-23T16:15:52.719+0000] {dag.py:3508} INFO - Setting next_dagrun for consume_dag to 2023-12-23T16:14:00+00:00, run_after=2023-12-23T16:15:00+00:00
[2023-12-23T16:15:52.737+0000] {processor.py:179} INFO - Processing /opt/airflow/dags/consume.py took 0.077 seconds
[2023-12-23T16:16:23.043+0000] {processor.py:157} INFO - Started process (PID=4818) to work on /opt/airflow/dags/consume.py
[2023-12-23T16:16:23.044+0000] {processor.py:826} INFO - Processing file /opt/airflow/dags/consume.py for tasks to queue
[2023-12-23T16:16:23.045+0000] {logging_mixin.py:150} INFO - [2023-12-23T16:16:23.045+0000] {dagbag.py:541} INFO - Filling up the DagBag from /opt/airflow/dags/consume.py
[2023-12-23T16:16:23.062+0000] {processor.py:836} INFO - DAG(s) dict_keys(['consume_dag']) retrieved from /opt/airflow/dags/consume.py
[2023-12-23T16:16:23.085+0000] {logging_mixin.py:150} INFO - [2023-12-23T16:16:23.085+0000] {dag.py:2742} INFO - Sync 1 DAGs
[2023-12-23T16:16:23.102+0000] {logging_mixin.py:150} INFO - [2023-12-23T16:16:23.102+0000] {dag.py:3508} INFO - Setting next_dagrun for consume_dag to 2023-12-23T16:15:00+00:00, run_after=2023-12-23T16:16:00+00:00
[2023-12-23T16:16:23.115+0000] {processor.py:179} INFO - Processing /opt/airflow/dags/consume.py took 0.075 seconds
[2023-12-23T16:16:53.366+0000] {processor.py:157} INFO - Started process (PID=4934) to work on /opt/airflow/dags/consume.py
[2023-12-23T16:16:53.367+0000] {processor.py:826} INFO - Processing file /opt/airflow/dags/consume.py for tasks to queue
[2023-12-23T16:16:53.368+0000] {logging_mixin.py:150} INFO - [2023-12-23T16:16:53.367+0000] {dagbag.py:541} INFO - Filling up the DagBag from /opt/airflow/dags/consume.py
[2023-12-23T16:16:53.380+0000] {processor.py:836} INFO - DAG(s) dict_keys(['consume_dag']) retrieved from /opt/airflow/dags/consume.py
[2023-12-23T16:16:53.402+0000] {logging_mixin.py:150} INFO - [2023-12-23T16:16:53.402+0000] {dag.py:2742} INFO - Sync 1 DAGs
[2023-12-23T16:16:53.422+0000] {logging_mixin.py:150} INFO - [2023-12-23T16:16:53.422+0000] {dag.py:3508} INFO - Setting next_dagrun for consume_dag to 2023-12-23T16:15:00+00:00, run_after=2023-12-23T16:16:00+00:00
[2023-12-23T16:16:53.436+0000] {processor.py:179} INFO - Processing /opt/airflow/dags/consume.py took 0.072 seconds
[2023-12-23T16:17:23.782+0000] {processor.py:157} INFO - Started process (PID=5041) to work on /opt/airflow/dags/consume.py
[2023-12-23T16:17:23.783+0000] {processor.py:826} INFO - Processing file /opt/airflow/dags/consume.py for tasks to queue
[2023-12-23T16:17:23.784+0000] {logging_mixin.py:150} INFO - [2023-12-23T16:17:23.784+0000] {dagbag.py:541} INFO - Filling up the DagBag from /opt/airflow/dags/consume.py
[2023-12-23T16:17:23.798+0000] {processor.py:836} INFO - DAG(s) dict_keys(['consume_dag']) retrieved from /opt/airflow/dags/consume.py
[2023-12-23T16:17:23.821+0000] {logging_mixin.py:150} INFO - [2023-12-23T16:17:23.821+0000] {dag.py:2742} INFO - Sync 1 DAGs
[2023-12-23T16:17:23.840+0000] {logging_mixin.py:150} INFO - [2023-12-23T16:17:23.840+0000] {dag.py:3508} INFO - Setting next_dagrun for consume_dag to 2023-12-23T16:16:00+00:00, run_after=2023-12-23T16:17:00+00:00
[2023-12-23T16:17:23.854+0000] {processor.py:179} INFO - Processing /opt/airflow/dags/consume.py took 0.075 seconds
[2023-12-23T16:17:55.079+0000] {processor.py:157} INFO - Started process (PID=5157) to work on /opt/airflow/dags/consume.py
[2023-12-23T16:17:55.080+0000] {processor.py:826} INFO - Processing file /opt/airflow/dags/consume.py for tasks to queue
[2023-12-23T16:17:55.080+0000] {logging_mixin.py:150} INFO - [2023-12-23T16:17:55.080+0000] {dagbag.py:541} INFO - Filling up the DagBag from /opt/airflow/dags/consume.py
[2023-12-23T16:17:55.092+0000] {processor.py:836} INFO - DAG(s) dict_keys(['consume_dag']) retrieved from /opt/airflow/dags/consume.py
[2023-12-23T16:17:55.113+0000] {logging_mixin.py:150} INFO - [2023-12-23T16:17:55.113+0000] {dag.py:2742} INFO - Sync 1 DAGs
[2023-12-23T16:17:55.132+0000] {logging_mixin.py:150} INFO - [2023-12-23T16:17:55.132+0000] {dag.py:3508} INFO - Setting next_dagrun for consume_dag to 2023-12-23T16:16:00+00:00, run_after=2023-12-23T16:17:00+00:00
[2023-12-23T16:17:55.145+0000] {processor.py:179} INFO - Processing /opt/airflow/dags/consume.py took 0.069 seconds
