[2023-12-23T15:51:14.794+0000] {processor.py:157} INFO - Started process (PID=31) to work on /opt/airflow/dags/produce.py
[2023-12-23T15:51:14.796+0000] {processor.py:826} INFO - Processing file /opt/airflow/dags/produce.py for tasks to queue
[2023-12-23T15:51:14.797+0000] {logging_mixin.py:150} INFO - [2023-12-23T15:51:14.796+0000] {dagbag.py:541} INFO - Filling up the DagBag from /opt/airflow/dags/produce.py
[2023-12-23T15:51:16.073+0000] {processor.py:836} INFO - DAG(s) dict_keys(['produce_dag']) retrieved from /opt/airflow/dags/produce.py
[2023-12-23T15:51:16.152+0000] {logging_mixin.py:150} INFO - [2023-12-23T15:51:16.152+0000] {manager.py:504} INFO - Created Permission View: can delete on DAG:produce_dag
[2023-12-23T15:51:16.160+0000] {logging_mixin.py:150} INFO - [2023-12-23T15:51:16.160+0000] {manager.py:504} INFO - Created Permission View: can edit on DAG:produce_dag
[2023-12-23T15:51:16.165+0000] {logging_mixin.py:150} INFO - [2023-12-23T15:51:16.165+0000] {manager.py:504} INFO - Created Permission View: can read on DAG:produce_dag
[2023-12-23T15:51:16.177+0000] {logging_mixin.py:150} INFO - [2023-12-23T15:51:16.176+0000] {dag.py:2742} INFO - Sync 1 DAGs
[2023-12-23T15:51:16.186+0000] {logging_mixin.py:150} INFO - [2023-12-23T15:51:16.185+0000] {dag.py:2763} INFO - Creating ORM DAG for produce_dag
[2023-12-23T15:51:16.194+0000] {logging_mixin.py:150} INFO - [2023-12-23T15:51:16.194+0000] {dag.py:3508} INFO - Setting next_dagrun for produce_dag to 2021-01-01T00:00:00+00:00, run_after=2021-01-01T00:00:00+00:00
[2023-12-23T15:51:16.211+0000] {processor.py:179} INFO - Processing /opt/airflow/dags/produce.py took 1.419 seconds
[2023-12-23T15:52:06.217+0000] {processor.py:157} INFO - Started process (PID=30) to work on /opt/airflow/dags/produce.py
[2023-12-23T15:52:06.222+0000] {processor.py:826} INFO - Processing file /opt/airflow/dags/produce.py for tasks to queue
[2023-12-23T15:52:06.224+0000] {logging_mixin.py:150} INFO - [2023-12-23T15:52:06.224+0000] {dagbag.py:541} INFO - Filling up the DagBag from /opt/airflow/dags/produce.py
[2023-12-23T15:52:07.026+0000] {processor.py:836} INFO - DAG(s) dict_keys(['produce_dag']) retrieved from /opt/airflow/dags/produce.py
[2023-12-23T15:52:07.215+0000] {logging_mixin.py:150} INFO - [2023-12-23T15:52:07.215+0000] {dag.py:2742} INFO - Sync 1 DAGs
[2023-12-23T15:52:07.234+0000] {logging_mixin.py:150} INFO - [2023-12-23T15:52:07.233+0000] {dag.py:3508} INFO - Setting next_dagrun for produce_dag to 2021-01-01T00:00:00+00:00, run_after=2021-01-01T00:00:00+00:00
[2023-12-23T15:52:07.249+0000] {processor.py:179} INFO - Processing /opt/airflow/dags/produce.py took 1.049 seconds
[2023-12-23T15:52:38.038+0000] {processor.py:157} INFO - Started process (PID=152) to work on /opt/airflow/dags/produce.py
[2023-12-23T15:52:38.046+0000] {processor.py:826} INFO - Processing file /opt/airflow/dags/produce.py for tasks to queue
[2023-12-23T15:52:38.047+0000] {logging_mixin.py:150} INFO - [2023-12-23T15:52:38.047+0000] {dagbag.py:541} INFO - Filling up the DagBag from /opt/airflow/dags/produce.py
[2023-12-23T15:52:38.660+0000] {processor.py:836} INFO - DAG(s) dict_keys(['produce_dag']) retrieved from /opt/airflow/dags/produce.py
[2023-12-23T15:52:38.690+0000] {logging_mixin.py:150} INFO - [2023-12-23T15:52:38.689+0000] {dag.py:2742} INFO - Sync 1 DAGs
[2023-12-23T15:52:38.707+0000] {logging_mixin.py:150} INFO - [2023-12-23T15:52:38.707+0000] {dag.py:3508} INFO - Setting next_dagrun for produce_dag to 2021-01-01T00:00:00+00:00, run_after=2021-01-01T00:00:00+00:00
[2023-12-23T15:52:38.724+0000] {processor.py:179} INFO - Processing /opt/airflow/dags/produce.py took 0.688 seconds
[2023-12-23T15:53:09.547+0000] {processor.py:157} INFO - Started process (PID=259) to work on /opt/airflow/dags/produce.py
[2023-12-23T15:53:09.552+0000] {processor.py:826} INFO - Processing file /opt/airflow/dags/produce.py for tasks to queue
[2023-12-23T15:53:09.553+0000] {logging_mixin.py:150} INFO - [2023-12-23T15:53:09.552+0000] {dagbag.py:541} INFO - Filling up the DagBag from /opt/airflow/dags/produce.py
[2023-12-23T15:53:10.167+0000] {processor.py:836} INFO - DAG(s) dict_keys(['produce_dag']) retrieved from /opt/airflow/dags/produce.py
[2023-12-23T15:53:10.185+0000] {logging_mixin.py:150} INFO - [2023-12-23T15:53:10.184+0000] {dag.py:2742} INFO - Sync 1 DAGs
[2023-12-23T15:53:10.202+0000] {logging_mixin.py:150} INFO - [2023-12-23T15:53:10.201+0000] {dag.py:3508} INFO - Setting next_dagrun for produce_dag to 2021-01-01T00:00:00+00:00, run_after=2021-01-01T00:00:00+00:00
[2023-12-23T15:53:10.215+0000] {processor.py:179} INFO - Processing /opt/airflow/dags/produce.py took 0.671 seconds
[2023-12-23T15:53:40.876+0000] {processor.py:157} INFO - Started process (PID=375) to work on /opt/airflow/dags/produce.py
[2023-12-23T15:53:40.878+0000] {processor.py:826} INFO - Processing file /opt/airflow/dags/produce.py for tasks to queue
[2023-12-23T15:53:40.879+0000] {logging_mixin.py:150} INFO - [2023-12-23T15:53:40.879+0000] {dagbag.py:541} INFO - Filling up the DagBag from /opt/airflow/dags/produce.py
[2023-12-23T15:53:41.429+0000] {processor.py:836} INFO - DAG(s) dict_keys(['produce_dag']) retrieved from /opt/airflow/dags/produce.py
[2023-12-23T15:53:41.446+0000] {logging_mixin.py:150} INFO - [2023-12-23T15:53:41.446+0000] {dag.py:2742} INFO - Sync 1 DAGs
[2023-12-23T15:53:41.463+0000] {logging_mixin.py:150} INFO - [2023-12-23T15:53:41.463+0000] {dag.py:3508} INFO - Setting next_dagrun for produce_dag to 2021-01-01T00:00:00+00:00, run_after=2021-01-01T00:00:00+00:00
[2023-12-23T15:53:41.475+0000] {processor.py:179} INFO - Processing /opt/airflow/dags/produce.py took 0.603 seconds
[2023-12-23T15:54:32.516+0000] {processor.py:157} INFO - Started process (PID=30) to work on /opt/airflow/dags/produce.py
[2023-12-23T15:54:32.517+0000] {processor.py:826} INFO - Processing file /opt/airflow/dags/produce.py for tasks to queue
[2023-12-23T15:54:32.518+0000] {logging_mixin.py:150} INFO - [2023-12-23T15:54:32.518+0000] {dagbag.py:541} INFO - Filling up the DagBag from /opt/airflow/dags/produce.py
[2023-12-23T15:54:33.282+0000] {processor.py:836} INFO - DAG(s) dict_keys(['produce_dag']) retrieved from /opt/airflow/dags/produce.py
[2023-12-23T15:54:33.435+0000] {logging_mixin.py:150} INFO - [2023-12-23T15:54:33.435+0000] {dag.py:2742} INFO - Sync 1 DAGs
[2023-12-23T15:54:33.452+0000] {logging_mixin.py:150} INFO - [2023-12-23T15:54:33.452+0000] {dag.py:3508} INFO - Setting next_dagrun for produce_dag to 2021-01-01T00:00:00+00:00, run_after=2021-01-01T00:00:00+00:00
[2023-12-23T15:54:33.469+0000] {processor.py:179} INFO - Processing /opt/airflow/dags/produce.py took 0.957 seconds
[2023-12-23T15:55:04.178+0000] {processor.py:157} INFO - Started process (PID=148) to work on /opt/airflow/dags/produce.py
[2023-12-23T15:55:04.180+0000] {processor.py:826} INFO - Processing file /opt/airflow/dags/produce.py for tasks to queue
[2023-12-23T15:55:04.181+0000] {logging_mixin.py:150} INFO - [2023-12-23T15:55:04.181+0000] {dagbag.py:541} INFO - Filling up the DagBag from /opt/airflow/dags/produce.py
[2023-12-23T15:55:04.828+0000] {processor.py:836} INFO - DAG(s) dict_keys(['produce_dag']) retrieved from /opt/airflow/dags/produce.py
[2023-12-23T15:55:04.847+0000] {logging_mixin.py:150} INFO - [2023-12-23T15:55:04.846+0000] {dag.py:2742} INFO - Sync 1 DAGs
[2023-12-23T15:55:04.866+0000] {logging_mixin.py:150} INFO - [2023-12-23T15:55:04.865+0000] {dag.py:3508} INFO - Setting next_dagrun for produce_dag to 2021-01-01T00:00:00+00:00, run_after=2021-01-01T00:00:00+00:00
[2023-12-23T15:55:04.879+0000] {processor.py:179} INFO - Processing /opt/airflow/dags/produce.py took 0.705 seconds
[2023-12-23T15:55:35.756+0000] {processor.py:157} INFO - Started process (PID=255) to work on /opt/airflow/dags/produce.py
[2023-12-23T15:55:35.757+0000] {processor.py:826} INFO - Processing file /opt/airflow/dags/produce.py for tasks to queue
[2023-12-23T15:55:35.757+0000] {logging_mixin.py:150} INFO - [2023-12-23T15:55:35.757+0000] {dagbag.py:541} INFO - Filling up the DagBag from /opt/airflow/dags/produce.py
[2023-12-23T15:55:36.428+0000] {processor.py:836} INFO - DAG(s) dict_keys(['produce_dag']) retrieved from /opt/airflow/dags/produce.py
[2023-12-23T15:55:36.454+0000] {logging_mixin.py:150} INFO - [2023-12-23T15:55:36.453+0000] {dag.py:2742} INFO - Sync 1 DAGs
[2023-12-23T15:55:36.480+0000] {logging_mixin.py:150} INFO - [2023-12-23T15:55:36.480+0000] {dag.py:3508} INFO - Setting next_dagrun for produce_dag to 2021-01-01T00:00:00+00:00, run_after=2021-01-01T00:00:00+00:00
[2023-12-23T15:55:36.504+0000] {processor.py:179} INFO - Processing /opt/airflow/dags/produce.py took 0.751 seconds
[2023-12-23T15:56:07.136+0000] {processor.py:157} INFO - Started process (PID=370) to work on /opt/airflow/dags/produce.py
[2023-12-23T15:56:07.137+0000] {processor.py:826} INFO - Processing file /opt/airflow/dags/produce.py for tasks to queue
[2023-12-23T15:56:07.137+0000] {logging_mixin.py:150} INFO - [2023-12-23T15:56:07.137+0000] {dagbag.py:541} INFO - Filling up the DagBag from /opt/airflow/dags/produce.py
[2023-12-23T15:56:07.734+0000] {processor.py:836} INFO - DAG(s) dict_keys(['produce_dag']) retrieved from /opt/airflow/dags/produce.py
[2023-12-23T15:56:07.753+0000] {logging_mixin.py:150} INFO - [2023-12-23T15:56:07.752+0000] {dag.py:2742} INFO - Sync 1 DAGs
[2023-12-23T15:56:07.770+0000] {logging_mixin.py:150} INFO - [2023-12-23T15:56:07.770+0000] {dag.py:3508} INFO - Setting next_dagrun for produce_dag to 2021-01-01T00:00:00+00:00, run_after=2021-01-01T00:00:00+00:00
[2023-12-23T15:56:07.786+0000] {processor.py:179} INFO - Processing /opt/airflow/dags/produce.py took 0.652 seconds
[2023-12-23T15:56:38.527+0000] {processor.py:157} INFO - Started process (PID=486) to work on /opt/airflow/dags/produce.py
[2023-12-23T15:56:38.531+0000] {processor.py:826} INFO - Processing file /opt/airflow/dags/produce.py for tasks to queue
[2023-12-23T15:56:38.531+0000] {logging_mixin.py:150} INFO - [2023-12-23T15:56:38.531+0000] {dagbag.py:541} INFO - Filling up the DagBag from /opt/airflow/dags/produce.py
[2023-12-23T15:56:39.086+0000] {processor.py:836} INFO - DAG(s) dict_keys(['produce_dag']) retrieved from /opt/airflow/dags/produce.py
[2023-12-23T15:56:39.104+0000] {logging_mixin.py:150} INFO - [2023-12-23T15:56:39.103+0000] {dag.py:2742} INFO - Sync 1 DAGs
[2023-12-23T15:56:39.120+0000] {logging_mixin.py:150} INFO - [2023-12-23T15:56:39.120+0000] {dag.py:3508} INFO - Setting next_dagrun for produce_dag to 2021-01-01T00:00:00+00:00, run_after=2021-01-01T00:00:00+00:00
[2023-12-23T15:56:39.134+0000] {processor.py:179} INFO - Processing /opt/airflow/dags/produce.py took 0.611 seconds
[2023-12-23T15:57:09.913+0000] {processor.py:157} INFO - Started process (PID=602) to work on /opt/airflow/dags/produce.py
[2023-12-23T15:57:09.913+0000] {processor.py:826} INFO - Processing file /opt/airflow/dags/produce.py for tasks to queue
[2023-12-23T15:57:09.914+0000] {logging_mixin.py:150} INFO - [2023-12-23T15:57:09.914+0000] {dagbag.py:541} INFO - Filling up the DagBag from /opt/airflow/dags/produce.py
[2023-12-23T15:57:10.772+0000] {processor.py:836} INFO - DAG(s) dict_keys(['produce_dag']) retrieved from /opt/airflow/dags/produce.py
[2023-12-23T15:57:10.798+0000] {logging_mixin.py:150} INFO - [2023-12-23T15:57:10.797+0000] {dag.py:2742} INFO - Sync 1 DAGs
[2023-12-23T15:57:10.821+0000] {logging_mixin.py:150} INFO - [2023-12-23T15:57:10.820+0000] {dag.py:3508} INFO - Setting next_dagrun for produce_dag to 2021-01-01T00:00:00+00:00, run_after=2021-01-01T00:00:00+00:00
[2023-12-23T15:57:10.843+0000] {processor.py:179} INFO - Processing /opt/airflow/dags/produce.py took 0.934 seconds
[2023-12-23T15:57:41.422+0000] {processor.py:157} INFO - Started process (PID=710) to work on /opt/airflow/dags/produce.py
[2023-12-23T15:57:41.427+0000] {processor.py:826} INFO - Processing file /opt/airflow/dags/produce.py for tasks to queue
[2023-12-23T15:57:41.428+0000] {logging_mixin.py:150} INFO - [2023-12-23T15:57:41.428+0000] {dagbag.py:541} INFO - Filling up the DagBag from /opt/airflow/dags/produce.py
[2023-12-23T15:57:42.015+0000] {processor.py:836} INFO - DAG(s) dict_keys(['produce_dag']) retrieved from /opt/airflow/dags/produce.py
[2023-12-23T15:57:42.034+0000] {logging_mixin.py:150} INFO - [2023-12-23T15:57:42.033+0000] {dag.py:2742} INFO - Sync 1 DAGs
[2023-12-23T15:57:42.050+0000] {logging_mixin.py:150} INFO - [2023-12-23T15:57:42.050+0000] {dag.py:3508} INFO - Setting next_dagrun for produce_dag to 2021-01-01T00:00:00+00:00, run_after=2021-01-01T00:00:00+00:00
[2023-12-23T15:57:42.065+0000] {processor.py:179} INFO - Processing /opt/airflow/dags/produce.py took 0.647 seconds
[2023-12-23T15:58:12.760+0000] {processor.py:157} INFO - Started process (PID=826) to work on /opt/airflow/dags/produce.py
[2023-12-23T15:58:12.761+0000] {processor.py:826} INFO - Processing file /opt/airflow/dags/produce.py for tasks to queue
[2023-12-23T15:58:12.761+0000] {logging_mixin.py:150} INFO - [2023-12-23T15:58:12.761+0000] {dagbag.py:541} INFO - Filling up the DagBag from /opt/airflow/dags/produce.py
[2023-12-23T15:58:13.349+0000] {processor.py:836} INFO - DAG(s) dict_keys(['produce_dag']) retrieved from /opt/airflow/dags/produce.py
[2023-12-23T15:58:13.364+0000] {logging_mixin.py:150} INFO - [2023-12-23T15:58:13.364+0000] {dag.py:2742} INFO - Sync 1 DAGs
[2023-12-23T15:58:13.380+0000] {logging_mixin.py:150} INFO - [2023-12-23T15:58:13.380+0000] {dag.py:3508} INFO - Setting next_dagrun for produce_dag to 2021-01-01T00:00:00+00:00, run_after=2021-01-01T00:00:00+00:00
[2023-12-23T15:58:13.394+0000] {processor.py:179} INFO - Processing /opt/airflow/dags/produce.py took 0.637 seconds
[2023-12-23T15:58:44.132+0000] {processor.py:157} INFO - Started process (PID=942) to work on /opt/airflow/dags/produce.py
[2023-12-23T15:58:44.134+0000] {processor.py:826} INFO - Processing file /opt/airflow/dags/produce.py for tasks to queue
[2023-12-23T15:58:44.135+0000] {logging_mixin.py:150} INFO - [2023-12-23T15:58:44.134+0000] {dagbag.py:541} INFO - Filling up the DagBag from /opt/airflow/dags/produce.py
[2023-12-23T15:58:44.701+0000] {processor.py:836} INFO - DAG(s) dict_keys(['produce_dag']) retrieved from /opt/airflow/dags/produce.py
[2023-12-23T15:58:44.719+0000] {logging_mixin.py:150} INFO - [2023-12-23T15:58:44.719+0000] {dag.py:2742} INFO - Sync 1 DAGs
[2023-12-23T15:58:44.735+0000] {logging_mixin.py:150} INFO - [2023-12-23T15:58:44.734+0000] {dag.py:3508} INFO - Setting next_dagrun for produce_dag to 2021-01-01T00:00:00+00:00, run_after=2021-01-01T00:00:00+00:00
[2023-12-23T15:58:44.748+0000] {processor.py:179} INFO - Processing /opt/airflow/dags/produce.py took 0.619 seconds
[2023-12-23T15:59:15.570+0000] {processor.py:157} INFO - Started process (PID=1050) to work on /opt/airflow/dags/produce.py
[2023-12-23T15:59:15.576+0000] {processor.py:826} INFO - Processing file /opt/airflow/dags/produce.py for tasks to queue
[2023-12-23T15:59:15.577+0000] {logging_mixin.py:150} INFO - [2023-12-23T15:59:15.577+0000] {dagbag.py:541} INFO - Filling up the DagBag from /opt/airflow/dags/produce.py
[2023-12-23T15:59:16.207+0000] {processor.py:836} INFO - DAG(s) dict_keys(['produce_dag']) retrieved from /opt/airflow/dags/produce.py
[2023-12-23T15:59:16.229+0000] {logging_mixin.py:150} INFO - [2023-12-23T15:59:16.228+0000] {dag.py:2742} INFO - Sync 1 DAGs
[2023-12-23T15:59:16.247+0000] {logging_mixin.py:150} INFO - [2023-12-23T15:59:16.246+0000] {dag.py:3508} INFO - Setting next_dagrun for produce_dag to 2021-01-01T00:00:00+00:00, run_after=2021-01-01T00:00:00+00:00
[2023-12-23T15:59:16.264+0000] {processor.py:179} INFO - Processing /opt/airflow/dags/produce.py took 0.697 seconds
[2023-12-23T15:59:46.783+0000] {processor.py:157} INFO - Started process (PID=1166) to work on /opt/airflow/dags/produce.py
[2023-12-23T15:59:46.784+0000] {processor.py:826} INFO - Processing file /opt/airflow/dags/produce.py for tasks to queue
[2023-12-23T15:59:46.784+0000] {logging_mixin.py:150} INFO - [2023-12-23T15:59:46.784+0000] {dagbag.py:541} INFO - Filling up the DagBag from /opt/airflow/dags/produce.py
[2023-12-23T15:59:47.334+0000] {processor.py:836} INFO - DAG(s) dict_keys(['produce_dag']) retrieved from /opt/airflow/dags/produce.py
[2023-12-23T15:59:47.351+0000] {logging_mixin.py:150} INFO - [2023-12-23T15:59:47.350+0000] {dag.py:2742} INFO - Sync 1 DAGs
[2023-12-23T15:59:47.365+0000] {logging_mixin.py:150} INFO - [2023-12-23T15:59:47.365+0000] {dag.py:3508} INFO - Setting next_dagrun for produce_dag to 2021-01-01T00:00:00+00:00, run_after=2021-01-01T00:00:00+00:00
[2023-12-23T15:59:47.378+0000] {processor.py:179} INFO - Processing /opt/airflow/dags/produce.py took 0.635 seconds
[2023-12-23T16:00:18.153+0000] {processor.py:157} INFO - Started process (PID=1282) to work on /opt/airflow/dags/produce.py
[2023-12-23T16:00:18.156+0000] {processor.py:826} INFO - Processing file /opt/airflow/dags/produce.py for tasks to queue
[2023-12-23T16:00:18.157+0000] {logging_mixin.py:150} INFO - [2023-12-23T16:00:18.156+0000] {dagbag.py:541} INFO - Filling up the DagBag from /opt/airflow/dags/produce.py
[2023-12-23T16:00:18.709+0000] {processor.py:836} INFO - DAG(s) dict_keys(['produce_dag']) retrieved from /opt/airflow/dags/produce.py
[2023-12-23T16:00:18.725+0000] {logging_mixin.py:150} INFO - [2023-12-23T16:00:18.725+0000] {dag.py:2742} INFO - Sync 1 DAGs
[2023-12-23T16:00:18.740+0000] {logging_mixin.py:150} INFO - [2023-12-23T16:00:18.739+0000] {dag.py:3508} INFO - Setting next_dagrun for produce_dag to 2021-01-01T00:00:00+00:00, run_after=2021-01-01T00:00:00+00:00
[2023-12-23T16:00:18.753+0000] {processor.py:179} INFO - Processing /opt/airflow/dags/produce.py took 0.603 seconds
[2023-12-23T16:00:49.565+0000] {processor.py:157} INFO - Started process (PID=1398) to work on /opt/airflow/dags/produce.py
[2023-12-23T16:00:49.567+0000] {processor.py:826} INFO - Processing file /opt/airflow/dags/produce.py for tasks to queue
[2023-12-23T16:00:49.568+0000] {logging_mixin.py:150} INFO - [2023-12-23T16:00:49.567+0000] {dagbag.py:541} INFO - Filling up the DagBag from /opt/airflow/dags/produce.py
[2023-12-23T16:00:50.161+0000] {processor.py:836} INFO - DAG(s) dict_keys(['produce_dag']) retrieved from /opt/airflow/dags/produce.py
[2023-12-23T16:00:50.178+0000] {logging_mixin.py:150} INFO - [2023-12-23T16:00:50.178+0000] {dag.py:2742} INFO - Sync 1 DAGs
[2023-12-23T16:00:50.194+0000] {logging_mixin.py:150} INFO - [2023-12-23T16:00:50.194+0000] {dag.py:3508} INFO - Setting next_dagrun for produce_dag to 2021-01-01T00:00:00+00:00, run_after=2021-01-01T00:00:00+00:00
[2023-12-23T16:00:50.207+0000] {processor.py:179} INFO - Processing /opt/airflow/dags/produce.py took 0.645 seconds
[2023-12-23T16:01:20.954+0000] {processor.py:157} INFO - Started process (PID=1505) to work on /opt/airflow/dags/produce.py
[2023-12-23T16:01:20.955+0000] {processor.py:826} INFO - Processing file /opt/airflow/dags/produce.py for tasks to queue
[2023-12-23T16:01:20.956+0000] {logging_mixin.py:150} INFO - [2023-12-23T16:01:20.956+0000] {dagbag.py:541} INFO - Filling up the DagBag from /opt/airflow/dags/produce.py
[2023-12-23T16:01:21.527+0000] {processor.py:836} INFO - DAG(s) dict_keys(['produce_dag']) retrieved from /opt/airflow/dags/produce.py
[2023-12-23T16:01:21.546+0000] {logging_mixin.py:150} INFO - [2023-12-23T16:01:21.546+0000] {dag.py:2742} INFO - Sync 1 DAGs
[2023-12-23T16:01:21.561+0000] {logging_mixin.py:150} INFO - [2023-12-23T16:01:21.561+0000] {dag.py:3508} INFO - Setting next_dagrun for produce_dag to 2021-01-01T00:00:00+00:00, run_after=2021-01-01T00:00:00+00:00
[2023-12-23T16:01:21.575+0000] {processor.py:179} INFO - Processing /opt/airflow/dags/produce.py took 0.623 seconds
[2023-12-23T16:01:52.303+0000] {processor.py:157} INFO - Started process (PID=1619) to work on /opt/airflow/dags/produce.py
[2023-12-23T16:01:52.308+0000] {processor.py:826} INFO - Processing file /opt/airflow/dags/produce.py for tasks to queue
[2023-12-23T16:01:52.309+0000] {logging_mixin.py:150} INFO - [2023-12-23T16:01:52.309+0000] {dagbag.py:541} INFO - Filling up the DagBag from /opt/airflow/dags/produce.py
[2023-12-23T16:01:52.880+0000] {processor.py:836} INFO - DAG(s) dict_keys(['produce_dag']) retrieved from /opt/airflow/dags/produce.py
[2023-12-23T16:01:52.895+0000] {logging_mixin.py:150} INFO - [2023-12-23T16:01:52.895+0000] {dag.py:2742} INFO - Sync 1 DAGs
[2023-12-23T16:01:52.911+0000] {logging_mixin.py:150} INFO - [2023-12-23T16:01:52.911+0000] {dag.py:3508} INFO - Setting next_dagrun for produce_dag to 2021-01-01T00:00:00+00:00, run_after=2021-01-01T00:00:00+00:00
[2023-12-23T16:01:52.925+0000] {processor.py:179} INFO - Processing /opt/airflow/dags/produce.py took 0.625 seconds
[2023-12-23T16:02:23.522+0000] {processor.py:157} INFO - Started process (PID=1735) to work on /opt/airflow/dags/produce.py
[2023-12-23T16:02:23.522+0000] {processor.py:826} INFO - Processing file /opt/airflow/dags/produce.py for tasks to queue
[2023-12-23T16:02:23.523+0000] {logging_mixin.py:150} INFO - [2023-12-23T16:02:23.523+0000] {dagbag.py:541} INFO - Filling up the DagBag from /opt/airflow/dags/produce.py
[2023-12-23T16:02:24.104+0000] {processor.py:836} INFO - DAG(s) dict_keys(['produce_dag']) retrieved from /opt/airflow/dags/produce.py
[2023-12-23T16:02:24.122+0000] {logging_mixin.py:150} INFO - [2023-12-23T16:02:24.122+0000] {dag.py:2742} INFO - Sync 1 DAGs
[2023-12-23T16:02:24.137+0000] {logging_mixin.py:150} INFO - [2023-12-23T16:02:24.137+0000] {dag.py:3508} INFO - Setting next_dagrun for produce_dag to 2021-01-01T00:00:00+00:00, run_after=2021-01-01T00:00:00+00:00
[2023-12-23T16:02:24.150+0000] {processor.py:179} INFO - Processing /opt/airflow/dags/produce.py took 0.631 seconds
[2023-12-23T16:02:54.492+0000] {processor.py:157} INFO - Started process (PID=1842) to work on /opt/airflow/dags/produce.py
[2023-12-23T16:02:54.494+0000] {processor.py:826} INFO - Processing file /opt/airflow/dags/produce.py for tasks to queue
[2023-12-23T16:02:54.495+0000] {logging_mixin.py:150} INFO - [2023-12-23T16:02:54.495+0000] {dagbag.py:541} INFO - Filling up the DagBag from /opt/airflow/dags/produce.py
[2023-12-23T16:02:55.182+0000] {processor.py:836} INFO - DAG(s) dict_keys(['produce_dag']) retrieved from /opt/airflow/dags/produce.py
[2023-12-23T16:02:55.205+0000] {logging_mixin.py:150} INFO - [2023-12-23T16:02:55.204+0000] {dag.py:2742} INFO - Sync 1 DAGs
[2023-12-23T16:02:55.230+0000] {logging_mixin.py:150} INFO - [2023-12-23T16:02:55.229+0000] {dag.py:3508} INFO - Setting next_dagrun for produce_dag to 2021-01-01T00:00:00+00:00, run_after=2021-01-01T00:00:00+00:00
[2023-12-23T16:02:55.249+0000] {processor.py:179} INFO - Processing /opt/airflow/dags/produce.py took 0.760 seconds
[2023-12-23T16:03:25.744+0000] {processor.py:157} INFO - Started process (PID=1957) to work on /opt/airflow/dags/produce.py
[2023-12-23T16:03:25.745+0000] {processor.py:826} INFO - Processing file /opt/airflow/dags/produce.py for tasks to queue
[2023-12-23T16:03:25.746+0000] {logging_mixin.py:150} INFO - [2023-12-23T16:03:25.745+0000] {dagbag.py:541} INFO - Filling up the DagBag from /opt/airflow/dags/produce.py
[2023-12-23T16:03:26.370+0000] {processor.py:836} INFO - DAG(s) dict_keys(['produce_dag']) retrieved from /opt/airflow/dags/produce.py
[2023-12-23T16:03:26.388+0000] {logging_mixin.py:150} INFO - [2023-12-23T16:03:26.387+0000] {dag.py:2742} INFO - Sync 1 DAGs
[2023-12-23T16:03:26.403+0000] {logging_mixin.py:150} INFO - [2023-12-23T16:03:26.403+0000] {dag.py:3508} INFO - Setting next_dagrun for produce_dag to 2021-01-01T00:00:00+00:00, run_after=2021-01-01T00:00:00+00:00
[2023-12-23T16:03:26.417+0000] {processor.py:179} INFO - Processing /opt/airflow/dags/produce.py took 0.676 seconds
[2023-12-23T16:03:56.868+0000] {processor.py:157} INFO - Started process (PID=2073) to work on /opt/airflow/dags/produce.py
[2023-12-23T16:03:56.873+0000] {processor.py:826} INFO - Processing file /opt/airflow/dags/produce.py for tasks to queue
[2023-12-23T16:03:56.874+0000] {logging_mixin.py:150} INFO - [2023-12-23T16:03:56.873+0000] {dagbag.py:541} INFO - Filling up the DagBag from /opt/airflow/dags/produce.py
[2023-12-23T16:03:57.433+0000] {processor.py:836} INFO - DAG(s) dict_keys(['produce_dag']) retrieved from /opt/airflow/dags/produce.py
[2023-12-23T16:03:57.450+0000] {logging_mixin.py:150} INFO - [2023-12-23T16:03:57.450+0000] {dag.py:2742} INFO - Sync 1 DAGs
[2023-12-23T16:03:57.465+0000] {logging_mixin.py:150} INFO - [2023-12-23T16:03:57.465+0000] {dag.py:3508} INFO - Setting next_dagrun for produce_dag to 2021-01-01T00:00:00+00:00, run_after=2021-01-01T00:00:00+00:00
[2023-12-23T16:03:57.478+0000] {processor.py:179} INFO - Processing /opt/airflow/dags/produce.py took 0.613 seconds
[2023-12-23T16:04:28.044+0000] {processor.py:157} INFO - Started process (PID=2180) to work on /opt/airflow/dags/produce.py
[2023-12-23T16:04:28.046+0000] {processor.py:826} INFO - Processing file /opt/airflow/dags/produce.py for tasks to queue
[2023-12-23T16:04:28.047+0000] {logging_mixin.py:150} INFO - [2023-12-23T16:04:28.047+0000] {dagbag.py:541} INFO - Filling up the DagBag from /opt/airflow/dags/produce.py
[2023-12-23T16:04:28.634+0000] {processor.py:836} INFO - DAG(s) dict_keys(['produce_dag']) retrieved from /opt/airflow/dags/produce.py
[2023-12-23T16:04:28.652+0000] {logging_mixin.py:150} INFO - [2023-12-23T16:04:28.651+0000] {dag.py:2742} INFO - Sync 1 DAGs
[2023-12-23T16:04:28.669+0000] {logging_mixin.py:150} INFO - [2023-12-23T16:04:28.669+0000] {dag.py:3508} INFO - Setting next_dagrun for produce_dag to 2021-01-01T00:00:00+00:00, run_after=2021-01-01T00:00:00+00:00
[2023-12-23T16:04:28.684+0000] {processor.py:179} INFO - Processing /opt/airflow/dags/produce.py took 0.642 seconds
[2023-12-23T16:04:59.094+0000] {processor.py:157} INFO - Started process (PID=2296) to work on /opt/airflow/dags/produce.py
[2023-12-23T16:04:59.094+0000] {processor.py:826} INFO - Processing file /opt/airflow/dags/produce.py for tasks to queue
[2023-12-23T16:04:59.095+0000] {logging_mixin.py:150} INFO - [2023-12-23T16:04:59.095+0000] {dagbag.py:541} INFO - Filling up the DagBag from /opt/airflow/dags/produce.py
[2023-12-23T16:04:59.693+0000] {processor.py:836} INFO - DAG(s) dict_keys(['produce_dag']) retrieved from /opt/airflow/dags/produce.py
[2023-12-23T16:04:59.710+0000] {logging_mixin.py:150} INFO - [2023-12-23T16:04:59.710+0000] {dag.py:2742} INFO - Sync 1 DAGs
[2023-12-23T16:04:59.727+0000] {logging_mixin.py:150} INFO - [2023-12-23T16:04:59.726+0000] {dag.py:3508} INFO - Setting next_dagrun for produce_dag to 2021-01-01T00:00:00+00:00, run_after=2021-01-01T00:00:00+00:00
[2023-12-23T16:04:59.739+0000] {processor.py:179} INFO - Processing /opt/airflow/dags/produce.py took 0.648 seconds
[2023-12-23T16:05:30.110+0000] {processor.py:157} INFO - Started process (PID=2412) to work on /opt/airflow/dags/produce.py
[2023-12-23T16:05:30.113+0000] {processor.py:826} INFO - Processing file /opt/airflow/dags/produce.py for tasks to queue
[2023-12-23T16:05:30.114+0000] {logging_mixin.py:150} INFO - [2023-12-23T16:05:30.113+0000] {dagbag.py:541} INFO - Filling up the DagBag from /opt/airflow/dags/produce.py
[2023-12-23T16:05:30.681+0000] {processor.py:836} INFO - DAG(s) dict_keys(['produce_dag']) retrieved from /opt/airflow/dags/produce.py
[2023-12-23T16:05:30.698+0000] {logging_mixin.py:150} INFO - [2023-12-23T16:05:30.698+0000] {dag.py:2742} INFO - Sync 1 DAGs
[2023-12-23T16:05:30.714+0000] {logging_mixin.py:150} INFO - [2023-12-23T16:05:30.713+0000] {dag.py:3508} INFO - Setting next_dagrun for produce_dag to 2021-01-01T00:00:00+00:00, run_after=2021-01-01T00:00:00+00:00
[2023-12-23T16:05:30.726+0000] {processor.py:179} INFO - Processing /opt/airflow/dags/produce.py took 0.620 seconds
[2023-12-23T16:06:00.975+0000] {processor.py:157} INFO - Started process (PID=2528) to work on /opt/airflow/dags/produce.py
[2023-12-23T16:06:00.976+0000] {processor.py:826} INFO - Processing file /opt/airflow/dags/produce.py for tasks to queue
[2023-12-23T16:06:00.977+0000] {logging_mixin.py:150} INFO - [2023-12-23T16:06:00.977+0000] {dagbag.py:541} INFO - Filling up the DagBag from /opt/airflow/dags/produce.py
[2023-12-23T16:06:01.592+0000] {processor.py:836} INFO - DAG(s) dict_keys(['produce_dag']) retrieved from /opt/airflow/dags/produce.py
[2023-12-23T16:06:01.610+0000] {logging_mixin.py:150} INFO - [2023-12-23T16:06:01.610+0000] {dag.py:2742} INFO - Sync 1 DAGs
[2023-12-23T16:06:01.628+0000] {logging_mixin.py:150} INFO - [2023-12-23T16:06:01.627+0000] {dag.py:3508} INFO - Setting next_dagrun for produce_dag to 2021-01-01T00:00:00+00:00, run_after=2021-01-01T00:00:00+00:00
[2023-12-23T16:06:01.642+0000] {processor.py:179} INFO - Processing /opt/airflow/dags/produce.py took 0.669 seconds
[2023-12-23T16:06:32.180+0000] {processor.py:157} INFO - Started process (PID=2635) to work on /opt/airflow/dags/produce.py
[2023-12-23T16:06:32.181+0000] {processor.py:826} INFO - Processing file /opt/airflow/dags/produce.py for tasks to queue
[2023-12-23T16:06:32.182+0000] {logging_mixin.py:150} INFO - [2023-12-23T16:06:32.182+0000] {dagbag.py:541} INFO - Filling up the DagBag from /opt/airflow/dags/produce.py
[2023-12-23T16:06:32.841+0000] {processor.py:836} INFO - DAG(s) dict_keys(['produce_dag']) retrieved from /opt/airflow/dags/produce.py
[2023-12-23T16:06:32.860+0000] {logging_mixin.py:150} INFO - [2023-12-23T16:06:32.860+0000] {dag.py:2742} INFO - Sync 1 DAGs
[2023-12-23T16:06:32.878+0000] {logging_mixin.py:150} INFO - [2023-12-23T16:06:32.878+0000] {dag.py:3508} INFO - Setting next_dagrun for produce_dag to 2021-01-01T00:00:00+00:00, run_after=2021-01-01T00:00:00+00:00
[2023-12-23T16:06:32.893+0000] {processor.py:179} INFO - Processing /opt/airflow/dags/produce.py took 0.716 seconds
[2023-12-23T16:07:03.234+0000] {processor.py:157} INFO - Started process (PID=2751) to work on /opt/airflow/dags/produce.py
[2023-12-23T16:07:03.234+0000] {processor.py:826} INFO - Processing file /opt/airflow/dags/produce.py for tasks to queue
[2023-12-23T16:07:03.235+0000] {logging_mixin.py:150} INFO - [2023-12-23T16:07:03.234+0000] {dagbag.py:541} INFO - Filling up the DagBag from /opt/airflow/dags/produce.py
[2023-12-23T16:07:03.830+0000] {processor.py:836} INFO - DAG(s) dict_keys(['produce_dag']) retrieved from /opt/airflow/dags/produce.py
[2023-12-23T16:07:03.847+0000] {logging_mixin.py:150} INFO - [2023-12-23T16:07:03.846+0000] {dag.py:2742} INFO - Sync 1 DAGs
[2023-12-23T16:07:03.861+0000] {logging_mixin.py:150} INFO - [2023-12-23T16:07:03.861+0000] {dag.py:3508} INFO - Setting next_dagrun for produce_dag to 2021-01-01T00:00:00+00:00, run_after=2021-01-01T00:00:00+00:00
[2023-12-23T16:07:03.876+0000] {processor.py:179} INFO - Processing /opt/airflow/dags/produce.py took 0.645 seconds
[2023-12-23T16:07:34.214+0000] {processor.py:157} INFO - Started process (PID=2867) to work on /opt/airflow/dags/produce.py
[2023-12-23T16:07:34.216+0000] {processor.py:826} INFO - Processing file /opt/airflow/dags/produce.py for tasks to queue
[2023-12-23T16:07:34.217+0000] {logging_mixin.py:150} INFO - [2023-12-23T16:07:34.217+0000] {dagbag.py:541} INFO - Filling up the DagBag from /opt/airflow/dags/produce.py
[2023-12-23T16:07:34.815+0000] {processor.py:836} INFO - DAG(s) dict_keys(['produce_dag']) retrieved from /opt/airflow/dags/produce.py
[2023-12-23T16:07:34.834+0000] {logging_mixin.py:150} INFO - [2023-12-23T16:07:34.833+0000] {dag.py:2742} INFO - Sync 1 DAGs
[2023-12-23T16:07:34.850+0000] {logging_mixin.py:150} INFO - [2023-12-23T16:07:34.850+0000] {dag.py:3508} INFO - Setting next_dagrun for produce_dag to 2021-01-01T00:00:00+00:00, run_after=2021-01-01T00:00:00+00:00
[2023-12-23T16:07:34.866+0000] {processor.py:179} INFO - Processing /opt/airflow/dags/produce.py took 0.654 seconds
[2023-12-23T16:08:05.056+0000] {processor.py:157} INFO - Started process (PID=2995) to work on /opt/airflow/dags/produce.py
[2023-12-23T16:08:05.058+0000] {processor.py:826} INFO - Processing file /opt/airflow/dags/produce.py for tasks to queue
[2023-12-23T16:08:05.058+0000] {logging_mixin.py:150} INFO - [2023-12-23T16:08:05.058+0000] {dagbag.py:541} INFO - Filling up the DagBag from /opt/airflow/dags/produce.py
[2023-12-23T16:08:05.622+0000] {processor.py:836} INFO - DAG(s) dict_keys(['produce_dag']) retrieved from /opt/airflow/dags/produce.py
[2023-12-23T16:08:05.640+0000] {logging_mixin.py:150} INFO - [2023-12-23T16:08:05.639+0000] {dag.py:2742} INFO - Sync 1 DAGs
[2023-12-23T16:08:05.655+0000] {logging_mixin.py:150} INFO - [2023-12-23T16:08:05.655+0000] {dag.py:3508} INFO - Setting next_dagrun for produce_dag to 2021-01-01T00:00:00+00:00, run_after=2021-01-01T00:00:00+00:00
[2023-12-23T16:08:05.671+0000] {processor.py:179} INFO - Processing /opt/airflow/dags/produce.py took 0.619 seconds
[2023-12-23T16:08:36.634+0000] {processor.py:157} INFO - Started process (PID=3115) to work on /opt/airflow/dags/produce.py
[2023-12-23T16:08:36.637+0000] {processor.py:826} INFO - Processing file /opt/airflow/dags/produce.py for tasks to queue
[2023-12-23T16:08:36.637+0000] {logging_mixin.py:150} INFO - [2023-12-23T16:08:36.637+0000] {dagbag.py:541} INFO - Filling up the DagBag from /opt/airflow/dags/produce.py
[2023-12-23T16:08:37.166+0000] {processor.py:836} INFO - DAG(s) dict_keys(['produce_dag']) retrieved from /opt/airflow/dags/produce.py
[2023-12-23T16:08:37.182+0000] {logging_mixin.py:150} INFO - [2023-12-23T16:08:37.182+0000] {dag.py:2742} INFO - Sync 1 DAGs
[2023-12-23T16:08:37.197+0000] {logging_mixin.py:150} INFO - [2023-12-23T16:08:37.197+0000] {dag.py:3508} INFO - Setting next_dagrun for produce_dag to 2021-01-01T00:00:00+00:00, run_after=2021-01-01T00:00:00+00:00
[2023-12-23T16:08:37.211+0000] {processor.py:179} INFO - Processing /opt/airflow/dags/produce.py took 0.581 seconds
[2023-12-23T16:09:07.868+0000] {processor.py:157} INFO - Started process (PID=3231) to work on /opt/airflow/dags/produce.py
[2023-12-23T16:09:07.869+0000] {processor.py:826} INFO - Processing file /opt/airflow/dags/produce.py for tasks to queue
[2023-12-23T16:09:07.869+0000] {logging_mixin.py:150} INFO - [2023-12-23T16:09:07.869+0000] {dagbag.py:541} INFO - Filling up the DagBag from /opt/airflow/dags/produce.py
[2023-12-23T16:09:08.427+0000] {processor.py:836} INFO - DAG(s) dict_keys(['produce_dag']) retrieved from /opt/airflow/dags/produce.py
[2023-12-23T16:09:08.446+0000] {logging_mixin.py:150} INFO - [2023-12-23T16:09:08.446+0000] {dag.py:2742} INFO - Sync 1 DAGs
[2023-12-23T16:09:08.463+0000] {logging_mixin.py:150} INFO - [2023-12-23T16:09:08.463+0000] {dag.py:3508} INFO - Setting next_dagrun for produce_dag to 2021-01-01T00:00:00+00:00, run_after=2021-01-01T00:00:00+00:00
[2023-12-23T16:09:08.480+0000] {processor.py:179} INFO - Processing /opt/airflow/dags/produce.py took 0.615 seconds
[2023-12-23T16:09:38.814+0000] {processor.py:157} INFO - Started process (PID=3338) to work on /opt/airflow/dags/produce.py
[2023-12-23T16:09:38.815+0000] {processor.py:826} INFO - Processing file /opt/airflow/dags/produce.py for tasks to queue
[2023-12-23T16:09:38.815+0000] {logging_mixin.py:150} INFO - [2023-12-23T16:09:38.815+0000] {dagbag.py:541} INFO - Filling up the DagBag from /opt/airflow/dags/produce.py
[2023-12-23T16:09:39.374+0000] {processor.py:836} INFO - DAG(s) dict_keys(['produce_dag']) retrieved from /opt/airflow/dags/produce.py
[2023-12-23T16:09:39.391+0000] {logging_mixin.py:150} INFO - [2023-12-23T16:09:39.390+0000] {dag.py:2742} INFO - Sync 1 DAGs
[2023-12-23T16:09:39.406+0000] {logging_mixin.py:150} INFO - [2023-12-23T16:09:39.406+0000] {dag.py:3508} INFO - Setting next_dagrun for produce_dag to 2021-01-01T00:00:00+00:00, run_after=2021-01-01T00:00:00+00:00
[2023-12-23T16:09:39.420+0000] {processor.py:179} INFO - Processing /opt/airflow/dags/produce.py took 0.609 seconds
[2023-12-23T16:10:09.539+0000] {processor.py:157} INFO - Started process (PID=3458) to work on /opt/airflow/dags/produce.py
[2023-12-23T16:10:09.541+0000] {processor.py:826} INFO - Processing file /opt/airflow/dags/produce.py for tasks to queue
[2023-12-23T16:10:09.542+0000] {logging_mixin.py:150} INFO - [2023-12-23T16:10:09.542+0000] {dagbag.py:541} INFO - Filling up the DagBag from /opt/airflow/dags/produce.py
[2023-12-23T16:10:10.094+0000] {processor.py:836} INFO - DAG(s) dict_keys(['produce_dag']) retrieved from /opt/airflow/dags/produce.py
[2023-12-23T16:10:10.112+0000] {logging_mixin.py:150} INFO - [2023-12-23T16:10:10.112+0000] {dag.py:2742} INFO - Sync 1 DAGs
[2023-12-23T16:10:10.129+0000] {logging_mixin.py:150} INFO - [2023-12-23T16:10:10.128+0000] {dag.py:3508} INFO - Setting next_dagrun for produce_dag to 2021-01-01T00:00:00+00:00, run_after=2021-01-01T00:00:00+00:00
[2023-12-23T16:10:10.141+0000] {processor.py:179} INFO - Processing /opt/airflow/dags/produce.py took 0.605 seconds
[2023-12-23T16:10:40.301+0000] {processor.py:157} INFO - Started process (PID=3574) to work on /opt/airflow/dags/produce.py
[2023-12-23T16:10:40.301+0000] {processor.py:826} INFO - Processing file /opt/airflow/dags/produce.py for tasks to queue
[2023-12-23T16:10:40.302+0000] {logging_mixin.py:150} INFO - [2023-12-23T16:10:40.302+0000] {dagbag.py:541} INFO - Filling up the DagBag from /opt/airflow/dags/produce.py
[2023-12-23T16:10:40.899+0000] {processor.py:836} INFO - DAG(s) dict_keys(['produce_dag']) retrieved from /opt/airflow/dags/produce.py
[2023-12-23T16:10:40.917+0000] {logging_mixin.py:150} INFO - [2023-12-23T16:10:40.917+0000] {dag.py:2742} INFO - Sync 1 DAGs
[2023-12-23T16:10:40.934+0000] {logging_mixin.py:150} INFO - [2023-12-23T16:10:40.934+0000] {dag.py:3508} INFO - Setting next_dagrun for produce_dag to 2021-01-01T00:00:00+00:00, run_after=2021-01-01T00:00:00+00:00
[2023-12-23T16:10:40.950+0000] {processor.py:179} INFO - Processing /opt/airflow/dags/produce.py took 0.652 seconds
[2023-12-23T16:11:11.137+0000] {processor.py:157} INFO - Started process (PID=3662) to work on /opt/airflow/dags/produce.py
[2023-12-23T16:11:11.138+0000] {processor.py:826} INFO - Processing file /opt/airflow/dags/produce.py for tasks to queue
[2023-12-23T16:11:11.139+0000] {logging_mixin.py:150} INFO - [2023-12-23T16:11:11.139+0000] {dagbag.py:541} INFO - Filling up the DagBag from /opt/airflow/dags/produce.py
[2023-12-23T16:11:11.684+0000] {processor.py:836} INFO - DAG(s) dict_keys(['produce_dag']) retrieved from /opt/airflow/dags/produce.py
[2023-12-23T16:11:11.702+0000] {logging_mixin.py:150} INFO - [2023-12-23T16:11:11.702+0000] {dag.py:2742} INFO - Sync 1 DAGs
[2023-12-23T16:11:11.720+0000] {logging_mixin.py:150} INFO - [2023-12-23T16:11:11.719+0000] {dag.py:3508} INFO - Setting next_dagrun for produce_dag to 2021-01-01T00:00:00+00:00, run_after=2021-01-01T00:00:00+00:00
[2023-12-23T16:11:11.733+0000] {processor.py:179} INFO - Processing /opt/airflow/dags/produce.py took 0.598 seconds
[2023-12-23T16:11:41.800+0000] {processor.py:157} INFO - Started process (PID=3778) to work on /opt/airflow/dags/produce.py
[2023-12-23T16:11:41.802+0000] {processor.py:826} INFO - Processing file /opt/airflow/dags/produce.py for tasks to queue
[2023-12-23T16:11:41.803+0000] {logging_mixin.py:150} INFO - [2023-12-23T16:11:41.803+0000] {dagbag.py:541} INFO - Filling up the DagBag from /opt/airflow/dags/produce.py
[2023-12-23T16:11:42.330+0000] {processor.py:836} INFO - DAG(s) dict_keys(['produce_dag']) retrieved from /opt/airflow/dags/produce.py
[2023-12-23T16:11:42.346+0000] {logging_mixin.py:150} INFO - [2023-12-23T16:11:42.346+0000] {dag.py:2742} INFO - Sync 1 DAGs
[2023-12-23T16:11:42.362+0000] {logging_mixin.py:150} INFO - [2023-12-23T16:11:42.362+0000] {dag.py:3508} INFO - Setting next_dagrun for produce_dag to 2021-01-01T00:00:00+00:00, run_after=2021-01-01T00:00:00+00:00
[2023-12-23T16:11:42.374+0000] {processor.py:179} INFO - Processing /opt/airflow/dags/produce.py took 0.577 seconds
[2023-12-23T16:12:12.442+0000] {processor.py:157} INFO - Started process (PID=3892) to work on /opt/airflow/dags/produce.py
[2023-12-23T16:12:12.444+0000] {processor.py:826} INFO - Processing file /opt/airflow/dags/produce.py for tasks to queue
[2023-12-23T16:12:12.445+0000] {logging_mixin.py:150} INFO - [2023-12-23T16:12:12.445+0000] {dagbag.py:541} INFO - Filling up the DagBag from /opt/airflow/dags/produce.py
[2023-12-23T16:12:13.035+0000] {processor.py:836} INFO - DAG(s) dict_keys(['produce_dag']) retrieved from /opt/airflow/dags/produce.py
[2023-12-23T16:12:13.054+0000] {logging_mixin.py:150} INFO - [2023-12-23T16:12:13.053+0000] {dag.py:2742} INFO - Sync 1 DAGs
[2023-12-23T16:12:13.072+0000] {logging_mixin.py:150} INFO - [2023-12-23T16:12:13.071+0000] {dag.py:3508} INFO - Setting next_dagrun for produce_dag to 2021-01-01T00:00:00+00:00, run_after=2021-01-01T00:00:00+00:00
[2023-12-23T16:12:13.086+0000] {processor.py:179} INFO - Processing /opt/airflow/dags/produce.py took 0.647 seconds
[2023-12-23T16:12:43.315+0000] {processor.py:157} INFO - Started process (PID=4001) to work on /opt/airflow/dags/produce.py
[2023-12-23T16:12:43.317+0000] {processor.py:826} INFO - Processing file /opt/airflow/dags/produce.py for tasks to queue
[2023-12-23T16:12:43.318+0000] {logging_mixin.py:150} INFO - [2023-12-23T16:12:43.318+0000] {dagbag.py:541} INFO - Filling up the DagBag from /opt/airflow/dags/produce.py
[2023-12-23T16:12:43.848+0000] {processor.py:836} INFO - DAG(s) dict_keys(['produce_dag']) retrieved from /opt/airflow/dags/produce.py
[2023-12-23T16:12:43.865+0000] {logging_mixin.py:150} INFO - [2023-12-23T16:12:43.864+0000] {dag.py:2742} INFO - Sync 1 DAGs
[2023-12-23T16:12:43.880+0000] {logging_mixin.py:150} INFO - [2023-12-23T16:12:43.880+0000] {dag.py:3508} INFO - Setting next_dagrun for produce_dag to 2021-01-01T00:00:00+00:00, run_after=2021-01-01T00:00:00+00:00
[2023-12-23T16:12:43.893+0000] {processor.py:179} INFO - Processing /opt/airflow/dags/produce.py took 0.581 seconds
[2023-12-23T16:13:14.006+0000] {processor.py:157} INFO - Started process (PID=4117) to work on /opt/airflow/dags/produce.py
[2023-12-23T16:13:14.007+0000] {processor.py:826} INFO - Processing file /opt/airflow/dags/produce.py for tasks to queue
[2023-12-23T16:13:14.008+0000] {logging_mixin.py:150} INFO - [2023-12-23T16:13:14.008+0000] {dagbag.py:541} INFO - Filling up the DagBag from /opt/airflow/dags/produce.py
[2023-12-23T16:13:14.553+0000] {processor.py:836} INFO - DAG(s) dict_keys(['produce_dag']) retrieved from /opt/airflow/dags/produce.py
[2023-12-23T16:13:14.573+0000] {logging_mixin.py:150} INFO - [2023-12-23T16:13:14.573+0000] {dag.py:2742} INFO - Sync 1 DAGs
[2023-12-23T16:13:14.594+0000] {logging_mixin.py:150} INFO - [2023-12-23T16:13:14.593+0000] {dag.py:3508} INFO - Setting next_dagrun for produce_dag to 2021-01-01T00:00:00+00:00, run_after=2021-01-01T00:00:00+00:00
[2023-12-23T16:13:14.611+0000] {processor.py:179} INFO - Processing /opt/airflow/dags/produce.py took 0.607 seconds
[2023-12-23T16:13:44.771+0000] {processor.py:157} INFO - Started process (PID=4224) to work on /opt/airflow/dags/produce.py
[2023-12-23T16:13:44.772+0000] {processor.py:826} INFO - Processing file /opt/airflow/dags/produce.py for tasks to queue
[2023-12-23T16:13:44.773+0000] {logging_mixin.py:150} INFO - [2023-12-23T16:13:44.773+0000] {dagbag.py:541} INFO - Filling up the DagBag from /opt/airflow/dags/produce.py
[2023-12-23T16:13:45.344+0000] {processor.py:836} INFO - DAG(s) dict_keys(['produce_dag']) retrieved from /opt/airflow/dags/produce.py
[2023-12-23T16:13:45.363+0000] {logging_mixin.py:150} INFO - [2023-12-23T16:13:45.363+0000] {dag.py:2742} INFO - Sync 1 DAGs
[2023-12-23T16:13:45.380+0000] {logging_mixin.py:150} INFO - [2023-12-23T16:13:45.379+0000] {dag.py:3508} INFO - Setting next_dagrun for produce_dag to 2021-01-01T00:00:00+00:00, run_after=2021-01-01T00:00:00+00:00
[2023-12-23T16:13:45.392+0000] {processor.py:179} INFO - Processing /opt/airflow/dags/produce.py took 0.624 seconds
[2023-12-23T16:14:15.429+0000] {processor.py:157} INFO - Started process (PID=4342) to work on /opt/airflow/dags/produce.py
[2023-12-23T16:14:15.430+0000] {processor.py:826} INFO - Processing file /opt/airflow/dags/produce.py for tasks to queue
[2023-12-23T16:14:15.430+0000] {logging_mixin.py:150} INFO - [2023-12-23T16:14:15.430+0000] {dagbag.py:541} INFO - Filling up the DagBag from /opt/airflow/dags/produce.py
[2023-12-23T16:14:15.943+0000] {processor.py:836} INFO - DAG(s) dict_keys(['produce_dag']) retrieved from /opt/airflow/dags/produce.py
[2023-12-23T16:14:15.963+0000] {logging_mixin.py:150} INFO - [2023-12-23T16:14:15.963+0000] {dag.py:2742} INFO - Sync 1 DAGs
[2023-12-23T16:14:15.980+0000] {logging_mixin.py:150} INFO - [2023-12-23T16:14:15.980+0000] {dag.py:3508} INFO - Setting next_dagrun for produce_dag to 2021-01-01T00:00:00+00:00, run_after=2021-01-01T00:00:00+00:00
[2023-12-23T16:14:15.995+0000] {processor.py:179} INFO - Processing /opt/airflow/dags/produce.py took 0.568 seconds
[2023-12-23T16:14:46.088+0000] {processor.py:157} INFO - Started process (PID=4438) to work on /opt/airflow/dags/produce.py
[2023-12-23T16:14:46.089+0000] {processor.py:826} INFO - Processing file /opt/airflow/dags/produce.py for tasks to queue
[2023-12-23T16:14:46.090+0000] {logging_mixin.py:150} INFO - [2023-12-23T16:14:46.089+0000] {dagbag.py:541} INFO - Filling up the DagBag from /opt/airflow/dags/produce.py
[2023-12-23T16:14:46.635+0000] {processor.py:836} INFO - DAG(s) dict_keys(['produce_dag']) retrieved from /opt/airflow/dags/produce.py
[2023-12-23T16:14:46.653+0000] {logging_mixin.py:150} INFO - [2023-12-23T16:14:46.653+0000] {dag.py:2742} INFO - Sync 1 DAGs
[2023-12-23T16:14:46.669+0000] {logging_mixin.py:150} INFO - [2023-12-23T16:14:46.669+0000] {dag.py:3508} INFO - Setting next_dagrun for produce_dag to 2021-01-01T00:00:00+00:00, run_after=2021-01-01T00:00:00+00:00
[2023-12-23T16:14:46.681+0000] {processor.py:179} INFO - Processing /opt/airflow/dags/produce.py took 0.636 seconds
[2023-12-23T16:15:17.523+0000] {processor.py:157} INFO - Started process (PID=4552) to work on /opt/airflow/dags/produce.py
[2023-12-23T16:15:17.523+0000] {processor.py:826} INFO - Processing file /opt/airflow/dags/produce.py for tasks to queue
[2023-12-23T16:15:17.525+0000] {logging_mixin.py:150} INFO - [2023-12-23T16:15:17.524+0000] {dagbag.py:541} INFO - Filling up the DagBag from /opt/airflow/dags/produce.py
[2023-12-23T16:15:18.163+0000] {processor.py:836} INFO - DAG(s) dict_keys(['produce_dag']) retrieved from /opt/airflow/dags/produce.py
[2023-12-23T16:15:18.183+0000] {logging_mixin.py:150} INFO - [2023-12-23T16:15:18.182+0000] {dag.py:2742} INFO - Sync 1 DAGs
[2023-12-23T16:15:18.202+0000] {logging_mixin.py:150} INFO - [2023-12-23T16:15:18.201+0000] {dag.py:3508} INFO - Setting next_dagrun for produce_dag to 2021-01-01T00:00:00+00:00, run_after=2021-01-01T00:00:00+00:00
[2023-12-23T16:15:18.217+0000] {processor.py:179} INFO - Processing /opt/airflow/dags/produce.py took 0.698 seconds
[2023-12-23T16:15:48.953+0000] {processor.py:157} INFO - Started process (PID=4661) to work on /opt/airflow/dags/produce.py
[2023-12-23T16:15:48.955+0000] {processor.py:826} INFO - Processing file /opt/airflow/dags/produce.py for tasks to queue
[2023-12-23T16:15:48.957+0000] {logging_mixin.py:150} INFO - [2023-12-23T16:15:48.957+0000] {dagbag.py:541} INFO - Filling up the DagBag from /opt/airflow/dags/produce.py
[2023-12-23T16:15:49.550+0000] {processor.py:836} INFO - DAG(s) dict_keys(['produce_dag']) retrieved from /opt/airflow/dags/produce.py
[2023-12-23T16:15:49.568+0000] {logging_mixin.py:150} INFO - [2023-12-23T16:15:49.568+0000] {dag.py:2742} INFO - Sync 1 DAGs
[2023-12-23T16:15:49.584+0000] {logging_mixin.py:150} INFO - [2023-12-23T16:15:49.584+0000] {dag.py:3508} INFO - Setting next_dagrun for produce_dag to 2021-01-01T00:00:00+00:00, run_after=2021-01-01T00:00:00+00:00
[2023-12-23T16:15:49.598+0000] {processor.py:179} INFO - Processing /opt/airflow/dags/produce.py took 0.649 seconds
[2023-12-23T16:16:20.395+0000] {processor.py:157} INFO - Started process (PID=4777) to work on /opt/airflow/dags/produce.py
[2023-12-23T16:16:20.396+0000] {processor.py:826} INFO - Processing file /opt/airflow/dags/produce.py for tasks to queue
[2023-12-23T16:16:20.397+0000] {logging_mixin.py:150} INFO - [2023-12-23T16:16:20.396+0000] {dagbag.py:541} INFO - Filling up the DagBag from /opt/airflow/dags/produce.py
[2023-12-23T16:16:20.943+0000] {processor.py:836} INFO - DAG(s) dict_keys(['produce_dag']) retrieved from /opt/airflow/dags/produce.py
[2023-12-23T16:16:20.961+0000] {logging_mixin.py:150} INFO - [2023-12-23T16:16:20.960+0000] {dag.py:2742} INFO - Sync 1 DAGs
[2023-12-23T16:16:20.976+0000] {logging_mixin.py:150} INFO - [2023-12-23T16:16:20.976+0000] {dag.py:3508} INFO - Setting next_dagrun for produce_dag to 2021-01-01T00:00:00+00:00, run_after=2021-01-01T00:00:00+00:00
[2023-12-23T16:16:20.988+0000] {processor.py:179} INFO - Processing /opt/airflow/dags/produce.py took 0.597 seconds
[2023-12-23T16:16:51.745+0000] {processor.py:157} INFO - Started process (PID=4893) to work on /opt/airflow/dags/produce.py
[2023-12-23T16:16:51.749+0000] {processor.py:826} INFO - Processing file /opt/airflow/dags/produce.py for tasks to queue
[2023-12-23T16:16:51.749+0000] {logging_mixin.py:150} INFO - [2023-12-23T16:16:51.749+0000] {dagbag.py:541} INFO - Filling up the DagBag from /opt/airflow/dags/produce.py
[2023-12-23T16:16:52.294+0000] {processor.py:836} INFO - DAG(s) dict_keys(['produce_dag']) retrieved from /opt/airflow/dags/produce.py
[2023-12-23T16:16:52.312+0000] {logging_mixin.py:150} INFO - [2023-12-23T16:16:52.312+0000] {dag.py:2742} INFO - Sync 1 DAGs
[2023-12-23T16:16:52.327+0000] {logging_mixin.py:150} INFO - [2023-12-23T16:16:52.327+0000] {dag.py:3508} INFO - Setting next_dagrun for produce_dag to 2021-01-01T00:00:00+00:00, run_after=2021-01-01T00:00:00+00:00
[2023-12-23T16:16:52.340+0000] {processor.py:179} INFO - Processing /opt/airflow/dags/produce.py took 0.597 seconds
[2023-12-23T16:17:23.162+0000] {processor.py:157} INFO - Started process (PID=5000) to work on /opt/airflow/dags/produce.py
[2023-12-23T16:17:23.163+0000] {processor.py:826} INFO - Processing file /opt/airflow/dags/produce.py for tasks to queue
[2023-12-23T16:17:23.164+0000] {logging_mixin.py:150} INFO - [2023-12-23T16:17:23.164+0000] {dagbag.py:541} INFO - Filling up the DagBag from /opt/airflow/dags/produce.py
[2023-12-23T16:17:23.717+0000] {processor.py:836} INFO - DAG(s) dict_keys(['produce_dag']) retrieved from /opt/airflow/dags/produce.py
[2023-12-23T16:17:23.734+0000] {logging_mixin.py:150} INFO - [2023-12-23T16:17:23.733+0000] {dag.py:2742} INFO - Sync 1 DAGs
[2023-12-23T16:17:23.749+0000] {logging_mixin.py:150} INFO - [2023-12-23T16:17:23.749+0000] {dag.py:3508} INFO - Setting next_dagrun for produce_dag to 2021-01-01T00:00:00+00:00, run_after=2021-01-01T00:00:00+00:00
[2023-12-23T16:17:23.764+0000] {processor.py:179} INFO - Processing /opt/airflow/dags/produce.py took 0.606 seconds
[2023-12-23T16:17:54.409+0000] {processor.py:157} INFO - Started process (PID=5116) to work on /opt/airflow/dags/produce.py
[2023-12-23T16:17:54.411+0000] {processor.py:826} INFO - Processing file /opt/airflow/dags/produce.py for tasks to queue
[2023-12-23T16:17:54.412+0000] {logging_mixin.py:150} INFO - [2023-12-23T16:17:54.411+0000] {dagbag.py:541} INFO - Filling up the DagBag from /opt/airflow/dags/produce.py
[2023-12-23T16:17:55.007+0000] {processor.py:836} INFO - DAG(s) dict_keys(['produce_dag']) retrieved from /opt/airflow/dags/produce.py
[2023-12-23T16:17:55.028+0000] {logging_mixin.py:150} INFO - [2023-12-23T16:17:55.028+0000] {dag.py:2742} INFO - Sync 1 DAGs
[2023-12-23T16:17:55.046+0000] {logging_mixin.py:150} INFO - [2023-12-23T16:17:55.046+0000] {dag.py:3508} INFO - Setting next_dagrun for produce_dag to 2021-01-01T00:00:00+00:00, run_after=2021-01-01T00:00:00+00:00
[2023-12-23T16:17:55.061+0000] {processor.py:179} INFO - Processing /opt/airflow/dags/produce.py took 0.655 seconds
