[2023-10-20T14:38:48.570+0000] {taskinstance.py:1103} INFO - Dependencies all met for dep_context=non-requeueable deps ti=<TaskInstance: combined_dag.predict_ntu_task manual__2023-10-20T14:38:42.171748+00:00 [queued]>
[2023-10-20T14:38:48.577+0000] {taskinstance.py:1103} INFO - Dependencies all met for dep_context=requeueable deps ti=<TaskInstance: combined_dag.predict_ntu_task manual__2023-10-20T14:38:42.171748+00:00 [queued]>
[2023-10-20T14:38:48.577+0000] {taskinstance.py:1308} INFO - Starting attempt 1 of 1
[2023-10-20T14:38:48.587+0000] {taskinstance.py:1327} INFO - Executing <Task(PythonOperator): predict_ntu_task> on 2023-10-20 14:38:42.171748+00:00
[2023-10-20T14:38:48.593+0000] {standard_task_runner.py:57} INFO - Started process 1409 to run task
[2023-10-20T14:38:48.596+0000] {standard_task_runner.py:84} INFO - Running: ['***', 'tasks', 'run', 'combined_dag', 'predict_ntu_task', 'manual__2023-10-20T14:38:42.171748+00:00', '--job-id', '120', '--raw', '--subdir', 'DAGS_FOLDER/combined_dag(real).py', '--cfg-path', '/tmp/tmpzvv9rc97']
[2023-10-20T14:38:48.596+0000] {standard_task_runner.py:85} INFO - Job 120: Subtask predict_ntu_task
[2023-10-20T14:38:48.629+0000] {task_command.py:410} INFO - Running <TaskInstance: combined_dag.predict_ntu_task manual__2023-10-20T14:38:42.171748+00:00 [running]> on host bea49855d648
[2023-10-20T14:38:48.681+0000] {taskinstance.py:1547} INFO - Exporting env vars: AIRFLOW_CTX_DAG_OWNER='***' AIRFLOW_CTX_DAG_ID='combined_dag' AIRFLOW_CTX_TASK_ID='predict_ntu_task' AIRFLOW_CTX_EXECUTION_DATE='2023-10-20T14:38:42.171748+00:00' AIRFLOW_CTX_TRY_NUMBER='1' AIRFLOW_CTX_DAG_RUN_ID='manual__2023-10-20T14:38:42.171748+00:00'
[2023-10-20T14:38:48.690+0000] {logging_mixin.py:150} INFO - [[14.320944], [14.006376999999999], [13.308596]]
[2023-10-20T14:38:48.691+0000] {combined_dag(real).py:57} INFO - [[14.320944], [14.006376999999999], [13.308596]]
[2023-10-20T14:38:48.698+0000] {taskinstance.py:1824} ERROR - Task failed with exception
Traceback (most recent call last):
  File "/home/airflow/.local/lib/python3.7/site-packages/airflow/operators/python.py", line 181, in execute
    return_value = self.execute_callable()
  File "/home/airflow/.local/lib/python3.7/site-packages/airflow/operators/python.py", line 198, in execute_callable
    return self.python_callable(*self.op_args, **self.op_kwargs)
  File "/opt/airflow/dags/combined_dag(real).py", line 59, in predict_ntu
    ntu_model=load_model('/home/user/airflow/models/lstm_ntu.h5')
  File "/home/airflow/.local/lib/python3.7/site-packages/keras/utils/traceback_utils.py", line 70, in error_handler
    raise e.with_traceback(filtered_tb) from None
  File "/home/airflow/.local/lib/python3.7/site-packages/keras/saving/legacy/save.py", line 228, in load_model
    f"No file or directory found at {filepath_str}"
OSError: No file or directory found at /home/user/***/models/lstm_ntu.h5
[2023-10-20T14:38:48.704+0000] {taskinstance.py:1350} INFO - Marking task as FAILED. dag_id=combined_dag, task_id=predict_ntu_task, execution_date=20231020T143842, start_date=20231020T143848, end_date=20231020T143848
[2023-10-20T14:38:48.712+0000] {standard_task_runner.py:109} ERROR - Failed to execute job 120 for task predict_ntu_task (No file or directory found at /home/user/***/models/lstm_ntu.h5; 1409)
[2023-10-20T14:38:48.727+0000] {local_task_job_runner.py:225} INFO - Task exited with return code 1
[2023-10-20T14:38:48.744+0000] {taskinstance.py:2653} INFO - 0 downstream tasks scheduled from follow-on schedule check
