[2023-10-21T22:29:05.166+0900] {taskinstance.py:1103} INFO - Dependencies all met for dep_context=non-requeueable deps ti=<TaskInstance: combined_dag.load_modeling scheduled__2023-10-21T13:28:00+00:00 [queued]>
[2023-10-21T22:29:05.173+0900] {taskinstance.py:1103} INFO - Dependencies all met for dep_context=requeueable deps ti=<TaskInstance: combined_dag.load_modeling scheduled__2023-10-21T13:28:00+00:00 [queued]>
[2023-10-21T22:29:05.173+0900] {taskinstance.py:1308} INFO - Starting attempt 1 of 1
[2023-10-21T22:29:05.183+0900] {taskinstance.py:1327} INFO - Executing <Task(PythonOperator): load_modeling> on 2023-10-21 13:28:00+00:00
[2023-10-21T22:29:05.188+0900] {standard_task_runner.py:57} INFO - Started process 140505 to run task
[2023-10-21T22:29:05.190+0900] {standard_task_runner.py:84} INFO - Running: ['airflow', 'tasks', 'run', 'combined_dag', 'load_modeling', 'scheduled__2023-10-21T13:28:00+00:00', '--job-id', '36', '--raw', '--subdir', 'DAGS_FOLDER/combined_dag(real).py', '--cfg-path', '/tmp/tmp01j792fe']
[2023-10-21T22:29:05.191+0900] {standard_task_runner.py:85} INFO - Job 36: Subtask load_modeling
[2023-10-21T22:29:05.419+0900] {task_command.py:410} INFO - Running <TaskInstance: combined_dag.load_modeling scheduled__2023-10-21T13:28:00+00:00 [running]> on host DESKTOP-HIRTBK6.
[2023-10-21T22:29:05.754+0900] {taskinstance.py:1547} INFO - Exporting env vars: AIRFLOW_CTX_DAG_OWNER='airflow' AIRFLOW_CTX_DAG_ID='combined_dag' AIRFLOW_CTX_TASK_ID='load_modeling' AIRFLOW_CTX_EXECUTION_DATE='2023-10-21T13:28:00+00:00' AIRFLOW_CTX_TRY_NUMBER='1' AIRFLOW_CTX_DAG_RUN_ID='scheduled__2023-10-21T13:28:00+00:00'
[2023-10-21T22:29:05.823+0900] {taskinstance.py:1824} ERROR - Task failed with exception
Traceback (most recent call last):
  File "/home/user/anaconda3/envs/airflow_env/lib/python3.7/site-packages/airflow/operators/python.py", line 181, in execute
    return_value = self.execute_callable()
  File "/home/user/anaconda3/envs/airflow_env/lib/python3.7/site-packages/airflow/operators/python.py", line 198, in execute_callable
    return self.python_callable(*self.op_args, **self.op_kwargs)
  File "/home/user/airflow/dags/combined_dag(real).py", line 154, in load_modeling
    cl_model = load('./models/classify_model.pkl')
  File "/home/user/anaconda3/envs/airflow_env/lib/python3.7/site-packages/joblib/numpy_pickle.py", line 650, in load
    with open(filename, 'rb') as f:
FileNotFoundError: [Errno 2] No such file or directory: './models/classify_model.pkl'
[2023-10-21T22:29:05.893+0900] {taskinstance.py:1350} INFO - Marking task as FAILED. dag_id=combined_dag, task_id=load_modeling, execution_date=20231021T132800, start_date=20231021T132905, end_date=20231021T132905
[2023-10-21T22:29:05.909+0900] {standard_task_runner.py:109} ERROR - Failed to execute job 36 for task load_modeling ([Errno 2] No such file or directory: './models/classify_model.pkl'; 140505)
[2023-10-21T22:29:05.925+0900] {local_task_job_runner.py:225} INFO - Task exited with return code 1
[2023-10-21T22:29:06.005+0900] {taskinstance.py:2653} INFO - 0 downstream tasks scheduled from follow-on schedule check
