[2024-01-09T06:11:20.067+0000] {taskinstance.py:1103} INFO - Dependencies all met for dep_context=non-requeueable deps ti=<TaskInstance: modeling_dag.predict_ntu_task scheduled__2024-01-09T06:05:00+00:00 [queued]>
[2024-01-09T06:11:20.074+0000] {taskinstance.py:1103} INFO - Dependencies all met for dep_context=requeueable deps ti=<TaskInstance: modeling_dag.predict_ntu_task scheduled__2024-01-09T06:05:00+00:00 [queued]>
[2024-01-09T06:11:20.074+0000] {taskinstance.py:1308} INFO - Starting attempt 1 of 1
[2024-01-09T06:11:20.085+0000] {taskinstance.py:1327} INFO - Executing <Task(PythonOperator): predict_ntu_task> on 2024-01-09 06:05:00+00:00
[2024-01-09T06:11:20.093+0000] {standard_task_runner.py:57} INFO - Started process 376 to run task
[2024-01-09T06:11:20.095+0000] {standard_task_runner.py:84} INFO - Running: ['***', 'tasks', 'run', 'modeling_dag', 'predict_ntu_task', 'scheduled__2024-01-09T06:05:00+00:00', '--job-id', '325', '--raw', '--subdir', 'DAGS_FOLDER/modeling.py', '--cfg-path', '/tmp/tmpm1u_2t1l']
[2024-01-09T06:11:20.097+0000] {standard_task_runner.py:85} INFO - Job 325: Subtask predict_ntu_task
[2024-01-09T06:11:20.129+0000] {task_command.py:410} INFO - Running <TaskInstance: modeling_dag.predict_ntu_task scheduled__2024-01-09T06:05:00+00:00 [running]> on host 93456042b127
[2024-01-09T06:11:20.194+0000] {taskinstance.py:1547} INFO - Exporting env vars: AIRFLOW_CTX_DAG_OWNER='***' AIRFLOW_CTX_DAG_ID='modeling_dag' AIRFLOW_CTX_TASK_ID='predict_ntu_task' AIRFLOW_CTX_EXECUTION_DATE='2024-01-09T06:05:00+00:00' AIRFLOW_CTX_TRY_NUMBER='1' AIRFLOW_CTX_DAG_RUN_ID='scheduled__2024-01-09T06:05:00+00:00'
[2024-01-09T06:11:41.244+0000] {taskinstance.py:1824} ERROR - Task failed with exception
Traceback (most recent call last):
  File "/home/airflow/.local/lib/python3.7/site-packages/airflow/operators/python.py", line 181, in execute
    return_value = self.execute_callable()
  File "/home/airflow/.local/lib/python3.7/site-packages/airflow/operators/python.py", line 198, in execute_callable
    return self.python_callable(*self.op_args, **self.op_kwargs)
  File "/opt/airflow/dags/modeling.py", line 54, in predict_ntu
    password="airflow"
  File "/home/airflow/.local/lib/python3.7/site-packages/psycopg2/__init__.py", line 122, in connect
    conn = _connect(dsn, connection_factory=connection_factory, **kwasync)
psycopg2.OperationalError: connection to server at "192.168.35.140", port 5432 failed: Connection refused
	Is the server running on that host and accepting TCP/IP connections?

[2024-01-09T06:11:41.249+0000] {taskinstance.py:1350} INFO - Marking task as FAILED. dag_id=modeling_dag, task_id=predict_ntu_task, execution_date=20240109T060500, start_date=20240109T061120, end_date=20240109T061141
[2024-01-09T06:11:41.260+0000] {standard_task_runner.py:109} ERROR - Failed to execute job 325 for task predict_ntu_task (connection to server at "192.168.35.140", port 5432 failed: Connection refused
	Is the server running on that host and accepting TCP/IP connections?
; 376)
[2024-01-09T06:11:41.299+0000] {local_task_job_runner.py:225} INFO - Task exited with return code 1
[2024-01-09T06:11:41.310+0000] {taskinstance.py:2653} INFO - 0 downstream tasks scheduled from follow-on schedule check
