[2023-12-25T13:44:12.180+0000] {taskinstance.py:1103} INFO - Dependencies all met for dep_context=non-requeueable deps ti=<TaskInstance: producer_dag.produce_task manual__2023-12-25T13:44:08.801532+00:00 [queued]>
[2023-12-25T13:44:12.189+0000] {taskinstance.py:1103} INFO - Dependencies all met for dep_context=requeueable deps ti=<TaskInstance: producer_dag.produce_task manual__2023-12-25T13:44:08.801532+00:00 [queued]>
[2023-12-25T13:44:12.189+0000] {taskinstance.py:1308} INFO - Starting attempt 1 of 1
[2023-12-25T13:44:12.201+0000] {taskinstance.py:1327} INFO - Executing <Task(PythonOperator): produce_task> on 2023-12-25 13:44:08.801532+00:00
[2023-12-25T13:44:12.206+0000] {standard_task_runner.py:57} INFO - Started process 9193 to run task
[2023-12-25T13:44:12.212+0000] {standard_task_runner.py:84} INFO - Running: ['***', 'tasks', 'run', 'producer_dag', 'produce_task', 'manual__2023-12-25T13:44:08.801532+00:00', '--job-id', '162', '--raw', '--subdir', 'DAGS_FOLDER/예비용/producer.py', '--cfg-path', '/tmp/tmp_7dux3ui']
[2023-12-25T13:44:12.214+0000] {standard_task_runner.py:85} INFO - Job 162: Subtask produce_task
[2023-12-25T13:44:12.253+0000] {task_command.py:410} INFO - Running <TaskInstance: producer_dag.produce_task manual__2023-12-25T13:44:08.801532+00:00 [running]> on host c56b1de7f6cf
[2023-12-25T13:44:12.320+0000] {taskinstance.py:1547} INFO - Exporting env vars: AIRFLOW_CTX_DAG_OWNER='***' AIRFLOW_CTX_DAG_ID='producer_dag' AIRFLOW_CTX_TASK_ID='produce_task' AIRFLOW_CTX_EXECUTION_DATE='2023-12-25T13:44:08.801532+00:00' AIRFLOW_CTX_TRY_NUMBER='1' AIRFLOW_CTX_DAG_RUN_ID='manual__2023-12-25T13:44:08.801532+00:00'
[2023-12-25T13:44:12.332+0000] {taskinstance.py:1824} ERROR - Task failed with exception
Traceback (most recent call last):
  File "/home/airflow/.local/lib/python3.7/site-packages/airflow/operators/python.py", line 181, in execute
    return_value = self.execute_callable()
  File "/home/airflow/.local/lib/python3.7/site-packages/airflow/operators/python.py", line 198, in execute_callable
    return self.python_callable(*self.op_args, **self.op_kwargs)
  File "/opt/airflow/dags/예비용/producer.py", line 69, in produce
    new_data, new_ntu_data, scaler = ti.xcom_pull(task_ids='generate_random_data_task')
ValueError: not enough values to unpack (expected 3, got 1)
[2023-12-25T13:44:12.341+0000] {taskinstance.py:1350} INFO - Marking task as FAILED. dag_id=producer_dag, task_id=produce_task, execution_date=20231225T134408, start_date=20231225T134412, end_date=20231225T134412
[2023-12-25T13:44:12.353+0000] {standard_task_runner.py:109} ERROR - Failed to execute job 162 for task produce_task (not enough values to unpack (expected 3, got 1); 9193)
[2023-12-25T13:44:12.382+0000] {local_task_job_runner.py:225} INFO - Task exited with return code 1
[2023-12-25T13:44:12.402+0000] {taskinstance.py:2653} INFO - 0 downstream tasks scheduled from follow-on schedule check
