[2023-12-25T13:51:52.000+0000] {taskinstance.py:1103} INFO - Dependencies all met for dep_context=non-requeueable deps ti=<TaskInstance: consumer_dag.insert_task manual__2023-12-25T13:51:50.088964+00:00 [queued]>
[2023-12-25T13:51:52.008+0000] {taskinstance.py:1103} INFO - Dependencies all met for dep_context=requeueable deps ti=<TaskInstance: consumer_dag.insert_task manual__2023-12-25T13:51:50.088964+00:00 [queued]>
[2023-12-25T13:51:52.008+0000] {taskinstance.py:1308} INFO - Starting attempt 1 of 1
[2023-12-25T13:51:52.019+0000] {taskinstance.py:1327} INFO - Executing <Task(PythonOperator): insert_task> on 2023-12-25 13:51:50.088964+00:00
[2023-12-25T13:51:52.023+0000] {standard_task_runner.py:57} INFO - Started process 9722 to run task
[2023-12-25T13:51:52.026+0000] {standard_task_runner.py:84} INFO - Running: ['***', 'tasks', 'run', 'consumer_dag', 'insert_task', 'manual__2023-12-25T13:51:50.088964+00:00', '--job-id', '181', '--raw', '--subdir', 'DAGS_FOLDER/consumer.py', '--cfg-path', '/tmp/tmpkmltxx73']
[2023-12-25T13:51:52.026+0000] {standard_task_runner.py:85} INFO - Job 181: Subtask insert_task
[2023-12-25T13:51:52.059+0000] {task_command.py:410} INFO - Running <TaskInstance: consumer_dag.insert_task manual__2023-12-25T13:51:50.088964+00:00 [running]> on host c56b1de7f6cf
[2023-12-25T13:51:52.152+0000] {taskinstance.py:1547} INFO - Exporting env vars: AIRFLOW_CTX_DAG_OWNER='***' AIRFLOW_CTX_DAG_ID='consumer_dag' AIRFLOW_CTX_TASK_ID='insert_task' AIRFLOW_CTX_EXECUTION_DATE='2023-12-25T13:51:50.088964+00:00' AIRFLOW_CTX_TRY_NUMBER='1' AIRFLOW_CTX_DAG_RUN_ID='manual__2023-12-25T13:51:50.088964+00:00'
[2023-12-25T13:51:52.163+0000] {logging_mixin.py:150} INFO - <class 'list'>
[2023-12-25T13:51:52.163+0000] {logging_mixin.py:150} INFO - [10.27593, 6.75027, 28.04058, 234.67878000000002, 47.81754, 1022.0625]
[2023-12-25T13:51:52.163+0000] {logging_mixin.py:150} INFO - 10.27593
[2023-12-25T13:51:52.163+0000] {logging_mixin.py:150} INFO - 6.75027
[2023-12-25T13:51:52.171+0000] {taskinstance.py:1824} ERROR - Task failed with exception
Traceback (most recent call last):
  File "/home/airflow/.local/lib/python3.7/site-packages/airflow/operators/python.py", line 181, in execute
    return_value = self.execute_callable()
  File "/home/airflow/.local/lib/python3.7/site-packages/airflow/operators/python.py", line 198, in execute_callable
    return self.python_callable(*self.op_args, **self.op_kwargs)
  File "/opt/airflow/dags/consumer.py", line 70, in insert_to_db
    cursor.execute(insert_query, (current_time, new_data[0][0], new_data[0][1], new_data[0][2], new_data[0][3], new_data[0][4], new_data[0][5]))
TypeError: 'float' object is not subscriptable
[2023-12-25T13:51:52.179+0000] {taskinstance.py:1350} INFO - Marking task as FAILED. dag_id=consumer_dag, task_id=insert_task, execution_date=20231225T135150, start_date=20231225T135152, end_date=20231225T135152
[2023-12-25T13:51:52.192+0000] {standard_task_runner.py:109} ERROR - Failed to execute job 181 for task insert_task ('float' object is not subscriptable; 9722)
[2023-12-25T13:51:52.197+0000] {local_task_job_runner.py:225} INFO - Task exited with return code 1
[2023-12-25T13:51:52.214+0000] {taskinstance.py:2653} INFO - 0 downstream tasks scheduled from follow-on schedule check
