[2024-01-09T06:13:24.641+0000] {taskinstance.py:1103} INFO - Dependencies all met for dep_context=non-requeueable deps ti=<TaskInstance: modeling_dag.predict_ntu_task scheduled__2024-01-09T06:12:00+00:00 [queued]>
[2024-01-09T06:13:24.648+0000] {taskinstance.py:1103} INFO - Dependencies all met for dep_context=requeueable deps ti=<TaskInstance: modeling_dag.predict_ntu_task scheduled__2024-01-09T06:12:00+00:00 [queued]>
[2024-01-09T06:13:24.648+0000] {taskinstance.py:1308} INFO - Starting attempt 1 of 1
[2024-01-09T06:13:24.659+0000] {taskinstance.py:1327} INFO - Executing <Task(PythonOperator): predict_ntu_task> on 2024-01-09 06:12:00+00:00
[2024-01-09T06:13:24.663+0000] {standard_task_runner.py:57} INFO - Started process 630 to run task
[2024-01-09T06:13:24.667+0000] {standard_task_runner.py:84} INFO - Running: ['***', 'tasks', 'run', 'modeling_dag', 'predict_ntu_task', 'scheduled__2024-01-09T06:12:00+00:00', '--job-id', '339', '--raw', '--subdir', 'DAGS_FOLDER/modeling.py', '--cfg-path', '/tmp/tmpe2qiitpf']
[2024-01-09T06:13:24.668+0000] {standard_task_runner.py:85} INFO - Job 339: Subtask predict_ntu_task
[2024-01-09T06:13:24.698+0000] {task_command.py:410} INFO - Running <TaskInstance: modeling_dag.predict_ntu_task scheduled__2024-01-09T06:12:00+00:00 [running]> on host 93456042b127
[2024-01-09T06:13:24.755+0000] {taskinstance.py:1547} INFO - Exporting env vars: AIRFLOW_CTX_DAG_OWNER='***' AIRFLOW_CTX_DAG_ID='modeling_dag' AIRFLOW_CTX_TASK_ID='predict_ntu_task' AIRFLOW_CTX_EXECUTION_DATE='2024-01-09T06:12:00+00:00' AIRFLOW_CTX_TRY_NUMBER='1' AIRFLOW_CTX_DAG_RUN_ID='scheduled__2024-01-09T06:12:00+00:00'
[2024-01-09T06:13:45.800+0000] {taskinstance.py:1824} ERROR - Task failed with exception
Traceback (most recent call last):
  File "/home/airflow/.local/lib/python3.7/site-packages/airflow/operators/python.py", line 181, in execute
    return_value = self.execute_callable()
  File "/home/airflow/.local/lib/python3.7/site-packages/airflow/operators/python.py", line 198, in execute_callable
    return self.python_callable(*self.op_args, **self.op_kwargs)
  File "/opt/airflow/dags/modeling.py", line 54, in predict_ntu
    password="airflow"
  File "/home/airflow/.local/lib/python3.7/site-packages/psycopg2/__init__.py", line 122, in connect
    conn = _connect(dsn, connection_factory=connection_factory, **kwasync)
psycopg2.OperationalError: connection to server at "192.168.35.140", port 5432 failed: Connection refused
	Is the server running on that host and accepting TCP/IP connections?

[2024-01-09T06:13:45.806+0000] {taskinstance.py:1350} INFO - Marking task as FAILED. dag_id=modeling_dag, task_id=predict_ntu_task, execution_date=20240109T061200, start_date=20240109T061324, end_date=20240109T061345
[2024-01-09T06:13:45.816+0000] {standard_task_runner.py:109} ERROR - Failed to execute job 339 for task predict_ntu_task (connection to server at "192.168.35.140", port 5432 failed: Connection refused
	Is the server running on that host and accepting TCP/IP connections?
; 630)
[2024-01-09T06:13:45.827+0000] {local_task_job_runner.py:225} INFO - Task exited with return code 1
[2024-01-09T06:13:45.838+0000] {taskinstance.py:2653} INFO - 0 downstream tasks scheduled from follow-on schedule check
