[2024-01-09T11:35:24.518+0000] {taskinstance.py:1103} INFO - Dependencies all met for dep_context=non-requeueable deps ti=<TaskInstance: modeling_dag.predict_ntu_task scheduled__2024-01-09T11:34:00+00:00 [queued]>
[2024-01-09T11:35:24.523+0000] {taskinstance.py:1103} INFO - Dependencies all met for dep_context=requeueable deps ti=<TaskInstance: modeling_dag.predict_ntu_task scheduled__2024-01-09T11:34:00+00:00 [queued]>
[2024-01-09T11:35:24.524+0000] {taskinstance.py:1308} INFO - Starting attempt 1 of 1
[2024-01-09T11:35:24.533+0000] {taskinstance.py:1327} INFO - Executing <Task(PythonOperator): predict_ntu_task> on 2024-01-09 11:34:00+00:00
[2024-01-09T11:35:24.539+0000] {standard_task_runner.py:57} INFO - Started process 1289 to run task
[2024-01-09T11:35:24.541+0000] {standard_task_runner.py:84} INFO - Running: ['***', 'tasks', 'run', 'modeling_dag', 'predict_ntu_task', 'scheduled__2024-01-09T11:34:00+00:00', '--job-id', '424', '--raw', '--subdir', 'DAGS_FOLDER/modeling.py', '--cfg-path', '/tmp/tmp5xpfhgir']
[2024-01-09T11:35:24.543+0000] {standard_task_runner.py:85} INFO - Job 424: Subtask predict_ntu_task
[2024-01-09T11:35:24.571+0000] {task_command.py:410} INFO - Running <TaskInstance: modeling_dag.predict_ntu_task scheduled__2024-01-09T11:34:00+00:00 [running]> on host 93456042b127
[2024-01-09T11:35:24.627+0000] {taskinstance.py:1547} INFO - Exporting env vars: AIRFLOW_CTX_DAG_OWNER='***' AIRFLOW_CTX_DAG_ID='modeling_dag' AIRFLOW_CTX_TASK_ID='predict_ntu_task' AIRFLOW_CTX_EXECUTION_DATE='2024-01-09T11:34:00+00:00' AIRFLOW_CTX_TRY_NUMBER='1' AIRFLOW_CTX_DAG_RUN_ID='scheduled__2024-01-09T11:34:00+00:00'
[2024-01-09T11:35:45.667+0000] {taskinstance.py:1824} ERROR - Task failed with exception
Traceback (most recent call last):
  File "/home/airflow/.local/lib/python3.7/site-packages/airflow/operators/python.py", line 181, in execute
    return_value = self.execute_callable()
  File "/home/airflow/.local/lib/python3.7/site-packages/airflow/operators/python.py", line 198, in execute_callable
    return self.python_callable(*self.op_args, **self.op_kwargs)
  File "/opt/airflow/dags/modeling.py", line 54, in predict_ntu
    password="airflow"
  File "/home/airflow/.local/lib/python3.7/site-packages/psycopg2/__init__.py", line 122, in connect
    conn = _connect(dsn, connection_factory=connection_factory, **kwasync)
psycopg2.OperationalError: connection to server at "192.168.35.140", port 5432 failed: Connection refused
	Is the server running on that host and accepting TCP/IP connections?

[2024-01-09T11:35:45.675+0000] {taskinstance.py:1350} INFO - Marking task as FAILED. dag_id=modeling_dag, task_id=predict_ntu_task, execution_date=20240109T113400, start_date=20240109T113524, end_date=20240109T113545
[2024-01-09T11:35:45.684+0000] {standard_task_runner.py:109} ERROR - Failed to execute job 424 for task predict_ntu_task (connection to server at "192.168.35.140", port 5432 failed: Connection refused
	Is the server running on that host and accepting TCP/IP connections?
; 1289)
[2024-01-09T11:35:45.709+0000] {local_task_job_runner.py:225} INFO - Task exited with return code 1
[2024-01-09T11:35:45.720+0000] {taskinstance.py:2653} INFO - 0 downstream tasks scheduled from follow-on schedule check
