[2023-12-27T17:03:13.764+0000] {taskinstance.py:1103} INFO - Dependencies all met for dep_context=non-requeueable deps ti=<TaskInstance: modeling_dag.insert_to_db manual__2023-12-27T17:03:06.697728+00:00 [queued]>
[2023-12-27T17:03:13.770+0000] {taskinstance.py:1103} INFO - Dependencies all met for dep_context=requeueable deps ti=<TaskInstance: modeling_dag.insert_to_db manual__2023-12-27T17:03:06.697728+00:00 [queued]>
[2023-12-27T17:03:13.770+0000] {taskinstance.py:1308} INFO - Starting attempt 1 of 1
[2023-12-27T17:03:13.781+0000] {taskinstance.py:1327} INFO - Executing <Task(PythonOperator): insert_to_db> on 2023-12-27 17:03:06.697728+00:00
[2023-12-27T17:03:13.787+0000] {standard_task_runner.py:57} INFO - Started process 5496 to run task
[2023-12-27T17:03:13.790+0000] {standard_task_runner.py:84} INFO - Running: ['***', 'tasks', 'run', 'modeling_dag', 'insert_to_db', 'manual__2023-12-27T17:03:06.697728+00:00', '--job-id', '471', '--raw', '--subdir', 'DAGS_FOLDER/modeling.py', '--cfg-path', '/tmp/tmpu3v29pfr']
[2023-12-27T17:03:13.792+0000] {standard_task_runner.py:85} INFO - Job 471: Subtask insert_to_db
[2023-12-27T17:03:13.824+0000] {task_command.py:410} INFO - Running <TaskInstance: modeling_dag.insert_to_db manual__2023-12-27T17:03:06.697728+00:00 [running]> on host c56b1de7f6cf
[2023-12-27T17:03:13.883+0000] {taskinstance.py:1547} INFO - Exporting env vars: AIRFLOW_CTX_DAG_OWNER='***' AIRFLOW_CTX_DAG_ID='modeling_dag' AIRFLOW_CTX_TASK_ID='insert_to_db' AIRFLOW_CTX_EXECUTION_DATE='2023-12-27T17:03:06.697728+00:00' AIRFLOW_CTX_TRY_NUMBER='1' AIRFLOW_CTX_DAG_RUN_ID='manual__2023-12-27T17:03:06.697728+00:00'
[2023-12-27T17:03:13.912+0000] {taskinstance.py:1824} ERROR - Task failed with exception
Traceback (most recent call last):
  File "/home/airflow/.local/lib/python3.7/site-packages/airflow/operators/python.py", line 181, in execute
    return_value = self.execute_callable()
  File "/home/airflow/.local/lib/python3.7/site-packages/airflow/operators/python.py", line 198, in execute_callable
    return self.python_callable(*self.op_args, **self.op_kwargs)
  File "/opt/airflow/dags/modeling.py", line 105, in insert_to_db
    cursor.execute(insert_query, (current_time, float(new_pred_pacs[0]), int(new_pred_cluster[0]),float(ntu_pred)))
TypeError: not all arguments converted during string formatting
[2023-12-27T17:03:13.920+0000] {taskinstance.py:1350} INFO - Marking task as FAILED. dag_id=modeling_dag, task_id=insert_to_db, execution_date=20231227T170306, start_date=20231227T170313, end_date=20231227T170313
[2023-12-27T17:03:13.929+0000] {standard_task_runner.py:109} ERROR - Failed to execute job 471 for task insert_to_db (not all arguments converted during string formatting; 5496)
[2023-12-27T17:03:13.962+0000] {local_task_job_runner.py:225} INFO - Task exited with return code 1
[2023-12-27T17:03:13.975+0000] {taskinstance.py:2653} INFO - 0 downstream tasks scheduled from follow-on schedule check
