[2023-12-20T05:58:50.125+0000] {processor.py:157} INFO - Started process (PID=31) to work on /opt/airflow/dags/another_consume.py
[2023-12-20T05:58:50.126+0000] {processor.py:826} INFO - Processing file /opt/airflow/dags/another_consume.py for tasks to queue
[2023-12-20T05:58:50.127+0000] {logging_mixin.py:150} INFO - [2023-12-20T05:58:50.126+0000] {dagbag.py:541} INFO - Filling up the DagBag from /opt/airflow/dags/another_consume.py
[2023-12-20T05:58:50.130+0000] {logging_mixin.py:150} INFO - [2023-12-20T05:58:50.129+0000] {dagbag.py:350} ERROR - Failed to import: /opt/airflow/dags/another_consume.py
Traceback (most recent call last):
  File "/home/airflow/.local/lib/python3.7/site-packages/airflow/models/dagbag.py", line 346, in parse
    loader.exec_module(new_module)
  File "<frozen importlib._bootstrap_external>", line 728, in exec_module
  File "<frozen importlib._bootstrap>", line 219, in _call_with_frames_removed
  File "/opt/airflow/dags/another_consume.py", line 4, in <module>
    from kafka import KafkaConsumer
ModuleNotFoundError: No module named 'kafka'
[2023-12-20T05:58:50.130+0000] {processor.py:838} WARNING - No viable dags retrieved from /opt/airflow/dags/another_consume.py
[2023-12-20T05:58:50.146+0000] {processor.py:179} INFO - Processing /opt/airflow/dags/another_consume.py took 0.024 seconds
[2023-12-20T05:59:20.422+0000] {processor.py:157} INFO - Started process (PID=125) to work on /opt/airflow/dags/another_consume.py
[2023-12-20T05:59:20.423+0000] {processor.py:826} INFO - Processing file /opt/airflow/dags/another_consume.py for tasks to queue
[2023-12-20T05:59:20.425+0000] {logging_mixin.py:150} INFO - [2023-12-20T05:59:20.424+0000] {dagbag.py:541} INFO - Filling up the DagBag from /opt/airflow/dags/another_consume.py
[2023-12-20T05:59:20.427+0000] {logging_mixin.py:150} INFO - [2023-12-20T05:59:20.427+0000] {dagbag.py:350} ERROR - Failed to import: /opt/airflow/dags/another_consume.py
Traceback (most recent call last):
  File "/home/airflow/.local/lib/python3.7/site-packages/airflow/models/dagbag.py", line 346, in parse
    loader.exec_module(new_module)
  File "<frozen importlib._bootstrap_external>", line 728, in exec_module
  File "<frozen importlib._bootstrap>", line 219, in _call_with_frames_removed
  File "/opt/airflow/dags/another_consume.py", line 4, in <module>
    from kafka import KafkaConsumer
ModuleNotFoundError: No module named 'kafka'
[2023-12-20T05:59:20.428+0000] {processor.py:838} WARNING - No viable dags retrieved from /opt/airflow/dags/another_consume.py
[2023-12-20T05:59:20.447+0000] {processor.py:179} INFO - Processing /opt/airflow/dags/another_consume.py took 0.028 seconds
[2023-12-20T05:59:50.550+0000] {processor.py:157} INFO - Started process (PID=210) to work on /opt/airflow/dags/another_consume.py
[2023-12-20T05:59:50.551+0000] {processor.py:826} INFO - Processing file /opt/airflow/dags/another_consume.py for tasks to queue
[2023-12-20T05:59:50.551+0000] {logging_mixin.py:150} INFO - [2023-12-20T05:59:50.551+0000] {dagbag.py:541} INFO - Filling up the DagBag from /opt/airflow/dags/another_consume.py
[2023-12-20T05:59:50.553+0000] {logging_mixin.py:150} INFO - [2023-12-20T05:59:50.553+0000] {dagbag.py:350} ERROR - Failed to import: /opt/airflow/dags/another_consume.py
Traceback (most recent call last):
  File "/home/airflow/.local/lib/python3.7/site-packages/airflow/models/dagbag.py", line 346, in parse
    loader.exec_module(new_module)
  File "<frozen importlib._bootstrap_external>", line 728, in exec_module
  File "<frozen importlib._bootstrap>", line 219, in _call_with_frames_removed
  File "/opt/airflow/dags/another_consume.py", line 4, in <module>
    from kafka import KafkaConsumer
ModuleNotFoundError: No module named 'kafka'
[2023-12-20T05:59:50.553+0000] {processor.py:838} WARNING - No viable dags retrieved from /opt/airflow/dags/another_consume.py
[2023-12-20T05:59:50.569+0000] {processor.py:179} INFO - Processing /opt/airflow/dags/another_consume.py took 0.021 seconds
