[2023-10-21T22:22:43.360+0900] {taskinstance.py:1103} INFO - Dependencies all met for dep_context=non-requeueable deps ti=<TaskInstance: combined_dag.generate_random_data_task manual__2023-10-21T13:22:40.248391+00:00 [queued]>
[2023-10-21T22:22:43.371+0900] {taskinstance.py:1103} INFO - Dependencies all met for dep_context=requeueable deps ti=<TaskInstance: combined_dag.generate_random_data_task manual__2023-10-21T13:22:40.248391+00:00 [queued]>
[2023-10-21T22:22:43.372+0900] {taskinstance.py:1308} INFO - Starting attempt 1 of 1
[2023-10-21T22:22:43.386+0900] {taskinstance.py:1327} INFO - Executing <Task(PythonOperator): generate_random_data_task> on 2023-10-21 13:22:40.248391+00:00
[2023-10-21T22:22:43.394+0900] {standard_task_runner.py:57} INFO - Started process 135468 to run task
[2023-10-21T22:22:43.396+0900] {standard_task_runner.py:84} INFO - Running: ['airflow', 'tasks', 'run', 'combined_dag', 'generate_random_data_task', 'manual__2023-10-21T13:22:40.248391+00:00', '--job-id', '28', '--raw', '--subdir', 'DAGS_FOLDER/combined_dag(real).py', '--cfg-path', '/tmp/tmpoep711aw']
[2023-10-21T22:22:43.397+0900] {standard_task_runner.py:85} INFO - Job 28: Subtask generate_random_data_task
[2023-10-21T22:22:43.687+0900] {task_command.py:410} INFO - Running <TaskInstance: combined_dag.generate_random_data_task manual__2023-10-21T13:22:40.248391+00:00 [running]> on host DESKTOP-HIRTBK6.
[2023-10-21T22:22:44.236+0900] {taskinstance.py:1547} INFO - Exporting env vars: AIRFLOW_CTX_DAG_OWNER='airflow' AIRFLOW_CTX_DAG_ID='combined_dag' AIRFLOW_CTX_TASK_ID='generate_random_data_task' AIRFLOW_CTX_EXECUTION_DATE='2023-10-21T13:22:40.248391+00:00' AIRFLOW_CTX_TRY_NUMBER='1' AIRFLOW_CTX_DAG_RUN_ID='manual__2023-10-21T13:22:40.248391+00:00'
[2023-10-21T22:22:44.322+0900] {taskinstance.py:1824} ERROR - Task failed with exception
Traceback (most recent call last):
  File "/home/user/anaconda3/envs/airflow_env/lib/python3.7/site-packages/airflow/operators/python.py", line 181, in execute
    return_value = self.execute_callable()
  File "/home/user/anaconda3/envs/airflow_env/lib/python3.7/site-packages/airflow/operators/python.py", line 198, in execute_callable
    return self.python_callable(*self.op_args, **self.op_kwargs)
  File "/home/user/airflow/dags/combined_dag(real).py", line 20, in generate_random_data
    user="airflow",
  File "/home/user/anaconda3/envs/airflow_env/lib/python3.7/site-packages/psycopg2/__init__.py", line 122, in connect
    conn = _connect(dsn, connection_factory=connection_factory, **kwasync)
psycopg2.OperationalError
[2023-10-21T22:22:44.510+0900] {taskinstance.py:1350} INFO - Marking task as FAILED. dag_id=combined_dag, task_id=generate_random_data_task, execution_date=20231021T132240, start_date=20231021T132243, end_date=20231021T132244
[2023-10-21T22:22:44.527+0900] {standard_task_runner.py:109} ERROR - Failed to execute job 28 for task generate_random_data_task (; 135468)
[2023-10-21T22:22:44.534+0900] {local_task_job_runner.py:225} INFO - Task exited with return code 1
[2023-10-21T22:22:44.635+0900] {taskinstance.py:2653} INFO - 0 downstream tasks scheduled from follow-on schedule check
