[2024-01-09T05:50:24.865+0000] {taskinstance.py:1103} INFO - Dependencies all met for dep_context=non-requeueable deps ti=<TaskInstance: modeling_dag.predict_ntu_task scheduled__2024-01-09T05:49:00+00:00 [queued]>
[2024-01-09T05:50:24.873+0000] {taskinstance.py:1103} INFO - Dependencies all met for dep_context=requeueable deps ti=<TaskInstance: modeling_dag.predict_ntu_task scheduled__2024-01-09T05:49:00+00:00 [queued]>
[2024-01-09T05:50:24.873+0000] {taskinstance.py:1308} INFO - Starting attempt 1 of 1
[2024-01-09T05:50:24.883+0000] {taskinstance.py:1327} INFO - Executing <Task(PythonOperator): predict_ntu_task> on 2024-01-09 05:49:00+00:00
[2024-01-09T05:50:24.888+0000] {standard_task_runner.py:57} INFO - Started process 1745 to run task
[2024-01-09T05:50:24.891+0000] {standard_task_runner.py:84} INFO - Running: ['***', 'tasks', 'run', 'modeling_dag', 'predict_ntu_task', 'scheduled__2024-01-09T05:49:00+00:00', '--job-id', '250', '--raw', '--subdir', 'DAGS_FOLDER/modeling.py', '--cfg-path', '/tmp/tmpkfyailzq']
[2024-01-09T05:50:24.893+0000] {standard_task_runner.py:85} INFO - Job 250: Subtask predict_ntu_task
[2024-01-09T05:50:24.924+0000] {task_command.py:410} INFO - Running <TaskInstance: modeling_dag.predict_ntu_task scheduled__2024-01-09T05:49:00+00:00 [running]> on host 93456042b127
[2024-01-09T05:50:24.987+0000] {taskinstance.py:1547} INFO - Exporting env vars: AIRFLOW_CTX_DAG_OWNER='***' AIRFLOW_CTX_DAG_ID='modeling_dag' AIRFLOW_CTX_TASK_ID='predict_ntu_task' AIRFLOW_CTX_EXECUTION_DATE='2024-01-09T05:49:00+00:00' AIRFLOW_CTX_TRY_NUMBER='1' AIRFLOW_CTX_DAG_RUN_ID='scheduled__2024-01-09T05:49:00+00:00'
[2024-01-09T05:50:46.025+0000] {taskinstance.py:1824} ERROR - Task failed with exception
Traceback (most recent call last):
  File "/home/airflow/.local/lib/python3.7/site-packages/airflow/operators/python.py", line 181, in execute
    return_value = self.execute_callable()
  File "/home/airflow/.local/lib/python3.7/site-packages/airflow/operators/python.py", line 198, in execute_callable
    return self.python_callable(*self.op_args, **self.op_kwargs)
  File "/opt/airflow/dags/modeling.py", line 54, in predict_ntu
    password="airflow"
  File "/home/airflow/.local/lib/python3.7/site-packages/psycopg2/__init__.py", line 122, in connect
    conn = _connect(dsn, connection_factory=connection_factory, **kwasync)
psycopg2.OperationalError: connection to server at "192.168.35.140", port 5432 failed: Connection refused
	Is the server running on that host and accepting TCP/IP connections?

[2024-01-09T05:50:46.031+0000] {taskinstance.py:1350} INFO - Marking task as FAILED. dag_id=modeling_dag, task_id=predict_ntu_task, execution_date=20240109T054900, start_date=20240109T055024, end_date=20240109T055046
[2024-01-09T05:50:46.040+0000] {standard_task_runner.py:109} ERROR - Failed to execute job 250 for task predict_ntu_task (connection to server at "192.168.35.140", port 5432 failed: Connection refused
	Is the server running on that host and accepting TCP/IP connections?
; 1745)
[2024-01-09T05:50:46.083+0000] {local_task_job_runner.py:225} INFO - Task exited with return code 1
[2024-01-09T05:50:46.094+0000] {taskinstance.py:2653} INFO - 0 downstream tasks scheduled from follow-on schedule check
