[2024-02-05T06:46:45.380+0000] {processor.py:157} INFO - Started process (PID=92) to work on /opt/airflow/dags/retrain_dag.py
[2024-02-05T06:46:45.381+0000] {processor.py:826} INFO - Processing file /opt/airflow/dags/retrain_dag.py for tasks to queue
[2024-02-05T06:46:45.382+0000] {logging_mixin.py:150} INFO - [2024-02-05T06:46:45.381+0000] {dagbag.py:541} INFO - Filling up the DagBag from /opt/airflow/dags/retrain_dag.py
[2024-02-05T06:46:47.228+0000] {processor.py:836} INFO - DAG(s) dict_keys(['retrain_dag']) retrieved from /opt/airflow/dags/retrain_dag.py
[2024-02-05T06:46:47.252+0000] {logging_mixin.py:150} INFO - [2024-02-05T06:46:47.251+0000] {dag.py:2742} INFO - Sync 1 DAGs
[2024-02-05T06:46:47.280+0000] {logging_mixin.py:150} INFO - [2024-02-05T06:46:47.280+0000] {dag.py:3508} INFO - Setting next_dagrun for retrain_dag to 2024-02-05T06:46:00+00:00, run_after=2024-02-05T06:48:00+00:00
[2024-02-05T06:46:47.300+0000] {processor.py:179} INFO - Processing /opt/airflow/dags/retrain_dag.py took 1.924 seconds
[2024-02-05T06:47:02.404+0000] {processor.py:157} INFO - Started process (PID=147) to work on /opt/airflow/dags/retrain_dag.py
[2024-02-05T06:47:02.404+0000] {processor.py:826} INFO - Processing file /opt/airflow/dags/retrain_dag.py for tasks to queue
[2024-02-05T06:47:02.405+0000] {logging_mixin.py:150} INFO - [2024-02-05T06:47:02.405+0000] {dagbag.py:541} INFO - Filling up the DagBag from /opt/airflow/dags/retrain_dag.py
[2024-02-05T06:47:03.658+0000] {processor.py:836} INFO - DAG(s) dict_keys(['retrain_dag']) retrieved from /opt/airflow/dags/retrain_dag.py
[2024-02-05T06:47:03.684+0000] {logging_mixin.py:150} INFO - [2024-02-05T06:47:03.684+0000] {dag.py:2742} INFO - Sync 1 DAGs
[2024-02-05T06:47:03.706+0000] {logging_mixin.py:150} INFO - [2024-02-05T06:47:03.706+0000] {dag.py:3508} INFO - Setting next_dagrun for retrain_dag to 2024-02-05T06:46:00+00:00, run_after=2024-02-05T06:48:00+00:00
[2024-02-05T06:47:03.724+0000] {processor.py:179} INFO - Processing /opt/airflow/dags/retrain_dag.py took 1.323 seconds
[2024-02-05T06:47:33.871+0000] {processor.py:157} INFO - Started process (PID=246) to work on /opt/airflow/dags/retrain_dag.py
[2024-02-05T06:47:33.872+0000] {processor.py:826} INFO - Processing file /opt/airflow/dags/retrain_dag.py for tasks to queue
[2024-02-05T06:47:33.873+0000] {logging_mixin.py:150} INFO - [2024-02-05T06:47:33.873+0000] {dagbag.py:541} INFO - Filling up the DagBag from /opt/airflow/dags/retrain_dag.py
[2024-02-05T06:47:35.590+0000] {processor.py:836} INFO - DAG(s) dict_keys(['retrain_dag']) retrieved from /opt/airflow/dags/retrain_dag.py
[2024-02-05T06:47:35.612+0000] {logging_mixin.py:150} INFO - [2024-02-05T06:47:35.611+0000] {dag.py:2742} INFO - Sync 1 DAGs
[2024-02-05T06:47:35.651+0000] {logging_mixin.py:150} INFO - [2024-02-05T06:47:35.651+0000] {dag.py:3508} INFO - Setting next_dagrun for retrain_dag to 2024-02-05T06:46:00+00:00, run_after=2024-02-05T06:48:00+00:00
[2024-02-05T06:47:35.674+0000] {processor.py:179} INFO - Processing /opt/airflow/dags/retrain_dag.py took 1.806 seconds
[2024-02-05T06:48:34.475+0000] {processor.py:157} INFO - Started process (PID=72) to work on /opt/airflow/dags/retrain_dag.py
[2024-02-05T06:48:34.476+0000] {processor.py:826} INFO - Processing file /opt/airflow/dags/retrain_dag.py for tasks to queue
[2024-02-05T06:48:34.477+0000] {logging_mixin.py:150} INFO - [2024-02-05T06:48:34.477+0000] {dagbag.py:541} INFO - Filling up the DagBag from /opt/airflow/dags/retrain_dag.py
[2024-02-05T06:48:35.749+0000] {processor.py:836} INFO - DAG(s) dict_keys(['retrain_dag']) retrieved from /opt/airflow/dags/retrain_dag.py
[2024-02-05T06:48:35.919+0000] {logging_mixin.py:150} INFO - [2024-02-05T06:48:35.919+0000] {dag.py:2742} INFO - Sync 1 DAGs
[2024-02-05T06:48:35.943+0000] {logging_mixin.py:150} INFO - [2024-02-05T06:48:35.943+0000] {dag.py:3508} INFO - Setting next_dagrun for retrain_dag to 2024-02-05T06:46:00+00:00, run_after=2024-02-05T06:48:00+00:00
[2024-02-05T06:48:35.966+0000] {processor.py:179} INFO - Processing /opt/airflow/dags/retrain_dag.py took 1.494 seconds
[2024-02-05T06:49:06.345+0000] {processor.py:157} INFO - Started process (PID=158) to work on /opt/airflow/dags/retrain_dag.py
[2024-02-05T06:49:06.347+0000] {processor.py:826} INFO - Processing file /opt/airflow/dags/retrain_dag.py for tasks to queue
[2024-02-05T06:49:06.349+0000] {logging_mixin.py:150} INFO - [2024-02-05T06:49:06.348+0000] {dagbag.py:541} INFO - Filling up the DagBag from /opt/airflow/dags/retrain_dag.py
[2024-02-05T06:49:07.776+0000] {processor.py:836} INFO - DAG(s) dict_keys(['retrain_dag']) retrieved from /opt/airflow/dags/retrain_dag.py
[2024-02-05T06:49:07.808+0000] {logging_mixin.py:150} INFO - [2024-02-05T06:49:07.808+0000] {dag.py:2742} INFO - Sync 1 DAGs
[2024-02-05T06:49:07.835+0000] {logging_mixin.py:150} INFO - [2024-02-05T06:49:07.835+0000] {dag.py:3508} INFO - Setting next_dagrun for retrain_dag to 2024-02-05T06:48:00+00:00, run_after=2024-02-05T06:50:00+00:00
[2024-02-05T06:49:07.853+0000] {processor.py:179} INFO - Processing /opt/airflow/dags/retrain_dag.py took 1.511 seconds
[2024-02-05T06:49:38.004+0000] {processor.py:157} INFO - Started process (PID=238) to work on /opt/airflow/dags/retrain_dag.py
[2024-02-05T06:49:38.007+0000] {processor.py:826} INFO - Processing file /opt/airflow/dags/retrain_dag.py for tasks to queue
[2024-02-05T06:49:38.009+0000] {logging_mixin.py:150} INFO - [2024-02-05T06:49:38.008+0000] {dagbag.py:541} INFO - Filling up the DagBag from /opt/airflow/dags/retrain_dag.py
[2024-02-05T06:49:39.099+0000] {processor.py:836} INFO - DAG(s) dict_keys(['retrain_dag']) retrieved from /opt/airflow/dags/retrain_dag.py
[2024-02-05T06:49:39.125+0000] {logging_mixin.py:150} INFO - [2024-02-05T06:49:39.124+0000] {dag.py:2742} INFO - Sync 1 DAGs
[2024-02-05T06:49:39.148+0000] {logging_mixin.py:150} INFO - [2024-02-05T06:49:39.147+0000] {dag.py:3508} INFO - Setting next_dagrun for retrain_dag to 2024-02-05T06:48:00+00:00, run_after=2024-02-05T06:50:00+00:00
[2024-02-05T06:49:39.166+0000] {processor.py:179} INFO - Processing /opt/airflow/dags/retrain_dag.py took 1.170 seconds
[2024-02-05T06:50:09.486+0000] {processor.py:157} INFO - Started process (PID=337) to work on /opt/airflow/dags/retrain_dag.py
[2024-02-05T06:50:09.491+0000] {processor.py:826} INFO - Processing file /opt/airflow/dags/retrain_dag.py for tasks to queue
[2024-02-05T06:50:09.498+0000] {logging_mixin.py:150} INFO - [2024-02-05T06:50:09.493+0000] {dagbag.py:541} INFO - Filling up the DagBag from /opt/airflow/dags/retrain_dag.py
[2024-02-05T06:50:10.660+0000] {processor.py:836} INFO - DAG(s) dict_keys(['retrain_dag']) retrieved from /opt/airflow/dags/retrain_dag.py
[2024-02-05T06:50:10.681+0000] {logging_mixin.py:150} INFO - [2024-02-05T06:50:10.680+0000] {dag.py:2742} INFO - Sync 1 DAGs
[2024-02-05T06:50:10.704+0000] {logging_mixin.py:150} INFO - [2024-02-05T06:50:10.703+0000] {dag.py:3508} INFO - Setting next_dagrun for retrain_dag to 2024-02-05T06:50:00+00:00, run_after=2024-02-05T06:52:00+00:00
[2024-02-05T06:50:10.719+0000] {processor.py:179} INFO - Processing /opt/airflow/dags/retrain_dag.py took 1.239 seconds
[2024-02-05T06:50:41.014+0000] {processor.py:157} INFO - Started process (PID=426) to work on /opt/airflow/dags/retrain_dag.py
[2024-02-05T06:50:41.017+0000] {processor.py:826} INFO - Processing file /opt/airflow/dags/retrain_dag.py for tasks to queue
[2024-02-05T06:50:41.019+0000] {logging_mixin.py:150} INFO - [2024-02-05T06:50:41.019+0000] {dagbag.py:541} INFO - Filling up the DagBag from /opt/airflow/dags/retrain_dag.py
[2024-02-05T06:50:42.015+0000] {processor.py:836} INFO - DAG(s) dict_keys(['retrain_dag']) retrieved from /opt/airflow/dags/retrain_dag.py
[2024-02-05T06:50:42.033+0000] {logging_mixin.py:150} INFO - [2024-02-05T06:50:42.033+0000] {dag.py:2742} INFO - Sync 1 DAGs
[2024-02-05T06:50:42.054+0000] {logging_mixin.py:150} INFO - [2024-02-05T06:50:42.054+0000] {dag.py:3508} INFO - Setting next_dagrun for retrain_dag to 2024-02-05T06:50:00+00:00, run_after=2024-02-05T06:52:00+00:00
[2024-02-05T06:50:42.072+0000] {processor.py:179} INFO - Processing /opt/airflow/dags/retrain_dag.py took 1.061 seconds
[2024-02-05T06:51:12.320+0000] {processor.py:157} INFO - Started process (PID=514) to work on /opt/airflow/dags/retrain_dag.py
[2024-02-05T06:51:12.324+0000] {processor.py:826} INFO - Processing file /opt/airflow/dags/retrain_dag.py for tasks to queue
[2024-02-05T06:51:12.326+0000] {logging_mixin.py:150} INFO - [2024-02-05T06:51:12.325+0000] {dagbag.py:541} INFO - Filling up the DagBag from /opt/airflow/dags/retrain_dag.py
[2024-02-05T06:51:13.434+0000] {processor.py:836} INFO - DAG(s) dict_keys(['retrain_dag']) retrieved from /opt/airflow/dags/retrain_dag.py
[2024-02-05T06:51:13.451+0000] {logging_mixin.py:150} INFO - [2024-02-05T06:51:13.451+0000] {dag.py:2742} INFO - Sync 1 DAGs
[2024-02-05T06:51:13.472+0000] {logging_mixin.py:150} INFO - [2024-02-05T06:51:13.472+0000] {dag.py:3508} INFO - Setting next_dagrun for retrain_dag to 2024-02-05T06:50:00+00:00, run_after=2024-02-05T06:52:00+00:00
[2024-02-05T06:51:13.486+0000] {processor.py:179} INFO - Processing /opt/airflow/dags/retrain_dag.py took 1.173 seconds
[2024-02-05T06:51:43.678+0000] {processor.py:157} INFO - Started process (PID=605) to work on /opt/airflow/dags/retrain_dag.py
[2024-02-05T06:51:43.681+0000] {processor.py:826} INFO - Processing file /opt/airflow/dags/retrain_dag.py for tasks to queue
[2024-02-05T06:51:43.683+0000] {logging_mixin.py:150} INFO - [2024-02-05T06:51:43.682+0000] {dagbag.py:541} INFO - Filling up the DagBag from /opt/airflow/dags/retrain_dag.py
[2024-02-05T06:51:44.724+0000] {processor.py:836} INFO - DAG(s) dict_keys(['retrain_dag']) retrieved from /opt/airflow/dags/retrain_dag.py
[2024-02-05T06:51:44.748+0000] {logging_mixin.py:150} INFO - [2024-02-05T06:51:44.748+0000] {dag.py:2742} INFO - Sync 1 DAGs
[2024-02-05T06:51:44.775+0000] {logging_mixin.py:150} INFO - [2024-02-05T06:51:44.775+0000] {dag.py:3508} INFO - Setting next_dagrun for retrain_dag to 2024-02-05T06:50:00+00:00, run_after=2024-02-05T06:52:00+00:00
[2024-02-05T06:51:44.795+0000] {processor.py:179} INFO - Processing /opt/airflow/dags/retrain_dag.py took 1.129 seconds
[2024-02-05T06:52:15.337+0000] {processor.py:157} INFO - Started process (PID=695) to work on /opt/airflow/dags/retrain_dag.py
[2024-02-05T06:52:15.339+0000] {processor.py:826} INFO - Processing file /opt/airflow/dags/retrain_dag.py for tasks to queue
[2024-02-05T06:52:15.339+0000] {logging_mixin.py:150} INFO - [2024-02-05T06:52:15.339+0000] {dagbag.py:541} INFO - Filling up the DagBag from /opt/airflow/dags/retrain_dag.py
[2024-02-05T06:52:16.606+0000] {processor.py:836} INFO - DAG(s) dict_keys(['retrain_dag']) retrieved from /opt/airflow/dags/retrain_dag.py
[2024-02-05T06:52:16.630+0000] {logging_mixin.py:150} INFO - [2024-02-05T06:52:16.630+0000] {dag.py:2742} INFO - Sync 1 DAGs
[2024-02-05T06:52:16.660+0000] {logging_mixin.py:150} INFO - [2024-02-05T06:52:16.660+0000] {dag.py:3508} INFO - Setting next_dagrun for retrain_dag to 2024-02-05T06:52:00+00:00, run_after=2024-02-05T06:54:00+00:00
[2024-02-05T06:52:16.680+0000] {processor.py:179} INFO - Processing /opt/airflow/dags/retrain_dag.py took 1.346 seconds
[2024-02-05T06:52:47.443+0000] {processor.py:157} INFO - Started process (PID=784) to work on /opt/airflow/dags/retrain_dag.py
[2024-02-05T06:52:47.444+0000] {processor.py:826} INFO - Processing file /opt/airflow/dags/retrain_dag.py for tasks to queue
[2024-02-05T06:52:47.445+0000] {logging_mixin.py:150} INFO - [2024-02-05T06:52:47.444+0000] {dagbag.py:541} INFO - Filling up the DagBag from /opt/airflow/dags/retrain_dag.py
[2024-02-05T06:52:48.481+0000] {processor.py:836} INFO - DAG(s) dict_keys(['retrain_dag']) retrieved from /opt/airflow/dags/retrain_dag.py
[2024-02-05T06:52:48.497+0000] {logging_mixin.py:150} INFO - [2024-02-05T06:52:48.497+0000] {dag.py:2742} INFO - Sync 1 DAGs
[2024-02-05T06:52:48.517+0000] {logging_mixin.py:150} INFO - [2024-02-05T06:52:48.517+0000] {dag.py:3508} INFO - Setting next_dagrun for retrain_dag to 2024-02-05T06:52:00+00:00, run_after=2024-02-05T06:54:00+00:00
[2024-02-05T06:52:48.533+0000] {processor.py:179} INFO - Processing /opt/airflow/dags/retrain_dag.py took 1.093 seconds
[2024-02-05T06:53:18.648+0000] {processor.py:157} INFO - Started process (PID=880) to work on /opt/airflow/dags/retrain_dag.py
[2024-02-05T06:53:18.653+0000] {processor.py:826} INFO - Processing file /opt/airflow/dags/retrain_dag.py for tasks to queue
[2024-02-05T06:53:18.654+0000] {logging_mixin.py:150} INFO - [2024-02-05T06:53:18.653+0000] {dagbag.py:541} INFO - Filling up the DagBag from /opt/airflow/dags/retrain_dag.py
[2024-02-05T06:53:19.794+0000] {processor.py:836} INFO - DAG(s) dict_keys(['retrain_dag']) retrieved from /opt/airflow/dags/retrain_dag.py
[2024-02-05T06:53:19.818+0000] {logging_mixin.py:150} INFO - [2024-02-05T06:53:19.818+0000] {dag.py:2742} INFO - Sync 1 DAGs
[2024-02-05T06:53:19.845+0000] {logging_mixin.py:150} INFO - [2024-02-05T06:53:19.845+0000] {dag.py:3508} INFO - Setting next_dagrun for retrain_dag to 2024-02-05T06:52:00+00:00, run_after=2024-02-05T06:54:00+00:00
[2024-02-05T06:53:19.862+0000] {processor.py:179} INFO - Processing /opt/airflow/dags/retrain_dag.py took 1.220 seconds
[2024-02-05T06:53:50.047+0000] {processor.py:157} INFO - Started process (PID=963) to work on /opt/airflow/dags/retrain_dag.py
[2024-02-05T06:53:50.049+0000] {processor.py:826} INFO - Processing file /opt/airflow/dags/retrain_dag.py for tasks to queue
[2024-02-05T06:53:50.051+0000] {logging_mixin.py:150} INFO - [2024-02-05T06:53:50.051+0000] {dagbag.py:541} INFO - Filling up the DagBag from /opt/airflow/dags/retrain_dag.py
[2024-02-05T06:53:51.141+0000] {processor.py:836} INFO - DAG(s) dict_keys(['retrain_dag']) retrieved from /opt/airflow/dags/retrain_dag.py
[2024-02-05T06:53:51.159+0000] {logging_mixin.py:150} INFO - [2024-02-05T06:53:51.159+0000] {dag.py:2742} INFO - Sync 1 DAGs
[2024-02-05T06:53:51.191+0000] {logging_mixin.py:150} INFO - [2024-02-05T06:53:51.190+0000] {dag.py:3508} INFO - Setting next_dagrun for retrain_dag to 2024-02-05T06:52:00+00:00, run_after=2024-02-05T06:54:00+00:00
[2024-02-05T06:53:51.219+0000] {processor.py:179} INFO - Processing /opt/airflow/dags/retrain_dag.py took 1.181 seconds
[2024-02-05T06:54:21.415+0000] {processor.py:157} INFO - Started process (PID=1062) to work on /opt/airflow/dags/retrain_dag.py
[2024-02-05T06:54:21.417+0000] {processor.py:826} INFO - Processing file /opt/airflow/dags/retrain_dag.py for tasks to queue
[2024-02-05T06:54:21.418+0000] {logging_mixin.py:150} INFO - [2024-02-05T06:54:21.418+0000] {dagbag.py:541} INFO - Filling up the DagBag from /opt/airflow/dags/retrain_dag.py
[2024-02-05T06:54:22.593+0000] {processor.py:836} INFO - DAG(s) dict_keys(['retrain_dag']) retrieved from /opt/airflow/dags/retrain_dag.py
[2024-02-05T06:54:22.621+0000] {logging_mixin.py:150} INFO - [2024-02-05T06:54:22.621+0000] {dag.py:2742} INFO - Sync 1 DAGs
[2024-02-05T06:54:22.649+0000] {logging_mixin.py:150} INFO - [2024-02-05T06:54:22.649+0000] {dag.py:3508} INFO - Setting next_dagrun for retrain_dag to 2024-02-05T06:54:00+00:00, run_after=2024-02-05T06:56:00+00:00
[2024-02-05T06:54:22.666+0000] {processor.py:179} INFO - Processing /opt/airflow/dags/retrain_dag.py took 1.254 seconds
[2024-02-05T06:54:53.233+0000] {processor.py:157} INFO - Started process (PID=1143) to work on /opt/airflow/dags/retrain_dag.py
[2024-02-05T06:54:53.235+0000] {processor.py:826} INFO - Processing file /opt/airflow/dags/retrain_dag.py for tasks to queue
[2024-02-05T06:54:53.237+0000] {logging_mixin.py:150} INFO - [2024-02-05T06:54:53.237+0000] {dagbag.py:541} INFO - Filling up the DagBag from /opt/airflow/dags/retrain_dag.py
[2024-02-05T06:54:54.243+0000] {processor.py:836} INFO - DAG(s) dict_keys(['retrain_dag']) retrieved from /opt/airflow/dags/retrain_dag.py
[2024-02-05T06:54:54.261+0000] {logging_mixin.py:150} INFO - [2024-02-05T06:54:54.261+0000] {dag.py:2742} INFO - Sync 1 DAGs
[2024-02-05T06:54:54.281+0000] {logging_mixin.py:150} INFO - [2024-02-05T06:54:54.281+0000] {dag.py:3508} INFO - Setting next_dagrun for retrain_dag to 2024-02-05T06:54:00+00:00, run_after=2024-02-05T06:56:00+00:00
[2024-02-05T06:54:54.299+0000] {processor.py:179} INFO - Processing /opt/airflow/dags/retrain_dag.py took 1.076 seconds
[2024-02-05T06:55:24.534+0000] {processor.py:157} INFO - Started process (PID=1242) to work on /opt/airflow/dags/retrain_dag.py
[2024-02-05T06:55:24.537+0000] {processor.py:826} INFO - Processing file /opt/airflow/dags/retrain_dag.py for tasks to queue
[2024-02-05T06:55:24.539+0000] {logging_mixin.py:150} INFO - [2024-02-05T06:55:24.539+0000] {dagbag.py:541} INFO - Filling up the DagBag from /opt/airflow/dags/retrain_dag.py
[2024-02-05T06:55:25.603+0000] {processor.py:836} INFO - DAG(s) dict_keys(['retrain_dag']) retrieved from /opt/airflow/dags/retrain_dag.py
[2024-02-05T06:55:25.621+0000] {logging_mixin.py:150} INFO - [2024-02-05T06:55:25.621+0000] {dag.py:2742} INFO - Sync 1 DAGs
[2024-02-05T06:55:25.643+0000] {logging_mixin.py:150} INFO - [2024-02-05T06:55:25.643+0000] {dag.py:3508} INFO - Setting next_dagrun for retrain_dag to 2024-02-05T06:54:00+00:00, run_after=2024-02-05T06:56:00+00:00
[2024-02-05T06:55:25.658+0000] {processor.py:179} INFO - Processing /opt/airflow/dags/retrain_dag.py took 1.133 seconds
[2024-02-05T06:55:55.706+0000] {processor.py:157} INFO - Started process (PID=1331) to work on /opt/airflow/dags/retrain_dag.py
[2024-02-05T06:55:55.708+0000] {processor.py:826} INFO - Processing file /opt/airflow/dags/retrain_dag.py for tasks to queue
[2024-02-05T06:55:55.709+0000] {logging_mixin.py:150} INFO - [2024-02-05T06:55:55.709+0000] {dagbag.py:541} INFO - Filling up the DagBag from /opt/airflow/dags/retrain_dag.py
[2024-02-05T06:55:56.778+0000] {processor.py:836} INFO - DAG(s) dict_keys(['retrain_dag']) retrieved from /opt/airflow/dags/retrain_dag.py
[2024-02-05T06:55:56.802+0000] {logging_mixin.py:150} INFO - [2024-02-05T06:55:56.802+0000] {dag.py:2742} INFO - Sync 1 DAGs
[2024-02-05T06:55:56.828+0000] {logging_mixin.py:150} INFO - [2024-02-05T06:55:56.828+0000] {dag.py:3508} INFO - Setting next_dagrun for retrain_dag to 2024-02-05T06:54:00+00:00, run_after=2024-02-05T06:56:00+00:00
[2024-02-05T06:55:56.847+0000] {processor.py:179} INFO - Processing /opt/airflow/dags/retrain_dag.py took 1.145 seconds
[2024-02-05T06:56:27.069+0000] {processor.py:157} INFO - Started process (PID=1424) to work on /opt/airflow/dags/retrain_dag.py
[2024-02-05T06:56:27.072+0000] {processor.py:826} INFO - Processing file /opt/airflow/dags/retrain_dag.py for tasks to queue
[2024-02-05T06:56:27.073+0000] {logging_mixin.py:150} INFO - [2024-02-05T06:56:27.073+0000] {dagbag.py:541} INFO - Filling up the DagBag from /opt/airflow/dags/retrain_dag.py
[2024-02-05T06:56:28.097+0000] {processor.py:836} INFO - DAG(s) dict_keys(['retrain_dag']) retrieved from /opt/airflow/dags/retrain_dag.py
[2024-02-05T06:56:28.116+0000] {logging_mixin.py:150} INFO - [2024-02-05T06:56:28.116+0000] {dag.py:2742} INFO - Sync 1 DAGs
[2024-02-05T06:56:28.137+0000] {logging_mixin.py:150} INFO - [2024-02-05T06:56:28.137+0000] {dag.py:3508} INFO - Setting next_dagrun for retrain_dag to 2024-02-05T06:56:00+00:00, run_after=2024-02-05T06:58:00+00:00
[2024-02-05T06:56:28.153+0000] {processor.py:179} INFO - Processing /opt/airflow/dags/retrain_dag.py took 1.092 seconds
[2024-02-05T06:56:58.212+0000] {processor.py:157} INFO - Started process (PID=1514) to work on /opt/airflow/dags/retrain_dag.py
[2024-02-05T06:56:58.215+0000] {processor.py:826} INFO - Processing file /opt/airflow/dags/retrain_dag.py for tasks to queue
[2024-02-05T06:56:58.216+0000] {logging_mixin.py:150} INFO - [2024-02-05T06:56:58.215+0000] {dagbag.py:541} INFO - Filling up the DagBag from /opt/airflow/dags/retrain_dag.py
[2024-02-05T06:56:59.292+0000] {processor.py:836} INFO - DAG(s) dict_keys(['retrain_dag']) retrieved from /opt/airflow/dags/retrain_dag.py
[2024-02-05T06:56:59.309+0000] {logging_mixin.py:150} INFO - [2024-02-05T06:56:59.309+0000] {dag.py:2742} INFO - Sync 1 DAGs
[2024-02-05T06:56:59.331+0000] {logging_mixin.py:150} INFO - [2024-02-05T06:56:59.331+0000] {dag.py:3508} INFO - Setting next_dagrun for retrain_dag to 2024-02-05T06:56:00+00:00, run_after=2024-02-05T06:58:00+00:00
[2024-02-05T06:56:59.347+0000] {processor.py:179} INFO - Processing /opt/airflow/dags/retrain_dag.py took 1.137 seconds
[2024-02-05T06:57:29.954+0000] {processor.py:157} INFO - Started process (PID=1602) to work on /opt/airflow/dags/retrain_dag.py
[2024-02-05T06:57:29.955+0000] {processor.py:826} INFO - Processing file /opt/airflow/dags/retrain_dag.py for tasks to queue
[2024-02-05T06:57:29.955+0000] {logging_mixin.py:150} INFO - [2024-02-05T06:57:29.955+0000] {dagbag.py:541} INFO - Filling up the DagBag from /opt/airflow/dags/retrain_dag.py
[2024-02-05T06:57:31.083+0000] {processor.py:836} INFO - DAG(s) dict_keys(['retrain_dag']) retrieved from /opt/airflow/dags/retrain_dag.py
[2024-02-05T06:57:31.105+0000] {logging_mixin.py:150} INFO - [2024-02-05T06:57:31.104+0000] {dag.py:2742} INFO - Sync 1 DAGs
[2024-02-05T06:57:31.128+0000] {logging_mixin.py:150} INFO - [2024-02-05T06:57:31.128+0000] {dag.py:3508} INFO - Setting next_dagrun for retrain_dag to 2024-02-05T06:56:00+00:00, run_after=2024-02-05T06:58:00+00:00
[2024-02-05T06:57:31.143+0000] {processor.py:179} INFO - Processing /opt/airflow/dags/retrain_dag.py took 1.193 seconds
[2024-02-05T06:58:01.244+0000] {processor.py:157} INFO - Started process (PID=1696) to work on /opt/airflow/dags/retrain_dag.py
[2024-02-05T06:58:01.245+0000] {processor.py:826} INFO - Processing file /opt/airflow/dags/retrain_dag.py for tasks to queue
[2024-02-05T06:58:01.246+0000] {logging_mixin.py:150} INFO - [2024-02-05T06:58:01.246+0000] {dagbag.py:541} INFO - Filling up the DagBag from /opt/airflow/dags/retrain_dag.py
[2024-02-05T06:58:02.750+0000] {processor.py:836} INFO - DAG(s) dict_keys(['retrain_dag']) retrieved from /opt/airflow/dags/retrain_dag.py
[2024-02-05T06:58:02.776+0000] {logging_mixin.py:150} INFO - [2024-02-05T06:58:02.775+0000] {dag.py:2742} INFO - Sync 1 DAGs
[2024-02-05T06:58:02.808+0000] {logging_mixin.py:150} INFO - [2024-02-05T06:58:02.807+0000] {dag.py:3508} INFO - Setting next_dagrun for retrain_dag to 2024-02-05T06:58:00+00:00, run_after=2024-02-05T07:00:00+00:00
[2024-02-05T06:58:02.834+0000] {processor.py:179} INFO - Processing /opt/airflow/dags/retrain_dag.py took 1.594 seconds
[2024-02-05T06:58:33.291+0000] {processor.py:157} INFO - Started process (PID=1788) to work on /opt/airflow/dags/retrain_dag.py
[2024-02-05T06:58:33.294+0000] {processor.py:826} INFO - Processing file /opt/airflow/dags/retrain_dag.py for tasks to queue
[2024-02-05T06:58:33.296+0000] {logging_mixin.py:150} INFO - [2024-02-05T06:58:33.294+0000] {dagbag.py:541} INFO - Filling up the DagBag from /opt/airflow/dags/retrain_dag.py
[2024-02-05T06:58:34.464+0000] {processor.py:836} INFO - DAG(s) dict_keys(['retrain_dag']) retrieved from /opt/airflow/dags/retrain_dag.py
[2024-02-05T06:58:34.487+0000] {logging_mixin.py:150} INFO - [2024-02-05T06:58:34.487+0000] {dag.py:2742} INFO - Sync 1 DAGs
[2024-02-05T06:58:34.511+0000] {logging_mixin.py:150} INFO - [2024-02-05T06:58:34.511+0000] {dag.py:3508} INFO - Setting next_dagrun for retrain_dag to 2024-02-05T06:58:00+00:00, run_after=2024-02-05T07:00:00+00:00
[2024-02-05T06:58:34.536+0000] {processor.py:179} INFO - Processing /opt/airflow/dags/retrain_dag.py took 1.248 seconds
