[2023-12-18T15:27:28.018+0000] {taskinstance.py:1103} INFO - Dependencies all met for dep_context=non-requeueable deps ti=<TaskInstance: combined_dag.generate_random_data_task scheduled__2023-12-18T15:25:00+00:00 [queued]>
[2023-12-18T15:27:28.029+0000] {taskinstance.py:1103} INFO - Dependencies all met for dep_context=requeueable deps ti=<TaskInstance: combined_dag.generate_random_data_task scheduled__2023-12-18T15:25:00+00:00 [queued]>
[2023-12-18T15:27:28.030+0000] {taskinstance.py:1308} INFO - Starting attempt 1 of 1
[2023-12-18T15:27:28.047+0000] {taskinstance.py:1327} INFO - Executing <Task(PythonOperator): generate_random_data_task> on 2023-12-18 15:25:00+00:00
[2023-12-18T15:27:28.056+0000] {standard_task_runner.py:57} INFO - Started process 398 to run task
[2023-12-18T15:27:28.059+0000] {standard_task_runner.py:84} INFO - Running: ['***', 'tasks', 'run', 'combined_dag', 'generate_random_data_task', 'scheduled__2023-12-18T15:25:00+00:00', '--job-id', '7', '--raw', '--subdir', 'DAGS_FOLDER/combined_dag(real).py', '--cfg-path', '/tmp/tmp5xqr215o']
[2023-12-18T15:27:28.063+0000] {standard_task_runner.py:85} INFO - Job 7: Subtask generate_random_data_task
[2023-12-18T15:27:28.118+0000] {task_command.py:410} INFO - Running <TaskInstance: combined_dag.generate_random_data_task scheduled__2023-12-18T15:25:00+00:00 [running]> on host cd038187919c
[2023-12-18T15:27:28.193+0000] {taskinstance.py:1547} INFO - Exporting env vars: AIRFLOW_CTX_DAG_OWNER='***' AIRFLOW_CTX_DAG_ID='combined_dag' AIRFLOW_CTX_TASK_ID='generate_random_data_task' AIRFLOW_CTX_EXECUTION_DATE='2023-12-18T15:25:00+00:00' AIRFLOW_CTX_TRY_NUMBER='1' AIRFLOW_CTX_DAG_RUN_ID='scheduled__2023-12-18T15:25:00+00:00'
[2023-12-18T15:27:28.198+0000] {taskinstance.py:1824} ERROR - Task failed with exception
Traceback (most recent call last):
  File "/home/airflow/.local/lib/python3.7/site-packages/airflow/operators/python.py", line 181, in execute
    return_value = self.execute_callable()
  File "/home/airflow/.local/lib/python3.7/site-packages/airflow/operators/python.py", line 198, in execute_callable
    return self.python_callable(*self.op_args, **self.op_kwargs)
  File "/opt/airflow/dags/combined_dag(real).py", line 21, in generate_random_data
    user="postgres",
  File "/home/airflow/.local/lib/python3.7/site-packages/psycopg2/__init__.py", line 122, in connect
    conn = _connect(dsn, connection_factory=connection_factory, **kwasync)
psycopg2.OperationalError: connection to server at "192.168.35.81", port 5432 failed: fe_sendauth: no password supplied

[2023-12-18T15:27:28.207+0000] {taskinstance.py:1350} INFO - Marking task as FAILED. dag_id=combined_dag, task_id=generate_random_data_task, execution_date=20231218T152500, start_date=20231218T152728, end_date=20231218T152728
[2023-12-18T15:27:28.218+0000] {standard_task_runner.py:109} ERROR - Failed to execute job 7 for task generate_random_data_task (connection to server at "192.168.35.81", port 5432 failed: fe_sendauth: no password supplied
; 398)
[2023-12-18T15:27:28.232+0000] {local_task_job_runner.py:225} INFO - Task exited with return code 1
[2023-12-18T15:27:28.255+0000] {taskinstance.py:2653} INFO - 0 downstream tasks scheduled from follow-on schedule check
