[2023-12-27T17:01:27.549+0000] {taskinstance.py:1103} INFO - Dependencies all met for dep_context=non-requeueable deps ti=<TaskInstance: modeling_dag.insert_to_db manual__2023-12-27T17:01:20.878040+00:00 [queued]>
[2023-12-27T17:01:27.555+0000] {taskinstance.py:1103} INFO - Dependencies all met for dep_context=requeueable deps ti=<TaskInstance: modeling_dag.insert_to_db manual__2023-12-27T17:01:20.878040+00:00 [queued]>
[2023-12-27T17:01:27.555+0000] {taskinstance.py:1308} INFO - Starting attempt 1 of 1
[2023-12-27T17:01:27.572+0000] {taskinstance.py:1327} INFO - Executing <Task(PythonOperator): insert_to_db> on 2023-12-27 17:01:20.878040+00:00
[2023-12-27T17:01:27.577+0000] {standard_task_runner.py:57} INFO - Started process 5209 to run task
[2023-12-27T17:01:27.579+0000] {standard_task_runner.py:84} INFO - Running: ['***', 'tasks', 'run', 'modeling_dag', 'insert_to_db', 'manual__2023-12-27T17:01:20.878040+00:00', '--job-id', '465', '--raw', '--subdir', 'DAGS_FOLDER/modeling.py', '--cfg-path', '/tmp/tmps6ana3vo']
[2023-12-27T17:01:27.581+0000] {standard_task_runner.py:85} INFO - Job 465: Subtask insert_to_db
[2023-12-27T17:01:27.613+0000] {task_command.py:410} INFO - Running <TaskInstance: modeling_dag.insert_to_db manual__2023-12-27T17:01:20.878040+00:00 [running]> on host c56b1de7f6cf
[2023-12-27T17:01:27.667+0000] {taskinstance.py:1547} INFO - Exporting env vars: AIRFLOW_CTX_DAG_OWNER='***' AIRFLOW_CTX_DAG_ID='modeling_dag' AIRFLOW_CTX_TASK_ID='insert_to_db' AIRFLOW_CTX_EXECUTION_DATE='2023-12-27T17:01:20.878040+00:00' AIRFLOW_CTX_TRY_NUMBER='1' AIRFLOW_CTX_DAG_RUN_ID='manual__2023-12-27T17:01:20.878040+00:00'
[2023-12-27T17:01:27.689+0000] {taskinstance.py:1824} ERROR - Task failed with exception
Traceback (most recent call last):
  File "/home/airflow/.local/lib/python3.7/site-packages/airflow/operators/python.py", line 181, in execute
    return_value = self.execute_callable()
  File "/home/airflow/.local/lib/python3.7/site-packages/airflow/operators/python.py", line 198, in execute_callable
    return self.python_callable(*self.op_args, **self.op_kwargs)
  File "/opt/airflow/dags/modeling.py", line 104, in insert_to_db
    cursor.execute(insert_query, (current_time, float(new_pred_pacs[0]), int(new_pred_cluster[0]),float(ntu_pred)))
TypeError: not all arguments converted during string formatting
[2023-12-27T17:01:27.695+0000] {taskinstance.py:1350} INFO - Marking task as FAILED. dag_id=modeling_dag, task_id=insert_to_db, execution_date=20231227T170120, start_date=20231227T170127, end_date=20231227T170127
[2023-12-27T17:01:27.708+0000] {standard_task_runner.py:109} ERROR - Failed to execute job 465 for task insert_to_db (not all arguments converted during string formatting; 5209)
[2023-12-27T17:01:27.751+0000] {local_task_job_runner.py:225} INFO - Task exited with return code 1
[2023-12-27T17:01:27.768+0000] {taskinstance.py:2653} INFO - 0 downstream tasks scheduled from follow-on schedule check
