[2023-12-25T13:22:57.907+0000] {processor.py:157} INFO - Started process (PID=29791) to work on /opt/airflow/dags/예비용/producer.py
[2023-12-25T13:22:57.907+0000] {processor.py:826} INFO - Processing file /opt/airflow/dags/예비용/producer.py for tasks to queue
[2023-12-25T13:22:57.908+0000] {logging_mixin.py:150} INFO - [2023-12-25T13:22:57.907+0000] {dagbag.py:541} INFO - Filling up the DagBag from /opt/airflow/dags/예비용/producer.py
[2023-12-25T13:22:58.435+0000] {processor.py:836} INFO - DAG(s) dict_keys(['producer_dag']) retrieved from /opt/airflow/dags/예비용/producer.py
[2023-12-25T13:22:58.511+0000] {logging_mixin.py:150} INFO - [2023-12-25T13:22:58.510+0000] {dag.py:2742} INFO - Sync 1 DAGs
[2023-12-25T13:22:58.527+0000] {logging_mixin.py:150} INFO - [2023-12-25T13:22:58.527+0000] {dag.py:3508} INFO - Setting next_dagrun for producer_dag to 2023-12-25T13:22:00+00:00, run_after=2023-12-25T13:23:00+00:00
[2023-12-25T13:22:58.543+0000] {processor.py:179} INFO - Processing /opt/airflow/dags/예비용/producer.py took 0.639 seconds
[2023-12-25T13:23:28.840+0000] {processor.py:157} INFO - Started process (PID=29908) to work on /opt/airflow/dags/예비용/producer.py
[2023-12-25T13:23:28.842+0000] {processor.py:826} INFO - Processing file /opt/airflow/dags/예비용/producer.py for tasks to queue
[2023-12-25T13:23:28.843+0000] {logging_mixin.py:150} INFO - [2023-12-25T13:23:28.843+0000] {dagbag.py:541} INFO - Filling up the DagBag from /opt/airflow/dags/예비용/producer.py
[2023-12-25T13:23:29.406+0000] {processor.py:836} INFO - DAG(s) dict_keys(['producer_dag']) retrieved from /opt/airflow/dags/예비용/producer.py
[2023-12-25T13:23:29.425+0000] {logging_mixin.py:150} INFO - [2023-12-25T13:23:29.425+0000] {dag.py:2742} INFO - Sync 1 DAGs
[2023-12-25T13:23:29.445+0000] {logging_mixin.py:150} INFO - [2023-12-25T13:23:29.445+0000] {dag.py:3508} INFO - Setting next_dagrun for producer_dag to 2023-12-25T13:23:00+00:00, run_after=2023-12-25T13:24:00+00:00
[2023-12-25T13:23:29.457+0000] {processor.py:179} INFO - Processing /opt/airflow/dags/예비용/producer.py took 0.619 seconds
[2023-12-25T13:23:59.527+0000] {processor.py:157} INFO - Started process (PID=30013) to work on /opt/airflow/dags/예비용/producer.py
[2023-12-25T13:23:59.528+0000] {processor.py:826} INFO - Processing file /opt/airflow/dags/예비용/producer.py for tasks to queue
[2023-12-25T13:23:59.529+0000] {logging_mixin.py:150} INFO - [2023-12-25T13:23:59.528+0000] {dagbag.py:541} INFO - Filling up the DagBag from /opt/airflow/dags/예비용/producer.py
[2023-12-25T13:24:00.087+0000] {processor.py:836} INFO - DAG(s) dict_keys(['producer_dag']) retrieved from /opt/airflow/dags/예비용/producer.py
[2023-12-25T13:24:00.094+0000] {logging_mixin.py:150} INFO - [2023-12-25T13:24:00.094+0000] {dag.py:2742} INFO - Sync 1 DAGs
[2023-12-25T13:24:00.111+0000] {logging_mixin.py:150} INFO - [2023-12-25T13:24:00.111+0000] {dag.py:3508} INFO - Setting next_dagrun for producer_dag to 2023-12-25T13:23:00+00:00, run_after=2023-12-25T13:24:00+00:00
[2023-12-25T13:24:00.125+0000] {processor.py:179} INFO - Processing /opt/airflow/dags/예비용/producer.py took 0.599 seconds
[2023-12-25T13:24:30.149+0000] {processor.py:157} INFO - Started process (PID=30147) to work on /opt/airflow/dags/예비용/producer.py
[2023-12-25T13:24:30.150+0000] {processor.py:826} INFO - Processing file /opt/airflow/dags/예비용/producer.py for tasks to queue
[2023-12-25T13:24:30.150+0000] {logging_mixin.py:150} INFO - [2023-12-25T13:24:30.150+0000] {dagbag.py:541} INFO - Filling up the DagBag from /opt/airflow/dags/예비용/producer.py
[2023-12-25T13:24:30.693+0000] {processor.py:836} INFO - DAG(s) dict_keys(['producer_dag']) retrieved from /opt/airflow/dags/예비용/producer.py
[2023-12-25T13:24:30.772+0000] {logging_mixin.py:150} INFO - [2023-12-25T13:24:30.772+0000] {dag.py:2742} INFO - Sync 1 DAGs
[2023-12-25T13:24:30.787+0000] {logging_mixin.py:150} INFO - [2023-12-25T13:24:30.787+0000] {dag.py:3508} INFO - Setting next_dagrun for producer_dag to 2023-12-25T13:23:00+00:00, run_after=2023-12-25T13:24:00+00:00
[2023-12-25T13:24:30.802+0000] {processor.py:179} INFO - Processing /opt/airflow/dags/예비용/producer.py took 0.655 seconds
[2023-12-25T13:25:01.524+0000] {processor.py:157} INFO - Started process (PID=30261) to work on /opt/airflow/dags/예비용/producer.py
[2023-12-25T13:25:01.526+0000] {processor.py:826} INFO - Processing file /opt/airflow/dags/예비용/producer.py for tasks to queue
[2023-12-25T13:25:01.527+0000] {logging_mixin.py:150} INFO - [2023-12-25T13:25:01.527+0000] {dagbag.py:541} INFO - Filling up the DagBag from /opt/airflow/dags/예비용/producer.py
[2023-12-25T13:25:02.124+0000] {processor.py:836} INFO - DAG(s) dict_keys(['producer_dag']) retrieved from /opt/airflow/dags/예비용/producer.py
[2023-12-25T13:25:02.140+0000] {logging_mixin.py:150} INFO - [2023-12-25T13:25:02.139+0000] {dag.py:2742} INFO - Sync 1 DAGs
[2023-12-25T13:25:02.156+0000] {logging_mixin.py:150} INFO - [2023-12-25T13:25:02.156+0000] {dag.py:3508} INFO - Setting next_dagrun for producer_dag to 2023-12-25T13:24:00+00:00, run_after=2023-12-25T13:25:00+00:00
[2023-12-25T13:25:02.170+0000] {processor.py:179} INFO - Processing /opt/airflow/dags/예비용/producer.py took 0.648 seconds
[2023-12-25T13:25:33.109+0000] {processor.py:157} INFO - Started process (PID=30365) to work on /opt/airflow/dags/예비용/producer.py
[2023-12-25T13:25:33.110+0000] {processor.py:826} INFO - Processing file /opt/airflow/dags/예비용/producer.py for tasks to queue
[2023-12-25T13:25:33.111+0000] {logging_mixin.py:150} INFO - [2023-12-25T13:25:33.111+0000] {dagbag.py:541} INFO - Filling up the DagBag from /opt/airflow/dags/예비용/producer.py
[2023-12-25T13:25:33.642+0000] {processor.py:836} INFO - DAG(s) dict_keys(['producer_dag']) retrieved from /opt/airflow/dags/예비용/producer.py
[2023-12-25T13:25:33.650+0000] {logging_mixin.py:150} INFO - [2023-12-25T13:25:33.649+0000] {dag.py:2742} INFO - Sync 1 DAGs
[2023-12-25T13:25:33.668+0000] {logging_mixin.py:150} INFO - [2023-12-25T13:25:33.668+0000] {dag.py:3508} INFO - Setting next_dagrun for producer_dag to 2023-12-25T13:24:00+00:00, run_after=2023-12-25T13:25:00+00:00
[2023-12-25T13:25:33.682+0000] {processor.py:179} INFO - Processing /opt/airflow/dags/예비용/producer.py took 0.575 seconds
[2023-12-25T13:26:04.342+0000] {processor.py:157} INFO - Started process (PID=30477) to work on /opt/airflow/dags/예비용/producer.py
[2023-12-25T13:26:04.343+0000] {processor.py:826} INFO - Processing file /opt/airflow/dags/예비용/producer.py for tasks to queue
[2023-12-25T13:26:04.343+0000] {logging_mixin.py:150} INFO - [2023-12-25T13:26:04.343+0000] {dagbag.py:541} INFO - Filling up the DagBag from /opt/airflow/dags/예비용/producer.py
[2023-12-25T13:26:04.863+0000] {processor.py:836} INFO - DAG(s) dict_keys(['producer_dag']) retrieved from /opt/airflow/dags/예비용/producer.py
[2023-12-25T13:26:04.933+0000] {logging_mixin.py:150} INFO - [2023-12-25T13:26:04.933+0000] {dag.py:2742} INFO - Sync 1 DAGs
[2023-12-25T13:26:04.948+0000] {logging_mixin.py:150} INFO - [2023-12-25T13:26:04.948+0000] {dag.py:3508} INFO - Setting next_dagrun for producer_dag to 2023-12-25T13:25:00+00:00, run_after=2023-12-25T13:26:00+00:00
[2023-12-25T13:26:05.017+0000] {processor.py:179} INFO - Processing /opt/airflow/dags/예비용/producer.py took 0.677 seconds
[2023-12-25T13:26:35.134+0000] {processor.py:157} INFO - Started process (PID=30589) to work on /opt/airflow/dags/예비용/producer.py
[2023-12-25T13:26:35.136+0000] {processor.py:826} INFO - Processing file /opt/airflow/dags/예비용/producer.py for tasks to queue
[2023-12-25T13:26:35.136+0000] {logging_mixin.py:150} INFO - [2023-12-25T13:26:35.136+0000] {dagbag.py:541} INFO - Filling up the DagBag from /opt/airflow/dags/예비용/producer.py
[2023-12-25T13:26:35.672+0000] {processor.py:836} INFO - DAG(s) dict_keys(['producer_dag']) retrieved from /opt/airflow/dags/예비용/producer.py
[2023-12-25T13:26:35.688+0000] {logging_mixin.py:150} INFO - [2023-12-25T13:26:35.687+0000] {dag.py:2742} INFO - Sync 1 DAGs
[2023-12-25T13:26:35.705+0000] {logging_mixin.py:150} INFO - [2023-12-25T13:26:35.705+0000] {dag.py:3508} INFO - Setting next_dagrun for producer_dag to 2023-12-25T13:25:00+00:00, run_after=2023-12-25T13:26:00+00:00
[2023-12-25T13:26:35.719+0000] {processor.py:179} INFO - Processing /opt/airflow/dags/예비용/producer.py took 0.587 seconds
[2023-12-25T13:27:05.948+0000] {processor.py:157} INFO - Started process (PID=30693) to work on /opt/airflow/dags/예비용/producer.py
[2023-12-25T13:27:05.949+0000] {processor.py:826} INFO - Processing file /opt/airflow/dags/예비용/producer.py for tasks to queue
[2023-12-25T13:27:05.950+0000] {logging_mixin.py:150} INFO - [2023-12-25T13:27:05.950+0000] {dagbag.py:541} INFO - Filling up the DagBag from /opt/airflow/dags/예비용/producer.py
[2023-12-25T13:27:06.470+0000] {processor.py:836} INFO - DAG(s) dict_keys(['producer_dag']) retrieved from /opt/airflow/dags/예비용/producer.py
[2023-12-25T13:27:06.478+0000] {logging_mixin.py:150} INFO - [2023-12-25T13:27:06.477+0000] {dag.py:2742} INFO - Sync 1 DAGs
[2023-12-25T13:27:06.494+0000] {logging_mixin.py:150} INFO - [2023-12-25T13:27:06.494+0000] {dag.py:3508} INFO - Setting next_dagrun for producer_dag to 2023-12-25T13:26:00+00:00, run_after=2023-12-25T13:27:00+00:00
[2023-12-25T13:27:06.506+0000] {processor.py:179} INFO - Processing /opt/airflow/dags/예비용/producer.py took 0.561 seconds
[2023-12-25T13:27:37.358+0000] {processor.py:157} INFO - Started process (PID=30828) to work on /opt/airflow/dags/예비용/producer.py
[2023-12-25T13:27:37.360+0000] {processor.py:826} INFO - Processing file /opt/airflow/dags/예비용/producer.py for tasks to queue
[2023-12-25T13:27:37.361+0000] {logging_mixin.py:150} INFO - [2023-12-25T13:27:37.361+0000] {dagbag.py:541} INFO - Filling up the DagBag from /opt/airflow/dags/예비용/producer.py
[2023-12-25T13:27:37.887+0000] {processor.py:836} INFO - DAG(s) dict_keys(['producer_dag']) retrieved from /opt/airflow/dags/예비용/producer.py
[2023-12-25T13:27:37.960+0000] {logging_mixin.py:150} INFO - [2023-12-25T13:27:37.959+0000] {dag.py:2742} INFO - Sync 1 DAGs
[2023-12-25T13:27:38.038+0000] {logging_mixin.py:150} INFO - [2023-12-25T13:27:38.038+0000] {dag.py:3508} INFO - Setting next_dagrun for producer_dag to 2023-12-25T13:26:00+00:00, run_after=2023-12-25T13:27:00+00:00
[2023-12-25T13:27:38.051+0000] {processor.py:179} INFO - Processing /opt/airflow/dags/예비용/producer.py took 0.694 seconds
[2023-12-25T13:28:08.368+0000] {processor.py:157} INFO - Started process (PID=30942) to work on /opt/airflow/dags/예비용/producer.py
[2023-12-25T13:28:08.368+0000] {processor.py:826} INFO - Processing file /opt/airflow/dags/예비용/producer.py for tasks to queue
[2023-12-25T13:28:08.369+0000] {logging_mixin.py:150} INFO - [2023-12-25T13:28:08.369+0000] {dagbag.py:541} INFO - Filling up the DagBag from /opt/airflow/dags/예비용/producer.py
[2023-12-25T13:28:08.849+0000] {processor.py:836} INFO - DAG(s) dict_keys(['producer_dag']) retrieved from /opt/airflow/dags/예비용/producer.py
[2023-12-25T13:28:08.864+0000] {logging_mixin.py:150} INFO - [2023-12-25T13:28:08.864+0000] {dag.py:2742} INFO - Sync 1 DAGs
[2023-12-25T13:28:08.879+0000] {logging_mixin.py:150} INFO - [2023-12-25T13:28:08.879+0000] {dag.py:3508} INFO - Setting next_dagrun for producer_dag to 2023-12-25T13:27:00+00:00, run_after=2023-12-25T13:28:00+00:00
[2023-12-25T13:28:08.890+0000] {processor.py:179} INFO - Processing /opt/airflow/dags/예비용/producer.py took 0.524 seconds
[2023-12-25T13:28:39.108+0000] {processor.py:157} INFO - Started process (PID=31053) to work on /opt/airflow/dags/예비용/producer.py
[2023-12-25T13:28:39.109+0000] {processor.py:826} INFO - Processing file /opt/airflow/dags/예비용/producer.py for tasks to queue
[2023-12-25T13:28:39.109+0000] {logging_mixin.py:150} INFO - [2023-12-25T13:28:39.109+0000] {dagbag.py:541} INFO - Filling up the DagBag from /opt/airflow/dags/예비용/producer.py
[2023-12-25T13:28:39.658+0000] {processor.py:836} INFO - DAG(s) dict_keys(['producer_dag']) retrieved from /opt/airflow/dags/예비용/producer.py
[2023-12-25T13:28:39.667+0000] {logging_mixin.py:150} INFO - [2023-12-25T13:28:39.667+0000] {dag.py:2742} INFO - Sync 1 DAGs
[2023-12-25T13:28:39.686+0000] {logging_mixin.py:150} INFO - [2023-12-25T13:28:39.686+0000] {dag.py:3508} INFO - Setting next_dagrun for producer_dag to 2023-12-25T13:27:00+00:00, run_after=2023-12-25T13:28:00+00:00
[2023-12-25T13:28:39.699+0000] {processor.py:179} INFO - Processing /opt/airflow/dags/예비용/producer.py took 0.593 seconds
[2023-12-25T13:29:09.938+0000] {processor.py:157} INFO - Started process (PID=31159) to work on /opt/airflow/dags/예비용/producer.py
[2023-12-25T13:29:09.940+0000] {processor.py:826} INFO - Processing file /opt/airflow/dags/예비용/producer.py for tasks to queue
[2023-12-25T13:29:09.941+0000] {logging_mixin.py:150} INFO - [2023-12-25T13:29:09.941+0000] {dagbag.py:541} INFO - Filling up the DagBag from /opt/airflow/dags/예비용/producer.py
[2023-12-25T13:29:10.425+0000] {processor.py:836} INFO - DAG(s) dict_keys(['producer_dag']) retrieved from /opt/airflow/dags/예비용/producer.py
[2023-12-25T13:29:10.493+0000] {logging_mixin.py:150} INFO - [2023-12-25T13:29:10.493+0000] {dag.py:2742} INFO - Sync 1 DAGs
[2023-12-25T13:29:10.564+0000] {logging_mixin.py:150} INFO - [2023-12-25T13:29:10.564+0000] {dag.py:3508} INFO - Setting next_dagrun for producer_dag to 2023-12-25T13:28:00+00:00, run_after=2023-12-25T13:29:00+00:00
[2023-12-25T13:29:10.576+0000] {processor.py:179} INFO - Processing /opt/airflow/dags/예비용/producer.py took 0.641 seconds
[2023-12-25T13:29:40.699+0000] {processor.py:157} INFO - Started process (PID=31270) to work on /opt/airflow/dags/예비용/producer.py
[2023-12-25T13:29:40.700+0000] {processor.py:826} INFO - Processing file /opt/airflow/dags/예비용/producer.py for tasks to queue
[2023-12-25T13:29:40.700+0000] {logging_mixin.py:150} INFO - [2023-12-25T13:29:40.700+0000] {dagbag.py:541} INFO - Filling up the DagBag from /opt/airflow/dags/예비용/producer.py
[2023-12-25T13:29:41.171+0000] {processor.py:836} INFO - DAG(s) dict_keys(['producer_dag']) retrieved from /opt/airflow/dags/예비용/producer.py
[2023-12-25T13:29:41.187+0000] {logging_mixin.py:150} INFO - [2023-12-25T13:29:41.187+0000] {dag.py:2742} INFO - Sync 1 DAGs
[2023-12-25T13:29:41.201+0000] {logging_mixin.py:150} INFO - [2023-12-25T13:29:41.201+0000] {dag.py:3508} INFO - Setting next_dagrun for producer_dag to 2023-12-25T13:28:00+00:00, run_after=2023-12-25T13:29:00+00:00
[2023-12-25T13:29:41.213+0000] {processor.py:179} INFO - Processing /opt/airflow/dags/예비용/producer.py took 0.518 seconds
[2023-12-25T13:30:11.568+0000] {processor.py:157} INFO - Started process (PID=31383) to work on /opt/airflow/dags/예비용/producer.py
[2023-12-25T13:30:11.570+0000] {processor.py:826} INFO - Processing file /opt/airflow/dags/예비용/producer.py for tasks to queue
[2023-12-25T13:30:11.570+0000] {logging_mixin.py:150} INFO - [2023-12-25T13:30:11.570+0000] {dagbag.py:541} INFO - Filling up the DagBag from /opt/airflow/dags/예비용/producer.py
[2023-12-25T13:30:12.150+0000] {processor.py:836} INFO - DAG(s) dict_keys(['producer_dag']) retrieved from /opt/airflow/dags/예비용/producer.py
[2023-12-25T13:30:12.157+0000] {logging_mixin.py:150} INFO - [2023-12-25T13:30:12.157+0000] {dag.py:2742} INFO - Sync 1 DAGs
[2023-12-25T13:30:12.176+0000] {logging_mixin.py:150} INFO - [2023-12-25T13:30:12.176+0000] {dag.py:3508} INFO - Setting next_dagrun for producer_dag to 2023-12-25T13:29:00+00:00, run_after=2023-12-25T13:30:00+00:00
[2023-12-25T13:30:12.191+0000] {processor.py:179} INFO - Processing /opt/airflow/dags/예비용/producer.py took 0.626 seconds
[2023-12-25T13:30:42.689+0000] {processor.py:157} INFO - Started process (PID=31487) to work on /opt/airflow/dags/예비용/producer.py
[2023-12-25T13:30:42.689+0000] {processor.py:826} INFO - Processing file /opt/airflow/dags/예비용/producer.py for tasks to queue
[2023-12-25T13:30:42.690+0000] {logging_mixin.py:150} INFO - [2023-12-25T13:30:42.689+0000] {dagbag.py:541} INFO - Filling up the DagBag from /opt/airflow/dags/예비용/producer.py
[2023-12-25T13:30:43.187+0000] {processor.py:836} INFO - DAG(s) dict_keys(['producer_dag']) retrieved from /opt/airflow/dags/예비용/producer.py
[2023-12-25T13:30:43.266+0000] {logging_mixin.py:150} INFO - [2023-12-25T13:30:43.265+0000] {dag.py:2742} INFO - Sync 1 DAGs
[2023-12-25T13:30:43.338+0000] {logging_mixin.py:150} INFO - [2023-12-25T13:30:43.338+0000] {dag.py:3508} INFO - Setting next_dagrun for producer_dag to 2023-12-25T13:29:00+00:00, run_after=2023-12-25T13:30:00+00:00
[2023-12-25T13:30:43.354+0000] {processor.py:179} INFO - Processing /opt/airflow/dags/예비용/producer.py took 0.667 seconds
[2023-12-25T13:31:13.530+0000] {processor.py:157} INFO - Started process (PID=31600) to work on /opt/airflow/dags/예비용/producer.py
[2023-12-25T13:31:13.531+0000] {processor.py:826} INFO - Processing file /opt/airflow/dags/예비용/producer.py for tasks to queue
[2023-12-25T13:31:13.532+0000] {logging_mixin.py:150} INFO - [2023-12-25T13:31:13.532+0000] {dagbag.py:541} INFO - Filling up the DagBag from /opt/airflow/dags/예비용/producer.py
[2023-12-25T13:31:14.018+0000] {processor.py:836} INFO - DAG(s) dict_keys(['producer_dag']) retrieved from /opt/airflow/dags/예비용/producer.py
[2023-12-25T13:31:14.035+0000] {logging_mixin.py:150} INFO - [2023-12-25T13:31:14.034+0000] {dag.py:2742} INFO - Sync 1 DAGs
[2023-12-25T13:31:14.050+0000] {logging_mixin.py:150} INFO - [2023-12-25T13:31:14.050+0000] {dag.py:3508} INFO - Setting next_dagrun for producer_dag to 2023-12-25T13:30:00+00:00, run_after=2023-12-25T13:31:00+00:00
[2023-12-25T13:31:14.066+0000] {processor.py:179} INFO - Processing /opt/airflow/dags/예비용/producer.py took 0.538 seconds
[2023-12-25T13:31:44.568+0000] {processor.py:157} INFO - Started process (PID=31713) to work on /opt/airflow/dags/예비용/producer.py
[2023-12-25T13:31:44.571+0000] {processor.py:826} INFO - Processing file /opt/airflow/dags/예비용/producer.py for tasks to queue
[2023-12-25T13:31:44.571+0000] {logging_mixin.py:150} INFO - [2023-12-25T13:31:44.571+0000] {dagbag.py:541} INFO - Filling up the DagBag from /opt/airflow/dags/예비용/producer.py
[2023-12-25T13:31:45.043+0000] {processor.py:836} INFO - DAG(s) dict_keys(['producer_dag']) retrieved from /opt/airflow/dags/예비용/producer.py
[2023-12-25T13:31:45.050+0000] {logging_mixin.py:150} INFO - [2023-12-25T13:31:45.050+0000] {dag.py:2742} INFO - Sync 1 DAGs
[2023-12-25T13:31:45.065+0000] {logging_mixin.py:150} INFO - [2023-12-25T13:31:45.065+0000] {dag.py:3508} INFO - Setting next_dagrun for producer_dag to 2023-12-25T13:30:00+00:00, run_after=2023-12-25T13:31:00+00:00
[2023-12-25T13:31:45.077+0000] {processor.py:179} INFO - Processing /opt/airflow/dags/예비용/producer.py took 0.515 seconds
[2023-12-25T13:32:15.487+0000] {processor.py:157} INFO - Started process (PID=31817) to work on /opt/airflow/dags/예비용/producer.py
[2023-12-25T13:32:15.487+0000] {processor.py:826} INFO - Processing file /opt/airflow/dags/예비용/producer.py for tasks to queue
[2023-12-25T13:32:15.487+0000] {logging_mixin.py:150} INFO - [2023-12-25T13:32:15.487+0000] {dagbag.py:541} INFO - Filling up the DagBag from /opt/airflow/dags/예비용/producer.py
[2023-12-25T13:32:15.992+0000] {processor.py:836} INFO - DAG(s) dict_keys(['producer_dag']) retrieved from /opt/airflow/dags/예비용/producer.py
[2023-12-25T13:32:16.066+0000] {logging_mixin.py:150} INFO - [2023-12-25T13:32:16.066+0000] {dag.py:2742} INFO - Sync 1 DAGs
[2023-12-25T13:32:16.136+0000] {logging_mixin.py:150} INFO - [2023-12-25T13:32:16.136+0000] {dag.py:3508} INFO - Setting next_dagrun for producer_dag to 2023-12-25T13:31:00+00:00, run_after=2023-12-25T13:32:00+00:00
[2023-12-25T13:32:16.149+0000] {processor.py:179} INFO - Processing /opt/airflow/dags/예비용/producer.py took 0.664 seconds
[2023-12-25T13:32:46.590+0000] {processor.py:157} INFO - Started process (PID=31930) to work on /opt/airflow/dags/예비용/producer.py
[2023-12-25T13:32:46.592+0000] {processor.py:826} INFO - Processing file /opt/airflow/dags/예비용/producer.py for tasks to queue
[2023-12-25T13:32:46.592+0000] {logging_mixin.py:150} INFO - [2023-12-25T13:32:46.592+0000] {dagbag.py:541} INFO - Filling up the DagBag from /opt/airflow/dags/예비용/producer.py
[2023-12-25T13:32:47.121+0000] {processor.py:836} INFO - DAG(s) dict_keys(['producer_dag']) retrieved from /opt/airflow/dags/예비용/producer.py
[2023-12-25T13:32:47.137+0000] {logging_mixin.py:150} INFO - [2023-12-25T13:32:47.136+0000] {dag.py:2742} INFO - Sync 1 DAGs
[2023-12-25T13:32:47.151+0000] {logging_mixin.py:150} INFO - [2023-12-25T13:32:47.151+0000] {dag.py:3508} INFO - Setting next_dagrun for producer_dag to 2023-12-25T13:31:00+00:00, run_after=2023-12-25T13:32:00+00:00
[2023-12-25T13:32:47.161+0000] {processor.py:179} INFO - Processing /opt/airflow/dags/예비용/producer.py took 0.573 seconds
[2023-12-25T13:33:17.777+0000] {processor.py:157} INFO - Started process (PID=32043) to work on /opt/airflow/dags/예비용/producer.py
[2023-12-25T13:33:17.778+0000] {processor.py:826} INFO - Processing file /opt/airflow/dags/예비용/producer.py for tasks to queue
[2023-12-25T13:33:17.779+0000] {logging_mixin.py:150} INFO - [2023-12-25T13:33:17.779+0000] {dagbag.py:541} INFO - Filling up the DagBag from /opt/airflow/dags/예비용/producer.py
[2023-12-25T13:33:18.269+0000] {processor.py:836} INFO - DAG(s) dict_keys(['producer_dag']) retrieved from /opt/airflow/dags/예비용/producer.py
[2023-12-25T13:33:18.275+0000] {logging_mixin.py:150} INFO - [2023-12-25T13:33:18.274+0000] {dag.py:2742} INFO - Sync 1 DAGs
[2023-12-25T13:33:18.290+0000] {logging_mixin.py:150} INFO - [2023-12-25T13:33:18.290+0000] {dag.py:3508} INFO - Setting next_dagrun for producer_dag to 2023-12-25T13:32:00+00:00, run_after=2023-12-25T13:33:00+00:00
[2023-12-25T13:33:18.302+0000] {processor.py:179} INFO - Processing /opt/airflow/dags/예비용/producer.py took 0.528 seconds
[2023-12-25T13:33:48.684+0000] {processor.py:157} INFO - Started process (PID=32147) to work on /opt/airflow/dags/예비용/producer.py
[2023-12-25T13:33:48.686+0000] {processor.py:826} INFO - Processing file /opt/airflow/dags/예비용/producer.py for tasks to queue
[2023-12-25T13:33:48.687+0000] {logging_mixin.py:150} INFO - [2023-12-25T13:33:48.687+0000] {dagbag.py:541} INFO - Filling up the DagBag from /opt/airflow/dags/예비용/producer.py
[2023-12-25T13:33:49.196+0000] {processor.py:836} INFO - DAG(s) dict_keys(['producer_dag']) retrieved from /opt/airflow/dags/예비용/producer.py
[2023-12-25T13:33:49.331+0000] {logging_mixin.py:150} INFO - [2023-12-25T13:33:49.331+0000] {dag.py:2742} INFO - Sync 1 DAGs
[2023-12-25T13:33:49.347+0000] {logging_mixin.py:150} INFO - [2023-12-25T13:33:49.346+0000] {dag.py:3508} INFO - Setting next_dagrun for producer_dag to 2023-12-25T13:32:00+00:00, run_after=2023-12-25T13:33:00+00:00
[2023-12-25T13:33:49.363+0000] {processor.py:179} INFO - Processing /opt/airflow/dags/예비용/producer.py took 0.681 seconds
[2023-12-25T13:34:19.513+0000] {processor.py:157} INFO - Started process (PID=32261) to work on /opt/airflow/dags/예비용/producer.py
[2023-12-25T13:34:19.514+0000] {processor.py:826} INFO - Processing file /opt/airflow/dags/예비용/producer.py for tasks to queue
[2023-12-25T13:34:19.514+0000] {logging_mixin.py:150} INFO - [2023-12-25T13:34:19.514+0000] {dagbag.py:541} INFO - Filling up the DagBag from /opt/airflow/dags/예비용/producer.py
[2023-12-25T13:34:20.004+0000] {processor.py:836} INFO - DAG(s) dict_keys(['producer_dag']) retrieved from /opt/airflow/dags/예비용/producer.py
[2023-12-25T13:34:20.011+0000] {logging_mixin.py:150} INFO - [2023-12-25T13:34:20.010+0000] {dag.py:2742} INFO - Sync 1 DAGs
[2023-12-25T13:34:20.025+0000] {logging_mixin.py:150} INFO - [2023-12-25T13:34:20.025+0000] {dag.py:3508} INFO - Setting next_dagrun for producer_dag to 2023-12-25T13:33:00+00:00, run_after=2023-12-25T13:34:00+00:00
[2023-12-25T13:34:20.035+0000] {processor.py:179} INFO - Processing /opt/airflow/dags/예비용/producer.py took 0.524 seconds
[2023-12-25T13:34:50.259+0000] {processor.py:157} INFO - Started process (PID=32374) to work on /opt/airflow/dags/예비용/producer.py
[2023-12-25T13:34:50.260+0000] {processor.py:826} INFO - Processing file /opt/airflow/dags/예비용/producer.py for tasks to queue
[2023-12-25T13:34:50.261+0000] {logging_mixin.py:150} INFO - [2023-12-25T13:34:50.260+0000] {dagbag.py:541} INFO - Filling up the DagBag from /opt/airflow/dags/예비용/producer.py
[2023-12-25T13:34:50.796+0000] {processor.py:836} INFO - DAG(s) dict_keys(['producer_dag']) retrieved from /opt/airflow/dags/예비용/producer.py
[2023-12-25T13:34:50.924+0000] {logging_mixin.py:150} INFO - [2023-12-25T13:34:50.923+0000] {dag.py:2742} INFO - Sync 1 DAGs
[2023-12-25T13:34:50.937+0000] {logging_mixin.py:150} INFO - [2023-12-25T13:34:50.937+0000] {dag.py:3508} INFO - Setting next_dagrun for producer_dag to 2023-12-25T13:33:00+00:00, run_after=2023-12-25T13:34:00+00:00
[2023-12-25T13:34:50.949+0000] {processor.py:179} INFO - Processing /opt/airflow/dags/예비용/producer.py took 0.692 seconds
[2023-12-25T13:35:21.494+0000] {processor.py:157} INFO - Started process (PID=32487) to work on /opt/airflow/dags/예비용/producer.py
[2023-12-25T13:35:21.496+0000] {processor.py:826} INFO - Processing file /opt/airflow/dags/예비용/producer.py for tasks to queue
[2023-12-25T13:35:21.497+0000] {logging_mixin.py:150} INFO - [2023-12-25T13:35:21.497+0000] {dagbag.py:541} INFO - Filling up the DagBag from /opt/airflow/dags/예비용/producer.py
[2023-12-25T13:35:22.078+0000] {processor.py:836} INFO - DAG(s) dict_keys(['producer_dag']) retrieved from /opt/airflow/dags/예비용/producer.py
[2023-12-25T13:35:22.085+0000] {logging_mixin.py:150} INFO - [2023-12-25T13:35:22.085+0000] {dag.py:2742} INFO - Sync 1 DAGs
[2023-12-25T13:35:22.102+0000] {logging_mixin.py:150} INFO - [2023-12-25T13:35:22.102+0000] {dag.py:3508} INFO - Setting next_dagrun for producer_dag to 2023-12-25T13:34:00+00:00, run_after=2023-12-25T13:35:00+00:00
[2023-12-25T13:35:22.114+0000] {processor.py:179} INFO - Processing /opt/airflow/dags/예비용/producer.py took 0.622 seconds
[2023-12-25T13:35:52.467+0000] {processor.py:157} INFO - Started process (PID=32591) to work on /opt/airflow/dags/예비용/producer.py
[2023-12-25T13:35:52.468+0000] {processor.py:826} INFO - Processing file /opt/airflow/dags/예비용/producer.py for tasks to queue
[2023-12-25T13:35:52.468+0000] {logging_mixin.py:150} INFO - [2023-12-25T13:35:52.468+0000] {dagbag.py:541} INFO - Filling up the DagBag from /opt/airflow/dags/예비용/producer.py
[2023-12-25T13:35:52.967+0000] {processor.py:836} INFO - DAG(s) dict_keys(['producer_dag']) retrieved from /opt/airflow/dags/예비용/producer.py
[2023-12-25T13:35:53.095+0000] {logging_mixin.py:150} INFO - [2023-12-25T13:35:53.094+0000] {dag.py:2742} INFO - Sync 1 DAGs
[2023-12-25T13:35:53.110+0000] {logging_mixin.py:150} INFO - [2023-12-25T13:35:53.110+0000] {dag.py:3508} INFO - Setting next_dagrun for producer_dag to 2023-12-25T13:34:00+00:00, run_after=2023-12-25T13:35:00+00:00
[2023-12-25T13:35:53.123+0000] {processor.py:179} INFO - Processing /opt/airflow/dags/예비용/producer.py took 0.658 seconds
[2023-12-25T13:36:23.316+0000] {processor.py:157} INFO - Started process (PID=32704) to work on /opt/airflow/dags/예비용/producer.py
[2023-12-25T13:36:23.318+0000] {processor.py:826} INFO - Processing file /opt/airflow/dags/예비용/producer.py for tasks to queue
[2023-12-25T13:36:23.318+0000] {logging_mixin.py:150} INFO - [2023-12-25T13:36:23.318+0000] {dagbag.py:541} INFO - Filling up the DagBag from /opt/airflow/dags/예비용/producer.py
[2023-12-25T13:36:23.867+0000] {processor.py:836} INFO - DAG(s) dict_keys(['producer_dag']) retrieved from /opt/airflow/dags/예비용/producer.py
[2023-12-25T13:36:23.874+0000] {logging_mixin.py:150} INFO - [2023-12-25T13:36:23.874+0000] {dag.py:2742} INFO - Sync 1 DAGs
[2023-12-25T13:36:23.949+0000] {logging_mixin.py:150} INFO - [2023-12-25T13:36:23.949+0000] {dag.py:3508} INFO - Setting next_dagrun for producer_dag to 2023-12-25T13:35:00+00:00, run_after=2023-12-25T13:36:00+00:00
[2023-12-25T13:36:23.962+0000] {processor.py:179} INFO - Processing /opt/airflow/dags/예비용/producer.py took 0.648 seconds
[2023-12-25T13:36:54.280+0000] {processor.py:157} INFO - Started process (PID=32817) to work on /opt/airflow/dags/예비용/producer.py
[2023-12-25T13:36:54.282+0000] {processor.py:826} INFO - Processing file /opt/airflow/dags/예비용/producer.py for tasks to queue
[2023-12-25T13:36:54.283+0000] {logging_mixin.py:150} INFO - [2023-12-25T13:36:54.283+0000] {dagbag.py:541} INFO - Filling up the DagBag from /opt/airflow/dags/예비용/producer.py
[2023-12-25T13:36:54.865+0000] {processor.py:836} INFO - DAG(s) dict_keys(['producer_dag']) retrieved from /opt/airflow/dags/예비용/producer.py
[2023-12-25T13:36:55.009+0000] {logging_mixin.py:150} INFO - [2023-12-25T13:36:55.008+0000] {dag.py:2742} INFO - Sync 1 DAGs
[2023-12-25T13:36:55.024+0000] {logging_mixin.py:150} INFO - [2023-12-25T13:36:55.024+0000] {dag.py:3508} INFO - Setting next_dagrun for producer_dag to 2023-12-25T13:35:00+00:00, run_after=2023-12-25T13:36:00+00:00
[2023-12-25T13:36:55.038+0000] {processor.py:179} INFO - Processing /opt/airflow/dags/예비용/producer.py took 0.760 seconds
[2023-12-25T13:37:25.435+0000] {processor.py:157} INFO - Started process (PID=32921) to work on /opt/airflow/dags/예비용/producer.py
[2023-12-25T13:37:25.436+0000] {processor.py:826} INFO - Processing file /opt/airflow/dags/예비용/producer.py for tasks to queue
[2023-12-25T13:37:25.437+0000] {logging_mixin.py:150} INFO - [2023-12-25T13:37:25.437+0000] {dagbag.py:541} INFO - Filling up the DagBag from /opt/airflow/dags/예비용/producer.py
[2023-12-25T13:37:25.951+0000] {processor.py:836} INFO - DAG(s) dict_keys(['producer_dag']) retrieved from /opt/airflow/dags/예비용/producer.py
[2023-12-25T13:37:25.957+0000] {logging_mixin.py:150} INFO - [2023-12-25T13:37:25.957+0000] {dag.py:2742} INFO - Sync 1 DAGs
[2023-12-25T13:37:25.972+0000] {logging_mixin.py:150} INFO - [2023-12-25T13:37:25.972+0000] {dag.py:3508} INFO - Setting next_dagrun for producer_dag to 2023-12-25T13:36:00+00:00, run_after=2023-12-25T13:37:00+00:00
[2023-12-25T13:37:26.042+0000] {processor.py:179} INFO - Processing /opt/airflow/dags/예비용/producer.py took 0.610 seconds
[2023-12-25T13:37:56.372+0000] {processor.py:157} INFO - Started process (PID=33034) to work on /opt/airflow/dags/예비용/producer.py
[2023-12-25T13:37:56.374+0000] {processor.py:826} INFO - Processing file /opt/airflow/dags/예비용/producer.py for tasks to queue
[2023-12-25T13:37:56.374+0000] {logging_mixin.py:150} INFO - [2023-12-25T13:37:56.374+0000] {dagbag.py:541} INFO - Filling up the DagBag from /opt/airflow/dags/예비용/producer.py
[2023-12-25T13:37:56.896+0000] {processor.py:836} INFO - DAG(s) dict_keys(['producer_dag']) retrieved from /opt/airflow/dags/예비용/producer.py
[2023-12-25T13:37:57.020+0000] {logging_mixin.py:150} INFO - [2023-12-25T13:37:57.020+0000] {dag.py:2742} INFO - Sync 1 DAGs
[2023-12-25T13:37:57.034+0000] {logging_mixin.py:150} INFO - [2023-12-25T13:37:57.034+0000] {dag.py:3508} INFO - Setting next_dagrun for producer_dag to 2023-12-25T13:36:00+00:00, run_after=2023-12-25T13:37:00+00:00
[2023-12-25T13:37:57.046+0000] {processor.py:179} INFO - Processing /opt/airflow/dags/예비용/producer.py took 0.677 seconds
[2023-12-25T13:38:27.536+0000] {processor.py:157} INFO - Started process (PID=33147) to work on /opt/airflow/dags/예비용/producer.py
[2023-12-25T13:38:27.537+0000] {processor.py:826} INFO - Processing file /opt/airflow/dags/예비용/producer.py for tasks to queue
[2023-12-25T13:38:27.537+0000] {logging_mixin.py:150} INFO - [2023-12-25T13:38:27.537+0000] {dagbag.py:541} INFO - Filling up the DagBag from /opt/airflow/dags/예비용/producer.py
[2023-12-25T13:38:28.036+0000] {processor.py:836} INFO - DAG(s) dict_keys(['producer_dag']) retrieved from /opt/airflow/dags/예비용/producer.py
[2023-12-25T13:38:28.045+0000] {logging_mixin.py:150} INFO - [2023-12-25T13:38:28.045+0000] {dag.py:2742} INFO - Sync 1 DAGs
[2023-12-25T13:38:28.059+0000] {logging_mixin.py:150} INFO - [2023-12-25T13:38:28.059+0000] {dag.py:3508} INFO - Setting next_dagrun for producer_dag to 2023-12-25T13:37:00+00:00, run_after=2023-12-25T13:38:00+00:00
[2023-12-25T13:38:28.072+0000] {processor.py:179} INFO - Processing /opt/airflow/dags/예비용/producer.py took 0.538 seconds
[2023-12-25T13:38:58.818+0000] {processor.py:157} INFO - Started process (PID=33251) to work on /opt/airflow/dags/예비용/producer.py
[2023-12-25T13:38:58.819+0000] {processor.py:826} INFO - Processing file /opt/airflow/dags/예비용/producer.py for tasks to queue
[2023-12-25T13:38:58.819+0000] {logging_mixin.py:150} INFO - [2023-12-25T13:38:58.819+0000] {dagbag.py:541} INFO - Filling up the DagBag from /opt/airflow/dags/예비용/producer.py
[2023-12-25T13:38:59.364+0000] {processor.py:836} INFO - DAG(s) dict_keys(['producer_dag']) retrieved from /opt/airflow/dags/예비용/producer.py
[2023-12-25T13:38:59.512+0000] {logging_mixin.py:150} INFO - [2023-12-25T13:38:59.511+0000] {dag.py:2742} INFO - Sync 1 DAGs
[2023-12-25T13:38:59.528+0000] {logging_mixin.py:150} INFO - [2023-12-25T13:38:59.528+0000] {dag.py:3508} INFO - Setting next_dagrun for producer_dag to 2023-12-25T13:37:00+00:00, run_after=2023-12-25T13:38:00+00:00
[2023-12-25T13:38:59.543+0000] {processor.py:179} INFO - Processing /opt/airflow/dags/예비용/producer.py took 0.727 seconds
[2023-12-25T13:39:29.622+0000] {processor.py:157} INFO - Started process (PID=33323) to work on /opt/airflow/dags/예비용/producer.py
[2023-12-25T13:39:29.624+0000] {processor.py:826} INFO - Processing file /opt/airflow/dags/예비용/producer.py for tasks to queue
[2023-12-25T13:39:29.625+0000] {logging_mixin.py:150} INFO - [2023-12-25T13:39:29.624+0000] {dagbag.py:541} INFO - Filling up the DagBag from /opt/airflow/dags/예비용/producer.py
[2023-12-25T13:39:30.257+0000] {processor.py:836} INFO - DAG(s) dict_keys(['producer_dag']) retrieved from /opt/airflow/dags/예비용/producer.py
[2023-12-25T13:39:30.273+0000] {logging_mixin.py:150} INFO - [2023-12-25T13:39:30.272+0000] {dag.py:2742} INFO - Sync 1 DAGs
[2023-12-25T13:39:30.289+0000] {logging_mixin.py:150} INFO - [2023-12-25T13:39:30.289+0000] {dag.py:3508} INFO - Setting next_dagrun for producer_dag to 2023-12-25T13:38:00+00:00, run_after=2023-12-25T13:39:00+00:00
[2023-12-25T13:39:30.302+0000] {processor.py:179} INFO - Processing /opt/airflow/dags/예비용/producer.py took 0.682 seconds
[2023-12-25T13:40:00.361+0000] {processor.py:157} INFO - Started process (PID=33435) to work on /opt/airflow/dags/예비용/producer.py
[2023-12-25T13:40:00.363+0000] {processor.py:826} INFO - Processing file /opt/airflow/dags/예비용/producer.py for tasks to queue
[2023-12-25T13:40:00.364+0000] {logging_mixin.py:150} INFO - [2023-12-25T13:40:00.364+0000] {dagbag.py:541} INFO - Filling up the DagBag from /opt/airflow/dags/예비용/producer.py
[2023-12-25T13:40:00.940+0000] {processor.py:836} INFO - DAG(s) dict_keys(['producer_dag']) retrieved from /opt/airflow/dags/예비용/producer.py
[2023-12-25T13:40:01.014+0000] {logging_mixin.py:150} INFO - [2023-12-25T13:40:01.014+0000] {dag.py:2742} INFO - Sync 1 DAGs
[2023-12-25T13:40:01.032+0000] {logging_mixin.py:150} INFO - [2023-12-25T13:40:01.032+0000] {dag.py:3508} INFO - Setting next_dagrun for producer_dag to 2023-12-25T13:39:00+00:00, run_after=2023-12-25T13:40:00+00:00
[2023-12-25T13:40:01.060+0000] {processor.py:179} INFO - Processing /opt/airflow/dags/예비용/producer.py took 0.701 seconds
[2023-12-25T13:40:31.776+0000] {processor.py:157} INFO - Started process (PID=33539) to work on /opt/airflow/dags/예비용/producer.py
[2023-12-25T13:40:31.781+0000] {processor.py:826} INFO - Processing file /opt/airflow/dags/예비용/producer.py for tasks to queue
[2023-12-25T13:40:31.782+0000] {logging_mixin.py:150} INFO - [2023-12-25T13:40:31.782+0000] {dagbag.py:541} INFO - Filling up the DagBag from /opt/airflow/dags/예비용/producer.py
[2023-12-25T13:40:32.386+0000] {processor.py:836} INFO - DAG(s) dict_keys(['producer_dag']) retrieved from /opt/airflow/dags/예비용/producer.py
[2023-12-25T13:40:32.470+0000] {logging_mixin.py:150} INFO - [2023-12-25T13:40:32.469+0000] {dag.py:2742} INFO - Sync 1 DAGs
[2023-12-25T13:40:32.487+0000] {logging_mixin.py:150} INFO - [2023-12-25T13:40:32.487+0000] {dag.py:3508} INFO - Setting next_dagrun for producer_dag to 2023-12-25T13:39:00+00:00, run_after=2023-12-25T13:40:00+00:00
[2023-12-25T13:40:32.501+0000] {processor.py:179} INFO - Processing /opt/airflow/dags/예비용/producer.py took 0.728 seconds
[2023-12-25T13:41:02.720+0000] {processor.py:157} INFO - Started process (PID=33652) to work on /opt/airflow/dags/예비용/producer.py
[2023-12-25T13:41:02.721+0000] {processor.py:826} INFO - Processing file /opt/airflow/dags/예비용/producer.py for tasks to queue
[2023-12-25T13:41:02.721+0000] {logging_mixin.py:150} INFO - [2023-12-25T13:41:02.721+0000] {dagbag.py:541} INFO - Filling up the DagBag from /opt/airflow/dags/예비용/producer.py
[2023-12-25T13:41:03.355+0000] {processor.py:836} INFO - DAG(s) dict_keys(['producer_dag']) retrieved from /opt/airflow/dags/예비용/producer.py
[2023-12-25T13:41:03.429+0000] {logging_mixin.py:150} INFO - [2023-12-25T13:41:03.428+0000] {dag.py:2742} INFO - Sync 1 DAGs
[2023-12-25T13:41:03.444+0000] {logging_mixin.py:150} INFO - [2023-12-25T13:41:03.444+0000] {dag.py:3508} INFO - Setting next_dagrun for producer_dag to 2023-12-25T13:40:00+00:00, run_after=2023-12-25T13:41:00+00:00
[2023-12-25T13:41:03.458+0000] {processor.py:179} INFO - Processing /opt/airflow/dags/예비용/producer.py took 0.741 seconds
[2023-12-25T13:41:33.790+0000] {processor.py:157} INFO - Started process (PID=33765) to work on /opt/airflow/dags/예비용/producer.py
[2023-12-25T13:41:33.791+0000] {processor.py:826} INFO - Processing file /opt/airflow/dags/예비용/producer.py for tasks to queue
[2023-12-25T13:41:33.791+0000] {logging_mixin.py:150} INFO - [2023-12-25T13:41:33.791+0000] {dagbag.py:541} INFO - Filling up the DagBag from /opt/airflow/dags/예비용/producer.py
[2023-12-25T13:41:34.352+0000] {processor.py:836} INFO - DAG(s) dict_keys(['producer_dag']) retrieved from /opt/airflow/dags/예비용/producer.py
[2023-12-25T13:41:34.429+0000] {logging_mixin.py:150} INFO - [2023-12-25T13:41:34.368+0000] {dag.py:2742} INFO - Sync 1 DAGs
[2023-12-25T13:41:34.445+0000] {logging_mixin.py:150} INFO - [2023-12-25T13:41:34.445+0000] {dag.py:3508} INFO - Setting next_dagrun for producer_dag to 2023-12-25T13:40:00+00:00, run_after=2023-12-25T13:41:00+00:00
[2023-12-25T13:41:34.458+0000] {processor.py:179} INFO - Processing /opt/airflow/dags/예비용/producer.py took 0.670 seconds
[2023-12-25T13:42:04.478+0000] {processor.py:157} INFO - Started process (PID=33868) to work on /opt/airflow/dags/예비용/producer.py
[2023-12-25T13:42:04.480+0000] {processor.py:826} INFO - Processing file /opt/airflow/dags/예비용/producer.py for tasks to queue
[2023-12-25T13:42:04.481+0000] {logging_mixin.py:150} INFO - [2023-12-25T13:42:04.481+0000] {dagbag.py:541} INFO - Filling up the DagBag from /opt/airflow/dags/예비용/producer.py
[2023-12-25T13:42:05.107+0000] {processor.py:836} INFO - DAG(s) dict_keys(['producer_dag']) retrieved from /opt/airflow/dags/예비용/producer.py
[2023-12-25T13:42:05.184+0000] {logging_mixin.py:150} INFO - [2023-12-25T13:42:05.184+0000] {dag.py:2742} INFO - Sync 1 DAGs
[2023-12-25T13:42:05.201+0000] {logging_mixin.py:150} INFO - [2023-12-25T13:42:05.201+0000] {dag.py:3508} INFO - Setting next_dagrun for producer_dag to 2023-12-25T13:41:00+00:00, run_after=2023-12-25T13:42:00+00:00
[2023-12-25T13:42:05.215+0000] {processor.py:179} INFO - Processing /opt/airflow/dags/예비용/producer.py took 0.739 seconds
[2023-12-25T13:42:35.796+0000] {processor.py:157} INFO - Started process (PID=33981) to work on /opt/airflow/dags/예비용/producer.py
[2023-12-25T13:42:35.797+0000] {processor.py:826} INFO - Processing file /opt/airflow/dags/예비용/producer.py for tasks to queue
[2023-12-25T13:42:35.798+0000] {logging_mixin.py:150} INFO - [2023-12-25T13:42:35.798+0000] {dagbag.py:541} INFO - Filling up the DagBag from /opt/airflow/dags/예비용/producer.py
[2023-12-25T13:42:36.381+0000] {processor.py:836} INFO - DAG(s) dict_keys(['producer_dag']) retrieved from /opt/airflow/dags/예비용/producer.py
[2023-12-25T13:42:36.397+0000] {logging_mixin.py:150} INFO - [2023-12-25T13:42:36.397+0000] {dag.py:2742} INFO - Sync 1 DAGs
[2023-12-25T13:42:36.413+0000] {logging_mixin.py:150} INFO - [2023-12-25T13:42:36.413+0000] {dag.py:3508} INFO - Setting next_dagrun for producer_dag to 2023-12-25T13:41:00+00:00, run_after=2023-12-25T13:42:00+00:00
[2023-12-25T13:42:36.425+0000] {processor.py:179} INFO - Processing /opt/airflow/dags/예비용/producer.py took 0.632 seconds
[2023-12-25T13:43:07.389+0000] {processor.py:157} INFO - Started process (PID=34116) to work on /opt/airflow/dags/예비용/producer.py
[2023-12-25T13:43:07.390+0000] {processor.py:826} INFO - Processing file /opt/airflow/dags/예비용/producer.py for tasks to queue
[2023-12-25T13:43:07.391+0000] {logging_mixin.py:150} INFO - [2023-12-25T13:43:07.391+0000] {dagbag.py:541} INFO - Filling up the DagBag from /opt/airflow/dags/예비용/producer.py
[2023-12-25T13:43:07.957+0000] {processor.py:836} INFO - DAG(s) dict_keys(['producer_dag']) retrieved from /opt/airflow/dags/예비용/producer.py
[2023-12-25T13:43:08.036+0000] {logging_mixin.py:150} INFO - [2023-12-25T13:43:08.035+0000] {dag.py:2742} INFO - Sync 1 DAGs
[2023-12-25T13:43:08.052+0000] {logging_mixin.py:150} INFO - [2023-12-25T13:43:08.052+0000] {dag.py:3508} INFO - Setting next_dagrun for producer_dag to 2023-12-25T13:42:00+00:00, run_after=2023-12-25T13:43:00+00:00
[2023-12-25T13:43:08.065+0000] {processor.py:179} INFO - Processing /opt/airflow/dags/예비용/producer.py took 0.679 seconds
[2023-12-25T13:43:38.362+0000] {processor.py:157} INFO - Started process (PID=34236) to work on /opt/airflow/dags/예비용/producer.py
[2023-12-25T13:43:38.363+0000] {processor.py:826} INFO - Processing file /opt/airflow/dags/예비용/producer.py for tasks to queue
[2023-12-25T13:43:38.363+0000] {logging_mixin.py:150} INFO - [2023-12-25T13:43:38.363+0000] {dagbag.py:541} INFO - Filling up the DagBag from /opt/airflow/dags/예비용/producer.py
[2023-12-25T13:43:38.916+0000] {processor.py:836} INFO - DAG(s) dict_keys(['producer_dag']) retrieved from /opt/airflow/dags/예비용/producer.py
[2023-12-25T13:43:38.922+0000] {logging_mixin.py:150} INFO - [2023-12-25T13:43:38.922+0000] {dag.py:2742} INFO - Sync 1 DAGs
[2023-12-25T13:43:38.938+0000] {logging_mixin.py:150} INFO - [2023-12-25T13:43:38.938+0000] {dag.py:3508} INFO - Setting next_dagrun for producer_dag to 2023-12-25T13:42:00+00:00, run_after=2023-12-25T13:43:00+00:00
[2023-12-25T13:43:38.951+0000] {processor.py:179} INFO - Processing /opt/airflow/dags/예비용/producer.py took 0.591 seconds
[2023-12-25T13:44:09.864+0000] {processor.py:157} INFO - Started process (PID=34341) to work on /opt/airflow/dags/예비용/producer.py
[2023-12-25T13:44:09.865+0000] {processor.py:826} INFO - Processing file /opt/airflow/dags/예비용/producer.py for tasks to queue
[2023-12-25T13:44:09.865+0000] {logging_mixin.py:150} INFO - [2023-12-25T13:44:09.865+0000] {dagbag.py:541} INFO - Filling up the DagBag from /opt/airflow/dags/예비용/producer.py
[2023-12-25T13:44:10.484+0000] {processor.py:836} INFO - DAG(s) dict_keys(['producer_dag']) retrieved from /opt/airflow/dags/예비용/producer.py
[2023-12-25T13:44:10.563+0000] {logging_mixin.py:150} INFO - [2023-12-25T13:44:10.562+0000] {dag.py:2742} INFO - Sync 1 DAGs
[2023-12-25T13:44:10.580+0000] {logging_mixin.py:150} INFO - [2023-12-25T13:44:10.580+0000] {dag.py:3508} INFO - Setting next_dagrun for producer_dag to 2023-12-25T13:43:00+00:00, run_after=2023-12-25T13:44:00+00:00
[2023-12-25T13:44:10.595+0000] {processor.py:179} INFO - Processing /opt/airflow/dags/예비용/producer.py took 0.733 seconds
