[2023-12-27T16:38:08.399+0000] {taskinstance.py:1103} INFO - Dependencies all met for dep_context=non-requeueable deps ti=<TaskInstance: modeling_dag.load_modeling manual__2023-12-27T16:38:06.023412+00:00 [queued]>
[2023-12-27T16:38:08.409+0000] {taskinstance.py:1103} INFO - Dependencies all met for dep_context=requeueable deps ti=<TaskInstance: modeling_dag.load_modeling manual__2023-12-27T16:38:06.023412+00:00 [queued]>
[2023-12-27T16:38:08.409+0000] {taskinstance.py:1308} INFO - Starting attempt 1 of 1
[2023-12-27T16:38:08.422+0000] {taskinstance.py:1327} INFO - Executing <Task(PythonOperator): load_modeling> on 2023-12-27 16:38:06.023412+00:00
[2023-12-27T16:38:08.429+0000] {standard_task_runner.py:57} INFO - Started process 2930 to run task
[2023-12-27T16:38:08.432+0000] {standard_task_runner.py:84} INFO - Running: ['***', 'tasks', 'run', 'modeling_dag', 'load_modeling', 'manual__2023-12-27T16:38:06.023412+00:00', '--job-id', '403', '--raw', '--subdir', 'DAGS_FOLDER/modeling.py', '--cfg-path', '/tmp/tmpyg_2tgdx']
[2023-12-27T16:38:08.435+0000] {standard_task_runner.py:85} INFO - Job 403: Subtask load_modeling
[2023-12-27T16:38:08.479+0000] {task_command.py:410} INFO - Running <TaskInstance: modeling_dag.load_modeling manual__2023-12-27T16:38:06.023412+00:00 [running]> on host c56b1de7f6cf
[2023-12-27T16:38:08.544+0000] {taskinstance.py:1547} INFO - Exporting env vars: AIRFLOW_CTX_DAG_OWNER='***' AIRFLOW_CTX_DAG_ID='modeling_dag' AIRFLOW_CTX_TASK_ID='load_modeling' AIRFLOW_CTX_EXECUTION_DATE='2023-12-27T16:38:06.023412+00:00' AIRFLOW_CTX_TRY_NUMBER='1' AIRFLOW_CTX_DAG_RUN_ID='manual__2023-12-27T16:38:06.023412+00:00'
[2023-12-27T16:38:08.589+0000] {logging_mixin.py:150} INFO - 내용 [[  16.63857    6.6096    21.95757  153.48474   26.90361 3285.649  ]]
[2023-12-27T16:38:08.589+0000] {logging_mixin.py:150} INFO - 타입 <class 'numpy.ndarray'>
[2023-12-27T16:38:09.421+0000] {warnings.py:110} WARNING - /home/***/.local/lib/python3.7/site-packages/sklearn/base.py:451: UserWarning: X does not have valid feature names, but RandomForestClassifier was fitted with feature names
  "X does not have valid feature names, but"

[2023-12-27T16:38:09.450+0000] {warnings.py:110} WARNING - /home/***/.local/lib/python3.7/site-packages/sklearn/base.py:451: UserWarning: X does not have valid feature names, but ExtraTreesClassifier was fitted with feature names
  "X does not have valid feature names, but"

[2023-12-27T16:38:09.829+0000] {warnings.py:110} WARNING - /home/***/.local/lib/python3.7/site-packages/sklearn/base.py:451: UserWarning: X does not have valid feature names, but ExtraTreesRegressor was fitted with feature names
  "X does not have valid feature names, but"

[2023-12-27T16:38:09.837+0000] {python.py:183} INFO - Done. Returned value was: (array([32.94310173]), array([3]))
[2023-12-27T16:38:09.860+0000] {taskinstance.py:1350} INFO - Marking task as SUCCESS. dag_id=modeling_dag, task_id=load_modeling, execution_date=20231227T163806, start_date=20231227T163808, end_date=20231227T163809
[2023-12-27T16:38:09.931+0000] {local_task_job_runner.py:225} INFO - Task exited with return code 0
[2023-12-27T16:38:09.950+0000] {taskinstance.py:2653} INFO - 0 downstream tasks scheduled from follow-on schedule check
