[2023-12-24T00:40:50.118+0000] {processor.py:157} INFO - Started process (PID=96) to work on /opt/airflow/dags/another_consume.py
[2023-12-24T00:40:50.119+0000] {processor.py:826} INFO - Processing file /opt/airflow/dags/another_consume.py for tasks to queue
[2023-12-24T00:40:50.120+0000] {logging_mixin.py:150} INFO - [2023-12-24T00:40:50.119+0000] {dagbag.py:541} INFO - Filling up the DagBag from /opt/airflow/dags/another_consume.py
[2023-12-24T00:40:50.161+0000] {processor.py:836} INFO - DAG(s) dict_keys(['kafka_message_consumer']) retrieved from /opt/airflow/dags/another_consume.py
[2023-12-24T00:40:50.268+0000] {logging_mixin.py:150} INFO - [2023-12-24T00:40:50.267+0000] {dag.py:2742} INFO - Sync 1 DAGs
[2023-12-24T00:40:50.286+0000] {logging_mixin.py:150} INFO - [2023-12-24T00:40:50.286+0000] {dag.py:3508} INFO - Setting next_dagrun for kafka_message_consumer to None, run_after=None
[2023-12-24T00:40:50.308+0000] {processor.py:179} INFO - Processing /opt/airflow/dags/another_consume.py took 0.193 seconds
[2023-12-24T00:41:21.198+0000] {processor.py:157} INFO - Started process (PID=192) to work on /opt/airflow/dags/another_consume.py
[2023-12-24T00:41:21.199+0000] {processor.py:826} INFO - Processing file /opt/airflow/dags/another_consume.py for tasks to queue
[2023-12-24T00:41:21.199+0000] {logging_mixin.py:150} INFO - [2023-12-24T00:41:21.199+0000] {dagbag.py:541} INFO - Filling up the DagBag from /opt/airflow/dags/another_consume.py
[2023-12-24T00:41:21.228+0000] {processor.py:836} INFO - DAG(s) dict_keys(['kafka_message_consumer']) retrieved from /opt/airflow/dags/another_consume.py
[2023-12-24T00:41:21.247+0000] {logging_mixin.py:150} INFO - [2023-12-24T00:41:21.247+0000] {dag.py:2742} INFO - Sync 1 DAGs
[2023-12-24T00:41:21.264+0000] {logging_mixin.py:150} INFO - [2023-12-24T00:41:21.263+0000] {dag.py:3508} INFO - Setting next_dagrun for kafka_message_consumer to None, run_after=None
[2023-12-24T00:41:21.276+0000] {processor.py:179} INFO - Processing /opt/airflow/dags/another_consume.py took 0.080 seconds
[2023-12-24T00:41:51.898+0000] {processor.py:157} INFO - Started process (PID=308) to work on /opt/airflow/dags/another_consume.py
[2023-12-24T00:41:51.899+0000] {processor.py:826} INFO - Processing file /opt/airflow/dags/another_consume.py for tasks to queue
[2023-12-24T00:41:51.899+0000] {logging_mixin.py:150} INFO - [2023-12-24T00:41:51.899+0000] {dagbag.py:541} INFO - Filling up the DagBag from /opt/airflow/dags/another_consume.py
[2023-12-24T00:41:51.928+0000] {processor.py:836} INFO - DAG(s) dict_keys(['kafka_message_consumer']) retrieved from /opt/airflow/dags/another_consume.py
[2023-12-24T00:41:51.947+0000] {logging_mixin.py:150} INFO - [2023-12-24T00:41:51.947+0000] {dag.py:2742} INFO - Sync 1 DAGs
[2023-12-24T00:41:51.965+0000] {logging_mixin.py:150} INFO - [2023-12-24T00:41:51.965+0000] {dag.py:3508} INFO - Setting next_dagrun for kafka_message_consumer to None, run_after=None
[2023-12-24T00:41:51.977+0000] {processor.py:179} INFO - Processing /opt/airflow/dags/another_consume.py took 0.082 seconds
[2023-12-24T00:42:22.608+0000] {processor.py:157} INFO - Started process (PID=415) to work on /opt/airflow/dags/another_consume.py
[2023-12-24T00:42:22.609+0000] {processor.py:826} INFO - Processing file /opt/airflow/dags/another_consume.py for tasks to queue
[2023-12-24T00:42:22.609+0000] {logging_mixin.py:150} INFO - [2023-12-24T00:42:22.609+0000] {dagbag.py:541} INFO - Filling up the DagBag from /opt/airflow/dags/another_consume.py
[2023-12-24T00:42:22.641+0000] {processor.py:836} INFO - DAG(s) dict_keys(['kafka_message_consumer']) retrieved from /opt/airflow/dags/another_consume.py
[2023-12-24T00:42:22.665+0000] {logging_mixin.py:150} INFO - [2023-12-24T00:42:22.664+0000] {dag.py:2742} INFO - Sync 1 DAGs
[2023-12-24T00:42:22.684+0000] {logging_mixin.py:150} INFO - [2023-12-24T00:42:22.684+0000] {dag.py:3508} INFO - Setting next_dagrun for kafka_message_consumer to None, run_after=None
[2023-12-24T00:42:22.699+0000] {processor.py:179} INFO - Processing /opt/airflow/dags/another_consume.py took 0.093 seconds
[2023-12-24T00:42:53.425+0000] {processor.py:157} INFO - Started process (PID=532) to work on /opt/airflow/dags/another_consume.py
[2023-12-24T00:42:53.425+0000] {processor.py:826} INFO - Processing file /opt/airflow/dags/another_consume.py for tasks to queue
[2023-12-24T00:42:53.426+0000] {logging_mixin.py:150} INFO - [2023-12-24T00:42:53.426+0000] {dagbag.py:541} INFO - Filling up the DagBag from /opt/airflow/dags/another_consume.py
[2023-12-24T00:42:53.456+0000] {processor.py:836} INFO - DAG(s) dict_keys(['kafka_message_consumer']) retrieved from /opt/airflow/dags/another_consume.py
[2023-12-24T00:42:53.476+0000] {logging_mixin.py:150} INFO - [2023-12-24T00:42:53.476+0000] {dag.py:2742} INFO - Sync 1 DAGs
[2023-12-24T00:42:53.494+0000] {logging_mixin.py:150} INFO - [2023-12-24T00:42:53.494+0000] {dag.py:3508} INFO - Setting next_dagrun for kafka_message_consumer to None, run_after=None
[2023-12-24T00:42:53.507+0000] {processor.py:179} INFO - Processing /opt/airflow/dags/another_consume.py took 0.085 seconds
[2023-12-24T00:43:24.414+0000] {processor.py:157} INFO - Started process (PID=648) to work on /opt/airflow/dags/another_consume.py
[2023-12-24T00:43:24.415+0000] {processor.py:826} INFO - Processing file /opt/airflow/dags/another_consume.py for tasks to queue
[2023-12-24T00:43:24.415+0000] {logging_mixin.py:150} INFO - [2023-12-24T00:43:24.415+0000] {dagbag.py:541} INFO - Filling up the DagBag from /opt/airflow/dags/another_consume.py
[2023-12-24T00:43:24.447+0000] {processor.py:836} INFO - DAG(s) dict_keys(['kafka_message_consumer']) retrieved from /opt/airflow/dags/another_consume.py
[2023-12-24T00:43:24.468+0000] {logging_mixin.py:150} INFO - [2023-12-24T00:43:24.468+0000] {dag.py:2742} INFO - Sync 1 DAGs
[2023-12-24T00:43:24.485+0000] {logging_mixin.py:150} INFO - [2023-12-24T00:43:24.485+0000] {dag.py:3508} INFO - Setting next_dagrun for kafka_message_consumer to None, run_after=None
[2023-12-24T00:43:24.498+0000] {processor.py:179} INFO - Processing /opt/airflow/dags/another_consume.py took 0.086 seconds
[2023-12-24T00:43:55.111+0000] {processor.py:157} INFO - Started process (PID=755) to work on /opt/airflow/dags/another_consume.py
[2023-12-24T00:43:55.112+0000] {processor.py:826} INFO - Processing file /opt/airflow/dags/another_consume.py for tasks to queue
[2023-12-24T00:43:55.112+0000] {logging_mixin.py:150} INFO - [2023-12-24T00:43:55.112+0000] {dagbag.py:541} INFO - Filling up the DagBag from /opt/airflow/dags/another_consume.py
[2023-12-24T00:43:55.142+0000] {processor.py:836} INFO - DAG(s) dict_keys(['kafka_message_consumer']) retrieved from /opt/airflow/dags/another_consume.py
[2023-12-24T00:43:55.161+0000] {logging_mixin.py:150} INFO - [2023-12-24T00:43:55.161+0000] {dag.py:2742} INFO - Sync 1 DAGs
[2023-12-24T00:43:55.177+0000] {logging_mixin.py:150} INFO - [2023-12-24T00:43:55.177+0000] {dag.py:3508} INFO - Setting next_dagrun for kafka_message_consumer to None, run_after=None
[2023-12-24T00:43:55.190+0000] {processor.py:179} INFO - Processing /opt/airflow/dags/another_consume.py took 0.082 seconds
[2023-12-24T00:44:25.935+0000] {processor.py:157} INFO - Started process (PID=871) to work on /opt/airflow/dags/another_consume.py
[2023-12-24T00:44:25.935+0000] {processor.py:826} INFO - Processing file /opt/airflow/dags/another_consume.py for tasks to queue
[2023-12-24T00:44:25.936+0000] {logging_mixin.py:150} INFO - [2023-12-24T00:44:25.936+0000] {dagbag.py:541} INFO - Filling up the DagBag from /opt/airflow/dags/another_consume.py
[2023-12-24T00:44:25.964+0000] {processor.py:836} INFO - DAG(s) dict_keys(['kafka_message_consumer']) retrieved from /opt/airflow/dags/another_consume.py
[2023-12-24T00:44:25.983+0000] {logging_mixin.py:150} INFO - [2023-12-24T00:44:25.983+0000] {dag.py:2742} INFO - Sync 1 DAGs
[2023-12-24T00:44:26.000+0000] {logging_mixin.py:150} INFO - [2023-12-24T00:44:26.000+0000] {dag.py:3508} INFO - Setting next_dagrun for kafka_message_consumer to None, run_after=None
[2023-12-24T00:44:26.014+0000] {processor.py:179} INFO - Processing /opt/airflow/dags/another_consume.py took 0.082 seconds
[2023-12-24T00:44:56.683+0000] {processor.py:157} INFO - Started process (PID=987) to work on /opt/airflow/dags/another_consume.py
[2023-12-24T00:44:56.684+0000] {processor.py:826} INFO - Processing file /opt/airflow/dags/another_consume.py for tasks to queue
[2023-12-24T00:44:56.684+0000] {logging_mixin.py:150} INFO - [2023-12-24T00:44:56.684+0000] {dagbag.py:541} INFO - Filling up the DagBag from /opt/airflow/dags/another_consume.py
[2023-12-24T00:44:56.713+0000] {processor.py:836} INFO - DAG(s) dict_keys(['kafka_message_consumer']) retrieved from /opt/airflow/dags/another_consume.py
[2023-12-24T00:44:56.732+0000] {logging_mixin.py:150} INFO - [2023-12-24T00:44:56.732+0000] {dag.py:2742} INFO - Sync 1 DAGs
[2023-12-24T00:44:56.749+0000] {logging_mixin.py:150} INFO - [2023-12-24T00:44:56.748+0000] {dag.py:3508} INFO - Setting next_dagrun for kafka_message_consumer to None, run_after=None
[2023-12-24T00:44:56.761+0000] {processor.py:179} INFO - Processing /opt/airflow/dags/another_consume.py took 0.080 seconds
[2023-12-24T00:45:27.356+0000] {processor.py:157} INFO - Started process (PID=1094) to work on /opt/airflow/dags/another_consume.py
[2023-12-24T00:45:27.356+0000] {processor.py:826} INFO - Processing file /opt/airflow/dags/another_consume.py for tasks to queue
[2023-12-24T00:45:27.357+0000] {logging_mixin.py:150} INFO - [2023-12-24T00:45:27.357+0000] {dagbag.py:541} INFO - Filling up the DagBag from /opt/airflow/dags/another_consume.py
[2023-12-24T00:45:27.386+0000] {processor.py:836} INFO - DAG(s) dict_keys(['kafka_message_consumer']) retrieved from /opt/airflow/dags/another_consume.py
[2023-12-24T00:45:27.405+0000] {logging_mixin.py:150} INFO - [2023-12-24T00:45:27.405+0000] {dag.py:2742} INFO - Sync 1 DAGs
[2023-12-24T00:45:27.423+0000] {logging_mixin.py:150} INFO - [2023-12-24T00:45:27.422+0000] {dag.py:3508} INFO - Setting next_dagrun for kafka_message_consumer to None, run_after=None
[2023-12-24T00:45:27.435+0000] {processor.py:179} INFO - Processing /opt/airflow/dags/another_consume.py took 0.081 seconds
[2023-12-24T00:45:58.236+0000] {processor.py:157} INFO - Started process (PID=1210) to work on /opt/airflow/dags/another_consume.py
[2023-12-24T00:45:58.237+0000] {processor.py:826} INFO - Processing file /opt/airflow/dags/another_consume.py for tasks to queue
[2023-12-24T00:45:58.237+0000] {logging_mixin.py:150} INFO - [2023-12-24T00:45:58.237+0000] {dagbag.py:541} INFO - Filling up the DagBag from /opt/airflow/dags/another_consume.py
[2023-12-24T00:45:58.267+0000] {processor.py:836} INFO - DAG(s) dict_keys(['kafka_message_consumer']) retrieved from /opt/airflow/dags/another_consume.py
[2023-12-24T00:45:58.287+0000] {logging_mixin.py:150} INFO - [2023-12-24T00:45:58.287+0000] {dag.py:2742} INFO - Sync 1 DAGs
[2023-12-24T00:45:58.304+0000] {logging_mixin.py:150} INFO - [2023-12-24T00:45:58.304+0000] {dag.py:3508} INFO - Setting next_dagrun for kafka_message_consumer to None, run_after=None
[2023-12-24T00:45:58.315+0000] {processor.py:179} INFO - Processing /opt/airflow/dags/another_consume.py took 0.082 seconds
[2023-12-24T00:46:28.867+0000] {processor.py:157} INFO - Started process (PID=1326) to work on /opt/airflow/dags/another_consume.py
[2023-12-24T00:46:28.867+0000] {processor.py:826} INFO - Processing file /opt/airflow/dags/another_consume.py for tasks to queue
[2023-12-24T00:46:28.868+0000] {logging_mixin.py:150} INFO - [2023-12-24T00:46:28.868+0000] {dagbag.py:541} INFO - Filling up the DagBag from /opt/airflow/dags/another_consume.py
[2023-12-24T00:46:28.897+0000] {processor.py:836} INFO - DAG(s) dict_keys(['kafka_message_consumer']) retrieved from /opt/airflow/dags/another_consume.py
[2023-12-24T00:46:28.916+0000] {logging_mixin.py:150} INFO - [2023-12-24T00:46:28.915+0000] {dag.py:2742} INFO - Sync 1 DAGs
[2023-12-24T00:46:28.933+0000] {logging_mixin.py:150} INFO - [2023-12-24T00:46:28.933+0000] {dag.py:3508} INFO - Setting next_dagrun for kafka_message_consumer to None, run_after=None
[2023-12-24T00:46:28.946+0000] {processor.py:179} INFO - Processing /opt/airflow/dags/another_consume.py took 0.081 seconds
[2023-12-24T00:46:59.489+0000] {processor.py:157} INFO - Started process (PID=1474) to work on /opt/airflow/dags/another_consume.py
[2023-12-24T00:46:59.491+0000] {processor.py:826} INFO - Processing file /opt/airflow/dags/another_consume.py for tasks to queue
[2023-12-24T00:46:59.491+0000] {logging_mixin.py:150} INFO - [2023-12-24T00:46:59.491+0000] {dagbag.py:541} INFO - Filling up the DagBag from /opt/airflow/dags/another_consume.py
[2023-12-24T00:46:59.522+0000] {processor.py:836} INFO - DAG(s) dict_keys(['kafka_message_consumer']) retrieved from /opt/airflow/dags/another_consume.py
[2023-12-24T00:46:59.541+0000] {logging_mixin.py:150} INFO - [2023-12-24T00:46:59.541+0000] {dag.py:2742} INFO - Sync 1 DAGs
[2023-12-24T00:46:59.558+0000] {logging_mixin.py:150} INFO - [2023-12-24T00:46:59.558+0000] {dag.py:3508} INFO - Setting next_dagrun for kafka_message_consumer to None, run_after=None
[2023-12-24T00:46:59.570+0000] {processor.py:179} INFO - Processing /opt/airflow/dags/another_consume.py took 0.085 seconds
[2023-12-24T00:47:30.320+0000] {processor.py:157} INFO - Started process (PID=1590) to work on /opt/airflow/dags/another_consume.py
[2023-12-24T00:47:30.321+0000] {processor.py:826} INFO - Processing file /opt/airflow/dags/another_consume.py for tasks to queue
[2023-12-24T00:47:30.322+0000] {logging_mixin.py:150} INFO - [2023-12-24T00:47:30.322+0000] {dagbag.py:541} INFO - Filling up the DagBag from /opt/airflow/dags/another_consume.py
[2023-12-24T00:47:30.350+0000] {processor.py:836} INFO - DAG(s) dict_keys(['kafka_message_consumer']) retrieved from /opt/airflow/dags/another_consume.py
[2023-12-24T00:47:30.370+0000] {logging_mixin.py:150} INFO - [2023-12-24T00:47:30.370+0000] {dag.py:2742} INFO - Sync 1 DAGs
[2023-12-24T00:47:30.387+0000] {logging_mixin.py:150} INFO - [2023-12-24T00:47:30.387+0000] {dag.py:3508} INFO - Setting next_dagrun for kafka_message_consumer to None, run_after=None
[2023-12-24T00:47:30.401+0000] {processor.py:179} INFO - Processing /opt/airflow/dags/another_consume.py took 0.083 seconds
[2023-12-24T00:48:00.467+0000] {processor.py:157} INFO - Started process (PID=1686) to work on /opt/airflow/dags/another_consume.py
[2023-12-24T00:48:00.467+0000] {processor.py:826} INFO - Processing file /opt/airflow/dags/another_consume.py for tasks to queue
[2023-12-24T00:48:00.468+0000] {logging_mixin.py:150} INFO - [2023-12-24T00:48:00.468+0000] {dagbag.py:541} INFO - Filling up the DagBag from /opt/airflow/dags/another_consume.py
[2023-12-24T00:48:00.501+0000] {processor.py:836} INFO - DAG(s) dict_keys(['kafka_message_consumer']) retrieved from /opt/airflow/dags/another_consume.py
[2023-12-24T00:48:00.521+0000] {logging_mixin.py:150} INFO - [2023-12-24T00:48:00.521+0000] {dag.py:2742} INFO - Sync 1 DAGs
[2023-12-24T00:48:00.539+0000] {logging_mixin.py:150} INFO - [2023-12-24T00:48:00.539+0000] {dag.py:3508} INFO - Setting next_dagrun for kafka_message_consumer to None, run_after=None
[2023-12-24T00:48:00.553+0000] {processor.py:179} INFO - Processing /opt/airflow/dags/another_consume.py took 0.089 seconds
[2023-12-24T00:48:30.898+0000] {processor.py:157} INFO - Started process (PID=1793) to work on /opt/airflow/dags/another_consume.py
[2023-12-24T00:48:30.901+0000] {processor.py:826} INFO - Processing file /opt/airflow/dags/another_consume.py for tasks to queue
[2023-12-24T00:48:30.902+0000] {logging_mixin.py:150} INFO - [2023-12-24T00:48:30.902+0000] {dagbag.py:541} INFO - Filling up the DagBag from /opt/airflow/dags/another_consume.py
[2023-12-24T00:48:30.929+0000] {processor.py:836} INFO - DAG(s) dict_keys(['kafka_message_consumer']) retrieved from /opt/airflow/dags/another_consume.py
[2023-12-24T00:48:30.949+0000] {logging_mixin.py:150} INFO - [2023-12-24T00:48:30.949+0000] {dag.py:2742} INFO - Sync 1 DAGs
[2023-12-24T00:48:30.966+0000] {logging_mixin.py:150} INFO - [2023-12-24T00:48:30.966+0000] {dag.py:3508} INFO - Setting next_dagrun for kafka_message_consumer to None, run_after=None
[2023-12-24T00:48:30.983+0000] {processor.py:179} INFO - Processing /opt/airflow/dags/another_consume.py took 0.086 seconds
[2023-12-24T00:49:01.444+0000] {processor.py:157} INFO - Started process (PID=1908) to work on /opt/airflow/dags/another_consume.py
[2023-12-24T00:49:01.445+0000] {processor.py:826} INFO - Processing file /opt/airflow/dags/another_consume.py for tasks to queue
[2023-12-24T00:49:01.446+0000] {logging_mixin.py:150} INFO - [2023-12-24T00:49:01.446+0000] {dagbag.py:541} INFO - Filling up the DagBag from /opt/airflow/dags/another_consume.py
[2023-12-24T00:49:01.475+0000] {processor.py:836} INFO - DAG(s) dict_keys(['kafka_message_consumer']) retrieved from /opt/airflow/dags/another_consume.py
[2023-12-24T00:49:01.495+0000] {logging_mixin.py:150} INFO - [2023-12-24T00:49:01.495+0000] {dag.py:2742} INFO - Sync 1 DAGs
[2023-12-24T00:49:01.512+0000] {logging_mixin.py:150} INFO - [2023-12-24T00:49:01.512+0000] {dag.py:3508} INFO - Setting next_dagrun for kafka_message_consumer to None, run_after=None
[2023-12-24T00:49:01.526+0000] {processor.py:179} INFO - Processing /opt/airflow/dags/another_consume.py took 0.084 seconds
[2023-12-24T00:49:31.774+0000] {processor.py:157} INFO - Started process (PID=2024) to work on /opt/airflow/dags/another_consume.py
[2023-12-24T00:49:31.774+0000] {processor.py:826} INFO - Processing file /opt/airflow/dags/another_consume.py for tasks to queue
[2023-12-24T00:49:31.775+0000] {logging_mixin.py:150} INFO - [2023-12-24T00:49:31.775+0000] {dagbag.py:541} INFO - Filling up the DagBag from /opt/airflow/dags/another_consume.py
[2023-12-24T00:49:31.813+0000] {processor.py:836} INFO - DAG(s) dict_keys(['kafka_message_consumer']) retrieved from /opt/airflow/dags/another_consume.py
[2023-12-24T00:49:31.835+0000] {logging_mixin.py:150} INFO - [2023-12-24T00:49:31.835+0000] {dag.py:2742} INFO - Sync 1 DAGs
[2023-12-24T00:49:31.854+0000] {logging_mixin.py:150} INFO - [2023-12-24T00:49:31.854+0000] {dag.py:3508} INFO - Setting next_dagrun for kafka_message_consumer to None, run_after=None
[2023-12-24T00:49:31.868+0000] {processor.py:179} INFO - Processing /opt/airflow/dags/another_consume.py took 0.097 seconds
[2023-12-24T00:50:02.262+0000] {processor.py:157} INFO - Started process (PID=2131) to work on /opt/airflow/dags/another_consume.py
[2023-12-24T00:50:02.267+0000] {processor.py:826} INFO - Processing file /opt/airflow/dags/another_consume.py for tasks to queue
[2023-12-24T00:50:02.268+0000] {logging_mixin.py:150} INFO - [2023-12-24T00:50:02.268+0000] {dagbag.py:541} INFO - Filling up the DagBag from /opt/airflow/dags/another_consume.py
[2023-12-24T00:50:02.295+0000] {processor.py:836} INFO - DAG(s) dict_keys(['kafka_message_consumer']) retrieved from /opt/airflow/dags/another_consume.py
[2023-12-24T00:50:02.314+0000] {logging_mixin.py:150} INFO - [2023-12-24T00:50:02.314+0000] {dag.py:2742} INFO - Sync 1 DAGs
[2023-12-24T00:50:02.335+0000] {logging_mixin.py:150} INFO - [2023-12-24T00:50:02.335+0000] {dag.py:3508} INFO - Setting next_dagrun for kafka_message_consumer to None, run_after=None
[2023-12-24T00:50:02.351+0000] {processor.py:179} INFO - Processing /opt/airflow/dags/another_consume.py took 0.091 seconds
[2023-12-24T00:50:32.811+0000] {processor.py:157} INFO - Started process (PID=2247) to work on /opt/airflow/dags/another_consume.py
[2023-12-24T00:50:32.813+0000] {processor.py:826} INFO - Processing file /opt/airflow/dags/another_consume.py for tasks to queue
[2023-12-24T00:50:32.814+0000] {logging_mixin.py:150} INFO - [2023-12-24T00:50:32.814+0000] {dagbag.py:541} INFO - Filling up the DagBag from /opt/airflow/dags/another_consume.py
[2023-12-24T00:50:32.845+0000] {processor.py:836} INFO - DAG(s) dict_keys(['kafka_message_consumer']) retrieved from /opt/airflow/dags/another_consume.py
[2023-12-24T00:50:32.866+0000] {logging_mixin.py:150} INFO - [2023-12-24T00:50:32.866+0000] {dag.py:2742} INFO - Sync 1 DAGs
[2023-12-24T00:50:32.885+0000] {logging_mixin.py:150} INFO - [2023-12-24T00:50:32.884+0000] {dag.py:3508} INFO - Setting next_dagrun for kafka_message_consumer to None, run_after=None
[2023-12-24T00:50:32.898+0000] {processor.py:179} INFO - Processing /opt/airflow/dags/another_consume.py took 0.090 seconds
[2023-12-24T00:51:03.357+0000] {processor.py:157} INFO - Started process (PID=2365) to work on /opt/airflow/dags/another_consume.py
[2023-12-24T00:51:03.358+0000] {processor.py:826} INFO - Processing file /opt/airflow/dags/another_consume.py for tasks to queue
[2023-12-24T00:51:03.358+0000] {logging_mixin.py:150} INFO - [2023-12-24T00:51:03.358+0000] {dagbag.py:541} INFO - Filling up the DagBag from /opt/airflow/dags/another_consume.py
[2023-12-24T00:51:03.388+0000] {processor.py:836} INFO - DAG(s) dict_keys(['kafka_message_consumer']) retrieved from /opt/airflow/dags/another_consume.py
[2023-12-24T00:51:03.410+0000] {logging_mixin.py:150} INFO - [2023-12-24T00:51:03.410+0000] {dag.py:2742} INFO - Sync 1 DAGs
[2023-12-24T00:51:03.428+0000] {logging_mixin.py:150} INFO - [2023-12-24T00:51:03.428+0000] {dag.py:3508} INFO - Setting next_dagrun for kafka_message_consumer to None, run_after=None
[2023-12-24T00:51:03.443+0000] {processor.py:179} INFO - Processing /opt/airflow/dags/another_consume.py took 0.089 seconds
[2023-12-24T00:51:33.826+0000] {processor.py:157} INFO - Started process (PID=2472) to work on /opt/airflow/dags/another_consume.py
[2023-12-24T00:51:33.826+0000] {processor.py:826} INFO - Processing file /opt/airflow/dags/another_consume.py for tasks to queue
[2023-12-24T00:51:33.827+0000] {logging_mixin.py:150} INFO - [2023-12-24T00:51:33.827+0000] {dagbag.py:541} INFO - Filling up the DagBag from /opt/airflow/dags/another_consume.py
[2023-12-24T00:51:33.855+0000] {processor.py:836} INFO - DAG(s) dict_keys(['kafka_message_consumer']) retrieved from /opt/airflow/dags/another_consume.py
[2023-12-24T00:51:33.875+0000] {logging_mixin.py:150} INFO - [2023-12-24T00:51:33.875+0000] {dag.py:2742} INFO - Sync 1 DAGs
[2023-12-24T00:51:33.892+0000] {logging_mixin.py:150} INFO - [2023-12-24T00:51:33.892+0000] {dag.py:3508} INFO - Setting next_dagrun for kafka_message_consumer to None, run_after=None
[2023-12-24T00:51:33.905+0000] {processor.py:179} INFO - Processing /opt/airflow/dags/another_consume.py took 0.082 seconds
[2023-12-24T00:52:04.315+0000] {processor.py:157} INFO - Started process (PID=2587) to work on /opt/airflow/dags/another_consume.py
[2023-12-24T00:52:04.316+0000] {processor.py:826} INFO - Processing file /opt/airflow/dags/another_consume.py for tasks to queue
[2023-12-24T00:52:04.317+0000] {logging_mixin.py:150} INFO - [2023-12-24T00:52:04.316+0000] {dagbag.py:541} INFO - Filling up the DagBag from /opt/airflow/dags/another_consume.py
[2023-12-24T00:52:04.349+0000] {processor.py:836} INFO - DAG(s) dict_keys(['kafka_message_consumer']) retrieved from /opt/airflow/dags/another_consume.py
[2023-12-24T00:52:04.370+0000] {logging_mixin.py:150} INFO - [2023-12-24T00:52:04.370+0000] {dag.py:2742} INFO - Sync 1 DAGs
[2023-12-24T00:52:04.387+0000] {logging_mixin.py:150} INFO - [2023-12-24T00:52:04.387+0000] {dag.py:3508} INFO - Setting next_dagrun for kafka_message_consumer to None, run_after=None
[2023-12-24T00:52:04.402+0000] {processor.py:179} INFO - Processing /opt/airflow/dags/another_consume.py took 0.090 seconds
[2023-12-24T00:52:34.416+0000] {processor.py:157} INFO - Started process (PID=2674) to work on /opt/airflow/dags/another_consume.py
[2023-12-24T00:52:34.417+0000] {processor.py:826} INFO - Processing file /opt/airflow/dags/another_consume.py for tasks to queue
[2023-12-24T00:52:34.418+0000] {logging_mixin.py:150} INFO - [2023-12-24T00:52:34.417+0000] {dagbag.py:541} INFO - Filling up the DagBag from /opt/airflow/dags/another_consume.py
[2023-12-24T00:52:34.445+0000] {processor.py:836} INFO - DAG(s) dict_keys(['kafka_message_consumer']) retrieved from /opt/airflow/dags/another_consume.py
[2023-12-24T00:52:34.464+0000] {logging_mixin.py:150} INFO - [2023-12-24T00:52:34.463+0000] {dag.py:2742} INFO - Sync 1 DAGs
[2023-12-24T00:52:34.480+0000] {logging_mixin.py:150} INFO - [2023-12-24T00:52:34.480+0000] {dag.py:3508} INFO - Setting next_dagrun for kafka_message_consumer to None, run_after=None
[2023-12-24T00:52:34.493+0000] {processor.py:179} INFO - Processing /opt/airflow/dags/another_consume.py took 0.079 seconds
[2023-12-24T00:53:04.627+0000] {processor.py:157} INFO - Started process (PID=2790) to work on /opt/airflow/dags/another_consume.py
[2023-12-24T00:53:04.628+0000] {processor.py:826} INFO - Processing file /opt/airflow/dags/another_consume.py for tasks to queue
[2023-12-24T00:53:04.629+0000] {logging_mixin.py:150} INFO - [2023-12-24T00:53:04.628+0000] {dagbag.py:541} INFO - Filling up the DagBag from /opt/airflow/dags/another_consume.py
[2023-12-24T00:53:04.665+0000] {processor.py:836} INFO - DAG(s) dict_keys(['kafka_message_consumer']) retrieved from /opt/airflow/dags/another_consume.py
[2023-12-24T00:53:04.685+0000] {logging_mixin.py:150} INFO - [2023-12-24T00:53:04.685+0000] {dag.py:2742} INFO - Sync 1 DAGs
[2023-12-24T00:53:04.712+0000] {logging_mixin.py:150} INFO - [2023-12-24T00:53:04.712+0000] {dag.py:3508} INFO - Setting next_dagrun for kafka_message_consumer to None, run_after=None
[2023-12-24T00:53:04.727+0000] {processor.py:179} INFO - Processing /opt/airflow/dags/another_consume.py took 0.104 seconds
[2023-12-24T00:53:35.119+0000] {processor.py:157} INFO - Started process (PID=2906) to work on /opt/airflow/dags/another_consume.py
[2023-12-24T00:53:35.119+0000] {processor.py:826} INFO - Processing file /opt/airflow/dags/another_consume.py for tasks to queue
[2023-12-24T00:53:35.120+0000] {logging_mixin.py:150} INFO - [2023-12-24T00:53:35.120+0000] {dagbag.py:541} INFO - Filling up the DagBag from /opt/airflow/dags/another_consume.py
[2023-12-24T00:53:35.153+0000] {processor.py:836} INFO - DAG(s) dict_keys(['kafka_message_consumer']) retrieved from /opt/airflow/dags/another_consume.py
[2023-12-24T00:53:35.175+0000] {logging_mixin.py:150} INFO - [2023-12-24T00:53:35.175+0000] {dag.py:2742} INFO - Sync 1 DAGs
[2023-12-24T00:53:35.192+0000] {logging_mixin.py:150} INFO - [2023-12-24T00:53:35.192+0000] {dag.py:3508} INFO - Setting next_dagrun for kafka_message_consumer to None, run_after=None
[2023-12-24T00:53:35.207+0000] {processor.py:179} INFO - Processing /opt/airflow/dags/another_consume.py took 0.091 seconds
[2023-12-24T00:54:05.514+0000] {processor.py:157} INFO - Started process (PID=3013) to work on /opt/airflow/dags/another_consume.py
[2023-12-24T00:54:05.515+0000] {processor.py:826} INFO - Processing file /opt/airflow/dags/another_consume.py for tasks to queue
[2023-12-24T00:54:05.515+0000] {logging_mixin.py:150} INFO - [2023-12-24T00:54:05.515+0000] {dagbag.py:541} INFO - Filling up the DagBag from /opt/airflow/dags/another_consume.py
[2023-12-24T00:54:05.544+0000] {processor.py:836} INFO - DAG(s) dict_keys(['kafka_message_consumer']) retrieved from /opt/airflow/dags/another_consume.py
[2023-12-24T00:54:05.565+0000] {logging_mixin.py:150} INFO - [2023-12-24T00:54:05.565+0000] {dag.py:2742} INFO - Sync 1 DAGs
[2023-12-24T00:54:05.583+0000] {logging_mixin.py:150} INFO - [2023-12-24T00:54:05.583+0000] {dag.py:3508} INFO - Setting next_dagrun for kafka_message_consumer to None, run_after=None
[2023-12-24T00:54:05.596+0000] {processor.py:179} INFO - Processing /opt/airflow/dags/another_consume.py took 0.085 seconds
[2023-12-24T00:54:36.163+0000] {processor.py:157} INFO - Started process (PID=3132) to work on /opt/airflow/dags/another_consume.py
[2023-12-24T00:54:36.164+0000] {processor.py:826} INFO - Processing file /opt/airflow/dags/another_consume.py for tasks to queue
[2023-12-24T00:54:36.164+0000] {logging_mixin.py:150} INFO - [2023-12-24T00:54:36.164+0000] {dagbag.py:541} INFO - Filling up the DagBag from /opt/airflow/dags/another_consume.py
[2023-12-24T00:54:36.196+0000] {processor.py:836} INFO - DAG(s) dict_keys(['kafka_message_consumer']) retrieved from /opt/airflow/dags/another_consume.py
[2023-12-24T00:54:36.218+0000] {logging_mixin.py:150} INFO - [2023-12-24T00:54:36.218+0000] {dag.py:2742} INFO - Sync 1 DAGs
[2023-12-24T00:54:36.236+0000] {logging_mixin.py:150} INFO - [2023-12-24T00:54:36.236+0000] {dag.py:3508} INFO - Setting next_dagrun for kafka_message_consumer to None, run_after=None
[2023-12-24T00:54:36.251+0000] {processor.py:179} INFO - Processing /opt/airflow/dags/another_consume.py took 0.090 seconds
[2023-12-24T00:55:06.640+0000] {processor.py:157} INFO - Started process (PID=3269) to work on /opt/airflow/dags/another_consume.py
[2023-12-24T00:55:06.641+0000] {processor.py:826} INFO - Processing file /opt/airflow/dags/another_consume.py for tasks to queue
[2023-12-24T00:55:06.642+0000] {logging_mixin.py:150} INFO - [2023-12-24T00:55:06.642+0000] {dagbag.py:541} INFO - Filling up the DagBag from /opt/airflow/dags/another_consume.py
[2023-12-24T00:55:06.682+0000] {processor.py:836} INFO - DAG(s) dict_keys(['kafka_message_consumer']) retrieved from /opt/airflow/dags/another_consume.py
[2023-12-24T00:55:06.707+0000] {logging_mixin.py:150} INFO - [2023-12-24T00:55:06.707+0000] {dag.py:2742} INFO - Sync 1 DAGs
[2023-12-24T00:55:06.728+0000] {logging_mixin.py:150} INFO - [2023-12-24T00:55:06.728+0000] {dag.py:3508} INFO - Setting next_dagrun for kafka_message_consumer to None, run_after=None
[2023-12-24T00:55:06.744+0000] {processor.py:179} INFO - Processing /opt/airflow/dags/another_consume.py took 0.106 seconds
[2023-12-24T00:55:36.781+0000] {processor.py:157} INFO - Started process (PID=3376) to work on /opt/airflow/dags/another_consume.py
[2023-12-24T00:55:36.782+0000] {processor.py:826} INFO - Processing file /opt/airflow/dags/another_consume.py for tasks to queue
[2023-12-24T00:55:36.783+0000] {logging_mixin.py:150} INFO - [2023-12-24T00:55:36.782+0000] {dagbag.py:541} INFO - Filling up the DagBag from /opt/airflow/dags/another_consume.py
[2023-12-24T00:55:36.814+0000] {processor.py:836} INFO - DAG(s) dict_keys(['kafka_message_consumer']) retrieved from /opt/airflow/dags/another_consume.py
[2023-12-24T00:55:36.836+0000] {logging_mixin.py:150} INFO - [2023-12-24T00:55:36.836+0000] {dag.py:2742} INFO - Sync 1 DAGs
[2023-12-24T00:55:36.853+0000] {logging_mixin.py:150} INFO - [2023-12-24T00:55:36.853+0000] {dag.py:3508} INFO - Setting next_dagrun for kafka_message_consumer to None, run_after=None
[2023-12-24T00:55:36.865+0000] {processor.py:179} INFO - Processing /opt/airflow/dags/another_consume.py took 0.088 seconds
[2023-12-24T00:56:07.229+0000] {processor.py:157} INFO - Started process (PID=3492) to work on /opt/airflow/dags/another_consume.py
[2023-12-24T00:56:07.230+0000] {processor.py:826} INFO - Processing file /opt/airflow/dags/another_consume.py for tasks to queue
[2023-12-24T00:56:07.230+0000] {logging_mixin.py:150} INFO - [2023-12-24T00:56:07.230+0000] {dagbag.py:541} INFO - Filling up the DagBag from /opt/airflow/dags/another_consume.py
[2023-12-24T00:56:07.259+0000] {processor.py:836} INFO - DAG(s) dict_keys(['kafka_message_consumer']) retrieved from /opt/airflow/dags/another_consume.py
[2023-12-24T00:56:07.279+0000] {logging_mixin.py:150} INFO - [2023-12-24T00:56:07.279+0000] {dag.py:2742} INFO - Sync 1 DAGs
[2023-12-24T00:56:07.296+0000] {logging_mixin.py:150} INFO - [2023-12-24T00:56:07.296+0000] {dag.py:3508} INFO - Setting next_dagrun for kafka_message_consumer to None, run_after=None
[2023-12-24T00:56:07.311+0000] {processor.py:179} INFO - Processing /opt/airflow/dags/another_consume.py took 0.084 seconds
[2023-12-24T00:56:37.785+0000] {processor.py:157} INFO - Started process (PID=3606) to work on /opt/airflow/dags/another_consume.py
[2023-12-24T00:56:37.786+0000] {processor.py:826} INFO - Processing file /opt/airflow/dags/another_consume.py for tasks to queue
[2023-12-24T00:56:37.786+0000] {logging_mixin.py:150} INFO - [2023-12-24T00:56:37.786+0000] {dagbag.py:541} INFO - Filling up the DagBag from /opt/airflow/dags/another_consume.py
[2023-12-24T00:56:37.816+0000] {processor.py:836} INFO - DAG(s) dict_keys(['kafka_message_consumer']) retrieved from /opt/airflow/dags/another_consume.py
[2023-12-24T00:56:37.839+0000] {logging_mixin.py:150} INFO - [2023-12-24T00:56:37.838+0000] {dag.py:2742} INFO - Sync 1 DAGs
[2023-12-24T00:56:37.856+0000] {logging_mixin.py:150} INFO - [2023-12-24T00:56:37.856+0000] {dag.py:3508} INFO - Setting next_dagrun for kafka_message_consumer to None, run_after=None
[2023-12-24T00:56:37.869+0000] {processor.py:179} INFO - Processing /opt/airflow/dags/another_consume.py took 0.086 seconds
[2023-12-24T00:57:08.328+0000] {processor.py:157} INFO - Started process (PID=3716) to work on /opt/airflow/dags/another_consume.py
[2023-12-24T00:57:08.330+0000] {processor.py:826} INFO - Processing file /opt/airflow/dags/another_consume.py for tasks to queue
[2023-12-24T00:57:08.330+0000] {logging_mixin.py:150} INFO - [2023-12-24T00:57:08.330+0000] {dagbag.py:541} INFO - Filling up the DagBag from /opt/airflow/dags/another_consume.py
[2023-12-24T00:57:08.361+0000] {processor.py:836} INFO - DAG(s) dict_keys(['kafka_message_consumer']) retrieved from /opt/airflow/dags/another_consume.py
[2023-12-24T00:57:08.380+0000] {logging_mixin.py:150} INFO - [2023-12-24T00:57:08.380+0000] {dag.py:2742} INFO - Sync 1 DAGs
[2023-12-24T00:57:08.396+0000] {logging_mixin.py:150} INFO - [2023-12-24T00:57:08.396+0000] {dag.py:3508} INFO - Setting next_dagrun for kafka_message_consumer to None, run_after=None
[2023-12-24T00:57:08.414+0000] {processor.py:179} INFO - Processing /opt/airflow/dags/another_consume.py took 0.089 seconds
[2023-12-24T00:57:38.924+0000] {processor.py:157} INFO - Started process (PID=3833) to work on /opt/airflow/dags/another_consume.py
[2023-12-24T00:57:38.925+0000] {processor.py:826} INFO - Processing file /opt/airflow/dags/another_consume.py for tasks to queue
[2023-12-24T00:57:38.925+0000] {logging_mixin.py:150} INFO - [2023-12-24T00:57:38.925+0000] {dagbag.py:541} INFO - Filling up the DagBag from /opt/airflow/dags/another_consume.py
[2023-12-24T00:57:38.956+0000] {processor.py:836} INFO - DAG(s) dict_keys(['kafka_message_consumer']) retrieved from /opt/airflow/dags/another_consume.py
[2023-12-24T00:57:38.976+0000] {logging_mixin.py:150} INFO - [2023-12-24T00:57:38.976+0000] {dag.py:2742} INFO - Sync 1 DAGs
[2023-12-24T00:57:38.995+0000] {logging_mixin.py:150} INFO - [2023-12-24T00:57:38.995+0000] {dag.py:3508} INFO - Setting next_dagrun for kafka_message_consumer to None, run_after=None
[2023-12-24T00:57:39.009+0000] {processor.py:179} INFO - Processing /opt/airflow/dags/another_consume.py took 0.087 seconds
[2023-12-24T00:58:09.346+0000] {processor.py:157} INFO - Started process (PID=3920) to work on /opt/airflow/dags/another_consume.py
[2023-12-24T00:58:09.361+0000] {processor.py:826} INFO - Processing file /opt/airflow/dags/another_consume.py for tasks to queue
[2023-12-24T00:58:09.362+0000] {logging_mixin.py:150} INFO - [2023-12-24T00:58:09.362+0000] {dagbag.py:541} INFO - Filling up the DagBag from /opt/airflow/dags/another_consume.py
[2023-12-24T00:58:09.393+0000] {processor.py:836} INFO - DAG(s) dict_keys(['kafka_message_consumer']) retrieved from /opt/airflow/dags/another_consume.py
[2023-12-24T00:58:09.413+0000] {logging_mixin.py:150} INFO - [2023-12-24T00:58:09.412+0000] {dag.py:2742} INFO - Sync 1 DAGs
[2023-12-24T00:58:09.430+0000] {logging_mixin.py:150} INFO - [2023-12-24T00:58:09.430+0000] {dag.py:3508} INFO - Setting next_dagrun for kafka_message_consumer to None, run_after=None
[2023-12-24T00:58:09.443+0000] {processor.py:179} INFO - Processing /opt/airflow/dags/another_consume.py took 0.099 seconds
[2023-12-24T00:58:39.758+0000] {processor.py:157} INFO - Started process (PID=4036) to work on /opt/airflow/dags/another_consume.py
[2023-12-24T00:58:39.760+0000] {processor.py:826} INFO - Processing file /opt/airflow/dags/another_consume.py for tasks to queue
[2023-12-24T00:58:39.760+0000] {logging_mixin.py:150} INFO - [2023-12-24T00:58:39.760+0000] {dagbag.py:541} INFO - Filling up the DagBag from /opt/airflow/dags/another_consume.py
[2023-12-24T00:58:39.800+0000] {processor.py:836} INFO - DAG(s) dict_keys(['kafka_message_consumer']) retrieved from /opt/airflow/dags/another_consume.py
[2023-12-24T00:58:39.821+0000] {logging_mixin.py:150} INFO - [2023-12-24T00:58:39.820+0000] {dag.py:2742} INFO - Sync 1 DAGs
[2023-12-24T00:58:39.839+0000] {logging_mixin.py:150} INFO - [2023-12-24T00:58:39.839+0000] {dag.py:3508} INFO - Setting next_dagrun for kafka_message_consumer to None, run_after=None
[2023-12-24T00:58:39.852+0000] {processor.py:179} INFO - Processing /opt/airflow/dags/another_consume.py took 0.096 seconds
[2023-12-24T00:59:10.170+0000] {processor.py:157} INFO - Started process (PID=4152) to work on /opt/airflow/dags/another_consume.py
[2023-12-24T00:59:10.171+0000] {processor.py:826} INFO - Processing file /opt/airflow/dags/another_consume.py for tasks to queue
[2023-12-24T00:59:10.171+0000] {logging_mixin.py:150} INFO - [2023-12-24T00:59:10.171+0000] {dagbag.py:541} INFO - Filling up the DagBag from /opt/airflow/dags/another_consume.py
[2023-12-24T00:59:10.206+0000] {processor.py:836} INFO - DAG(s) dict_keys(['kafka_message_consumer']) retrieved from /opt/airflow/dags/another_consume.py
[2023-12-24T00:59:10.227+0000] {logging_mixin.py:150} INFO - [2023-12-24T00:59:10.227+0000] {dag.py:2742} INFO - Sync 1 DAGs
[2023-12-24T00:59:10.244+0000] {logging_mixin.py:150} INFO - [2023-12-24T00:59:10.244+0000] {dag.py:3508} INFO - Setting next_dagrun for kafka_message_consumer to None, run_after=None
[2023-12-24T00:59:10.258+0000] {processor.py:179} INFO - Processing /opt/airflow/dags/another_consume.py took 0.091 seconds
[2023-12-24T00:59:40.411+0000] {processor.py:157} INFO - Started process (PID=4259) to work on /opt/airflow/dags/another_consume.py
[2023-12-24T00:59:40.411+0000] {processor.py:826} INFO - Processing file /opt/airflow/dags/another_consume.py for tasks to queue
[2023-12-24T00:59:40.412+0000] {logging_mixin.py:150} INFO - [2023-12-24T00:59:40.412+0000] {dagbag.py:541} INFO - Filling up the DagBag from /opt/airflow/dags/another_consume.py
[2023-12-24T00:59:40.444+0000] {processor.py:836} INFO - DAG(s) dict_keys(['kafka_message_consumer']) retrieved from /opt/airflow/dags/another_consume.py
[2023-12-24T00:59:40.465+0000] {logging_mixin.py:150} INFO - [2023-12-24T00:59:40.465+0000] {dag.py:2742} INFO - Sync 1 DAGs
[2023-12-24T00:59:40.487+0000] {logging_mixin.py:150} INFO - [2023-12-24T00:59:40.487+0000] {dag.py:3508} INFO - Setting next_dagrun for kafka_message_consumer to None, run_after=None
[2023-12-24T00:59:40.501+0000] {processor.py:179} INFO - Processing /opt/airflow/dags/another_consume.py took 0.093 seconds
[2023-12-24T01:00:10.803+0000] {processor.py:157} INFO - Started process (PID=4355) to work on /opt/airflow/dags/another_consume.py
[2023-12-24T01:00:10.805+0000] {processor.py:826} INFO - Processing file /opt/airflow/dags/another_consume.py for tasks to queue
[2023-12-24T01:00:10.806+0000] {logging_mixin.py:150} INFO - [2023-12-24T01:00:10.806+0000] {dagbag.py:541} INFO - Filling up the DagBag from /opt/airflow/dags/another_consume.py
[2023-12-24T01:00:10.833+0000] {processor.py:836} INFO - DAG(s) dict_keys(['kafka_message_consumer']) retrieved from /opt/airflow/dags/another_consume.py
[2023-12-24T01:00:10.854+0000] {logging_mixin.py:150} INFO - [2023-12-24T01:00:10.853+0000] {dag.py:2742} INFO - Sync 1 DAGs
[2023-12-24T01:00:10.870+0000] {logging_mixin.py:150} INFO - [2023-12-24T01:00:10.870+0000] {dag.py:3508} INFO - Setting next_dagrun for kafka_message_consumer to None, run_after=None
[2023-12-24T01:00:10.884+0000] {processor.py:179} INFO - Processing /opt/airflow/dags/another_consume.py took 0.083 seconds
[2023-12-24T01:00:40.964+0000] {processor.py:157} INFO - Started process (PID=4471) to work on /opt/airflow/dags/another_consume.py
[2023-12-24T01:00:40.965+0000] {processor.py:826} INFO - Processing file /opt/airflow/dags/another_consume.py for tasks to queue
[2023-12-24T01:00:40.966+0000] {logging_mixin.py:150} INFO - [2023-12-24T01:00:40.966+0000] {dagbag.py:541} INFO - Filling up the DagBag from /opt/airflow/dags/another_consume.py
[2023-12-24T01:00:40.997+0000] {processor.py:836} INFO - DAG(s) dict_keys(['kafka_message_consumer']) retrieved from /opt/airflow/dags/another_consume.py
[2023-12-24T01:00:41.019+0000] {logging_mixin.py:150} INFO - [2023-12-24T01:00:41.019+0000] {dag.py:2742} INFO - Sync 1 DAGs
[2023-12-24T01:00:41.039+0000] {logging_mixin.py:150} INFO - [2023-12-24T01:00:41.039+0000] {dag.py:3508} INFO - Setting next_dagrun for kafka_message_consumer to None, run_after=None
[2023-12-24T01:00:41.054+0000] {processor.py:179} INFO - Processing /opt/airflow/dags/another_consume.py took 0.092 seconds
[2023-12-24T01:01:11.414+0000] {processor.py:157} INFO - Started process (PID=4578) to work on /opt/airflow/dags/another_consume.py
[2023-12-24T01:01:11.415+0000] {processor.py:826} INFO - Processing file /opt/airflow/dags/another_consume.py for tasks to queue
[2023-12-24T01:01:11.415+0000] {logging_mixin.py:150} INFO - [2023-12-24T01:01:11.415+0000] {dagbag.py:541} INFO - Filling up the DagBag from /opt/airflow/dags/another_consume.py
[2023-12-24T01:01:11.444+0000] {processor.py:836} INFO - DAG(s) dict_keys(['kafka_message_consumer']) retrieved from /opt/airflow/dags/another_consume.py
[2023-12-24T01:01:11.464+0000] {logging_mixin.py:150} INFO - [2023-12-24T01:01:11.464+0000] {dag.py:2742} INFO - Sync 1 DAGs
[2023-12-24T01:01:11.483+0000] {logging_mixin.py:150} INFO - [2023-12-24T01:01:11.482+0000] {dag.py:3508} INFO - Setting next_dagrun for kafka_message_consumer to None, run_after=None
[2023-12-24T01:01:11.498+0000] {processor.py:179} INFO - Processing /opt/airflow/dags/another_consume.py took 0.086 seconds
[2023-12-24T01:01:41.829+0000] {processor.py:157} INFO - Started process (PID=4673) to work on /opt/airflow/dags/another_consume.py
[2023-12-24T01:01:41.831+0000] {processor.py:826} INFO - Processing file /opt/airflow/dags/another_consume.py for tasks to queue
[2023-12-24T01:01:41.832+0000] {logging_mixin.py:150} INFO - [2023-12-24T01:01:41.831+0000] {dagbag.py:541} INFO - Filling up the DagBag from /opt/airflow/dags/another_consume.py
[2023-12-24T01:01:41.861+0000] {processor.py:836} INFO - DAG(s) dict_keys(['kafka_message_consumer']) retrieved from /opt/airflow/dags/another_consume.py
[2023-12-24T01:01:41.882+0000] {logging_mixin.py:150} INFO - [2023-12-24T01:01:41.882+0000] {dag.py:2742} INFO - Sync 1 DAGs
[2023-12-24T01:01:41.898+0000] {logging_mixin.py:150} INFO - [2023-12-24T01:01:41.898+0000] {dag.py:3508} INFO - Setting next_dagrun for kafka_message_consumer to None, run_after=None
[2023-12-24T01:01:41.911+0000] {processor.py:179} INFO - Processing /opt/airflow/dags/another_consume.py took 0.084 seconds
[2023-12-24T01:02:12.393+0000] {processor.py:157} INFO - Started process (PID=4781) to work on /opt/airflow/dags/another_consume.py
[2023-12-24T01:02:12.394+0000] {processor.py:826} INFO - Processing file /opt/airflow/dags/another_consume.py for tasks to queue
[2023-12-24T01:02:12.395+0000] {logging_mixin.py:150} INFO - [2023-12-24T01:02:12.395+0000] {dagbag.py:541} INFO - Filling up the DagBag from /opt/airflow/dags/another_consume.py
[2023-12-24T01:02:12.426+0000] {processor.py:836} INFO - DAG(s) dict_keys(['kafka_message_consumer']) retrieved from /opt/airflow/dags/another_consume.py
[2023-12-24T01:02:12.447+0000] {logging_mixin.py:150} INFO - [2023-12-24T01:02:12.447+0000] {dag.py:2742} INFO - Sync 1 DAGs
[2023-12-24T01:02:12.467+0000] {logging_mixin.py:150} INFO - [2023-12-24T01:02:12.466+0000] {dag.py:3508} INFO - Setting next_dagrun for kafka_message_consumer to None, run_after=None
[2023-12-24T01:02:12.484+0000] {processor.py:179} INFO - Processing /opt/airflow/dags/another_consume.py took 0.093 seconds
[2023-12-24T01:02:42.818+0000] {processor.py:157} INFO - Started process (PID=4898) to work on /opt/airflow/dags/another_consume.py
[2023-12-24T01:02:42.819+0000] {processor.py:826} INFO - Processing file /opt/airflow/dags/another_consume.py for tasks to queue
[2023-12-24T01:02:42.820+0000] {logging_mixin.py:150} INFO - [2023-12-24T01:02:42.820+0000] {dagbag.py:541} INFO - Filling up the DagBag from /opt/airflow/dags/another_consume.py
[2023-12-24T01:02:42.854+0000] {processor.py:836} INFO - DAG(s) dict_keys(['kafka_message_consumer']) retrieved from /opt/airflow/dags/another_consume.py
[2023-12-24T01:02:42.875+0000] {logging_mixin.py:150} INFO - [2023-12-24T01:02:42.875+0000] {dag.py:2742} INFO - Sync 1 DAGs
[2023-12-24T01:02:42.892+0000] {logging_mixin.py:150} INFO - [2023-12-24T01:02:42.892+0000] {dag.py:3508} INFO - Setting next_dagrun for kafka_message_consumer to None, run_after=None
[2023-12-24T01:02:42.906+0000] {processor.py:179} INFO - Processing /opt/airflow/dags/another_consume.py took 0.091 seconds
[2023-12-24T01:03:12.921+0000] {processor.py:157} INFO - Started process (PID=5015) to work on /opt/airflow/dags/another_consume.py
[2023-12-24T01:03:12.922+0000] {processor.py:826} INFO - Processing file /opt/airflow/dags/another_consume.py for tasks to queue
[2023-12-24T01:03:12.923+0000] {logging_mixin.py:150} INFO - [2023-12-24T01:03:12.923+0000] {dagbag.py:541} INFO - Filling up the DagBag from /opt/airflow/dags/another_consume.py
[2023-12-24T01:03:12.956+0000] {processor.py:836} INFO - DAG(s) dict_keys(['kafka_message_consumer']) retrieved from /opt/airflow/dags/another_consume.py
[2023-12-24T01:03:12.979+0000] {logging_mixin.py:150} INFO - [2023-12-24T01:03:12.978+0000] {dag.py:2742} INFO - Sync 1 DAGs
[2023-12-24T01:03:12.998+0000] {logging_mixin.py:150} INFO - [2023-12-24T01:03:12.997+0000] {dag.py:3508} INFO - Setting next_dagrun for kafka_message_consumer to None, run_after=None
[2023-12-24T01:03:13.013+0000] {processor.py:179} INFO - Processing /opt/airflow/dags/another_consume.py took 0.094 seconds
[2023-12-24T01:03:43.359+0000] {processor.py:157} INFO - Started process (PID=5122) to work on /opt/airflow/dags/another_consume.py
[2023-12-24T01:03:43.361+0000] {processor.py:826} INFO - Processing file /opt/airflow/dags/another_consume.py for tasks to queue
[2023-12-24T01:03:43.361+0000] {logging_mixin.py:150} INFO - [2023-12-24T01:03:43.361+0000] {dagbag.py:541} INFO - Filling up the DagBag from /opt/airflow/dags/another_consume.py
[2023-12-24T01:03:43.397+0000] {processor.py:836} INFO - DAG(s) dict_keys(['kafka_message_consumer']) retrieved from /opt/airflow/dags/another_consume.py
[2023-12-24T01:03:43.417+0000] {logging_mixin.py:150} INFO - [2023-12-24T01:03:43.417+0000] {dag.py:2742} INFO - Sync 1 DAGs
[2023-12-24T01:03:43.435+0000] {logging_mixin.py:150} INFO - [2023-12-24T01:03:43.434+0000] {dag.py:3508} INFO - Setting next_dagrun for kafka_message_consumer to None, run_after=None
[2023-12-24T01:03:43.452+0000] {processor.py:179} INFO - Processing /opt/airflow/dags/another_consume.py took 0.096 seconds
[2023-12-24T01:04:13.744+0000] {processor.py:157} INFO - Started process (PID=5238) to work on /opt/airflow/dags/another_consume.py
[2023-12-24T01:04:13.749+0000] {processor.py:826} INFO - Processing file /opt/airflow/dags/another_consume.py for tasks to queue
[2023-12-24T01:04:13.750+0000] {logging_mixin.py:150} INFO - [2023-12-24T01:04:13.750+0000] {dagbag.py:541} INFO - Filling up the DagBag from /opt/airflow/dags/another_consume.py
[2023-12-24T01:04:13.780+0000] {processor.py:836} INFO - DAG(s) dict_keys(['kafka_message_consumer']) retrieved from /opt/airflow/dags/another_consume.py
[2023-12-24T01:04:13.802+0000] {logging_mixin.py:150} INFO - [2023-12-24T01:04:13.802+0000] {dag.py:2742} INFO - Sync 1 DAGs
[2023-12-24T01:04:13.819+0000] {logging_mixin.py:150} INFO - [2023-12-24T01:04:13.819+0000] {dag.py:3508} INFO - Setting next_dagrun for kafka_message_consumer to None, run_after=None
[2023-12-24T01:04:13.833+0000] {processor.py:179} INFO - Processing /opt/airflow/dags/another_consume.py took 0.091 seconds
[2023-12-24T01:04:43.915+0000] {processor.py:157} INFO - Started process (PID=5354) to work on /opt/airflow/dags/another_consume.py
[2023-12-24T01:04:43.916+0000] {processor.py:826} INFO - Processing file /opt/airflow/dags/another_consume.py for tasks to queue
[2023-12-24T01:04:43.917+0000] {logging_mixin.py:150} INFO - [2023-12-24T01:04:43.916+0000] {dagbag.py:541} INFO - Filling up the DagBag from /opt/airflow/dags/another_consume.py
[2023-12-24T01:04:43.948+0000] {processor.py:836} INFO - DAG(s) dict_keys(['kafka_message_consumer']) retrieved from /opt/airflow/dags/another_consume.py
[2023-12-24T01:04:43.972+0000] {logging_mixin.py:150} INFO - [2023-12-24T01:04:43.972+0000] {dag.py:2742} INFO - Sync 1 DAGs
[2023-12-24T01:04:43.992+0000] {logging_mixin.py:150} INFO - [2023-12-24T01:04:43.992+0000] {dag.py:3508} INFO - Setting next_dagrun for kafka_message_consumer to None, run_after=None
[2023-12-24T01:04:44.006+0000] {processor.py:179} INFO - Processing /opt/airflow/dags/another_consume.py took 0.095 seconds
[2023-12-24T01:05:14.134+0000] {processor.py:157} INFO - Started process (PID=5461) to work on /opt/airflow/dags/another_consume.py
[2023-12-24T01:05:14.135+0000] {processor.py:826} INFO - Processing file /opt/airflow/dags/another_consume.py for tasks to queue
[2023-12-24T01:05:14.135+0000] {logging_mixin.py:150} INFO - [2023-12-24T01:05:14.135+0000] {dagbag.py:541} INFO - Filling up the DagBag from /opt/airflow/dags/another_consume.py
[2023-12-24T01:05:14.164+0000] {processor.py:836} INFO - DAG(s) dict_keys(['kafka_message_consumer']) retrieved from /opt/airflow/dags/another_consume.py
[2023-12-24T01:05:14.185+0000] {logging_mixin.py:150} INFO - [2023-12-24T01:05:14.184+0000] {dag.py:2742} INFO - Sync 1 DAGs
[2023-12-24T01:05:14.202+0000] {logging_mixin.py:150} INFO - [2023-12-24T01:05:14.202+0000] {dag.py:3508} INFO - Setting next_dagrun for kafka_message_consumer to None, run_after=None
[2023-12-24T01:05:14.216+0000] {processor.py:179} INFO - Processing /opt/airflow/dags/another_consume.py took 0.086 seconds
[2023-12-24T01:05:44.420+0000] {processor.py:157} INFO - Started process (PID=5577) to work on /opt/airflow/dags/another_consume.py
[2023-12-24T01:05:44.421+0000] {processor.py:826} INFO - Processing file /opt/airflow/dags/another_consume.py for tasks to queue
[2023-12-24T01:05:44.421+0000] {logging_mixin.py:150} INFO - [2023-12-24T01:05:44.421+0000] {dagbag.py:541} INFO - Filling up the DagBag from /opt/airflow/dags/another_consume.py
[2023-12-24T01:05:44.451+0000] {processor.py:836} INFO - DAG(s) dict_keys(['kafka_message_consumer']) retrieved from /opt/airflow/dags/another_consume.py
[2023-12-24T01:05:44.472+0000] {logging_mixin.py:150} INFO - [2023-12-24T01:05:44.472+0000] {dag.py:2742} INFO - Sync 1 DAGs
[2023-12-24T01:05:44.490+0000] {logging_mixin.py:150} INFO - [2023-12-24T01:05:44.490+0000] {dag.py:3508} INFO - Setting next_dagrun for kafka_message_consumer to None, run_after=None
[2023-12-24T01:05:44.506+0000] {processor.py:179} INFO - Processing /opt/airflow/dags/another_consume.py took 0.088 seconds
[2023-12-24T01:06:14.790+0000] {processor.py:157} INFO - Started process (PID=5684) to work on /opt/airflow/dags/another_consume.py
[2023-12-24T01:06:14.791+0000] {processor.py:826} INFO - Processing file /opt/airflow/dags/another_consume.py for tasks to queue
[2023-12-24T01:06:14.792+0000] {logging_mixin.py:150} INFO - [2023-12-24T01:06:14.791+0000] {dagbag.py:541} INFO - Filling up the DagBag from /opt/airflow/dags/another_consume.py
[2023-12-24T01:06:14.823+0000] {processor.py:836} INFO - DAG(s) dict_keys(['kafka_message_consumer']) retrieved from /opt/airflow/dags/another_consume.py
[2023-12-24T01:06:14.843+0000] {logging_mixin.py:150} INFO - [2023-12-24T01:06:14.843+0000] {dag.py:2742} INFO - Sync 1 DAGs
[2023-12-24T01:06:14.862+0000] {logging_mixin.py:150} INFO - [2023-12-24T01:06:14.861+0000] {dag.py:3508} INFO - Setting next_dagrun for kafka_message_consumer to None, run_after=None
[2023-12-24T01:06:14.875+0000] {processor.py:179} INFO - Processing /opt/airflow/dags/another_consume.py took 0.088 seconds
[2023-12-24T01:06:45.330+0000] {processor.py:157} INFO - Started process (PID=5800) to work on /opt/airflow/dags/another_consume.py
[2023-12-24T01:06:45.331+0000] {processor.py:826} INFO - Processing file /opt/airflow/dags/another_consume.py for tasks to queue
[2023-12-24T01:06:45.331+0000] {logging_mixin.py:150} INFO - [2023-12-24T01:06:45.331+0000] {dagbag.py:541} INFO - Filling up the DagBag from /opt/airflow/dags/another_consume.py
[2023-12-24T01:06:45.358+0000] {processor.py:836} INFO - DAG(s) dict_keys(['kafka_message_consumer']) retrieved from /opt/airflow/dags/another_consume.py
[2023-12-24T01:06:45.378+0000] {logging_mixin.py:150} INFO - [2023-12-24T01:06:45.378+0000] {dag.py:2742} INFO - Sync 1 DAGs
[2023-12-24T01:06:45.394+0000] {logging_mixin.py:150} INFO - [2023-12-24T01:06:45.394+0000] {dag.py:3508} INFO - Setting next_dagrun for kafka_message_consumer to None, run_after=None
[2023-12-24T01:06:45.412+0000] {processor.py:179} INFO - Processing /opt/airflow/dags/another_consume.py took 0.085 seconds
[2023-12-24T01:07:15.531+0000] {processor.py:157} INFO - Started process (PID=5916) to work on /opt/airflow/dags/another_consume.py
[2023-12-24T01:07:15.532+0000] {processor.py:826} INFO - Processing file /opt/airflow/dags/another_consume.py for tasks to queue
[2023-12-24T01:07:15.532+0000] {logging_mixin.py:150} INFO - [2023-12-24T01:07:15.532+0000] {dagbag.py:541} INFO - Filling up the DagBag from /opt/airflow/dags/another_consume.py
[2023-12-24T01:07:15.565+0000] {processor.py:836} INFO - DAG(s) dict_keys(['kafka_message_consumer']) retrieved from /opt/airflow/dags/another_consume.py
[2023-12-24T01:07:15.585+0000] {logging_mixin.py:150} INFO - [2023-12-24T01:07:15.585+0000] {dag.py:2742} INFO - Sync 1 DAGs
[2023-12-24T01:07:15.603+0000] {logging_mixin.py:150} INFO - [2023-12-24T01:07:15.603+0000] {dag.py:3508} INFO - Setting next_dagrun for kafka_message_consumer to None, run_after=None
[2023-12-24T01:07:15.617+0000] {processor.py:179} INFO - Processing /opt/airflow/dags/another_consume.py took 0.088 seconds
[2023-12-24T01:07:45.654+0000] {processor.py:157} INFO - Started process (PID=6002) to work on /opt/airflow/dags/another_consume.py
[2023-12-24T01:07:45.656+0000] {processor.py:826} INFO - Processing file /opt/airflow/dags/another_consume.py for tasks to queue
[2023-12-24T01:07:45.656+0000] {logging_mixin.py:150} INFO - [2023-12-24T01:07:45.656+0000] {dagbag.py:541} INFO - Filling up the DagBag from /opt/airflow/dags/another_consume.py
[2023-12-24T01:07:45.683+0000] {processor.py:836} INFO - DAG(s) dict_keys(['kafka_message_consumer']) retrieved from /opt/airflow/dags/another_consume.py
[2023-12-24T01:07:45.702+0000] {logging_mixin.py:150} INFO - [2023-12-24T01:07:45.702+0000] {dag.py:2742} INFO - Sync 1 DAGs
[2023-12-24T01:07:45.719+0000] {logging_mixin.py:150} INFO - [2023-12-24T01:07:45.719+0000] {dag.py:3508} INFO - Setting next_dagrun for kafka_message_consumer to None, run_after=None
[2023-12-24T01:07:45.734+0000] {processor.py:179} INFO - Processing /opt/airflow/dags/another_consume.py took 0.082 seconds
[2023-12-24T01:08:16.087+0000] {processor.py:157} INFO - Started process (PID=6118) to work on /opt/airflow/dags/another_consume.py
[2023-12-24T01:08:16.087+0000] {processor.py:826} INFO - Processing file /opt/airflow/dags/another_consume.py for tasks to queue
[2023-12-24T01:08:16.088+0000] {logging_mixin.py:150} INFO - [2023-12-24T01:08:16.087+0000] {dagbag.py:541} INFO - Filling up the DagBag from /opt/airflow/dags/another_consume.py
[2023-12-24T01:08:16.115+0000] {processor.py:836} INFO - DAG(s) dict_keys(['kafka_message_consumer']) retrieved from /opt/airflow/dags/another_consume.py
[2023-12-24T01:08:16.135+0000] {logging_mixin.py:150} INFO - [2023-12-24T01:08:16.135+0000] {dag.py:2742} INFO - Sync 1 DAGs
[2023-12-24T01:08:16.152+0000] {logging_mixin.py:150} INFO - [2023-12-24T01:08:16.152+0000] {dag.py:3508} INFO - Setting next_dagrun for kafka_message_consumer to None, run_after=None
[2023-12-24T01:08:16.172+0000] {processor.py:179} INFO - Processing /opt/airflow/dags/another_consume.py took 0.087 seconds
[2023-12-24T01:08:46.578+0000] {processor.py:157} INFO - Started process (PID=6234) to work on /opt/airflow/dags/another_consume.py
[2023-12-24T01:08:46.579+0000] {processor.py:826} INFO - Processing file /opt/airflow/dags/another_consume.py for tasks to queue
[2023-12-24T01:08:46.580+0000] {logging_mixin.py:150} INFO - [2023-12-24T01:08:46.580+0000] {dagbag.py:541} INFO - Filling up the DagBag from /opt/airflow/dags/another_consume.py
[2023-12-24T01:08:46.613+0000] {processor.py:836} INFO - DAG(s) dict_keys(['kafka_message_consumer']) retrieved from /opt/airflow/dags/another_consume.py
[2023-12-24T01:08:46.636+0000] {logging_mixin.py:150} INFO - [2023-12-24T01:08:46.636+0000] {dag.py:2742} INFO - Sync 1 DAGs
[2023-12-24T01:08:46.657+0000] {logging_mixin.py:150} INFO - [2023-12-24T01:08:46.657+0000] {dag.py:3508} INFO - Setting next_dagrun for kafka_message_consumer to None, run_after=None
[2023-12-24T01:08:46.672+0000] {processor.py:179} INFO - Processing /opt/airflow/dags/another_consume.py took 0.096 seconds
[2023-12-24T01:09:17.072+0000] {processor.py:157} INFO - Started process (PID=6340) to work on /opt/airflow/dags/another_consume.py
[2023-12-24T01:09:17.075+0000] {processor.py:826} INFO - Processing file /opt/airflow/dags/another_consume.py for tasks to queue
[2023-12-24T01:09:17.075+0000] {logging_mixin.py:150} INFO - [2023-12-24T01:09:17.075+0000] {dagbag.py:541} INFO - Filling up the DagBag from /opt/airflow/dags/another_consume.py
[2023-12-24T01:09:17.103+0000] {processor.py:836} INFO - DAG(s) dict_keys(['kafka_message_consumer']) retrieved from /opt/airflow/dags/another_consume.py
[2023-12-24T01:09:17.123+0000] {logging_mixin.py:150} INFO - [2023-12-24T01:09:17.123+0000] {dag.py:2742} INFO - Sync 1 DAGs
[2023-12-24T01:09:17.140+0000] {logging_mixin.py:150} INFO - [2023-12-24T01:09:17.140+0000] {dag.py:3508} INFO - Setting next_dagrun for kafka_message_consumer to None, run_after=None
[2023-12-24T01:09:17.154+0000] {processor.py:179} INFO - Processing /opt/airflow/dags/another_consume.py took 0.084 seconds
[2023-12-24T01:09:47.482+0000] {processor.py:157} INFO - Started process (PID=6456) to work on /opt/airflow/dags/another_consume.py
[2023-12-24T01:09:47.483+0000] {processor.py:826} INFO - Processing file /opt/airflow/dags/another_consume.py for tasks to queue
[2023-12-24T01:09:47.484+0000] {logging_mixin.py:150} INFO - [2023-12-24T01:09:47.483+0000] {dagbag.py:541} INFO - Filling up the DagBag from /opt/airflow/dags/another_consume.py
[2023-12-24T01:09:47.512+0000] {processor.py:836} INFO - DAG(s) dict_keys(['kafka_message_consumer']) retrieved from /opt/airflow/dags/another_consume.py
[2023-12-24T01:09:47.533+0000] {logging_mixin.py:150} INFO - [2023-12-24T01:09:47.533+0000] {dag.py:2742} INFO - Sync 1 DAGs
[2023-12-24T01:09:47.549+0000] {logging_mixin.py:150} INFO - [2023-12-24T01:09:47.548+0000] {dag.py:3508} INFO - Setting next_dagrun for kafka_message_consumer to None, run_after=None
[2023-12-24T01:09:47.561+0000] {processor.py:179} INFO - Processing /opt/airflow/dags/another_consume.py took 0.083 seconds
[2023-12-24T01:10:18.061+0000] {processor.py:157} INFO - Started process (PID=6572) to work on /opt/airflow/dags/another_consume.py
[2023-12-24T01:10:18.062+0000] {processor.py:826} INFO - Processing file /opt/airflow/dags/another_consume.py for tasks to queue
[2023-12-24T01:10:18.062+0000] {logging_mixin.py:150} INFO - [2023-12-24T01:10:18.062+0000] {dagbag.py:541} INFO - Filling up the DagBag from /opt/airflow/dags/another_consume.py
[2023-12-24T01:10:18.094+0000] {processor.py:836} INFO - DAG(s) dict_keys(['kafka_message_consumer']) retrieved from /opt/airflow/dags/another_consume.py
[2023-12-24T01:10:18.116+0000] {logging_mixin.py:150} INFO - [2023-12-24T01:10:18.116+0000] {dag.py:2742} INFO - Sync 1 DAGs
[2023-12-24T01:10:18.135+0000] {logging_mixin.py:150} INFO - [2023-12-24T01:10:18.135+0000] {dag.py:3508} INFO - Setting next_dagrun for kafka_message_consumer to None, run_after=None
[2023-12-24T01:10:18.152+0000] {processor.py:179} INFO - Processing /opt/airflow/dags/another_consume.py took 0.093 seconds
[2023-12-24T01:10:48.174+0000] {processor.py:157} INFO - Started process (PID=6658) to work on /opt/airflow/dags/another_consume.py
[2023-12-24T01:10:48.175+0000] {processor.py:826} INFO - Processing file /opt/airflow/dags/another_consume.py for tasks to queue
[2023-12-24T01:10:48.175+0000] {logging_mixin.py:150} INFO - [2023-12-24T01:10:48.175+0000] {dagbag.py:541} INFO - Filling up the DagBag from /opt/airflow/dags/another_consume.py
[2023-12-24T01:10:48.205+0000] {processor.py:836} INFO - DAG(s) dict_keys(['kafka_message_consumer']) retrieved from /opt/airflow/dags/another_consume.py
[2023-12-24T01:10:48.225+0000] {logging_mixin.py:150} INFO - [2023-12-24T01:10:48.225+0000] {dag.py:2742} INFO - Sync 1 DAGs
[2023-12-24T01:10:48.246+0000] {logging_mixin.py:150} INFO - [2023-12-24T01:10:48.246+0000] {dag.py:3508} INFO - Setting next_dagrun for kafka_message_consumer to None, run_after=None
[2023-12-24T01:10:48.261+0000] {processor.py:179} INFO - Processing /opt/airflow/dags/another_consume.py took 0.090 seconds
[2023-12-24T01:11:18.327+0000] {processor.py:157} INFO - Started process (PID=6774) to work on /opt/airflow/dags/another_consume.py
[2023-12-24T01:11:18.329+0000] {processor.py:826} INFO - Processing file /opt/airflow/dags/another_consume.py for tasks to queue
[2023-12-24T01:11:18.329+0000] {logging_mixin.py:150} INFO - [2023-12-24T01:11:18.329+0000] {dagbag.py:541} INFO - Filling up the DagBag from /opt/airflow/dags/another_consume.py
[2023-12-24T01:11:18.359+0000] {processor.py:836} INFO - DAG(s) dict_keys(['kafka_message_consumer']) retrieved from /opt/airflow/dags/another_consume.py
[2023-12-24T01:11:18.381+0000] {logging_mixin.py:150} INFO - [2023-12-24T01:11:18.381+0000] {dag.py:2742} INFO - Sync 1 DAGs
[2023-12-24T01:11:18.399+0000] {logging_mixin.py:150} INFO - [2023-12-24T01:11:18.399+0000] {dag.py:3508} INFO - Setting next_dagrun for kafka_message_consumer to None, run_after=None
[2023-12-24T01:11:18.415+0000] {processor.py:179} INFO - Processing /opt/airflow/dags/another_consume.py took 0.091 seconds
[2023-12-24T01:11:48.758+0000] {processor.py:157} INFO - Started process (PID=6881) to work on /opt/airflow/dags/another_consume.py
[2023-12-24T01:11:48.759+0000] {processor.py:826} INFO - Processing file /opt/airflow/dags/another_consume.py for tasks to queue
[2023-12-24T01:11:48.760+0000] {logging_mixin.py:150} INFO - [2023-12-24T01:11:48.759+0000] {dagbag.py:541} INFO - Filling up the DagBag from /opt/airflow/dags/another_consume.py
[2023-12-24T01:11:48.795+0000] {processor.py:836} INFO - DAG(s) dict_keys(['kafka_message_consumer']) retrieved from /opt/airflow/dags/another_consume.py
[2023-12-24T01:11:48.817+0000] {logging_mixin.py:150} INFO - [2023-12-24T01:11:48.817+0000] {dag.py:2742} INFO - Sync 1 DAGs
[2023-12-24T01:11:48.835+0000] {logging_mixin.py:150} INFO - [2023-12-24T01:11:48.835+0000] {dag.py:3508} INFO - Setting next_dagrun for kafka_message_consumer to None, run_after=None
[2023-12-24T01:11:48.849+0000] {processor.py:179} INFO - Processing /opt/airflow/dags/another_consume.py took 0.094 seconds
[2023-12-24T01:12:19.152+0000] {processor.py:157} INFO - Started process (PID=6997) to work on /opt/airflow/dags/another_consume.py
[2023-12-24T01:12:19.152+0000] {processor.py:826} INFO - Processing file /opt/airflow/dags/another_consume.py for tasks to queue
[2023-12-24T01:12:19.153+0000] {logging_mixin.py:150} INFO - [2023-12-24T01:12:19.152+0000] {dagbag.py:541} INFO - Filling up the DagBag from /opt/airflow/dags/another_consume.py
[2023-12-24T01:12:19.182+0000] {processor.py:836} INFO - DAG(s) dict_keys(['kafka_message_consumer']) retrieved from /opt/airflow/dags/another_consume.py
[2023-12-24T01:12:19.204+0000] {logging_mixin.py:150} INFO - [2023-12-24T01:12:19.204+0000] {dag.py:2742} INFO - Sync 1 DAGs
[2023-12-24T01:12:19.221+0000] {logging_mixin.py:150} INFO - [2023-12-24T01:12:19.221+0000] {dag.py:3508} INFO - Setting next_dagrun for kafka_message_consumer to None, run_after=None
[2023-12-24T01:12:19.234+0000] {processor.py:179} INFO - Processing /opt/airflow/dags/another_consume.py took 0.085 seconds
[2023-12-24T01:12:49.708+0000] {processor.py:157} INFO - Started process (PID=7113) to work on /opt/airflow/dags/another_consume.py
[2023-12-24T01:12:49.710+0000] {processor.py:826} INFO - Processing file /opt/airflow/dags/another_consume.py for tasks to queue
[2023-12-24T01:12:49.710+0000] {logging_mixin.py:150} INFO - [2023-12-24T01:12:49.710+0000] {dagbag.py:541} INFO - Filling up the DagBag from /opt/airflow/dags/another_consume.py
[2023-12-24T01:12:49.737+0000] {processor.py:836} INFO - DAG(s) dict_keys(['kafka_message_consumer']) retrieved from /opt/airflow/dags/another_consume.py
[2023-12-24T01:12:49.757+0000] {logging_mixin.py:150} INFO - [2023-12-24T01:12:49.757+0000] {dag.py:2742} INFO - Sync 1 DAGs
[2023-12-24T01:12:49.775+0000] {logging_mixin.py:150} INFO - [2023-12-24T01:12:49.774+0000] {dag.py:3508} INFO - Setting next_dagrun for kafka_message_consumer to None, run_after=None
[2023-12-24T01:12:49.794+0000] {processor.py:179} INFO - Processing /opt/airflow/dags/another_consume.py took 0.088 seconds
[2023-12-24T01:13:20.235+0000] {processor.py:157} INFO - Started process (PID=7220) to work on /opt/airflow/dags/another_consume.py
[2023-12-24T01:13:20.236+0000] {processor.py:826} INFO - Processing file /opt/airflow/dags/another_consume.py for tasks to queue
[2023-12-24T01:13:20.236+0000] {logging_mixin.py:150} INFO - [2023-12-24T01:13:20.236+0000] {dagbag.py:541} INFO - Filling up the DagBag from /opt/airflow/dags/another_consume.py
[2023-12-24T01:13:20.264+0000] {processor.py:836} INFO - DAG(s) dict_keys(['kafka_message_consumer']) retrieved from /opt/airflow/dags/another_consume.py
[2023-12-24T01:13:20.285+0000] {logging_mixin.py:150} INFO - [2023-12-24T01:13:20.285+0000] {dag.py:2742} INFO - Sync 1 DAGs
[2023-12-24T01:13:20.303+0000] {logging_mixin.py:150} INFO - [2023-12-24T01:13:20.303+0000] {dag.py:3508} INFO - Setting next_dagrun for kafka_message_consumer to None, run_after=None
[2023-12-24T01:13:20.317+0000] {processor.py:179} INFO - Processing /opt/airflow/dags/another_consume.py took 0.084 seconds
[2023-12-24T01:13:50.577+0000] {processor.py:157} INFO - Started process (PID=7336) to work on /opt/airflow/dags/another_consume.py
[2023-12-24T01:13:50.578+0000] {processor.py:826} INFO - Processing file /opt/airflow/dags/another_consume.py for tasks to queue
[2023-12-24T01:13:50.579+0000] {logging_mixin.py:150} INFO - [2023-12-24T01:13:50.578+0000] {dagbag.py:541} INFO - Filling up the DagBag from /opt/airflow/dags/another_consume.py
[2023-12-24T01:13:50.606+0000] {processor.py:836} INFO - DAG(s) dict_keys(['kafka_message_consumer']) retrieved from /opt/airflow/dags/another_consume.py
[2023-12-24T01:13:50.626+0000] {logging_mixin.py:150} INFO - [2023-12-24T01:13:50.626+0000] {dag.py:2742} INFO - Sync 1 DAGs
[2023-12-24T01:13:50.644+0000] {logging_mixin.py:150} INFO - [2023-12-24T01:13:50.644+0000] {dag.py:3508} INFO - Setting next_dagrun for kafka_message_consumer to None, run_after=None
[2023-12-24T01:13:50.659+0000] {processor.py:179} INFO - Processing /opt/airflow/dags/another_consume.py took 0.085 seconds
[2023-12-24T01:14:20.911+0000] {processor.py:157} INFO - Started process (PID=7452) to work on /opt/airflow/dags/another_consume.py
[2023-12-24T01:14:20.912+0000] {processor.py:826} INFO - Processing file /opt/airflow/dags/another_consume.py for tasks to queue
[2023-12-24T01:14:20.913+0000] {logging_mixin.py:150} INFO - [2023-12-24T01:14:20.913+0000] {dagbag.py:541} INFO - Filling up the DagBag from /opt/airflow/dags/another_consume.py
[2023-12-24T01:14:20.944+0000] {processor.py:836} INFO - DAG(s) dict_keys(['kafka_message_consumer']) retrieved from /opt/airflow/dags/another_consume.py
[2023-12-24T01:14:20.966+0000] {logging_mixin.py:150} INFO - [2023-12-24T01:14:20.966+0000] {dag.py:2742} INFO - Sync 1 DAGs
[2023-12-24T01:14:20.986+0000] {logging_mixin.py:150} INFO - [2023-12-24T01:14:20.986+0000] {dag.py:3508} INFO - Setting next_dagrun for kafka_message_consumer to None, run_after=None
[2023-12-24T01:14:21.003+0000] {processor.py:179} INFO - Processing /opt/airflow/dags/another_consume.py took 0.094 seconds
[2023-12-24T01:14:51.292+0000] {processor.py:157} INFO - Started process (PID=7559) to work on /opt/airflow/dags/another_consume.py
[2023-12-24T01:14:51.293+0000] {processor.py:826} INFO - Processing file /opt/airflow/dags/another_consume.py for tasks to queue
[2023-12-24T01:14:51.293+0000] {logging_mixin.py:150} INFO - [2023-12-24T01:14:51.293+0000] {dagbag.py:541} INFO - Filling up the DagBag from /opt/airflow/dags/another_consume.py
[2023-12-24T01:14:51.322+0000] {processor.py:836} INFO - DAG(s) dict_keys(['kafka_message_consumer']) retrieved from /opt/airflow/dags/another_consume.py
[2023-12-24T01:14:51.342+0000] {logging_mixin.py:150} INFO - [2023-12-24T01:14:51.342+0000] {dag.py:2742} INFO - Sync 1 DAGs
[2023-12-24T01:14:51.367+0000] {logging_mixin.py:150} INFO - [2023-12-24T01:14:51.367+0000] {dag.py:3508} INFO - Setting next_dagrun for kafka_message_consumer to None, run_after=None
[2023-12-24T01:14:51.383+0000] {processor.py:179} INFO - Processing /opt/airflow/dags/another_consume.py took 0.093 seconds
[2023-12-24T01:15:21.597+0000] {processor.py:157} INFO - Started process (PID=7675) to work on /opt/airflow/dags/another_consume.py
[2023-12-24T01:15:21.598+0000] {processor.py:826} INFO - Processing file /opt/airflow/dags/another_consume.py for tasks to queue
[2023-12-24T01:15:21.599+0000] {logging_mixin.py:150} INFO - [2023-12-24T01:15:21.598+0000] {dagbag.py:541} INFO - Filling up the DagBag from /opt/airflow/dags/another_consume.py
[2023-12-24T01:15:21.626+0000] {processor.py:836} INFO - DAG(s) dict_keys(['kafka_message_consumer']) retrieved from /opt/airflow/dags/another_consume.py
[2023-12-24T01:15:21.650+0000] {logging_mixin.py:150} INFO - [2023-12-24T01:15:21.650+0000] {dag.py:2742} INFO - Sync 1 DAGs
[2023-12-24T01:15:21.670+0000] {logging_mixin.py:150} INFO - [2023-12-24T01:15:21.669+0000] {dag.py:3508} INFO - Setting next_dagrun for kafka_message_consumer to None, run_after=None
[2023-12-24T01:15:21.684+0000] {processor.py:179} INFO - Processing /opt/airflow/dags/another_consume.py took 0.089 seconds
[2023-12-24T01:15:51.995+0000] {processor.py:157} INFO - Started process (PID=7761) to work on /opt/airflow/dags/another_consume.py
[2023-12-24T01:15:51.996+0000] {processor.py:826} INFO - Processing file /opt/airflow/dags/another_consume.py for tasks to queue
[2023-12-24T01:15:51.997+0000] {logging_mixin.py:150} INFO - [2023-12-24T01:15:51.997+0000] {dagbag.py:541} INFO - Filling up the DagBag from /opt/airflow/dags/another_consume.py
[2023-12-24T01:15:52.028+0000] {processor.py:836} INFO - DAG(s) dict_keys(['kafka_message_consumer']) retrieved from /opt/airflow/dags/another_consume.py
[2023-12-24T01:15:52.048+0000] {logging_mixin.py:150} INFO - [2023-12-24T01:15:52.048+0000] {dag.py:2742} INFO - Sync 1 DAGs
[2023-12-24T01:15:52.070+0000] {logging_mixin.py:150} INFO - [2023-12-24T01:15:52.070+0000] {dag.py:3508} INFO - Setting next_dagrun for kafka_message_consumer to None, run_after=None
[2023-12-24T01:15:52.083+0000] {processor.py:179} INFO - Processing /opt/airflow/dags/another_consume.py took 0.091 seconds
[2023-12-24T01:16:23.032+0000] {processor.py:157} INFO - Started process (PID=7877) to work on /opt/airflow/dags/another_consume.py
[2023-12-24T01:16:23.033+0000] {processor.py:826} INFO - Processing file /opt/airflow/dags/another_consume.py for tasks to queue
[2023-12-24T01:16:23.033+0000] {logging_mixin.py:150} INFO - [2023-12-24T01:16:23.033+0000] {dagbag.py:541} INFO - Filling up the DagBag from /opt/airflow/dags/another_consume.py
[2023-12-24T01:16:23.061+0000] {processor.py:836} INFO - DAG(s) dict_keys(['kafka_message_consumer']) retrieved from /opt/airflow/dags/another_consume.py
[2023-12-24T01:16:23.081+0000] {logging_mixin.py:150} INFO - [2023-12-24T01:16:23.081+0000] {dag.py:2742} INFO - Sync 1 DAGs
[2023-12-24T01:16:23.098+0000] {logging_mixin.py:150} INFO - [2023-12-24T01:16:23.098+0000] {dag.py:3508} INFO - Setting next_dagrun for kafka_message_consumer to None, run_after=None
[2023-12-24T01:16:23.112+0000] {processor.py:179} INFO - Processing /opt/airflow/dags/another_consume.py took 0.082 seconds
[2023-12-24T01:16:53.161+0000] {processor.py:157} INFO - Started process (PID=7993) to work on /opt/airflow/dags/another_consume.py
[2023-12-24T01:16:53.163+0000] {processor.py:826} INFO - Processing file /opt/airflow/dags/another_consume.py for tasks to queue
[2023-12-24T01:16:53.163+0000] {logging_mixin.py:150} INFO - [2023-12-24T01:16:53.163+0000] {dagbag.py:541} INFO - Filling up the DagBag from /opt/airflow/dags/another_consume.py
[2023-12-24T01:16:53.195+0000] {processor.py:836} INFO - DAG(s) dict_keys(['kafka_message_consumer']) retrieved from /opt/airflow/dags/another_consume.py
[2023-12-24T01:16:53.216+0000] {logging_mixin.py:150} INFO - [2023-12-24T01:16:53.216+0000] {dag.py:2742} INFO - Sync 1 DAGs
[2023-12-24T01:16:53.236+0000] {logging_mixin.py:150} INFO - [2023-12-24T01:16:53.236+0000] {dag.py:3508} INFO - Setting next_dagrun for kafka_message_consumer to None, run_after=None
[2023-12-24T01:16:53.255+0000] {processor.py:179} INFO - Processing /opt/airflow/dags/another_consume.py took 0.097 seconds
[2023-12-24T01:17:23.275+0000] {processor.py:157} INFO - Started process (PID=8120) to work on /opt/airflow/dags/another_consume.py
[2023-12-24T01:17:23.276+0000] {processor.py:826} INFO - Processing file /opt/airflow/dags/another_consume.py for tasks to queue
[2023-12-24T01:17:23.276+0000] {logging_mixin.py:150} INFO - [2023-12-24T01:17:23.276+0000] {dagbag.py:541} INFO - Filling up the DagBag from /opt/airflow/dags/another_consume.py
[2023-12-24T01:17:23.305+0000] {processor.py:836} INFO - DAG(s) dict_keys(['kafka_message_consumer']) retrieved from /opt/airflow/dags/another_consume.py
[2023-12-24T01:17:23.328+0000] {logging_mixin.py:150} INFO - [2023-12-24T01:17:23.328+0000] {dag.py:2742} INFO - Sync 1 DAGs
[2023-12-24T01:17:23.345+0000] {logging_mixin.py:150} INFO - [2023-12-24T01:17:23.344+0000] {dag.py:3508} INFO - Setting next_dagrun for kafka_message_consumer to None, run_after=None
[2023-12-24T01:17:23.358+0000] {processor.py:179} INFO - Processing /opt/airflow/dags/another_consume.py took 0.085 seconds
[2023-12-24T01:17:53.616+0000] {processor.py:157} INFO - Started process (PID=8236) to work on /opt/airflow/dags/another_consume.py
[2023-12-24T01:17:53.640+0000] {processor.py:826} INFO - Processing file /opt/airflow/dags/another_consume.py for tasks to queue
[2023-12-24T01:17:53.640+0000] {logging_mixin.py:150} INFO - [2023-12-24T01:17:53.640+0000] {dagbag.py:541} INFO - Filling up the DagBag from /opt/airflow/dags/another_consume.py
[2023-12-24T01:17:53.680+0000] {processor.py:836} INFO - DAG(s) dict_keys(['kafka_message_consumer']) retrieved from /opt/airflow/dags/another_consume.py
[2023-12-24T01:17:53.701+0000] {logging_mixin.py:150} INFO - [2023-12-24T01:17:53.700+0000] {dag.py:2742} INFO - Sync 1 DAGs
[2023-12-24T01:17:53.720+0000] {logging_mixin.py:150} INFO - [2023-12-24T01:17:53.720+0000] {dag.py:3508} INFO - Setting next_dagrun for kafka_message_consumer to None, run_after=None
[2023-12-24T01:17:53.736+0000] {processor.py:179} INFO - Processing /opt/airflow/dags/another_consume.py took 0.122 seconds
[2023-12-24T01:18:24.312+0000] {processor.py:157} INFO - Started process (PID=8351) to work on /opt/airflow/dags/another_consume.py
[2023-12-24T01:18:24.312+0000] {processor.py:826} INFO - Processing file /opt/airflow/dags/another_consume.py for tasks to queue
[2023-12-24T01:18:24.313+0000] {logging_mixin.py:150} INFO - [2023-12-24T01:18:24.313+0000] {dagbag.py:541} INFO - Filling up the DagBag from /opt/airflow/dags/another_consume.py
[2023-12-24T01:18:24.344+0000] {processor.py:836} INFO - DAG(s) dict_keys(['kafka_message_consumer']) retrieved from /opt/airflow/dags/another_consume.py
[2023-12-24T01:18:24.369+0000] {logging_mixin.py:150} INFO - [2023-12-24T01:18:24.369+0000] {dag.py:2742} INFO - Sync 1 DAGs
[2023-12-24T01:18:24.389+0000] {logging_mixin.py:150} INFO - [2023-12-24T01:18:24.389+0000] {dag.py:3508} INFO - Setting next_dagrun for kafka_message_consumer to None, run_after=None
[2023-12-24T01:18:24.416+0000] {processor.py:179} INFO - Processing /opt/airflow/dags/another_consume.py took 0.107 seconds
[2023-12-24T01:18:55.118+0000] {processor.py:157} INFO - Started process (PID=8459) to work on /opt/airflow/dags/another_consume.py
[2023-12-24T01:18:55.120+0000] {processor.py:826} INFO - Processing file /opt/airflow/dags/another_consume.py for tasks to queue
[2023-12-24T01:18:55.120+0000] {logging_mixin.py:150} INFO - [2023-12-24T01:18:55.120+0000] {dagbag.py:541} INFO - Filling up the DagBag from /opt/airflow/dags/another_consume.py
[2023-12-24T01:18:55.168+0000] {processor.py:836} INFO - DAG(s) dict_keys(['kafka_message_consumer']) retrieved from /opt/airflow/dags/another_consume.py
[2023-12-24T01:18:55.189+0000] {logging_mixin.py:150} INFO - [2023-12-24T01:18:55.189+0000] {dag.py:2742} INFO - Sync 1 DAGs
[2023-12-24T01:18:55.206+0000] {logging_mixin.py:150} INFO - [2023-12-24T01:18:55.205+0000] {dag.py:3508} INFO - Setting next_dagrun for kafka_message_consumer to None, run_after=None
[2023-12-24T01:18:55.220+0000] {processor.py:179} INFO - Processing /opt/airflow/dags/another_consume.py took 0.105 seconds
[2023-12-24T01:19:25.667+0000] {processor.py:157} INFO - Started process (PID=8575) to work on /opt/airflow/dags/another_consume.py
[2023-12-24T01:19:25.667+0000] {processor.py:826} INFO - Processing file /opt/airflow/dags/another_consume.py for tasks to queue
[2023-12-24T01:19:25.668+0000] {logging_mixin.py:150} INFO - [2023-12-24T01:19:25.667+0000] {dagbag.py:541} INFO - Filling up the DagBag from /opt/airflow/dags/another_consume.py
[2023-12-24T01:19:25.698+0000] {processor.py:836} INFO - DAG(s) dict_keys(['kafka_message_consumer']) retrieved from /opt/airflow/dags/another_consume.py
[2023-12-24T01:19:25.717+0000] {logging_mixin.py:150} INFO - [2023-12-24T01:19:25.717+0000] {dag.py:2742} INFO - Sync 1 DAGs
[2023-12-24T01:19:25.735+0000] {logging_mixin.py:150} INFO - [2023-12-24T01:19:25.735+0000] {dag.py:3508} INFO - Setting next_dagrun for kafka_message_consumer to None, run_after=None
[2023-12-24T01:19:25.748+0000] {processor.py:179} INFO - Processing /opt/airflow/dags/another_consume.py took 0.084 seconds
[2023-12-24T01:19:56.367+0000] {processor.py:157} INFO - Started process (PID=8711) to work on /opt/airflow/dags/another_consume.py
[2023-12-24T01:19:56.368+0000] {processor.py:826} INFO - Processing file /opt/airflow/dags/another_consume.py for tasks to queue
[2023-12-24T01:19:56.368+0000] {logging_mixin.py:150} INFO - [2023-12-24T01:19:56.368+0000] {dagbag.py:541} INFO - Filling up the DagBag from /opt/airflow/dags/another_consume.py
[2023-12-24T01:19:56.405+0000] {processor.py:836} INFO - DAG(s) dict_keys(['kafka_message_consumer']) retrieved from /opt/airflow/dags/another_consume.py
[2023-12-24T01:19:56.428+0000] {logging_mixin.py:150} INFO - [2023-12-24T01:19:56.428+0000] {dag.py:2742} INFO - Sync 1 DAGs
[2023-12-24T01:19:56.447+0000] {logging_mixin.py:150} INFO - [2023-12-24T01:19:56.447+0000] {dag.py:3508} INFO - Setting next_dagrun for kafka_message_consumer to None, run_after=None
[2023-12-24T01:19:56.463+0000] {processor.py:179} INFO - Processing /opt/airflow/dags/another_consume.py took 0.099 seconds
[2023-12-24T01:20:27.400+0000] {processor.py:157} INFO - Started process (PID=8819) to work on /opt/airflow/dags/another_consume.py
[2023-12-24T01:20:27.403+0000] {processor.py:826} INFO - Processing file /opt/airflow/dags/another_consume.py for tasks to queue
[2023-12-24T01:20:27.403+0000] {logging_mixin.py:150} INFO - [2023-12-24T01:20:27.403+0000] {dagbag.py:541} INFO - Filling up the DagBag from /opt/airflow/dags/another_consume.py
[2023-12-24T01:20:27.432+0000] {processor.py:836} INFO - DAG(s) dict_keys(['kafka_message_consumer']) retrieved from /opt/airflow/dags/another_consume.py
[2023-12-24T01:20:27.453+0000] {logging_mixin.py:150} INFO - [2023-12-24T01:20:27.453+0000] {dag.py:2742} INFO - Sync 1 DAGs
[2023-12-24T01:20:27.470+0000] {logging_mixin.py:150} INFO - [2023-12-24T01:20:27.470+0000] {dag.py:3508} INFO - Setting next_dagrun for kafka_message_consumer to None, run_after=None
[2023-12-24T01:20:27.484+0000] {processor.py:179} INFO - Processing /opt/airflow/dags/another_consume.py took 0.087 seconds
[2023-12-24T01:20:58.097+0000] {processor.py:157} INFO - Started process (PID=8935) to work on /opt/airflow/dags/another_consume.py
[2023-12-24T01:20:58.098+0000] {processor.py:826} INFO - Processing file /opt/airflow/dags/another_consume.py for tasks to queue
[2023-12-24T01:20:58.099+0000] {logging_mixin.py:150} INFO - [2023-12-24T01:20:58.098+0000] {dagbag.py:541} INFO - Filling up the DagBag from /opt/airflow/dags/another_consume.py
[2023-12-24T01:20:58.132+0000] {processor.py:836} INFO - DAG(s) dict_keys(['kafka_message_consumer']) retrieved from /opt/airflow/dags/another_consume.py
[2023-12-24T01:20:58.154+0000] {logging_mixin.py:150} INFO - [2023-12-24T01:20:58.154+0000] {dag.py:2742} INFO - Sync 1 DAGs
[2023-12-24T01:20:58.172+0000] {logging_mixin.py:150} INFO - [2023-12-24T01:20:58.172+0000] {dag.py:3508} INFO - Setting next_dagrun for kafka_message_consumer to None, run_after=None
[2023-12-24T01:20:58.185+0000] {processor.py:179} INFO - Processing /opt/airflow/dags/another_consume.py took 0.091 seconds
[2023-12-24T01:31:05.081+0000] {processor.py:157} INFO - Started process (PID=97) to work on /opt/airflow/dags/another_consume.py
[2023-12-24T01:31:05.082+0000] {processor.py:826} INFO - Processing file /opt/airflow/dags/another_consume.py for tasks to queue
[2023-12-24T01:31:05.083+0000] {logging_mixin.py:150} INFO - [2023-12-24T01:31:05.083+0000] {dagbag.py:541} INFO - Filling up the DagBag from /opt/airflow/dags/another_consume.py
[2023-12-24T01:31:05.118+0000] {processor.py:836} INFO - DAG(s) dict_keys(['kafka_message_consumer']) retrieved from /opt/airflow/dags/another_consume.py
[2023-12-24T01:31:05.209+0000] {logging_mixin.py:150} INFO - [2023-12-24T01:31:05.209+0000] {dag.py:2742} INFO - Sync 1 DAGs
[2023-12-24T01:31:05.226+0000] {logging_mixin.py:150} INFO - [2023-12-24T01:31:05.226+0000] {dag.py:3508} INFO - Setting next_dagrun for kafka_message_consumer to None, run_after=None
[2023-12-24T01:31:05.244+0000] {processor.py:179} INFO - Processing /opt/airflow/dags/another_consume.py took 0.165 seconds
[2023-12-24T01:31:36.113+0000] {processor.py:157} INFO - Started process (PID=192) to work on /opt/airflow/dags/another_consume.py
[2023-12-24T01:31:36.114+0000] {processor.py:826} INFO - Processing file /opt/airflow/dags/another_consume.py for tasks to queue
[2023-12-24T01:31:36.114+0000] {logging_mixin.py:150} INFO - [2023-12-24T01:31:36.114+0000] {dagbag.py:541} INFO - Filling up the DagBag from /opt/airflow/dags/another_consume.py
[2023-12-24T01:31:36.150+0000] {processor.py:836} INFO - DAG(s) dict_keys(['kafka_message_consumer']) retrieved from /opt/airflow/dags/another_consume.py
[2023-12-24T01:31:36.173+0000] {logging_mixin.py:150} INFO - [2023-12-24T01:31:36.173+0000] {dag.py:2742} INFO - Sync 1 DAGs
[2023-12-24T01:31:36.192+0000] {logging_mixin.py:150} INFO - [2023-12-24T01:31:36.191+0000] {dag.py:3508} INFO - Setting next_dagrun for kafka_message_consumer to None, run_after=None
[2023-12-24T01:31:36.206+0000] {processor.py:179} INFO - Processing /opt/airflow/dags/another_consume.py took 0.096 seconds
[2023-12-24T01:32:07.237+0000] {processor.py:157} INFO - Started process (PID=309) to work on /opt/airflow/dags/another_consume.py
[2023-12-24T01:32:07.238+0000] {processor.py:826} INFO - Processing file /opt/airflow/dags/another_consume.py for tasks to queue
[2023-12-24T01:32:07.238+0000] {logging_mixin.py:150} INFO - [2023-12-24T01:32:07.238+0000] {dagbag.py:541} INFO - Filling up the DagBag from /opt/airflow/dags/another_consume.py
[2023-12-24T01:32:07.267+0000] {processor.py:836} INFO - DAG(s) dict_keys(['kafka_message_consumer']) retrieved from /opt/airflow/dags/another_consume.py
[2023-12-24T01:32:07.288+0000] {logging_mixin.py:150} INFO - [2023-12-24T01:32:07.288+0000] {dag.py:2742} INFO - Sync 1 DAGs
[2023-12-24T01:32:07.305+0000] {logging_mixin.py:150} INFO - [2023-12-24T01:32:07.305+0000] {dag.py:3508} INFO - Setting next_dagrun for kafka_message_consumer to None, run_after=None
[2023-12-24T01:32:07.318+0000] {processor.py:179} INFO - Processing /opt/airflow/dags/another_consume.py took 0.083 seconds
[2023-12-24T01:32:38.740+0000] {processor.py:157} INFO - Started process (PID=416) to work on /opt/airflow/dags/another_consume.py
[2023-12-24T01:32:38.740+0000] {processor.py:826} INFO - Processing file /opt/airflow/dags/another_consume.py for tasks to queue
[2023-12-24T01:32:38.741+0000] {logging_mixin.py:150} INFO - [2023-12-24T01:32:38.741+0000] {dagbag.py:541} INFO - Filling up the DagBag from /opt/airflow/dags/another_consume.py
[2023-12-24T01:32:38.771+0000] {processor.py:836} INFO - DAG(s) dict_keys(['kafka_message_consumer']) retrieved from /opt/airflow/dags/another_consume.py
[2023-12-24T01:32:38.791+0000] {logging_mixin.py:150} INFO - [2023-12-24T01:32:38.791+0000] {dag.py:2742} INFO - Sync 1 DAGs
[2023-12-24T01:32:38.808+0000] {logging_mixin.py:150} INFO - [2023-12-24T01:32:38.807+0000] {dag.py:3508} INFO - Setting next_dagrun for kafka_message_consumer to None, run_after=None
[2023-12-24T01:32:38.821+0000] {processor.py:179} INFO - Processing /opt/airflow/dags/another_consume.py took 0.084 seconds
[2023-12-24T01:33:10.386+0000] {processor.py:157} INFO - Started process (PID=532) to work on /opt/airflow/dags/another_consume.py
[2023-12-24T01:33:10.387+0000] {processor.py:826} INFO - Processing file /opt/airflow/dags/another_consume.py for tasks to queue
[2023-12-24T01:33:10.388+0000] {logging_mixin.py:150} INFO - [2023-12-24T01:33:10.388+0000] {dagbag.py:541} INFO - Filling up the DagBag from /opt/airflow/dags/another_consume.py
[2023-12-24T01:33:10.417+0000] {processor.py:836} INFO - DAG(s) dict_keys(['kafka_message_consumer']) retrieved from /opt/airflow/dags/another_consume.py
[2023-12-24T01:33:10.435+0000] {logging_mixin.py:150} INFO - [2023-12-24T01:33:10.435+0000] {dag.py:2742} INFO - Sync 1 DAGs
[2023-12-24T01:33:10.453+0000] {logging_mixin.py:150} INFO - [2023-12-24T01:33:10.453+0000] {dag.py:3508} INFO - Setting next_dagrun for kafka_message_consumer to None, run_after=None
[2023-12-24T01:33:10.466+0000] {processor.py:179} INFO - Processing /opt/airflow/dags/another_consume.py took 0.082 seconds
[2023-12-24T01:33:41.120+0000] {processor.py:157} INFO - Started process (PID=648) to work on /opt/airflow/dags/another_consume.py
[2023-12-24T01:33:41.120+0000] {processor.py:826} INFO - Processing file /opt/airflow/dags/another_consume.py for tasks to queue
[2023-12-24T01:33:41.121+0000] {logging_mixin.py:150} INFO - [2023-12-24T01:33:41.121+0000] {dagbag.py:541} INFO - Filling up the DagBag from /opt/airflow/dags/another_consume.py
[2023-12-24T01:33:41.150+0000] {processor.py:836} INFO - DAG(s) dict_keys(['kafka_message_consumer']) retrieved from /opt/airflow/dags/another_consume.py
[2023-12-24T01:33:41.169+0000] {logging_mixin.py:150} INFO - [2023-12-24T01:33:41.169+0000] {dag.py:2742} INFO - Sync 1 DAGs
[2023-12-24T01:33:41.186+0000] {logging_mixin.py:150} INFO - [2023-12-24T01:33:41.186+0000] {dag.py:3508} INFO - Setting next_dagrun for kafka_message_consumer to None, run_after=None
[2023-12-24T01:33:41.199+0000] {processor.py:179} INFO - Processing /opt/airflow/dags/another_consume.py took 0.081 seconds
[2023-12-24T01:34:12.711+0000] {processor.py:157} INFO - Started process (PID=764) to work on /opt/airflow/dags/another_consume.py
[2023-12-24T01:34:12.712+0000] {processor.py:826} INFO - Processing file /opt/airflow/dags/another_consume.py for tasks to queue
[2023-12-24T01:34:12.713+0000] {logging_mixin.py:150} INFO - [2023-12-24T01:34:12.712+0000] {dagbag.py:541} INFO - Filling up the DagBag from /opt/airflow/dags/another_consume.py
[2023-12-24T01:34:12.744+0000] {processor.py:836} INFO - DAG(s) dict_keys(['kafka_message_consumer']) retrieved from /opt/airflow/dags/another_consume.py
[2023-12-24T01:34:12.766+0000] {logging_mixin.py:150} INFO - [2023-12-24T01:34:12.765+0000] {dag.py:2742} INFO - Sync 1 DAGs
[2023-12-24T01:34:12.784+0000] {logging_mixin.py:150} INFO - [2023-12-24T01:34:12.784+0000] {dag.py:3508} INFO - Setting next_dagrun for kafka_message_consumer to None, run_after=None
[2023-12-24T01:34:12.799+0000] {processor.py:179} INFO - Processing /opt/airflow/dags/another_consume.py took 0.091 seconds
[2023-12-24T01:34:43.702+0000] {processor.py:157} INFO - Started process (PID=870) to work on /opt/airflow/dags/another_consume.py
[2023-12-24T01:34:43.703+0000] {processor.py:826} INFO - Processing file /opt/airflow/dags/another_consume.py for tasks to queue
[2023-12-24T01:34:43.703+0000] {logging_mixin.py:150} INFO - [2023-12-24T01:34:43.703+0000] {dagbag.py:541} INFO - Filling up the DagBag from /opt/airflow/dags/another_consume.py
[2023-12-24T01:34:43.732+0000] {processor.py:836} INFO - DAG(s) dict_keys(['kafka_message_consumer']) retrieved from /opt/airflow/dags/another_consume.py
[2023-12-24T01:34:43.753+0000] {logging_mixin.py:150} INFO - [2023-12-24T01:34:43.752+0000] {dag.py:2742} INFO - Sync 1 DAGs
[2023-12-24T01:34:43.770+0000] {logging_mixin.py:150} INFO - [2023-12-24T01:34:43.770+0000] {dag.py:3508} INFO - Setting next_dagrun for kafka_message_consumer to None, run_after=None
[2023-12-24T01:34:43.784+0000] {processor.py:179} INFO - Processing /opt/airflow/dags/another_consume.py took 0.084 seconds
[2023-12-24T01:35:15.296+0000] {processor.py:157} INFO - Started process (PID=986) to work on /opt/airflow/dags/another_consume.py
[2023-12-24T01:35:15.297+0000] {processor.py:826} INFO - Processing file /opt/airflow/dags/another_consume.py for tasks to queue
[2023-12-24T01:35:15.298+0000] {logging_mixin.py:150} INFO - [2023-12-24T01:35:15.298+0000] {dagbag.py:541} INFO - Filling up the DagBag from /opt/airflow/dags/another_consume.py
[2023-12-24T01:35:15.327+0000] {processor.py:836} INFO - DAG(s) dict_keys(['kafka_message_consumer']) retrieved from /opt/airflow/dags/another_consume.py
[2023-12-24T01:35:15.346+0000] {logging_mixin.py:150} INFO - [2023-12-24T01:35:15.346+0000] {dag.py:2742} INFO - Sync 1 DAGs
[2023-12-24T01:35:15.364+0000] {logging_mixin.py:150} INFO - [2023-12-24T01:35:15.363+0000] {dag.py:3508} INFO - Setting next_dagrun for kafka_message_consumer to None, run_after=None
[2023-12-24T01:35:15.376+0000] {processor.py:179} INFO - Processing /opt/airflow/dags/another_consume.py took 0.082 seconds
[2023-12-24T01:35:46.063+0000] {processor.py:157} INFO - Started process (PID=1101) to work on /opt/airflow/dags/another_consume.py
[2023-12-24T01:35:46.064+0000] {processor.py:826} INFO - Processing file /opt/airflow/dags/another_consume.py for tasks to queue
[2023-12-24T01:35:46.065+0000] {logging_mixin.py:150} INFO - [2023-12-24T01:35:46.064+0000] {dagbag.py:541} INFO - Filling up the DagBag from /opt/airflow/dags/another_consume.py
[2023-12-24T01:35:46.095+0000] {processor.py:836} INFO - DAG(s) dict_keys(['kafka_message_consumer']) retrieved from /opt/airflow/dags/another_consume.py
[2023-12-24T01:35:46.117+0000] {logging_mixin.py:150} INFO - [2023-12-24T01:35:46.116+0000] {dag.py:2742} INFO - Sync 1 DAGs
[2023-12-24T01:35:46.135+0000] {logging_mixin.py:150} INFO - [2023-12-24T01:35:46.135+0000] {dag.py:3508} INFO - Setting next_dagrun for kafka_message_consumer to None, run_after=None
[2023-12-24T01:35:46.147+0000] {processor.py:179} INFO - Processing /opt/airflow/dags/another_consume.py took 0.086 seconds
[2023-12-24T01:36:17.425+0000] {processor.py:157} INFO - Started process (PID=1209) to work on /opt/airflow/dags/another_consume.py
[2023-12-24T01:36:17.426+0000] {processor.py:826} INFO - Processing file /opt/airflow/dags/another_consume.py for tasks to queue
[2023-12-24T01:36:17.426+0000] {logging_mixin.py:150} INFO - [2023-12-24T01:36:17.426+0000] {dagbag.py:541} INFO - Filling up the DagBag from /opt/airflow/dags/another_consume.py
[2023-12-24T01:36:17.460+0000] {processor.py:836} INFO - DAG(s) dict_keys(['kafka_message_consumer']) retrieved from /opt/airflow/dags/another_consume.py
[2023-12-24T01:36:17.482+0000] {logging_mixin.py:150} INFO - [2023-12-24T01:36:17.481+0000] {dag.py:2742} INFO - Sync 1 DAGs
[2023-12-24T01:36:17.501+0000] {logging_mixin.py:150} INFO - [2023-12-24T01:36:17.501+0000] {dag.py:3508} INFO - Setting next_dagrun for kafka_message_consumer to None, run_after=None
[2023-12-24T01:36:17.515+0000] {processor.py:179} INFO - Processing /opt/airflow/dags/another_consume.py took 0.093 seconds
[2023-12-24T01:36:48.121+0000] {processor.py:157} INFO - Started process (PID=1324) to work on /opt/airflow/dags/another_consume.py
[2023-12-24T01:36:48.122+0000] {processor.py:826} INFO - Processing file /opt/airflow/dags/another_consume.py for tasks to queue
[2023-12-24T01:36:48.122+0000] {logging_mixin.py:150} INFO - [2023-12-24T01:36:48.122+0000] {dagbag.py:541} INFO - Filling up the DagBag from /opt/airflow/dags/another_consume.py
[2023-12-24T01:36:48.152+0000] {processor.py:836} INFO - DAG(s) dict_keys(['kafka_message_consumer']) retrieved from /opt/airflow/dags/another_consume.py
[2023-12-24T01:36:48.172+0000] {logging_mixin.py:150} INFO - [2023-12-24T01:36:48.172+0000] {dag.py:2742} INFO - Sync 1 DAGs
[2023-12-24T01:36:48.190+0000] {logging_mixin.py:150} INFO - [2023-12-24T01:36:48.190+0000] {dag.py:3508} INFO - Setting next_dagrun for kafka_message_consumer to None, run_after=None
[2023-12-24T01:36:48.205+0000] {processor.py:179} INFO - Processing /opt/airflow/dags/another_consume.py took 0.087 seconds
[2023-12-24T01:37:19.378+0000] {processor.py:157} INFO - Started process (PID=1441) to work on /opt/airflow/dags/another_consume.py
[2023-12-24T01:37:19.379+0000] {processor.py:826} INFO - Processing file /opt/airflow/dags/another_consume.py for tasks to queue
[2023-12-24T01:37:19.379+0000] {logging_mixin.py:150} INFO - [2023-12-24T01:37:19.379+0000] {dagbag.py:541} INFO - Filling up the DagBag from /opt/airflow/dags/another_consume.py
[2023-12-24T01:37:19.408+0000] {processor.py:836} INFO - DAG(s) dict_keys(['kafka_message_consumer']) retrieved from /opt/airflow/dags/another_consume.py
[2023-12-24T01:37:19.428+0000] {logging_mixin.py:150} INFO - [2023-12-24T01:37:19.428+0000] {dag.py:2742} INFO - Sync 1 DAGs
[2023-12-24T01:37:19.444+0000] {logging_mixin.py:150} INFO - [2023-12-24T01:37:19.444+0000] {dag.py:3508} INFO - Setting next_dagrun for kafka_message_consumer to None, run_after=None
[2023-12-24T01:37:19.457+0000] {processor.py:179} INFO - Processing /opt/airflow/dags/another_consume.py took 0.081 seconds
[2023-12-24T01:37:50.923+0000] {processor.py:157} INFO - Started process (PID=1548) to work on /opt/airflow/dags/another_consume.py
[2023-12-24T01:37:50.923+0000] {processor.py:826} INFO - Processing file /opt/airflow/dags/another_consume.py for tasks to queue
[2023-12-24T01:37:50.924+0000] {logging_mixin.py:150} INFO - [2023-12-24T01:37:50.924+0000] {dagbag.py:541} INFO - Filling up the DagBag from /opt/airflow/dags/another_consume.py
[2023-12-24T01:37:50.958+0000] {processor.py:836} INFO - DAG(s) dict_keys(['kafka_message_consumer']) retrieved from /opt/airflow/dags/another_consume.py
[2023-12-24T01:37:50.979+0000] {logging_mixin.py:150} INFO - [2023-12-24T01:37:50.979+0000] {dag.py:2742} INFO - Sync 1 DAGs
[2023-12-24T01:37:50.998+0000] {logging_mixin.py:150} INFO - [2023-12-24T01:37:50.998+0000] {dag.py:3508} INFO - Setting next_dagrun for kafka_message_consumer to None, run_after=None
[2023-12-24T01:37:51.012+0000] {processor.py:179} INFO - Processing /opt/airflow/dags/another_consume.py took 0.092 seconds
[2023-12-24T01:38:21.629+0000] {processor.py:157} INFO - Started process (PID=1664) to work on /opt/airflow/dags/another_consume.py
[2023-12-24T01:38:21.630+0000] {processor.py:826} INFO - Processing file /opt/airflow/dags/another_consume.py for tasks to queue
[2023-12-24T01:38:21.630+0000] {logging_mixin.py:150} INFO - [2023-12-24T01:38:21.630+0000] {dagbag.py:541} INFO - Filling up the DagBag from /opt/airflow/dags/another_consume.py
[2023-12-24T01:38:21.660+0000] {processor.py:836} INFO - DAG(s) dict_keys(['kafka_message_consumer']) retrieved from /opt/airflow/dags/another_consume.py
[2023-12-24T01:38:21.679+0000] {logging_mixin.py:150} INFO - [2023-12-24T01:38:21.679+0000] {dag.py:2742} INFO - Sync 1 DAGs
[2023-12-24T01:38:21.697+0000] {logging_mixin.py:150} INFO - [2023-12-24T01:38:21.696+0000] {dag.py:3508} INFO - Setting next_dagrun for kafka_message_consumer to None, run_after=None
[2023-12-24T01:38:21.708+0000] {processor.py:179} INFO - Processing /opt/airflow/dags/another_consume.py took 0.082 seconds
[2023-12-24T01:38:52.468+0000] {processor.py:157} INFO - Started process (PID=1780) to work on /opt/airflow/dags/another_consume.py
[2023-12-24T01:38:52.469+0000] {processor.py:826} INFO - Processing file /opt/airflow/dags/another_consume.py for tasks to queue
[2023-12-24T01:38:52.470+0000] {logging_mixin.py:150} INFO - [2023-12-24T01:38:52.469+0000] {dagbag.py:541} INFO - Filling up the DagBag from /opt/airflow/dags/another_consume.py
[2023-12-24T01:38:52.500+0000] {processor.py:836} INFO - DAG(s) dict_keys(['kafka_message_consumer']) retrieved from /opt/airflow/dags/another_consume.py
[2023-12-24T01:38:52.521+0000] {logging_mixin.py:150} INFO - [2023-12-24T01:38:52.521+0000] {dag.py:2742} INFO - Sync 1 DAGs
[2023-12-24T01:38:52.537+0000] {logging_mixin.py:150} INFO - [2023-12-24T01:38:52.536+0000] {dag.py:3508} INFO - Setting next_dagrun for kafka_message_consumer to None, run_after=None
[2023-12-24T01:38:52.550+0000] {processor.py:179} INFO - Processing /opt/airflow/dags/another_consume.py took 0.084 seconds
[2023-12-24T01:39:23.478+0000] {processor.py:157} INFO - Started process (PID=1894) to work on /opt/airflow/dags/another_consume.py
[2023-12-24T01:39:23.479+0000] {processor.py:826} INFO - Processing file /opt/airflow/dags/another_consume.py for tasks to queue
[2023-12-24T01:39:23.479+0000] {logging_mixin.py:150} INFO - [2023-12-24T01:39:23.479+0000] {dagbag.py:541} INFO - Filling up the DagBag from /opt/airflow/dags/another_consume.py
[2023-12-24T01:39:23.515+0000] {processor.py:836} INFO - DAG(s) dict_keys(['kafka_message_consumer']) retrieved from /opt/airflow/dags/another_consume.py
[2023-12-24T01:39:23.545+0000] {logging_mixin.py:150} INFO - [2023-12-24T01:39:23.545+0000] {dag.py:2742} INFO - Sync 1 DAGs
[2023-12-24T01:39:23.567+0000] {logging_mixin.py:150} INFO - [2023-12-24T01:39:23.567+0000] {dag.py:3508} INFO - Setting next_dagrun for kafka_message_consumer to None, run_after=None
[2023-12-24T01:39:23.586+0000] {processor.py:179} INFO - Processing /opt/airflow/dags/another_consume.py took 0.111 seconds
