[2023-12-24T00:40:49.893+0000] {processor.py:157} INFO - Started process (PID=75) to work on /opt/airflow/dags/consume.py
[2023-12-24T00:40:49.894+0000] {processor.py:826} INFO - Processing file /opt/airflow/dags/consume.py for tasks to queue
[2023-12-24T00:40:49.894+0000] {logging_mixin.py:150} INFO - [2023-12-24T00:40:49.894+0000] {dagbag.py:541} INFO - Filling up the DagBag from /opt/airflow/dags/consume.py
[2023-12-24T00:40:49.907+0000] {processor.py:836} INFO - DAG(s) dict_keys(['consume_dag']) retrieved from /opt/airflow/dags/consume.py
[2023-12-24T00:40:49.996+0000] {logging_mixin.py:150} INFO - [2023-12-24T00:40:49.996+0000] {dag.py:2742} INFO - Sync 1 DAGs
[2023-12-24T00:40:50.046+0000] {logging_mixin.py:150} INFO - [2023-12-24T00:40:50.046+0000] {dag.py:3508} INFO - Setting next_dagrun for consume_dag to 2023-12-24T00:39:00+00:00, run_after=2023-12-24T00:40:00+00:00
[2023-12-24T00:40:50.091+0000] {processor.py:179} INFO - Processing /opt/airflow/dags/consume.py took 0.201 seconds
[2023-12-24T00:41:21.143+0000] {processor.py:157} INFO - Started process (PID=191) to work on /opt/airflow/dags/consume.py
[2023-12-24T00:41:21.143+0000] {processor.py:826} INFO - Processing file /opt/airflow/dags/consume.py for tasks to queue
[2023-12-24T00:41:21.144+0000] {logging_mixin.py:150} INFO - [2023-12-24T00:41:21.143+0000] {dagbag.py:541} INFO - Filling up the DagBag from /opt/airflow/dags/consume.py
[2023-12-24T00:41:21.154+0000] {processor.py:836} INFO - DAG(s) dict_keys(['consume_dag']) retrieved from /opt/airflow/dags/consume.py
[2023-12-24T00:41:21.175+0000] {logging_mixin.py:150} INFO - [2023-12-24T00:41:21.174+0000] {dag.py:2742} INFO - Sync 1 DAGs
[2023-12-24T00:41:21.194+0000] {logging_mixin.py:150} INFO - [2023-12-24T00:41:21.193+0000] {dag.py:3508} INFO - Setting next_dagrun for consume_dag to 2023-12-24T00:40:00+00:00, run_after=2023-12-24T00:41:00+00:00
[2023-12-24T00:41:21.210+0000] {processor.py:179} INFO - Processing /opt/airflow/dags/consume.py took 0.069 seconds
[2023-12-24T00:41:51.883+0000] {processor.py:157} INFO - Started process (PID=307) to work on /opt/airflow/dags/consume.py
[2023-12-24T00:41:51.884+0000] {processor.py:826} INFO - Processing file /opt/airflow/dags/consume.py for tasks to queue
[2023-12-24T00:41:51.885+0000] {logging_mixin.py:150} INFO - [2023-12-24T00:41:51.885+0000] {dagbag.py:541} INFO - Filling up the DagBag from /opt/airflow/dags/consume.py
[2023-12-24T00:41:51.896+0000] {processor.py:836} INFO - DAG(s) dict_keys(['consume_dag']) retrieved from /opt/airflow/dags/consume.py
[2023-12-24T00:41:51.917+0000] {logging_mixin.py:150} INFO - [2023-12-24T00:41:51.916+0000] {dag.py:2742} INFO - Sync 1 DAGs
[2023-12-24T00:41:51.935+0000] {logging_mixin.py:150} INFO - [2023-12-24T00:41:51.935+0000] {dag.py:3508} INFO - Setting next_dagrun for consume_dag to 2023-12-24T00:40:00+00:00, run_after=2023-12-24T00:41:00+00:00
[2023-12-24T00:41:51.949+0000] {processor.py:179} INFO - Processing /opt/airflow/dags/consume.py took 0.068 seconds
[2023-12-24T00:42:22.596+0000] {processor.py:157} INFO - Started process (PID=414) to work on /opt/airflow/dags/consume.py
[2023-12-24T00:42:22.597+0000] {processor.py:826} INFO - Processing file /opt/airflow/dags/consume.py for tasks to queue
[2023-12-24T00:42:22.597+0000] {logging_mixin.py:150} INFO - [2023-12-24T00:42:22.597+0000] {dagbag.py:541} INFO - Filling up the DagBag from /opt/airflow/dags/consume.py
[2023-12-24T00:42:22.609+0000] {processor.py:836} INFO - DAG(s) dict_keys(['consume_dag']) retrieved from /opt/airflow/dags/consume.py
[2023-12-24T00:42:22.631+0000] {logging_mixin.py:150} INFO - [2023-12-24T00:42:22.631+0000] {dag.py:2742} INFO - Sync 1 DAGs
[2023-12-24T00:42:22.652+0000] {logging_mixin.py:150} INFO - [2023-12-24T00:42:22.652+0000] {dag.py:3508} INFO - Setting next_dagrun for consume_dag to 2023-12-24T00:41:00+00:00, run_after=2023-12-24T00:42:00+00:00
[2023-12-24T00:42:22.667+0000] {processor.py:179} INFO - Processing /opt/airflow/dags/consume.py took 0.074 seconds
[2023-12-24T00:42:53.388+0000] {processor.py:157} INFO - Started process (PID=531) to work on /opt/airflow/dags/consume.py
[2023-12-24T00:42:53.389+0000] {processor.py:826} INFO - Processing file /opt/airflow/dags/consume.py for tasks to queue
[2023-12-24T00:42:53.389+0000] {logging_mixin.py:150} INFO - [2023-12-24T00:42:53.389+0000] {dagbag.py:541} INFO - Filling up the DagBag from /opt/airflow/dags/consume.py
[2023-12-24T00:42:53.401+0000] {processor.py:836} INFO - DAG(s) dict_keys(['consume_dag']) retrieved from /opt/airflow/dags/consume.py
[2023-12-24T00:42:53.422+0000] {logging_mixin.py:150} INFO - [2023-12-24T00:42:53.422+0000] {dag.py:2742} INFO - Sync 1 DAGs
[2023-12-24T00:42:53.442+0000] {logging_mixin.py:150} INFO - [2023-12-24T00:42:53.441+0000] {dag.py:3508} INFO - Setting next_dagrun for consume_dag to 2023-12-24T00:41:00+00:00, run_after=2023-12-24T00:42:00+00:00
[2023-12-24T00:42:53.455+0000] {processor.py:179} INFO - Processing /opt/airflow/dags/consume.py took 0.070 seconds
[2023-12-24T00:43:24.338+0000] {processor.py:157} INFO - Started process (PID=647) to work on /opt/airflow/dags/consume.py
[2023-12-24T00:43:24.338+0000] {processor.py:826} INFO - Processing file /opt/airflow/dags/consume.py for tasks to queue
[2023-12-24T00:43:24.339+0000] {logging_mixin.py:150} INFO - [2023-12-24T00:43:24.339+0000] {dagbag.py:541} INFO - Filling up the DagBag from /opt/airflow/dags/consume.py
[2023-12-24T00:43:24.350+0000] {processor.py:836} INFO - DAG(s) dict_keys(['consume_dag']) retrieved from /opt/airflow/dags/consume.py
[2023-12-24T00:43:24.370+0000] {logging_mixin.py:150} INFO - [2023-12-24T00:43:24.370+0000] {dag.py:2742} INFO - Sync 1 DAGs
[2023-12-24T00:43:24.389+0000] {logging_mixin.py:150} INFO - [2023-12-24T00:43:24.389+0000] {dag.py:3508} INFO - Setting next_dagrun for consume_dag to 2023-12-24T00:42:00+00:00, run_after=2023-12-24T00:43:00+00:00
[2023-12-24T00:43:24.402+0000] {processor.py:179} INFO - Processing /opt/airflow/dags/consume.py took 0.067 seconds
[2023-12-24T00:43:55.035+0000] {processor.py:157} INFO - Started process (PID=754) to work on /opt/airflow/dags/consume.py
[2023-12-24T00:43:55.036+0000] {processor.py:826} INFO - Processing file /opt/airflow/dags/consume.py for tasks to queue
[2023-12-24T00:43:55.037+0000] {logging_mixin.py:150} INFO - [2023-12-24T00:43:55.036+0000] {dagbag.py:541} INFO - Filling up the DagBag from /opt/airflow/dags/consume.py
[2023-12-24T00:43:55.048+0000] {processor.py:836} INFO - DAG(s) dict_keys(['consume_dag']) retrieved from /opt/airflow/dags/consume.py
[2023-12-24T00:43:55.067+0000] {logging_mixin.py:150} INFO - [2023-12-24T00:43:55.067+0000] {dag.py:2742} INFO - Sync 1 DAGs
[2023-12-24T00:43:55.085+0000] {logging_mixin.py:150} INFO - [2023-12-24T00:43:55.085+0000] {dag.py:3508} INFO - Setting next_dagrun for consume_dag to 2023-12-24T00:42:00+00:00, run_after=2023-12-24T00:43:00+00:00
[2023-12-24T00:43:55.098+0000] {processor.py:179} INFO - Processing /opt/airflow/dags/consume.py took 0.066 seconds
[2023-12-24T00:44:25.863+0000] {processor.py:157} INFO - Started process (PID=870) to work on /opt/airflow/dags/consume.py
[2023-12-24T00:44:25.863+0000] {processor.py:826} INFO - Processing file /opt/airflow/dags/consume.py for tasks to queue
[2023-12-24T00:44:25.864+0000] {logging_mixin.py:150} INFO - [2023-12-24T00:44:25.864+0000] {dagbag.py:541} INFO - Filling up the DagBag from /opt/airflow/dags/consume.py
[2023-12-24T00:44:25.875+0000] {processor.py:836} INFO - DAG(s) dict_keys(['consume_dag']) retrieved from /opt/airflow/dags/consume.py
[2023-12-24T00:44:25.894+0000] {logging_mixin.py:150} INFO - [2023-12-24T00:44:25.894+0000] {dag.py:2742} INFO - Sync 1 DAGs
[2023-12-24T00:44:25.912+0000] {logging_mixin.py:150} INFO - [2023-12-24T00:44:25.911+0000] {dag.py:3508} INFO - Setting next_dagrun for consume_dag to 2023-12-24T00:43:00+00:00, run_after=2023-12-24T00:44:00+00:00
[2023-12-24T00:44:25.924+0000] {processor.py:179} INFO - Processing /opt/airflow/dags/consume.py took 0.063 seconds
[2023-12-24T00:44:56.673+0000] {processor.py:157} INFO - Started process (PID=986) to work on /opt/airflow/dags/consume.py
[2023-12-24T00:44:56.674+0000] {processor.py:826} INFO - Processing file /opt/airflow/dags/consume.py for tasks to queue
[2023-12-24T00:44:56.675+0000] {logging_mixin.py:150} INFO - [2023-12-24T00:44:56.675+0000] {dagbag.py:541} INFO - Filling up the DagBag from /opt/airflow/dags/consume.py
[2023-12-24T00:44:56.686+0000] {processor.py:836} INFO - DAG(s) dict_keys(['consume_dag']) retrieved from /opt/airflow/dags/consume.py
[2023-12-24T00:44:56.705+0000] {logging_mixin.py:150} INFO - [2023-12-24T00:44:56.705+0000] {dag.py:2742} INFO - Sync 1 DAGs
[2023-12-24T00:44:56.722+0000] {logging_mixin.py:150} INFO - [2023-12-24T00:44:56.722+0000] {dag.py:3508} INFO - Setting next_dagrun for consume_dag to 2023-12-24T00:43:00+00:00, run_after=2023-12-24T00:44:00+00:00
[2023-12-24T00:44:56.736+0000] {processor.py:179} INFO - Processing /opt/airflow/dags/consume.py took 0.065 seconds
[2023-12-24T00:45:27.339+0000] {processor.py:157} INFO - Started process (PID=1093) to work on /opt/airflow/dags/consume.py
[2023-12-24T00:45:27.340+0000] {processor.py:826} INFO - Processing file /opt/airflow/dags/consume.py for tasks to queue
[2023-12-24T00:45:27.340+0000] {logging_mixin.py:150} INFO - [2023-12-24T00:45:27.340+0000] {dagbag.py:541} INFO - Filling up the DagBag from /opt/airflow/dags/consume.py
[2023-12-24T00:45:27.352+0000] {processor.py:836} INFO - DAG(s) dict_keys(['consume_dag']) retrieved from /opt/airflow/dags/consume.py
[2023-12-24T00:45:27.371+0000] {logging_mixin.py:150} INFO - [2023-12-24T00:45:27.371+0000] {dag.py:2742} INFO - Sync 1 DAGs
[2023-12-24T00:45:27.389+0000] {logging_mixin.py:150} INFO - [2023-12-24T00:45:27.389+0000] {dag.py:3508} INFO - Setting next_dagrun for consume_dag to 2023-12-24T00:44:00+00:00, run_after=2023-12-24T00:45:00+00:00
[2023-12-24T00:45:27.402+0000] {processor.py:179} INFO - Processing /opt/airflow/dags/consume.py took 0.065 seconds
[2023-12-24T00:45:58.158+0000] {processor.py:157} INFO - Started process (PID=1209) to work on /opt/airflow/dags/consume.py
[2023-12-24T00:45:58.159+0000] {processor.py:826} INFO - Processing file /opt/airflow/dags/consume.py for tasks to queue
[2023-12-24T00:45:58.160+0000] {logging_mixin.py:150} INFO - [2023-12-24T00:45:58.160+0000] {dagbag.py:541} INFO - Filling up the DagBag from /opt/airflow/dags/consume.py
[2023-12-24T00:45:58.173+0000] {processor.py:836} INFO - DAG(s) dict_keys(['consume_dag']) retrieved from /opt/airflow/dags/consume.py
[2023-12-24T00:45:58.193+0000] {logging_mixin.py:150} INFO - [2023-12-24T00:45:58.192+0000] {dag.py:2742} INFO - Sync 1 DAGs
[2023-12-24T00:45:58.211+0000] {logging_mixin.py:150} INFO - [2023-12-24T00:45:58.211+0000] {dag.py:3508} INFO - Setting next_dagrun for consume_dag to 2023-12-24T00:44:00+00:00, run_after=2023-12-24T00:45:00+00:00
[2023-12-24T00:45:58.224+0000] {processor.py:179} INFO - Processing /opt/airflow/dags/consume.py took 0.068 seconds
[2023-12-24T00:46:28.841+0000] {processor.py:157} INFO - Started process (PID=1325) to work on /opt/airflow/dags/consume.py
[2023-12-24T00:46:28.842+0000] {processor.py:826} INFO - Processing file /opt/airflow/dags/consume.py for tasks to queue
[2023-12-24T00:46:28.842+0000] {logging_mixin.py:150} INFO - [2023-12-24T00:46:28.842+0000] {dagbag.py:541} INFO - Filling up the DagBag from /opt/airflow/dags/consume.py
[2023-12-24T00:46:28.854+0000] {processor.py:836} INFO - DAG(s) dict_keys(['consume_dag']) retrieved from /opt/airflow/dags/consume.py
[2023-12-24T00:46:28.874+0000] {logging_mixin.py:150} INFO - [2023-12-24T00:46:28.874+0000] {dag.py:2742} INFO - Sync 1 DAGs
[2023-12-24T00:46:28.893+0000] {logging_mixin.py:150} INFO - [2023-12-24T00:46:28.893+0000] {dag.py:3508} INFO - Setting next_dagrun for consume_dag to 2023-12-24T00:45:00+00:00, run_after=2023-12-24T00:46:00+00:00
[2023-12-24T00:46:28.906+0000] {processor.py:179} INFO - Processing /opt/airflow/dags/consume.py took 0.067 seconds
[2023-12-24T00:46:59.363+0000] {processor.py:157} INFO - Started process (PID=1454) to work on /opt/airflow/dags/consume.py
[2023-12-24T00:46:59.364+0000] {processor.py:826} INFO - Processing file /opt/airflow/dags/consume.py for tasks to queue
[2023-12-24T00:46:59.364+0000] {logging_mixin.py:150} INFO - [2023-12-24T00:46:59.364+0000] {dagbag.py:541} INFO - Filling up the DagBag from /opt/airflow/dags/consume.py
[2023-12-24T00:46:59.400+0000] {processor.py:836} INFO - DAG(s) dict_keys(['consume_dag']) retrieved from /opt/airflow/dags/consume.py
[2023-12-24T00:46:59.428+0000] {logging_mixin.py:150} INFO - [2023-12-24T00:46:59.428+0000] {dag.py:2742} INFO - Sync 1 DAGs
[2023-12-24T00:46:59.453+0000] {logging_mixin.py:150} INFO - [2023-12-24T00:46:59.452+0000] {dag.py:3508} INFO - Setting next_dagrun for consume_dag to 2023-12-24T00:45:00+00:00, run_after=2023-12-24T00:46:00+00:00
[2023-12-24T00:46:59.471+0000] {processor.py:179} INFO - Processing /opt/airflow/dags/consume.py took 0.111 seconds
[2023-12-24T00:47:30.191+0000] {processor.py:157} INFO - Started process (PID=1570) to work on /opt/airflow/dags/consume.py
[2023-12-24T00:47:30.192+0000] {processor.py:826} INFO - Processing file /opt/airflow/dags/consume.py for tasks to queue
[2023-12-24T00:47:30.193+0000] {logging_mixin.py:150} INFO - [2023-12-24T00:47:30.193+0000] {dagbag.py:541} INFO - Filling up the DagBag from /opt/airflow/dags/consume.py
[2023-12-24T00:47:30.218+0000] {processor.py:836} INFO - DAG(s) dict_keys(['consume_dag']) retrieved from /opt/airflow/dags/consume.py
[2023-12-24T00:47:30.259+0000] {logging_mixin.py:150} INFO - [2023-12-24T00:47:30.259+0000] {dag.py:2742} INFO - Sync 1 DAGs
[2023-12-24T00:47:30.284+0000] {logging_mixin.py:150} INFO - [2023-12-24T00:47:30.284+0000] {dag.py:3508} INFO - Setting next_dagrun for consume_dag to 2023-12-24T00:46:00+00:00, run_after=2023-12-24T00:47:00+00:00
[2023-12-24T00:47:30.308+0000] {processor.py:179} INFO - Processing /opt/airflow/dags/consume.py took 0.119 seconds
[2023-12-24T00:48:00.463+0000] {processor.py:157} INFO - Started process (PID=1685) to work on /opt/airflow/dags/consume.py
[2023-12-24T00:48:00.463+0000] {processor.py:826} INFO - Processing file /opt/airflow/dags/consume.py for tasks to queue
[2023-12-24T00:48:00.464+0000] {logging_mixin.py:150} INFO - [2023-12-24T00:48:00.464+0000] {dagbag.py:541} INFO - Filling up the DagBag from /opt/airflow/dags/consume.py
[2023-12-24T00:48:00.477+0000] {processor.py:836} INFO - DAG(s) dict_keys(['consume_dag']) retrieved from /opt/airflow/dags/consume.py
[2023-12-24T00:48:00.499+0000] {logging_mixin.py:150} INFO - [2023-12-24T00:48:00.498+0000] {dag.py:2742} INFO - Sync 1 DAGs
[2023-12-24T00:48:00.518+0000] {logging_mixin.py:150} INFO - [2023-12-24T00:48:00.518+0000] {dag.py:3508} INFO - Setting next_dagrun for consume_dag to 2023-12-24T00:47:00+00:00, run_after=2023-12-24T00:48:00+00:00
[2023-12-24T00:48:00.533+0000] {processor.py:179} INFO - Processing /opt/airflow/dags/consume.py took 0.073 seconds
[2023-12-24T00:48:30.896+0000] {processor.py:157} INFO - Started process (PID=1792) to work on /opt/airflow/dags/consume.py
[2023-12-24T00:48:30.897+0000] {processor.py:826} INFO - Processing file /opt/airflow/dags/consume.py for tasks to queue
[2023-12-24T00:48:30.898+0000] {logging_mixin.py:150} INFO - [2023-12-24T00:48:30.898+0000] {dagbag.py:541} INFO - Filling up the DagBag from /opt/airflow/dags/consume.py
[2023-12-24T00:48:30.909+0000] {processor.py:836} INFO - DAG(s) dict_keys(['consume_dag']) retrieved from /opt/airflow/dags/consume.py
[2023-12-24T00:48:30.930+0000] {logging_mixin.py:150} INFO - [2023-12-24T00:48:30.930+0000] {dag.py:2742} INFO - Sync 1 DAGs
[2023-12-24T00:48:30.948+0000] {logging_mixin.py:150} INFO - [2023-12-24T00:48:30.948+0000] {dag.py:3508} INFO - Setting next_dagrun for consume_dag to 2023-12-24T00:47:00+00:00, run_after=2023-12-24T00:48:00+00:00
[2023-12-24T00:48:30.964+0000] {processor.py:179} INFO - Processing /opt/airflow/dags/consume.py took 0.071 seconds
[2023-12-24T00:49:01.441+0000] {processor.py:157} INFO - Started process (PID=1907) to work on /opt/airflow/dags/consume.py
[2023-12-24T00:49:01.443+0000] {processor.py:826} INFO - Processing file /opt/airflow/dags/consume.py for tasks to queue
[2023-12-24T00:49:01.443+0000] {logging_mixin.py:150} INFO - [2023-12-24T00:49:01.443+0000] {dagbag.py:541} INFO - Filling up the DagBag from /opt/airflow/dags/consume.py
[2023-12-24T00:49:01.455+0000] {processor.py:836} INFO - DAG(s) dict_keys(['consume_dag']) retrieved from /opt/airflow/dags/consume.py
[2023-12-24T00:49:01.477+0000] {logging_mixin.py:150} INFO - [2023-12-24T00:49:01.477+0000] {dag.py:2742} INFO - Sync 1 DAGs
[2023-12-24T00:49:01.496+0000] {logging_mixin.py:150} INFO - [2023-12-24T00:49:01.496+0000] {dag.py:3508} INFO - Setting next_dagrun for consume_dag to 2023-12-24T00:48:00+00:00, run_after=2023-12-24T00:49:00+00:00
[2023-12-24T00:49:01.512+0000] {processor.py:179} INFO - Processing /opt/airflow/dags/consume.py took 0.074 seconds
[2023-12-24T00:49:31.769+0000] {processor.py:157} INFO - Started process (PID=2023) to work on /opt/airflow/dags/consume.py
[2023-12-24T00:49:31.770+0000] {processor.py:826} INFO - Processing file /opt/airflow/dags/consume.py for tasks to queue
[2023-12-24T00:49:31.771+0000] {logging_mixin.py:150} INFO - [2023-12-24T00:49:31.771+0000] {dagbag.py:541} INFO - Filling up the DagBag from /opt/airflow/dags/consume.py
[2023-12-24T00:49:31.788+0000] {processor.py:836} INFO - DAG(s) dict_keys(['consume_dag']) retrieved from /opt/airflow/dags/consume.py
[2023-12-24T00:49:31.812+0000] {logging_mixin.py:150} INFO - [2023-12-24T00:49:31.812+0000] {dag.py:2742} INFO - Sync 1 DAGs
[2023-12-24T00:49:31.832+0000] {logging_mixin.py:150} INFO - [2023-12-24T00:49:31.832+0000] {dag.py:3508} INFO - Setting next_dagrun for consume_dag to 2023-12-24T00:48:00+00:00, run_after=2023-12-24T00:49:00+00:00
[2023-12-24T00:49:31.850+0000] {processor.py:179} INFO - Processing /opt/airflow/dags/consume.py took 0.084 seconds
[2023-12-24T00:50:02.260+0000] {processor.py:157} INFO - Started process (PID=2130) to work on /opt/airflow/dags/consume.py
[2023-12-24T00:50:02.262+0000] {processor.py:826} INFO - Processing file /opt/airflow/dags/consume.py for tasks to queue
[2023-12-24T00:50:02.262+0000] {logging_mixin.py:150} INFO - [2023-12-24T00:50:02.262+0000] {dagbag.py:541} INFO - Filling up the DagBag from /opt/airflow/dags/consume.py
[2023-12-24T00:50:02.276+0000] {processor.py:836} INFO - DAG(s) dict_keys(['consume_dag']) retrieved from /opt/airflow/dags/consume.py
[2023-12-24T00:50:02.298+0000] {logging_mixin.py:150} INFO - [2023-12-24T00:50:02.298+0000] {dag.py:2742} INFO - Sync 1 DAGs
[2023-12-24T00:50:02.316+0000] {logging_mixin.py:150} INFO - [2023-12-24T00:50:02.316+0000] {dag.py:3508} INFO - Setting next_dagrun for consume_dag to 2023-12-24T00:49:00+00:00, run_after=2023-12-24T00:50:00+00:00
[2023-12-24T00:50:02.336+0000] {processor.py:179} INFO - Processing /opt/airflow/dags/consume.py took 0.079 seconds
[2023-12-24T00:50:32.808+0000] {processor.py:157} INFO - Started process (PID=2246) to work on /opt/airflow/dags/consume.py
[2023-12-24T00:50:32.809+0000] {processor.py:826} INFO - Processing file /opt/airflow/dags/consume.py for tasks to queue
[2023-12-24T00:50:32.810+0000] {logging_mixin.py:150} INFO - [2023-12-24T00:50:32.809+0000] {dagbag.py:541} INFO - Filling up the DagBag from /opt/airflow/dags/consume.py
[2023-12-24T00:50:32.821+0000] {processor.py:836} INFO - DAG(s) dict_keys(['consume_dag']) retrieved from /opt/airflow/dags/consume.py
[2023-12-24T00:50:32.843+0000] {logging_mixin.py:150} INFO - [2023-12-24T00:50:32.843+0000] {dag.py:2742} INFO - Sync 1 DAGs
[2023-12-24T00:50:32.862+0000] {logging_mixin.py:150} INFO - [2023-12-24T00:50:32.862+0000] {dag.py:3508} INFO - Setting next_dagrun for consume_dag to 2023-12-24T00:49:00+00:00, run_after=2023-12-24T00:50:00+00:00
[2023-12-24T00:50:32.878+0000] {processor.py:179} INFO - Processing /opt/airflow/dags/consume.py took 0.073 seconds
[2023-12-24T00:51:03.353+0000] {processor.py:157} INFO - Started process (PID=2364) to work on /opt/airflow/dags/consume.py
[2023-12-24T00:51:03.353+0000] {processor.py:826} INFO - Processing file /opt/airflow/dags/consume.py for tasks to queue
[2023-12-24T00:51:03.354+0000] {logging_mixin.py:150} INFO - [2023-12-24T00:51:03.354+0000] {dagbag.py:541} INFO - Filling up the DagBag from /opt/airflow/dags/consume.py
[2023-12-24T00:51:03.365+0000] {processor.py:836} INFO - DAG(s) dict_keys(['consume_dag']) retrieved from /opt/airflow/dags/consume.py
[2023-12-24T00:51:03.388+0000] {logging_mixin.py:150} INFO - [2023-12-24T00:51:03.388+0000] {dag.py:2742} INFO - Sync 1 DAGs
[2023-12-24T00:51:03.408+0000] {logging_mixin.py:150} INFO - [2023-12-24T00:51:03.408+0000] {dag.py:3508} INFO - Setting next_dagrun for consume_dag to 2023-12-24T00:50:00+00:00, run_after=2023-12-24T00:51:00+00:00
[2023-12-24T00:51:03.425+0000] {processor.py:179} INFO - Processing /opt/airflow/dags/consume.py took 0.075 seconds
[2023-12-24T00:51:33.822+0000] {processor.py:157} INFO - Started process (PID=2471) to work on /opt/airflow/dags/consume.py
[2023-12-24T00:51:33.823+0000] {processor.py:826} INFO - Processing file /opt/airflow/dags/consume.py for tasks to queue
[2023-12-24T00:51:33.823+0000] {logging_mixin.py:150} INFO - [2023-12-24T00:51:33.823+0000] {dagbag.py:541} INFO - Filling up the DagBag from /opt/airflow/dags/consume.py
[2023-12-24T00:51:33.834+0000] {processor.py:836} INFO - DAG(s) dict_keys(['consume_dag']) retrieved from /opt/airflow/dags/consume.py
[2023-12-24T00:51:33.855+0000] {logging_mixin.py:150} INFO - [2023-12-24T00:51:33.855+0000] {dag.py:2742} INFO - Sync 1 DAGs
[2023-12-24T00:51:33.874+0000] {logging_mixin.py:150} INFO - [2023-12-24T00:51:33.874+0000] {dag.py:3508} INFO - Setting next_dagrun for consume_dag to 2023-12-24T00:50:00+00:00, run_after=2023-12-24T00:51:00+00:00
[2023-12-24T00:51:33.887+0000] {processor.py:179} INFO - Processing /opt/airflow/dags/consume.py took 0.068 seconds
[2023-12-24T00:52:04.191+0000] {processor.py:157} INFO - Started process (PID=2566) to work on /opt/airflow/dags/consume.py
[2023-12-24T00:52:04.192+0000] {processor.py:826} INFO - Processing file /opt/airflow/dags/consume.py for tasks to queue
[2023-12-24T00:52:04.192+0000] {logging_mixin.py:150} INFO - [2023-12-24T00:52:04.192+0000] {dagbag.py:541} INFO - Filling up the DagBag from /opt/airflow/dags/consume.py
[2023-12-24T00:52:04.207+0000] {processor.py:836} INFO - DAG(s) dict_keys(['consume_dag']) retrieved from /opt/airflow/dags/consume.py
[2023-12-24T00:52:04.242+0000] {logging_mixin.py:150} INFO - [2023-12-24T00:52:04.242+0000] {dag.py:2742} INFO - Sync 1 DAGs
[2023-12-24T00:52:04.271+0000] {logging_mixin.py:150} INFO - [2023-12-24T00:52:04.271+0000] {dag.py:3508} INFO - Setting next_dagrun for consume_dag to 2023-12-24T00:51:00+00:00, run_after=2023-12-24T00:52:00+00:00
[2023-12-24T00:52:04.296+0000] {processor.py:179} INFO - Processing /opt/airflow/dags/consume.py took 0.109 seconds
[2023-12-24T00:52:34.338+0000] {processor.py:157} INFO - Started process (PID=2673) to work on /opt/airflow/dags/consume.py
[2023-12-24T00:52:34.340+0000] {processor.py:826} INFO - Processing file /opt/airflow/dags/consume.py for tasks to queue
[2023-12-24T00:52:34.340+0000] {logging_mixin.py:150} INFO - [2023-12-24T00:52:34.340+0000] {dagbag.py:541} INFO - Filling up the DagBag from /opt/airflow/dags/consume.py
[2023-12-24T00:52:34.356+0000] {processor.py:836} INFO - DAG(s) dict_keys(['consume_dag']) retrieved from /opt/airflow/dags/consume.py
[2023-12-24T00:52:34.376+0000] {logging_mixin.py:150} INFO - [2023-12-24T00:52:34.376+0000] {dag.py:2742} INFO - Sync 1 DAGs
[2023-12-24T00:52:34.393+0000] {logging_mixin.py:150} INFO - [2023-12-24T00:52:34.393+0000] {dag.py:3508} INFO - Setting next_dagrun for consume_dag to 2023-12-24T00:51:00+00:00, run_after=2023-12-24T00:52:00+00:00
[2023-12-24T00:52:34.406+0000] {processor.py:179} INFO - Processing /opt/airflow/dags/consume.py took 0.072 seconds
[2023-12-24T00:53:04.622+0000] {processor.py:157} INFO - Started process (PID=2789) to work on /opt/airflow/dags/consume.py
[2023-12-24T00:53:04.623+0000] {processor.py:826} INFO - Processing file /opt/airflow/dags/consume.py for tasks to queue
[2023-12-24T00:53:04.624+0000] {logging_mixin.py:150} INFO - [2023-12-24T00:53:04.624+0000] {dagbag.py:541} INFO - Filling up the DagBag from /opt/airflow/dags/consume.py
[2023-12-24T00:53:04.641+0000] {processor.py:836} INFO - DAG(s) dict_keys(['consume_dag']) retrieved from /opt/airflow/dags/consume.py
[2023-12-24T00:53:04.665+0000] {logging_mixin.py:150} INFO - [2023-12-24T00:53:04.665+0000] {dag.py:2742} INFO - Sync 1 DAGs
[2023-12-24T00:53:04.683+0000] {logging_mixin.py:150} INFO - [2023-12-24T00:53:04.683+0000] {dag.py:3508} INFO - Setting next_dagrun for consume_dag to 2023-12-24T00:52:00+00:00, run_after=2023-12-24T00:53:00+00:00
[2023-12-24T00:53:04.704+0000] {processor.py:179} INFO - Processing /opt/airflow/dags/consume.py took 0.085 seconds
[2023-12-24T00:53:35.116+0000] {processor.py:157} INFO - Started process (PID=2905) to work on /opt/airflow/dags/consume.py
[2023-12-24T00:53:35.117+0000] {processor.py:826} INFO - Processing file /opt/airflow/dags/consume.py for tasks to queue
[2023-12-24T00:53:35.117+0000] {logging_mixin.py:150} INFO - [2023-12-24T00:53:35.117+0000] {dagbag.py:541} INFO - Filling up the DagBag from /opt/airflow/dags/consume.py
[2023-12-24T00:53:35.129+0000] {processor.py:836} INFO - DAG(s) dict_keys(['consume_dag']) retrieved from /opt/airflow/dags/consume.py
[2023-12-24T00:53:35.152+0000] {logging_mixin.py:150} INFO - [2023-12-24T00:53:35.151+0000] {dag.py:2742} INFO - Sync 1 DAGs
[2023-12-24T00:53:35.170+0000] {logging_mixin.py:150} INFO - [2023-12-24T00:53:35.169+0000] {dag.py:3508} INFO - Setting next_dagrun for consume_dag to 2023-12-24T00:52:00+00:00, run_after=2023-12-24T00:53:00+00:00
[2023-12-24T00:53:35.194+0000] {processor.py:179} INFO - Processing /opt/airflow/dags/consume.py took 0.082 seconds
[2023-12-24T00:54:05.512+0000] {processor.py:157} INFO - Started process (PID=3012) to work on /opt/airflow/dags/consume.py
[2023-12-24T00:54:05.515+0000] {processor.py:826} INFO - Processing file /opt/airflow/dags/consume.py for tasks to queue
[2023-12-24T00:54:05.515+0000] {logging_mixin.py:150} INFO - [2023-12-24T00:54:05.515+0000] {dagbag.py:541} INFO - Filling up the DagBag from /opt/airflow/dags/consume.py
[2023-12-24T00:54:05.526+0000] {processor.py:836} INFO - DAG(s) dict_keys(['consume_dag']) retrieved from /opt/airflow/dags/consume.py
[2023-12-24T00:54:05.547+0000] {logging_mixin.py:150} INFO - [2023-12-24T00:54:05.546+0000] {dag.py:2742} INFO - Sync 1 DAGs
[2023-12-24T00:54:05.565+0000] {logging_mixin.py:150} INFO - [2023-12-24T00:54:05.565+0000] {dag.py:3508} INFO - Setting next_dagrun for consume_dag to 2023-12-24T00:53:00+00:00, run_after=2023-12-24T00:54:00+00:00
[2023-12-24T00:54:05.581+0000] {processor.py:179} INFO - Processing /opt/airflow/dags/consume.py took 0.072 seconds
[2023-12-24T00:54:36.159+0000] {processor.py:157} INFO - Started process (PID=3131) to work on /opt/airflow/dags/consume.py
[2023-12-24T00:54:36.161+0000] {processor.py:826} INFO - Processing file /opt/airflow/dags/consume.py for tasks to queue
[2023-12-24T00:54:36.162+0000] {logging_mixin.py:150} INFO - [2023-12-24T00:54:36.162+0000] {dagbag.py:541} INFO - Filling up the DagBag from /opt/airflow/dags/consume.py
[2023-12-24T00:54:36.173+0000] {processor.py:836} INFO - DAG(s) dict_keys(['consume_dag']) retrieved from /opt/airflow/dags/consume.py
[2023-12-24T00:54:36.197+0000] {logging_mixin.py:150} INFO - [2023-12-24T00:54:36.197+0000] {dag.py:2742} INFO - Sync 1 DAGs
[2023-12-24T00:54:36.218+0000] {logging_mixin.py:150} INFO - [2023-12-24T00:54:36.218+0000] {dag.py:3508} INFO - Setting next_dagrun for consume_dag to 2023-12-24T00:53:00+00:00, run_after=2023-12-24T00:54:00+00:00
[2023-12-24T00:54:36.234+0000] {processor.py:179} INFO - Processing /opt/airflow/dags/consume.py took 0.077 seconds
[2023-12-24T00:55:06.637+0000] {processor.py:157} INFO - Started process (PID=3268) to work on /opt/airflow/dags/consume.py
[2023-12-24T00:55:06.638+0000] {processor.py:826} INFO - Processing file /opt/airflow/dags/consume.py for tasks to queue
[2023-12-24T00:55:06.638+0000] {logging_mixin.py:150} INFO - [2023-12-24T00:55:06.638+0000] {dagbag.py:541} INFO - Filling up the DagBag from /opt/airflow/dags/consume.py
[2023-12-24T00:55:06.650+0000] {processor.py:836} INFO - DAG(s) dict_keys(['consume_dag']) retrieved from /opt/airflow/dags/consume.py
[2023-12-24T00:55:06.675+0000] {logging_mixin.py:150} INFO - [2023-12-24T00:55:06.675+0000] {dag.py:2742} INFO - Sync 1 DAGs
[2023-12-24T00:55:06.696+0000] {logging_mixin.py:150} INFO - [2023-12-24T00:55:06.696+0000] {dag.py:3508} INFO - Setting next_dagrun for consume_dag to 2023-12-24T00:54:00+00:00, run_after=2023-12-24T00:55:00+00:00
[2023-12-24T00:55:06.713+0000] {processor.py:179} INFO - Processing /opt/airflow/dags/consume.py took 0.078 seconds
[2023-12-24T00:55:36.776+0000] {processor.py:157} INFO - Started process (PID=3375) to work on /opt/airflow/dags/consume.py
[2023-12-24T00:55:36.777+0000] {processor.py:826} INFO - Processing file /opt/airflow/dags/consume.py for tasks to queue
[2023-12-24T00:55:36.778+0000] {logging_mixin.py:150} INFO - [2023-12-24T00:55:36.777+0000] {dagbag.py:541} INFO - Filling up the DagBag from /opt/airflow/dags/consume.py
[2023-12-24T00:55:36.792+0000] {processor.py:836} INFO - DAG(s) dict_keys(['consume_dag']) retrieved from /opt/airflow/dags/consume.py
[2023-12-24T00:55:36.813+0000] {logging_mixin.py:150} INFO - [2023-12-24T00:55:36.812+0000] {dag.py:2742} INFO - Sync 1 DAGs
[2023-12-24T00:55:36.832+0000] {logging_mixin.py:150} INFO - [2023-12-24T00:55:36.832+0000] {dag.py:3508} INFO - Setting next_dagrun for consume_dag to 2023-12-24T00:54:00+00:00, run_after=2023-12-24T00:55:00+00:00
[2023-12-24T00:55:36.847+0000] {processor.py:179} INFO - Processing /opt/airflow/dags/consume.py took 0.074 seconds
[2023-12-24T00:56:07.227+0000] {processor.py:157} INFO - Started process (PID=3491) to work on /opt/airflow/dags/consume.py
[2023-12-24T00:56:07.230+0000] {processor.py:826} INFO - Processing file /opt/airflow/dags/consume.py for tasks to queue
[2023-12-24T00:56:07.230+0000] {logging_mixin.py:150} INFO - [2023-12-24T00:56:07.230+0000] {dagbag.py:541} INFO - Filling up the DagBag from /opt/airflow/dags/consume.py
[2023-12-24T00:56:07.241+0000] {processor.py:836} INFO - DAG(s) dict_keys(['consume_dag']) retrieved from /opt/airflow/dags/consume.py
[2023-12-24T00:56:07.262+0000] {logging_mixin.py:150} INFO - [2023-12-24T00:56:07.261+0000] {dag.py:2742} INFO - Sync 1 DAGs
[2023-12-24T00:56:07.281+0000] {logging_mixin.py:150} INFO - [2023-12-24T00:56:07.281+0000] {dag.py:3508} INFO - Setting next_dagrun for consume_dag to 2023-12-24T00:55:00+00:00, run_after=2023-12-24T00:56:00+00:00
[2023-12-24T00:56:07.295+0000] {processor.py:179} INFO - Processing /opt/airflow/dags/consume.py took 0.071 seconds
[2023-12-24T00:56:37.781+0000] {processor.py:157} INFO - Started process (PID=3605) to work on /opt/airflow/dags/consume.py
[2023-12-24T00:56:37.783+0000] {processor.py:826} INFO - Processing file /opt/airflow/dags/consume.py for tasks to queue
[2023-12-24T00:56:37.784+0000] {logging_mixin.py:150} INFO - [2023-12-24T00:56:37.784+0000] {dagbag.py:541} INFO - Filling up the DagBag from /opt/airflow/dags/consume.py
[2023-12-24T00:56:37.796+0000] {processor.py:836} INFO - DAG(s) dict_keys(['consume_dag']) retrieved from /opt/airflow/dags/consume.py
[2023-12-24T00:56:37.817+0000] {logging_mixin.py:150} INFO - [2023-12-24T00:56:37.817+0000] {dag.py:2742} INFO - Sync 1 DAGs
[2023-12-24T00:56:37.837+0000] {logging_mixin.py:150} INFO - [2023-12-24T00:56:37.837+0000] {dag.py:3508} INFO - Setting next_dagrun for consume_dag to 2023-12-24T00:55:00+00:00, run_after=2023-12-24T00:56:00+00:00
[2023-12-24T00:56:37.851+0000] {processor.py:179} INFO - Processing /opt/airflow/dags/consume.py took 0.073 seconds
[2023-12-24T00:57:08.324+0000] {processor.py:157} INFO - Started process (PID=3715) to work on /opt/airflow/dags/consume.py
[2023-12-24T00:57:08.326+0000] {processor.py:826} INFO - Processing file /opt/airflow/dags/consume.py for tasks to queue
[2023-12-24T00:57:08.327+0000] {logging_mixin.py:150} INFO - [2023-12-24T00:57:08.327+0000] {dagbag.py:541} INFO - Filling up the DagBag from /opt/airflow/dags/consume.py
[2023-12-24T00:57:08.342+0000] {processor.py:836} INFO - DAG(s) dict_keys(['consume_dag']) retrieved from /opt/airflow/dags/consume.py
[2023-12-24T00:57:08.363+0000] {logging_mixin.py:150} INFO - [2023-12-24T00:57:08.363+0000] {dag.py:2742} INFO - Sync 1 DAGs
[2023-12-24T00:57:08.381+0000] {logging_mixin.py:150} INFO - [2023-12-24T00:57:08.381+0000] {dag.py:3508} INFO - Setting next_dagrun for consume_dag to 2023-12-24T00:56:00+00:00, run_after=2023-12-24T00:57:00+00:00
[2023-12-24T00:57:08.398+0000] {processor.py:179} INFO - Processing /opt/airflow/dags/consume.py took 0.078 seconds
[2023-12-24T00:57:38.920+0000] {processor.py:157} INFO - Started process (PID=3832) to work on /opt/airflow/dags/consume.py
[2023-12-24T00:57:38.921+0000] {processor.py:826} INFO - Processing file /opt/airflow/dags/consume.py for tasks to queue
[2023-12-24T00:57:38.922+0000] {logging_mixin.py:150} INFO - [2023-12-24T00:57:38.922+0000] {dagbag.py:541} INFO - Filling up the DagBag from /opt/airflow/dags/consume.py
[2023-12-24T00:57:38.935+0000] {processor.py:836} INFO - DAG(s) dict_keys(['consume_dag']) retrieved from /opt/airflow/dags/consume.py
[2023-12-24T00:57:38.955+0000] {logging_mixin.py:150} INFO - [2023-12-24T00:57:38.955+0000] {dag.py:2742} INFO - Sync 1 DAGs
[2023-12-24T00:57:38.975+0000] {logging_mixin.py:150} INFO - [2023-12-24T00:57:38.974+0000] {dag.py:3508} INFO - Setting next_dagrun for consume_dag to 2023-12-24T00:56:00+00:00, run_after=2023-12-24T00:57:00+00:00
[2023-12-24T00:57:38.989+0000] {processor.py:179} INFO - Processing /opt/airflow/dags/consume.py took 0.072 seconds
[2023-12-24T00:58:09.342+0000] {processor.py:157} INFO - Started process (PID=3919) to work on /opt/airflow/dags/consume.py
[2023-12-24T00:58:09.344+0000] {processor.py:826} INFO - Processing file /opt/airflow/dags/consume.py for tasks to queue
[2023-12-24T00:58:09.344+0000] {logging_mixin.py:150} INFO - [2023-12-24T00:58:09.344+0000] {dagbag.py:541} INFO - Filling up the DagBag from /opt/airflow/dags/consume.py
[2023-12-24T00:58:09.355+0000] {processor.py:836} INFO - DAG(s) dict_keys(['consume_dag']) retrieved from /opt/airflow/dags/consume.py
[2023-12-24T00:58:09.379+0000] {logging_mixin.py:150} INFO - [2023-12-24T00:58:09.379+0000] {dag.py:2742} INFO - Sync 1 DAGs
[2023-12-24T00:58:09.397+0000] {logging_mixin.py:150} INFO - [2023-12-24T00:58:09.397+0000] {dag.py:3508} INFO - Setting next_dagrun for consume_dag to 2023-12-24T00:57:00+00:00, run_after=2023-12-24T00:58:00+00:00
[2023-12-24T00:58:09.412+0000] {processor.py:179} INFO - Processing /opt/airflow/dags/consume.py took 0.072 seconds
[2023-12-24T00:58:39.756+0000] {processor.py:157} INFO - Started process (PID=4035) to work on /opt/airflow/dags/consume.py
[2023-12-24T00:58:39.760+0000] {processor.py:826} INFO - Processing file /opt/airflow/dags/consume.py for tasks to queue
[2023-12-24T00:58:39.760+0000] {logging_mixin.py:150} INFO - [2023-12-24T00:58:39.760+0000] {dagbag.py:541} INFO - Filling up the DagBag from /opt/airflow/dags/consume.py
[2023-12-24T00:58:39.780+0000] {processor.py:836} INFO - DAG(s) dict_keys(['consume_dag']) retrieved from /opt/airflow/dags/consume.py
[2023-12-24T00:58:39.801+0000] {logging_mixin.py:150} INFO - [2023-12-24T00:58:39.801+0000] {dag.py:2742} INFO - Sync 1 DAGs
[2023-12-24T00:58:39.821+0000] {logging_mixin.py:150} INFO - [2023-12-24T00:58:39.820+0000] {dag.py:3508} INFO - Setting next_dagrun for consume_dag to 2023-12-24T00:57:00+00:00, run_after=2023-12-24T00:58:00+00:00
[2023-12-24T00:58:39.834+0000] {processor.py:179} INFO - Processing /opt/airflow/dags/consume.py took 0.081 seconds
[2023-12-24T00:59:10.168+0000] {processor.py:157} INFO - Started process (PID=4151) to work on /opt/airflow/dags/consume.py
[2023-12-24T00:59:10.170+0000] {processor.py:826} INFO - Processing file /opt/airflow/dags/consume.py for tasks to queue
[2023-12-24T00:59:10.171+0000] {logging_mixin.py:150} INFO - [2023-12-24T00:59:10.171+0000] {dagbag.py:541} INFO - Filling up the DagBag from /opt/airflow/dags/consume.py
[2023-12-24T00:59:10.182+0000] {processor.py:836} INFO - DAG(s) dict_keys(['consume_dag']) retrieved from /opt/airflow/dags/consume.py
[2023-12-24T00:59:10.208+0000] {logging_mixin.py:150} INFO - [2023-12-24T00:59:10.208+0000] {dag.py:2742} INFO - Sync 1 DAGs
[2023-12-24T00:59:10.226+0000] {logging_mixin.py:150} INFO - [2023-12-24T00:59:10.226+0000] {dag.py:3508} INFO - Setting next_dagrun for consume_dag to 2023-12-24T00:58:00+00:00, run_after=2023-12-24T00:59:00+00:00
[2023-12-24T00:59:10.241+0000] {processor.py:179} INFO - Processing /opt/airflow/dags/consume.py took 0.076 seconds
[2023-12-24T00:59:40.315+0000] {processor.py:157} INFO - Started process (PID=4257) to work on /opt/airflow/dags/consume.py
[2023-12-24T00:59:40.321+0000] {processor.py:826} INFO - Processing file /opt/airflow/dags/consume.py for tasks to queue
[2023-12-24T00:59:40.322+0000] {logging_mixin.py:150} INFO - [2023-12-24T00:59:40.322+0000] {dagbag.py:541} INFO - Filling up the DagBag from /opt/airflow/dags/consume.py
[2023-12-24T00:59:40.338+0000] {processor.py:836} INFO - DAG(s) dict_keys(['consume_dag']) retrieved from /opt/airflow/dags/consume.py
[2023-12-24T00:59:40.360+0000] {logging_mixin.py:150} INFO - [2023-12-24T00:59:40.360+0000] {dag.py:2742} INFO - Sync 1 DAGs
[2023-12-24T00:59:40.381+0000] {logging_mixin.py:150} INFO - [2023-12-24T00:59:40.381+0000] {dag.py:3508} INFO - Setting next_dagrun for consume_dag to 2023-12-24T00:58:00+00:00, run_after=2023-12-24T00:59:00+00:00
[2023-12-24T00:59:40.396+0000] {processor.py:179} INFO - Processing /opt/airflow/dags/consume.py took 0.085 seconds
[2023-12-24T01:00:10.802+0000] {processor.py:157} INFO - Started process (PID=4354) to work on /opt/airflow/dags/consume.py
[2023-12-24T01:00:10.803+0000] {processor.py:826} INFO - Processing file /opt/airflow/dags/consume.py for tasks to queue
[2023-12-24T01:00:10.804+0000] {logging_mixin.py:150} INFO - [2023-12-24T01:00:10.804+0000] {dagbag.py:541} INFO - Filling up the DagBag from /opt/airflow/dags/consume.py
[2023-12-24T01:00:10.819+0000] {processor.py:836} INFO - DAG(s) dict_keys(['consume_dag']) retrieved from /opt/airflow/dags/consume.py
[2023-12-24T01:00:10.843+0000] {logging_mixin.py:150} INFO - [2023-12-24T01:00:10.843+0000] {dag.py:2742} INFO - Sync 1 DAGs
[2023-12-24T01:00:10.861+0000] {logging_mixin.py:150} INFO - [2023-12-24T01:00:10.861+0000] {dag.py:3508} INFO - Setting next_dagrun for consume_dag to 2023-12-24T00:59:00+00:00, run_after=2023-12-24T01:00:00+00:00
[2023-12-24T01:00:10.878+0000] {processor.py:179} INFO - Processing /opt/airflow/dags/consume.py took 0.080 seconds
[2023-12-24T01:00:40.960+0000] {processor.py:157} INFO - Started process (PID=4470) to work on /opt/airflow/dags/consume.py
[2023-12-24T01:00:40.963+0000] {processor.py:826} INFO - Processing file /opt/airflow/dags/consume.py for tasks to queue
[2023-12-24T01:00:40.963+0000] {logging_mixin.py:150} INFO - [2023-12-24T01:00:40.963+0000] {dagbag.py:541} INFO - Filling up the DagBag from /opt/airflow/dags/consume.py
[2023-12-24T01:00:40.975+0000] {processor.py:836} INFO - DAG(s) dict_keys(['consume_dag']) retrieved from /opt/airflow/dags/consume.py
[2023-12-24T01:00:40.997+0000] {logging_mixin.py:150} INFO - [2023-12-24T01:00:40.997+0000] {dag.py:2742} INFO - Sync 1 DAGs
[2023-12-24T01:00:41.017+0000] {logging_mixin.py:150} INFO - [2023-12-24T01:00:41.017+0000] {dag.py:3508} INFO - Setting next_dagrun for consume_dag to 2023-12-24T00:59:00+00:00, run_after=2023-12-24T01:00:00+00:00
[2023-12-24T01:00:41.035+0000] {processor.py:179} INFO - Processing /opt/airflow/dags/consume.py took 0.077 seconds
[2023-12-24T01:01:11.337+0000] {processor.py:157} INFO - Started process (PID=4577) to work on /opt/airflow/dags/consume.py
[2023-12-24T01:01:11.339+0000] {processor.py:826} INFO - Processing file /opt/airflow/dags/consume.py for tasks to queue
[2023-12-24T01:01:11.339+0000] {logging_mixin.py:150} INFO - [2023-12-24T01:01:11.339+0000] {dagbag.py:541} INFO - Filling up the DagBag from /opt/airflow/dags/consume.py
[2023-12-24T01:01:11.351+0000] {processor.py:836} INFO - DAG(s) dict_keys(['consume_dag']) retrieved from /opt/airflow/dags/consume.py
[2023-12-24T01:01:11.370+0000] {logging_mixin.py:150} INFO - [2023-12-24T01:01:11.370+0000] {dag.py:2742} INFO - Sync 1 DAGs
[2023-12-24T01:01:11.388+0000] {logging_mixin.py:150} INFO - [2023-12-24T01:01:11.388+0000] {dag.py:3508} INFO - Setting next_dagrun for consume_dag to 2023-12-24T01:00:00+00:00, run_after=2023-12-24T01:01:00+00:00
[2023-12-24T01:01:11.401+0000] {processor.py:179} INFO - Processing /opt/airflow/dags/consume.py took 0.067 seconds
[2023-12-24T01:01:41.827+0000] {processor.py:157} INFO - Started process (PID=4672) to work on /opt/airflow/dags/consume.py
[2023-12-24T01:01:41.829+0000] {processor.py:826} INFO - Processing file /opt/airflow/dags/consume.py for tasks to queue
[2023-12-24T01:01:41.830+0000] {logging_mixin.py:150} INFO - [2023-12-24T01:01:41.830+0000] {dagbag.py:541} INFO - Filling up the DagBag from /opt/airflow/dags/consume.py
[2023-12-24T01:01:41.846+0000] {processor.py:836} INFO - DAG(s) dict_keys(['consume_dag']) retrieved from /opt/airflow/dags/consume.py
[2023-12-24T01:01:41.871+0000] {logging_mixin.py:150} INFO - [2023-12-24T01:01:41.871+0000] {dag.py:2742} INFO - Sync 1 DAGs
[2023-12-24T01:01:41.889+0000] {logging_mixin.py:150} INFO - [2023-12-24T01:01:41.889+0000] {dag.py:3508} INFO - Setting next_dagrun for consume_dag to 2023-12-24T01:00:00+00:00, run_after=2023-12-24T01:01:00+00:00
[2023-12-24T01:01:41.904+0000] {processor.py:179} INFO - Processing /opt/airflow/dags/consume.py took 0.081 seconds
[2023-12-24T01:02:12.390+0000] {processor.py:157} INFO - Started process (PID=4780) to work on /opt/airflow/dags/consume.py
[2023-12-24T01:02:12.395+0000] {processor.py:826} INFO - Processing file /opt/airflow/dags/consume.py for tasks to queue
[2023-12-24T01:02:12.395+0000] {logging_mixin.py:150} INFO - [2023-12-24T01:02:12.395+0000] {dagbag.py:541} INFO - Filling up the DagBag from /opt/airflow/dags/consume.py
[2023-12-24T01:02:12.410+0000] {processor.py:836} INFO - DAG(s) dict_keys(['consume_dag']) retrieved from /opt/airflow/dags/consume.py
[2023-12-24T01:02:12.432+0000] {logging_mixin.py:150} INFO - [2023-12-24T01:02:12.432+0000] {dag.py:2742} INFO - Sync 1 DAGs
[2023-12-24T01:02:12.450+0000] {logging_mixin.py:150} INFO - [2023-12-24T01:02:12.450+0000] {dag.py:3508} INFO - Setting next_dagrun for consume_dag to 2023-12-24T01:01:00+00:00, run_after=2023-12-24T01:02:00+00:00
[2023-12-24T01:02:12.472+0000] {processor.py:179} INFO - Processing /opt/airflow/dags/consume.py took 0.084 seconds
[2023-12-24T01:02:42.817+0000] {processor.py:157} INFO - Started process (PID=4897) to work on /opt/airflow/dags/consume.py
[2023-12-24T01:02:42.819+0000] {processor.py:826} INFO - Processing file /opt/airflow/dags/consume.py for tasks to queue
[2023-12-24T01:02:42.819+0000] {logging_mixin.py:150} INFO - [2023-12-24T01:02:42.819+0000] {dagbag.py:541} INFO - Filling up the DagBag from /opt/airflow/dags/consume.py
[2023-12-24T01:02:42.830+0000] {processor.py:836} INFO - DAG(s) dict_keys(['consume_dag']) retrieved from /opt/airflow/dags/consume.py
[2023-12-24T01:02:42.854+0000] {logging_mixin.py:150} INFO - [2023-12-24T01:02:42.854+0000] {dag.py:2742} INFO - Sync 1 DAGs
[2023-12-24T01:02:42.872+0000] {logging_mixin.py:150} INFO - [2023-12-24T01:02:42.872+0000] {dag.py:3508} INFO - Setting next_dagrun for consume_dag to 2023-12-24T01:01:00+00:00, run_after=2023-12-24T01:02:00+00:00
[2023-12-24T01:02:42.886+0000] {processor.py:179} INFO - Processing /opt/airflow/dags/consume.py took 0.073 seconds
[2023-12-24T01:03:12.919+0000] {processor.py:157} INFO - Started process (PID=5014) to work on /opt/airflow/dags/consume.py
[2023-12-24T01:03:12.921+0000] {processor.py:826} INFO - Processing file /opt/airflow/dags/consume.py for tasks to queue
[2023-12-24T01:03:12.921+0000] {logging_mixin.py:150} INFO - [2023-12-24T01:03:12.921+0000] {dagbag.py:541} INFO - Filling up the DagBag from /opt/airflow/dags/consume.py
[2023-12-24T01:03:12.933+0000] {processor.py:836} INFO - DAG(s) dict_keys(['consume_dag']) retrieved from /opt/airflow/dags/consume.py
[2023-12-24T01:03:12.957+0000] {logging_mixin.py:150} INFO - [2023-12-24T01:03:12.957+0000] {dag.py:2742} INFO - Sync 1 DAGs
[2023-12-24T01:03:12.979+0000] {logging_mixin.py:150} INFO - [2023-12-24T01:03:12.978+0000] {dag.py:3508} INFO - Setting next_dagrun for consume_dag to 2023-12-24T01:02:00+00:00, run_after=2023-12-24T01:03:00+00:00
[2023-12-24T01:03:12.995+0000] {processor.py:179} INFO - Processing /opt/airflow/dags/consume.py took 0.079 seconds
[2023-12-24T01:03:43.355+0000] {processor.py:157} INFO - Started process (PID=5121) to work on /opt/airflow/dags/consume.py
[2023-12-24T01:03:43.357+0000] {processor.py:826} INFO - Processing file /opt/airflow/dags/consume.py for tasks to queue
[2023-12-24T01:03:43.358+0000] {logging_mixin.py:150} INFO - [2023-12-24T01:03:43.358+0000] {dagbag.py:541} INFO - Filling up the DagBag from /opt/airflow/dags/consume.py
[2023-12-24T01:03:43.375+0000] {processor.py:836} INFO - DAG(s) dict_keys(['consume_dag']) retrieved from /opt/airflow/dags/consume.py
[2023-12-24T01:03:43.398+0000] {logging_mixin.py:150} INFO - [2023-12-24T01:03:43.398+0000] {dag.py:2742} INFO - Sync 1 DAGs
[2023-12-24T01:03:43.417+0000] {logging_mixin.py:150} INFO - [2023-12-24T01:03:43.417+0000] {dag.py:3508} INFO - Setting next_dagrun for consume_dag to 2023-12-24T01:02:00+00:00, run_after=2023-12-24T01:03:00+00:00
[2023-12-24T01:03:43.434+0000] {processor.py:179} INFO - Processing /opt/airflow/dags/consume.py took 0.082 seconds
[2023-12-24T01:04:13.743+0000] {processor.py:157} INFO - Started process (PID=5237) to work on /opt/airflow/dags/consume.py
[2023-12-24T01:04:13.744+0000] {processor.py:826} INFO - Processing file /opt/airflow/dags/consume.py for tasks to queue
[2023-12-24T01:04:13.745+0000] {logging_mixin.py:150} INFO - [2023-12-24T01:04:13.744+0000] {dagbag.py:541} INFO - Filling up the DagBag from /opt/airflow/dags/consume.py
[2023-12-24T01:04:13.756+0000] {processor.py:836} INFO - DAG(s) dict_keys(['consume_dag']) retrieved from /opt/airflow/dags/consume.py
[2023-12-24T01:04:13.779+0000] {logging_mixin.py:150} INFO - [2023-12-24T01:04:13.779+0000] {dag.py:2742} INFO - Sync 1 DAGs
[2023-12-24T01:04:13.798+0000] {logging_mixin.py:150} INFO - [2023-12-24T01:04:13.798+0000] {dag.py:3508} INFO - Setting next_dagrun for consume_dag to 2023-12-24T01:03:00+00:00, run_after=2023-12-24T01:04:00+00:00
[2023-12-24T01:04:13.813+0000] {processor.py:179} INFO - Processing /opt/airflow/dags/consume.py took 0.074 seconds
[2023-12-24T01:04:43.911+0000] {processor.py:157} INFO - Started process (PID=5353) to work on /opt/airflow/dags/consume.py
[2023-12-24T01:04:43.913+0000] {processor.py:826} INFO - Processing file /opt/airflow/dags/consume.py for tasks to queue
[2023-12-24T01:04:43.914+0000] {logging_mixin.py:150} INFO - [2023-12-24T01:04:43.914+0000] {dagbag.py:541} INFO - Filling up the DagBag from /opt/airflow/dags/consume.py
[2023-12-24T01:04:43.928+0000] {processor.py:836} INFO - DAG(s) dict_keys(['consume_dag']) retrieved from /opt/airflow/dags/consume.py
[2023-12-24T01:04:43.951+0000] {logging_mixin.py:150} INFO - [2023-12-24T01:04:43.951+0000] {dag.py:2742} INFO - Sync 1 DAGs
[2023-12-24T01:04:43.971+0000] {logging_mixin.py:150} INFO - [2023-12-24T01:04:43.971+0000] {dag.py:3508} INFO - Setting next_dagrun for consume_dag to 2023-12-24T01:03:00+00:00, run_after=2023-12-24T01:04:00+00:00
[2023-12-24T01:04:43.987+0000] {processor.py:179} INFO - Processing /opt/airflow/dags/consume.py took 0.079 seconds
[2023-12-24T01:05:14.130+0000] {processor.py:157} INFO - Started process (PID=5460) to work on /opt/airflow/dags/consume.py
[2023-12-24T01:05:14.130+0000] {processor.py:826} INFO - Processing file /opt/airflow/dags/consume.py for tasks to queue
[2023-12-24T01:05:14.131+0000] {logging_mixin.py:150} INFO - [2023-12-24T01:05:14.131+0000] {dagbag.py:541} INFO - Filling up the DagBag from /opt/airflow/dags/consume.py
[2023-12-24T01:05:14.143+0000] {processor.py:836} INFO - DAG(s) dict_keys(['consume_dag']) retrieved from /opt/airflow/dags/consume.py
[2023-12-24T01:05:14.170+0000] {logging_mixin.py:150} INFO - [2023-12-24T01:05:14.170+0000] {dag.py:2742} INFO - Sync 1 DAGs
[2023-12-24T01:05:14.189+0000] {logging_mixin.py:150} INFO - [2023-12-24T01:05:14.189+0000] {dag.py:3508} INFO - Setting next_dagrun for consume_dag to 2023-12-24T01:04:00+00:00, run_after=2023-12-24T01:05:00+00:00
[2023-12-24T01:05:14.207+0000] {processor.py:179} INFO - Processing /opt/airflow/dags/consume.py took 0.080 seconds
[2023-12-24T01:05:44.416+0000] {processor.py:157} INFO - Started process (PID=5576) to work on /opt/airflow/dags/consume.py
[2023-12-24T01:05:44.419+0000] {processor.py:826} INFO - Processing file /opt/airflow/dags/consume.py for tasks to queue
[2023-12-24T01:05:44.419+0000] {logging_mixin.py:150} INFO - [2023-12-24T01:05:44.419+0000] {dagbag.py:541} INFO - Filling up the DagBag from /opt/airflow/dags/consume.py
[2023-12-24T01:05:44.430+0000] {processor.py:836} INFO - DAG(s) dict_keys(['consume_dag']) retrieved from /opt/airflow/dags/consume.py
[2023-12-24T01:05:44.452+0000] {logging_mixin.py:150} INFO - [2023-12-24T01:05:44.452+0000] {dag.py:2742} INFO - Sync 1 DAGs
[2023-12-24T01:05:44.470+0000] {logging_mixin.py:150} INFO - [2023-12-24T01:05:44.470+0000] {dag.py:3508} INFO - Setting next_dagrun for consume_dag to 2023-12-24T01:04:00+00:00, run_after=2023-12-24T01:05:00+00:00
[2023-12-24T01:05:44.488+0000] {processor.py:179} INFO - Processing /opt/airflow/dags/consume.py took 0.074 seconds
[2023-12-24T01:06:14.787+0000] {processor.py:157} INFO - Started process (PID=5683) to work on /opt/airflow/dags/consume.py
[2023-12-24T01:06:14.788+0000] {processor.py:826} INFO - Processing file /opt/airflow/dags/consume.py for tasks to queue
[2023-12-24T01:06:14.788+0000] {logging_mixin.py:150} INFO - [2023-12-24T01:06:14.788+0000] {dagbag.py:541} INFO - Filling up the DagBag from /opt/airflow/dags/consume.py
[2023-12-24T01:06:14.799+0000] {processor.py:836} INFO - DAG(s) dict_keys(['consume_dag']) retrieved from /opt/airflow/dags/consume.py
[2023-12-24T01:06:14.825+0000] {logging_mixin.py:150} INFO - [2023-12-24T01:06:14.824+0000] {dag.py:2742} INFO - Sync 1 DAGs
[2023-12-24T01:06:14.845+0000] {logging_mixin.py:150} INFO - [2023-12-24T01:06:14.845+0000] {dag.py:3508} INFO - Setting next_dagrun for consume_dag to 2023-12-24T01:05:00+00:00, run_after=2023-12-24T01:06:00+00:00
[2023-12-24T01:06:14.861+0000] {processor.py:179} INFO - Processing /opt/airflow/dags/consume.py took 0.078 seconds
[2023-12-24T01:06:45.326+0000] {processor.py:157} INFO - Started process (PID=5799) to work on /opt/airflow/dags/consume.py
[2023-12-24T01:06:45.327+0000] {processor.py:826} INFO - Processing file /opt/airflow/dags/consume.py for tasks to queue
[2023-12-24T01:06:45.328+0000] {logging_mixin.py:150} INFO - [2023-12-24T01:06:45.328+0000] {dagbag.py:541} INFO - Filling up the DagBag from /opt/airflow/dags/consume.py
[2023-12-24T01:06:45.338+0000] {processor.py:836} INFO - DAG(s) dict_keys(['consume_dag']) retrieved from /opt/airflow/dags/consume.py
[2023-12-24T01:06:45.360+0000] {logging_mixin.py:150} INFO - [2023-12-24T01:06:45.359+0000] {dag.py:2742} INFO - Sync 1 DAGs
[2023-12-24T01:06:45.377+0000] {logging_mixin.py:150} INFO - [2023-12-24T01:06:45.377+0000] {dag.py:3508} INFO - Setting next_dagrun for consume_dag to 2023-12-24T01:05:00+00:00, run_after=2023-12-24T01:06:00+00:00
[2023-12-24T01:06:45.395+0000] {processor.py:179} INFO - Processing /opt/airflow/dags/consume.py took 0.071 seconds
[2023-12-24T01:07:15.449+0000] {processor.py:157} INFO - Started process (PID=5914) to work on /opt/airflow/dags/consume.py
[2023-12-24T01:07:15.450+0000] {processor.py:826} INFO - Processing file /opt/airflow/dags/consume.py for tasks to queue
[2023-12-24T01:07:15.450+0000] {logging_mixin.py:150} INFO - [2023-12-24T01:07:15.450+0000] {dagbag.py:541} INFO - Filling up the DagBag from /opt/airflow/dags/consume.py
[2023-12-24T01:07:15.462+0000] {processor.py:836} INFO - DAG(s) dict_keys(['consume_dag']) retrieved from /opt/airflow/dags/consume.py
[2023-12-24T01:07:15.484+0000] {logging_mixin.py:150} INFO - [2023-12-24T01:07:15.484+0000] {dag.py:2742} INFO - Sync 1 DAGs
[2023-12-24T01:07:15.502+0000] {logging_mixin.py:150} INFO - [2023-12-24T01:07:15.502+0000] {dag.py:3508} INFO - Setting next_dagrun for consume_dag to 2023-12-24T01:06:00+00:00, run_after=2023-12-24T01:07:00+00:00
[2023-12-24T01:07:15.518+0000] {processor.py:179} INFO - Processing /opt/airflow/dags/consume.py took 0.071 seconds
[2023-12-24T01:07:45.572+0000] {processor.py:157} INFO - Started process (PID=6001) to work on /opt/airflow/dags/consume.py
[2023-12-24T01:07:45.573+0000] {processor.py:826} INFO - Processing file /opt/airflow/dags/consume.py for tasks to queue
[2023-12-24T01:07:45.573+0000] {logging_mixin.py:150} INFO - [2023-12-24T01:07:45.573+0000] {dagbag.py:541} INFO - Filling up the DagBag from /opt/airflow/dags/consume.py
[2023-12-24T01:07:45.584+0000] {processor.py:836} INFO - DAG(s) dict_keys(['consume_dag']) retrieved from /opt/airflow/dags/consume.py
[2023-12-24T01:07:45.606+0000] {logging_mixin.py:150} INFO - [2023-12-24T01:07:45.605+0000] {dag.py:2742} INFO - Sync 1 DAGs
[2023-12-24T01:07:45.624+0000] {logging_mixin.py:150} INFO - [2023-12-24T01:07:45.624+0000] {dag.py:3508} INFO - Setting next_dagrun for consume_dag to 2023-12-24T01:06:00+00:00, run_after=2023-12-24T01:07:00+00:00
[2023-12-24T01:07:45.642+0000] {processor.py:179} INFO - Processing /opt/airflow/dags/consume.py took 0.072 seconds
[2023-12-24T01:08:16.085+0000] {processor.py:157} INFO - Started process (PID=6117) to work on /opt/airflow/dags/consume.py
[2023-12-24T01:08:16.086+0000] {processor.py:826} INFO - Processing file /opt/airflow/dags/consume.py for tasks to queue
[2023-12-24T01:08:16.087+0000] {logging_mixin.py:150} INFO - [2023-12-24T01:08:16.087+0000] {dagbag.py:541} INFO - Filling up the DagBag from /opt/airflow/dags/consume.py
[2023-12-24T01:08:16.103+0000] {processor.py:836} INFO - DAG(s) dict_keys(['consume_dag']) retrieved from /opt/airflow/dags/consume.py
[2023-12-24T01:08:16.126+0000] {logging_mixin.py:150} INFO - [2023-12-24T01:08:16.126+0000] {dag.py:2742} INFO - Sync 1 DAGs
[2023-12-24T01:08:16.144+0000] {logging_mixin.py:150} INFO - [2023-12-24T01:08:16.144+0000] {dag.py:3508} INFO - Setting next_dagrun for consume_dag to 2023-12-24T01:07:00+00:00, run_after=2023-12-24T01:08:00+00:00
[2023-12-24T01:08:16.164+0000] {processor.py:179} INFO - Processing /opt/airflow/dags/consume.py took 0.082 seconds
[2023-12-24T01:08:46.575+0000] {processor.py:157} INFO - Started process (PID=6233) to work on /opt/airflow/dags/consume.py
[2023-12-24T01:08:46.577+0000] {processor.py:826} INFO - Processing file /opt/airflow/dags/consume.py for tasks to queue
[2023-12-24T01:08:46.578+0000] {logging_mixin.py:150} INFO - [2023-12-24T01:08:46.578+0000] {dagbag.py:541} INFO - Filling up the DagBag from /opt/airflow/dags/consume.py
[2023-12-24T01:08:46.591+0000] {processor.py:836} INFO - DAG(s) dict_keys(['consume_dag']) retrieved from /opt/airflow/dags/consume.py
[2023-12-24T01:08:46.616+0000] {logging_mixin.py:150} INFO - [2023-12-24T01:08:46.615+0000] {dag.py:2742} INFO - Sync 1 DAGs
[2023-12-24T01:08:46.638+0000] {logging_mixin.py:150} INFO - [2023-12-24T01:08:46.637+0000] {dag.py:3508} INFO - Setting next_dagrun for consume_dag to 2023-12-24T01:07:00+00:00, run_after=2023-12-24T01:08:00+00:00
[2023-12-24T01:08:46.657+0000] {processor.py:179} INFO - Processing /opt/airflow/dags/consume.py took 0.085 seconds
[2023-12-24T01:09:17.069+0000] {processor.py:157} INFO - Started process (PID=6339) to work on /opt/airflow/dags/consume.py
[2023-12-24T01:09:17.071+0000] {processor.py:826} INFO - Processing file /opt/airflow/dags/consume.py for tasks to queue
[2023-12-24T01:09:17.072+0000] {logging_mixin.py:150} INFO - [2023-12-24T01:09:17.071+0000] {dagbag.py:541} INFO - Filling up the DagBag from /opt/airflow/dags/consume.py
[2023-12-24T01:09:17.086+0000] {processor.py:836} INFO - DAG(s) dict_keys(['consume_dag']) retrieved from /opt/airflow/dags/consume.py
[2023-12-24T01:09:17.111+0000] {logging_mixin.py:150} INFO - [2023-12-24T01:09:17.110+0000] {dag.py:2742} INFO - Sync 1 DAGs
[2023-12-24T01:09:17.130+0000] {logging_mixin.py:150} INFO - [2023-12-24T01:09:17.130+0000] {dag.py:3508} INFO - Setting next_dagrun for consume_dag to 2023-12-24T01:08:00+00:00, run_after=2023-12-24T01:09:00+00:00
[2023-12-24T01:09:17.145+0000] {processor.py:179} INFO - Processing /opt/airflow/dags/consume.py took 0.079 seconds
[2023-12-24T01:09:47.477+0000] {processor.py:157} INFO - Started process (PID=6455) to work on /opt/airflow/dags/consume.py
[2023-12-24T01:09:47.479+0000] {processor.py:826} INFO - Processing file /opt/airflow/dags/consume.py for tasks to queue
[2023-12-24T01:09:47.480+0000] {logging_mixin.py:150} INFO - [2023-12-24T01:09:47.480+0000] {dagbag.py:541} INFO - Filling up the DagBag from /opt/airflow/dags/consume.py
[2023-12-24T01:09:47.494+0000] {processor.py:836} INFO - DAG(s) dict_keys(['consume_dag']) retrieved from /opt/airflow/dags/consume.py
[2023-12-24T01:09:47.515+0000] {logging_mixin.py:150} INFO - [2023-12-24T01:09:47.515+0000] {dag.py:2742} INFO - Sync 1 DAGs
[2023-12-24T01:09:47.532+0000] {logging_mixin.py:150} INFO - [2023-12-24T01:09:47.532+0000] {dag.py:3508} INFO - Setting next_dagrun for consume_dag to 2023-12-24T01:08:00+00:00, run_after=2023-12-24T01:09:00+00:00
[2023-12-24T01:09:47.548+0000] {processor.py:179} INFO - Processing /opt/airflow/dags/consume.py took 0.075 seconds
[2023-12-24T01:10:17.971+0000] {processor.py:157} INFO - Started process (PID=6571) to work on /opt/airflow/dags/consume.py
[2023-12-24T01:10:17.972+0000] {processor.py:826} INFO - Processing file /opt/airflow/dags/consume.py for tasks to queue
[2023-12-24T01:10:17.973+0000] {logging_mixin.py:150} INFO - [2023-12-24T01:10:17.973+0000] {dagbag.py:541} INFO - Filling up the DagBag from /opt/airflow/dags/consume.py
[2023-12-24T01:10:17.986+0000] {processor.py:836} INFO - DAG(s) dict_keys(['consume_dag']) retrieved from /opt/airflow/dags/consume.py
[2023-12-24T01:10:18.009+0000] {logging_mixin.py:150} INFO - [2023-12-24T01:10:18.008+0000] {dag.py:2742} INFO - Sync 1 DAGs
[2023-12-24T01:10:18.028+0000] {logging_mixin.py:150} INFO - [2023-12-24T01:10:18.028+0000] {dag.py:3508} INFO - Setting next_dagrun for consume_dag to 2023-12-24T01:09:00+00:00, run_after=2023-12-24T01:10:00+00:00
[2023-12-24T01:10:18.048+0000] {processor.py:179} INFO - Processing /opt/airflow/dags/consume.py took 0.080 seconds
[2023-12-24T01:10:48.084+0000] {processor.py:157} INFO - Started process (PID=6657) to work on /opt/airflow/dags/consume.py
[2023-12-24T01:10:48.087+0000] {processor.py:826} INFO - Processing file /opt/airflow/dags/consume.py for tasks to queue
[2023-12-24T01:10:48.088+0000] {logging_mixin.py:150} INFO - [2023-12-24T01:10:48.087+0000] {dagbag.py:541} INFO - Filling up the DagBag from /opt/airflow/dags/consume.py
[2023-12-24T01:10:48.099+0000] {processor.py:836} INFO - DAG(s) dict_keys(['consume_dag']) retrieved from /opt/airflow/dags/consume.py
[2023-12-24T01:10:48.120+0000] {logging_mixin.py:150} INFO - [2023-12-24T01:10:48.120+0000] {dag.py:2742} INFO - Sync 1 DAGs
[2023-12-24T01:10:48.139+0000] {logging_mixin.py:150} INFO - [2023-12-24T01:10:48.139+0000] {dag.py:3508} INFO - Setting next_dagrun for consume_dag to 2023-12-24T01:09:00+00:00, run_after=2023-12-24T01:10:00+00:00
[2023-12-24T01:10:48.158+0000] {processor.py:179} INFO - Processing /opt/airflow/dags/consume.py took 0.077 seconds
[2023-12-24T01:11:18.323+0000] {processor.py:157} INFO - Started process (PID=6773) to work on /opt/airflow/dags/consume.py
[2023-12-24T01:11:18.329+0000] {processor.py:826} INFO - Processing file /opt/airflow/dags/consume.py for tasks to queue
[2023-12-24T01:11:18.330+0000] {logging_mixin.py:150} INFO - [2023-12-24T01:11:18.330+0000] {dagbag.py:541} INFO - Filling up the DagBag from /opt/airflow/dags/consume.py
[2023-12-24T01:11:18.341+0000] {processor.py:836} INFO - DAG(s) dict_keys(['consume_dag']) retrieved from /opt/airflow/dags/consume.py
[2023-12-24T01:11:18.364+0000] {logging_mixin.py:150} INFO - [2023-12-24T01:11:18.364+0000] {dag.py:2742} INFO - Sync 1 DAGs
[2023-12-24T01:11:18.383+0000] {logging_mixin.py:150} INFO - [2023-12-24T01:11:18.383+0000] {dag.py:3508} INFO - Setting next_dagrun for consume_dag to 2023-12-24T01:10:00+00:00, run_after=2023-12-24T01:11:00+00:00
[2023-12-24T01:11:18.398+0000] {processor.py:179} INFO - Processing /opt/airflow/dags/consume.py took 0.077 seconds
[2023-12-24T01:11:48.752+0000] {processor.py:157} INFO - Started process (PID=6880) to work on /opt/airflow/dags/consume.py
[2023-12-24T01:11:48.755+0000] {processor.py:826} INFO - Processing file /opt/airflow/dags/consume.py for tasks to queue
[2023-12-24T01:11:48.756+0000] {logging_mixin.py:150} INFO - [2023-12-24T01:11:48.756+0000] {dagbag.py:541} INFO - Filling up the DagBag from /opt/airflow/dags/consume.py
[2023-12-24T01:11:48.769+0000] {processor.py:836} INFO - DAG(s) dict_keys(['consume_dag']) retrieved from /opt/airflow/dags/consume.py
[2023-12-24T01:11:48.793+0000] {logging_mixin.py:150} INFO - [2023-12-24T01:11:48.793+0000] {dag.py:2742} INFO - Sync 1 DAGs
[2023-12-24T01:11:48.813+0000] {logging_mixin.py:150} INFO - [2023-12-24T01:11:48.813+0000] {dag.py:3508} INFO - Setting next_dagrun for consume_dag to 2023-12-24T01:10:00+00:00, run_after=2023-12-24T01:11:00+00:00
[2023-12-24T01:11:48.828+0000] {processor.py:179} INFO - Processing /opt/airflow/dags/consume.py took 0.078 seconds
[2023-12-24T01:12:19.148+0000] {processor.py:157} INFO - Started process (PID=6996) to work on /opt/airflow/dags/consume.py
[2023-12-24T01:12:19.149+0000] {processor.py:826} INFO - Processing file /opt/airflow/dags/consume.py for tasks to queue
[2023-12-24T01:12:19.149+0000] {logging_mixin.py:150} INFO - [2023-12-24T01:12:19.149+0000] {dagbag.py:541} INFO - Filling up the DagBag from /opt/airflow/dags/consume.py
[2023-12-24T01:12:19.161+0000] {processor.py:836} INFO - DAG(s) dict_keys(['consume_dag']) retrieved from /opt/airflow/dags/consume.py
[2023-12-24T01:12:19.183+0000] {logging_mixin.py:150} INFO - [2023-12-24T01:12:19.183+0000] {dag.py:2742} INFO - Sync 1 DAGs
[2023-12-24T01:12:19.201+0000] {logging_mixin.py:150} INFO - [2023-12-24T01:12:19.201+0000] {dag.py:3508} INFO - Setting next_dagrun for consume_dag to 2023-12-24T01:11:00+00:00, run_after=2023-12-24T01:12:00+00:00
[2023-12-24T01:12:19.217+0000] {processor.py:179} INFO - Processing /opt/airflow/dags/consume.py took 0.071 seconds
[2023-12-24T01:12:49.705+0000] {processor.py:157} INFO - Started process (PID=7112) to work on /opt/airflow/dags/consume.py
[2023-12-24T01:12:49.710+0000] {processor.py:826} INFO - Processing file /opt/airflow/dags/consume.py for tasks to queue
[2023-12-24T01:12:49.711+0000] {logging_mixin.py:150} INFO - [2023-12-24T01:12:49.710+0000] {dagbag.py:541} INFO - Filling up the DagBag from /opt/airflow/dags/consume.py
[2023-12-24T01:12:49.727+0000] {processor.py:836} INFO - DAG(s) dict_keys(['consume_dag']) retrieved from /opt/airflow/dags/consume.py
[2023-12-24T01:12:49.751+0000] {logging_mixin.py:150} INFO - [2023-12-24T01:12:49.751+0000] {dag.py:2742} INFO - Sync 1 DAGs
[2023-12-24T01:12:49.769+0000] {logging_mixin.py:150} INFO - [2023-12-24T01:12:49.769+0000] {dag.py:3508} INFO - Setting next_dagrun for consume_dag to 2023-12-24T01:11:00+00:00, run_after=2023-12-24T01:12:00+00:00
[2023-12-24T01:12:49.787+0000] {processor.py:179} INFO - Processing /opt/airflow/dags/consume.py took 0.085 seconds
[2023-12-24T01:13:20.232+0000] {processor.py:157} INFO - Started process (PID=7219) to work on /opt/airflow/dags/consume.py
[2023-12-24T01:13:20.236+0000] {processor.py:826} INFO - Processing file /opt/airflow/dags/consume.py for tasks to queue
[2023-12-24T01:13:20.236+0000] {logging_mixin.py:150} INFO - [2023-12-24T01:13:20.236+0000] {dagbag.py:541} INFO - Filling up the DagBag from /opt/airflow/dags/consume.py
[2023-12-24T01:13:20.252+0000] {processor.py:836} INFO - DAG(s) dict_keys(['consume_dag']) retrieved from /opt/airflow/dags/consume.py
[2023-12-24T01:13:20.273+0000] {logging_mixin.py:150} INFO - [2023-12-24T01:13:20.273+0000] {dag.py:2742} INFO - Sync 1 DAGs
[2023-12-24T01:13:20.291+0000] {logging_mixin.py:150} INFO - [2023-12-24T01:13:20.291+0000] {dag.py:3508} INFO - Setting next_dagrun for consume_dag to 2023-12-24T01:12:00+00:00, run_after=2023-12-24T01:13:00+00:00
[2023-12-24T01:13:20.311+0000] {processor.py:179} INFO - Processing /opt/airflow/dags/consume.py took 0.082 seconds
[2023-12-24T01:13:50.573+0000] {processor.py:157} INFO - Started process (PID=7335) to work on /opt/airflow/dags/consume.py
[2023-12-24T01:13:50.574+0000] {processor.py:826} INFO - Processing file /opt/airflow/dags/consume.py for tasks to queue
[2023-12-24T01:13:50.574+0000] {logging_mixin.py:150} INFO - [2023-12-24T01:13:50.574+0000] {dagbag.py:541} INFO - Filling up the DagBag from /opt/airflow/dags/consume.py
[2023-12-24T01:13:50.585+0000] {processor.py:836} INFO - DAG(s) dict_keys(['consume_dag']) retrieved from /opt/airflow/dags/consume.py
[2023-12-24T01:13:50.607+0000] {logging_mixin.py:150} INFO - [2023-12-24T01:13:50.607+0000] {dag.py:2742} INFO - Sync 1 DAGs
[2023-12-24T01:13:50.625+0000] {logging_mixin.py:150} INFO - [2023-12-24T01:13:50.625+0000] {dag.py:3508} INFO - Setting next_dagrun for consume_dag to 2023-12-24T01:12:00+00:00, run_after=2023-12-24T01:13:00+00:00
[2023-12-24T01:13:50.639+0000] {processor.py:179} INFO - Processing /opt/airflow/dags/consume.py took 0.068 seconds
[2023-12-24T01:14:20.907+0000] {processor.py:157} INFO - Started process (PID=7451) to work on /opt/airflow/dags/consume.py
[2023-12-24T01:14:20.908+0000] {processor.py:826} INFO - Processing file /opt/airflow/dags/consume.py for tasks to queue
[2023-12-24T01:14:20.909+0000] {logging_mixin.py:150} INFO - [2023-12-24T01:14:20.909+0000] {dagbag.py:541} INFO - Filling up the DagBag from /opt/airflow/dags/consume.py
[2023-12-24T01:14:20.920+0000] {processor.py:836} INFO - DAG(s) dict_keys(['consume_dag']) retrieved from /opt/airflow/dags/consume.py
[2023-12-24T01:14:20.943+0000] {logging_mixin.py:150} INFO - [2023-12-24T01:14:20.943+0000] {dag.py:2742} INFO - Sync 1 DAGs
[2023-12-24T01:14:20.963+0000] {logging_mixin.py:150} INFO - [2023-12-24T01:14:20.963+0000] {dag.py:3508} INFO - Setting next_dagrun for consume_dag to 2023-12-24T01:13:00+00:00, run_after=2023-12-24T01:14:00+00:00
[2023-12-24T01:14:20.980+0000] {processor.py:179} INFO - Processing /opt/airflow/dags/consume.py took 0.075 seconds
[2023-12-24T01:14:51.288+0000] {processor.py:157} INFO - Started process (PID=7558) to work on /opt/airflow/dags/consume.py
[2023-12-24T01:14:51.290+0000] {processor.py:826} INFO - Processing file /opt/airflow/dags/consume.py for tasks to queue
[2023-12-24T01:14:51.291+0000] {logging_mixin.py:150} INFO - [2023-12-24T01:14:51.291+0000] {dagbag.py:541} INFO - Filling up the DagBag from /opt/airflow/dags/consume.py
[2023-12-24T01:14:51.302+0000] {processor.py:836} INFO - DAG(s) dict_keys(['consume_dag']) retrieved from /opt/airflow/dags/consume.py
[2023-12-24T01:14:51.324+0000] {logging_mixin.py:150} INFO - [2023-12-24T01:14:51.324+0000] {dag.py:2742} INFO - Sync 1 DAGs
[2023-12-24T01:14:51.343+0000] {logging_mixin.py:150} INFO - [2023-12-24T01:14:51.343+0000] {dag.py:3508} INFO - Setting next_dagrun for consume_dag to 2023-12-24T01:13:00+00:00, run_after=2023-12-24T01:14:00+00:00
[2023-12-24T01:14:51.361+0000] {processor.py:179} INFO - Processing /opt/airflow/dags/consume.py took 0.075 seconds
[2023-12-24T01:15:21.594+0000] {processor.py:157} INFO - Started process (PID=7674) to work on /opt/airflow/dags/consume.py
[2023-12-24T01:15:21.595+0000] {processor.py:826} INFO - Processing file /opt/airflow/dags/consume.py for tasks to queue
[2023-12-24T01:15:21.595+0000] {logging_mixin.py:150} INFO - [2023-12-24T01:15:21.595+0000] {dagbag.py:541} INFO - Filling up the DagBag from /opt/airflow/dags/consume.py
[2023-12-24T01:15:21.608+0000] {processor.py:836} INFO - DAG(s) dict_keys(['consume_dag']) retrieved from /opt/airflow/dags/consume.py
[2023-12-24T01:15:21.629+0000] {logging_mixin.py:150} INFO - [2023-12-24T01:15:21.628+0000] {dag.py:2742} INFO - Sync 1 DAGs
[2023-12-24T01:15:21.653+0000] {logging_mixin.py:150} INFO - [2023-12-24T01:15:21.653+0000] {dag.py:3508} INFO - Setting next_dagrun for consume_dag to 2023-12-24T01:14:00+00:00, run_after=2023-12-24T01:15:00+00:00
[2023-12-24T01:15:21.670+0000] {processor.py:179} INFO - Processing /opt/airflow/dags/consume.py took 0.078 seconds
[2023-12-24T01:15:51.991+0000] {processor.py:157} INFO - Started process (PID=7760) to work on /opt/airflow/dags/consume.py
[2023-12-24T01:15:51.992+0000] {processor.py:826} INFO - Processing file /opt/airflow/dags/consume.py for tasks to queue
[2023-12-24T01:15:51.993+0000] {logging_mixin.py:150} INFO - [2023-12-24T01:15:51.992+0000] {dagbag.py:541} INFO - Filling up the DagBag from /opt/airflow/dags/consume.py
[2023-12-24T01:15:52.004+0000] {processor.py:836} INFO - DAG(s) dict_keys(['consume_dag']) retrieved from /opt/airflow/dags/consume.py
[2023-12-24T01:15:52.025+0000] {logging_mixin.py:150} INFO - [2023-12-24T01:15:52.025+0000] {dag.py:2742} INFO - Sync 1 DAGs
[2023-12-24T01:15:52.044+0000] {logging_mixin.py:150} INFO - [2023-12-24T01:15:52.044+0000] {dag.py:3508} INFO - Setting next_dagrun for consume_dag to 2023-12-24T01:14:00+00:00, run_after=2023-12-24T01:15:00+00:00
[2023-12-24T01:15:52.060+0000] {processor.py:179} INFO - Processing /opt/airflow/dags/consume.py took 0.071 seconds
[2023-12-24T01:16:23.031+0000] {processor.py:157} INFO - Started process (PID=7876) to work on /opt/airflow/dags/consume.py
[2023-12-24T01:16:23.032+0000] {processor.py:826} INFO - Processing file /opt/airflow/dags/consume.py for tasks to queue
[2023-12-24T01:16:23.032+0000] {logging_mixin.py:150} INFO - [2023-12-24T01:16:23.032+0000] {dagbag.py:541} INFO - Filling up the DagBag from /opt/airflow/dags/consume.py
[2023-12-24T01:16:23.046+0000] {processor.py:836} INFO - DAG(s) dict_keys(['consume_dag']) retrieved from /opt/airflow/dags/consume.py
[2023-12-24T01:16:23.067+0000] {logging_mixin.py:150} INFO - [2023-12-24T01:16:23.067+0000] {dag.py:2742} INFO - Sync 1 DAGs
[2023-12-24T01:16:23.086+0000] {logging_mixin.py:150} INFO - [2023-12-24T01:16:23.085+0000] {dag.py:3508} INFO - Setting next_dagrun for consume_dag to 2023-12-24T01:15:00+00:00, run_after=2023-12-24T01:16:00+00:00
[2023-12-24T01:16:23.102+0000] {processor.py:179} INFO - Processing /opt/airflow/dags/consume.py took 0.075 seconds
[2023-12-24T01:16:53.157+0000] {processor.py:157} INFO - Started process (PID=7992) to work on /opt/airflow/dags/consume.py
[2023-12-24T01:16:53.159+0000] {processor.py:826} INFO - Processing file /opt/airflow/dags/consume.py for tasks to queue
[2023-12-24T01:16:53.160+0000] {logging_mixin.py:150} INFO - [2023-12-24T01:16:53.160+0000] {dagbag.py:541} INFO - Filling up the DagBag from /opt/airflow/dags/consume.py
[2023-12-24T01:16:53.171+0000] {processor.py:836} INFO - DAG(s) dict_keys(['consume_dag']) retrieved from /opt/airflow/dags/consume.py
[2023-12-24T01:16:53.196+0000] {logging_mixin.py:150} INFO - [2023-12-24T01:16:53.196+0000] {dag.py:2742} INFO - Sync 1 DAGs
[2023-12-24T01:16:53.215+0000] {logging_mixin.py:150} INFO - [2023-12-24T01:16:53.215+0000] {dag.py:3508} INFO - Setting next_dagrun for consume_dag to 2023-12-24T01:15:00+00:00, run_after=2023-12-24T01:16:00+00:00
[2023-12-24T01:16:53.233+0000] {processor.py:179} INFO - Processing /opt/airflow/dags/consume.py took 0.080 seconds
[2023-12-24T01:17:23.275+0000] {processor.py:157} INFO - Started process (PID=8119) to work on /opt/airflow/dags/consume.py
[2023-12-24T01:17:23.276+0000] {processor.py:826} INFO - Processing file /opt/airflow/dags/consume.py for tasks to queue
[2023-12-24T01:17:23.277+0000] {logging_mixin.py:150} INFO - [2023-12-24T01:17:23.277+0000] {dagbag.py:541} INFO - Filling up the DagBag from /opt/airflow/dags/consume.py
[2023-12-24T01:17:23.288+0000] {processor.py:836} INFO - DAG(s) dict_keys(['consume_dag']) retrieved from /opt/airflow/dags/consume.py
[2023-12-24T01:17:23.313+0000] {logging_mixin.py:150} INFO - [2023-12-24T01:17:23.312+0000] {dag.py:2742} INFO - Sync 1 DAGs
[2023-12-24T01:17:23.332+0000] {logging_mixin.py:150} INFO - [2023-12-24T01:17:23.332+0000] {dag.py:3508} INFO - Setting next_dagrun for consume_dag to 2023-12-24T01:16:00+00:00, run_after=2023-12-24T01:17:00+00:00
[2023-12-24T01:17:23.347+0000] {processor.py:179} INFO - Processing /opt/airflow/dags/consume.py took 0.076 seconds
[2023-12-24T01:17:53.612+0000] {processor.py:157} INFO - Started process (PID=8235) to work on /opt/airflow/dags/consume.py
[2023-12-24T01:17:53.640+0000] {processor.py:826} INFO - Processing file /opt/airflow/dags/consume.py for tasks to queue
[2023-12-24T01:17:53.640+0000] {logging_mixin.py:150} INFO - [2023-12-24T01:17:53.640+0000] {dagbag.py:541} INFO - Filling up the DagBag from /opt/airflow/dags/consume.py
[2023-12-24T01:17:53.658+0000] {processor.py:836} INFO - DAG(s) dict_keys(['consume_dag']) retrieved from /opt/airflow/dags/consume.py
[2023-12-24T01:17:53.681+0000] {logging_mixin.py:150} INFO - [2023-12-24T01:17:53.681+0000] {dag.py:2742} INFO - Sync 1 DAGs
[2023-12-24T01:17:53.703+0000] {logging_mixin.py:150} INFO - [2023-12-24T01:17:53.703+0000] {dag.py:3508} INFO - Setting next_dagrun for consume_dag to 2023-12-24T01:16:00+00:00, run_after=2023-12-24T01:17:00+00:00
[2023-12-24T01:17:53.719+0000] {processor.py:179} INFO - Processing /opt/airflow/dags/consume.py took 0.109 seconds
[2023-12-24T01:18:24.306+0000] {processor.py:157} INFO - Started process (PID=8350) to work on /opt/airflow/dags/consume.py
[2023-12-24T01:18:24.307+0000] {processor.py:826} INFO - Processing file /opt/airflow/dags/consume.py for tasks to queue
[2023-12-24T01:18:24.307+0000] {logging_mixin.py:150} INFO - [2023-12-24T01:18:24.307+0000] {dagbag.py:541} INFO - Filling up the DagBag from /opt/airflow/dags/consume.py
[2023-12-24T01:18:24.320+0000] {processor.py:836} INFO - DAG(s) dict_keys(['consume_dag']) retrieved from /opt/airflow/dags/consume.py
[2023-12-24T01:18:24.345+0000] {logging_mixin.py:150} INFO - [2023-12-24T01:18:24.344+0000] {dag.py:2742} INFO - Sync 1 DAGs
[2023-12-24T01:18:24.365+0000] {logging_mixin.py:150} INFO - [2023-12-24T01:18:24.365+0000] {dag.py:3508} INFO - Setting next_dagrun for consume_dag to 2023-12-24T01:17:00+00:00, run_after=2023-12-24T01:18:00+00:00
[2023-12-24T01:18:24.390+0000] {processor.py:179} INFO - Processing /opt/airflow/dags/consume.py took 0.087 seconds
[2023-12-24T01:18:55.114+0000] {processor.py:157} INFO - Started process (PID=8458) to work on /opt/airflow/dags/consume.py
[2023-12-24T01:18:55.115+0000] {processor.py:826} INFO - Processing file /opt/airflow/dags/consume.py for tasks to queue
[2023-12-24T01:18:55.116+0000] {logging_mixin.py:150} INFO - [2023-12-24T01:18:55.116+0000] {dagbag.py:541} INFO - Filling up the DagBag from /opt/airflow/dags/consume.py
[2023-12-24T01:18:55.135+0000] {processor.py:836} INFO - DAG(s) dict_keys(['consume_dag']) retrieved from /opt/airflow/dags/consume.py
[2023-12-24T01:18:55.162+0000] {logging_mixin.py:150} INFO - [2023-12-24T01:18:55.162+0000] {dag.py:2742} INFO - Sync 1 DAGs
[2023-12-24T01:18:55.181+0000] {logging_mixin.py:150} INFO - [2023-12-24T01:18:55.181+0000] {dag.py:3508} INFO - Setting next_dagrun for consume_dag to 2023-12-24T01:17:00+00:00, run_after=2023-12-24T01:18:00+00:00
[2023-12-24T01:18:55.196+0000] {processor.py:179} INFO - Processing /opt/airflow/dags/consume.py took 0.086 seconds
[2023-12-24T01:19:25.663+0000] {processor.py:157} INFO - Started process (PID=8574) to work on /opt/airflow/dags/consume.py
[2023-12-24T01:19:25.664+0000] {processor.py:826} INFO - Processing file /opt/airflow/dags/consume.py for tasks to queue
[2023-12-24T01:19:25.664+0000] {logging_mixin.py:150} INFO - [2023-12-24T01:19:25.664+0000] {dagbag.py:541} INFO - Filling up the DagBag from /opt/airflow/dags/consume.py
[2023-12-24T01:19:25.676+0000] {processor.py:836} INFO - DAG(s) dict_keys(['consume_dag']) retrieved from /opt/airflow/dags/consume.py
[2023-12-24T01:19:25.695+0000] {logging_mixin.py:150} INFO - [2023-12-24T01:19:25.695+0000] {dag.py:2742} INFO - Sync 1 DAGs
[2023-12-24T01:19:25.713+0000] {logging_mixin.py:150} INFO - [2023-12-24T01:19:25.713+0000] {dag.py:3508} INFO - Setting next_dagrun for consume_dag to 2023-12-24T01:18:00+00:00, run_after=2023-12-24T01:19:00+00:00
[2023-12-24T01:19:25.727+0000] {processor.py:179} INFO - Processing /opt/airflow/dags/consume.py took 0.066 seconds
[2023-12-24T01:19:56.218+0000] {processor.py:157} INFO - Started process (PID=8690) to work on /opt/airflow/dags/consume.py
[2023-12-24T01:19:56.220+0000] {processor.py:826} INFO - Processing file /opt/airflow/dags/consume.py for tasks to queue
[2023-12-24T01:19:56.220+0000] {logging_mixin.py:150} INFO - [2023-12-24T01:19:56.220+0000] {dagbag.py:541} INFO - Filling up the DagBag from /opt/airflow/dags/consume.py
[2023-12-24T01:19:56.234+0000] {processor.py:836} INFO - DAG(s) dict_keys(['consume_dag']) retrieved from /opt/airflow/dags/consume.py
[2023-12-24T01:19:56.272+0000] {logging_mixin.py:150} INFO - [2023-12-24T01:19:56.272+0000] {dag.py:2742} INFO - Sync 1 DAGs
[2023-12-24T01:19:56.332+0000] {logging_mixin.py:150} INFO - [2023-12-24T01:19:56.332+0000] {dag.py:3508} INFO - Setting next_dagrun for consume_dag to 2023-12-24T01:18:00+00:00, run_after=2023-12-24T01:19:00+00:00
[2023-12-24T01:19:56.350+0000] {processor.py:179} INFO - Processing /opt/airflow/dags/consume.py took 0.135 seconds
[2023-12-24T01:20:26.390+0000] {processor.py:157} INFO - Started process (PID=8818) to work on /opt/airflow/dags/consume.py
[2023-12-24T01:20:26.391+0000] {processor.py:826} INFO - Processing file /opt/airflow/dags/consume.py for tasks to queue
[2023-12-24T01:20:26.392+0000] {logging_mixin.py:150} INFO - [2023-12-24T01:20:26.392+0000] {dagbag.py:541} INFO - Filling up the DagBag from /opt/airflow/dags/consume.py
[2023-12-24T01:20:26.403+0000] {processor.py:836} INFO - DAG(s) dict_keys(['consume_dag']) retrieved from /opt/airflow/dags/consume.py
[2023-12-24T01:20:26.424+0000] {logging_mixin.py:150} INFO - [2023-12-24T01:20:26.424+0000] {dag.py:2742} INFO - Sync 1 DAGs
[2023-12-24T01:20:26.442+0000] {logging_mixin.py:150} INFO - [2023-12-24T01:20:26.441+0000] {dag.py:3508} INFO - Setting next_dagrun for consume_dag to 2023-12-24T01:19:00+00:00, run_after=2023-12-24T01:20:00+00:00
[2023-12-24T01:20:26.454+0000] {processor.py:179} INFO - Processing /opt/airflow/dags/consume.py took 0.067 seconds
[2023-12-24T01:20:57.087+0000] {processor.py:157} INFO - Started process (PID=8934) to work on /opt/airflow/dags/consume.py
[2023-12-24T01:20:57.087+0000] {processor.py:826} INFO - Processing file /opt/airflow/dags/consume.py for tasks to queue
[2023-12-24T01:20:57.088+0000] {logging_mixin.py:150} INFO - [2023-12-24T01:20:57.088+0000] {dagbag.py:541} INFO - Filling up the DagBag from /opt/airflow/dags/consume.py
[2023-12-24T01:20:57.100+0000] {processor.py:836} INFO - DAG(s) dict_keys(['consume_dag']) retrieved from /opt/airflow/dags/consume.py
[2023-12-24T01:20:57.120+0000] {logging_mixin.py:150} INFO - [2023-12-24T01:20:57.120+0000] {dag.py:2742} INFO - Sync 1 DAGs
[2023-12-24T01:20:57.139+0000] {logging_mixin.py:150} INFO - [2023-12-24T01:20:57.139+0000] {dag.py:3508} INFO - Setting next_dagrun for consume_dag to 2023-12-24T01:19:00+00:00, run_after=2023-12-24T01:20:00+00:00
[2023-12-24T01:20:57.154+0000] {processor.py:179} INFO - Processing /opt/airflow/dags/consume.py took 0.069 seconds
[2023-12-24T01:31:04.883+0000] {processor.py:157} INFO - Started process (PID=75) to work on /opt/airflow/dags/consume.py
[2023-12-24T01:31:04.885+0000] {processor.py:826} INFO - Processing file /opt/airflow/dags/consume.py for tasks to queue
[2023-12-24T01:31:04.885+0000] {logging_mixin.py:150} INFO - [2023-12-24T01:31:04.885+0000] {dagbag.py:541} INFO - Filling up the DagBag from /opt/airflow/dags/consume.py
[2023-12-24T01:31:04.898+0000] {processor.py:836} INFO - DAG(s) dict_keys(['consume_dag']) retrieved from /opt/airflow/dags/consume.py
[2023-12-24T01:31:05.030+0000] {logging_mixin.py:150} INFO - [2023-12-24T01:31:05.030+0000] {dag.py:2742} INFO - Sync 1 DAGs
[2023-12-24T01:31:05.050+0000] {logging_mixin.py:150} INFO - [2023-12-24T01:31:05.050+0000] {dag.py:3508} INFO - Setting next_dagrun for consume_dag to 2023-12-24T01:30:00+00:00, run_after=2023-12-24T01:31:00+00:00
[2023-12-24T01:31:05.067+0000] {processor.py:179} INFO - Processing /opt/airflow/dags/consume.py took 0.185 seconds
[2023-12-24T01:31:36.008+0000] {processor.py:157} INFO - Started process (PID=191) to work on /opt/airflow/dags/consume.py
[2023-12-24T01:31:36.009+0000] {processor.py:826} INFO - Processing file /opt/airflow/dags/consume.py for tasks to queue
[2023-12-24T01:31:36.010+0000] {logging_mixin.py:150} INFO - [2023-12-24T01:31:36.010+0000] {dagbag.py:541} INFO - Filling up the DagBag from /opt/airflow/dags/consume.py
[2023-12-24T01:31:36.029+0000] {processor.py:836} INFO - DAG(s) dict_keys(['consume_dag']) retrieved from /opt/airflow/dags/consume.py
[2023-12-24T01:31:36.060+0000] {logging_mixin.py:150} INFO - [2023-12-24T01:31:36.060+0000] {dag.py:2742} INFO - Sync 1 DAGs
[2023-12-24T01:31:36.080+0000] {logging_mixin.py:150} INFO - [2023-12-24T01:31:36.080+0000] {dag.py:3508} INFO - Setting next_dagrun for consume_dag to 2023-12-24T01:30:00+00:00, run_after=2023-12-24T01:31:00+00:00
[2023-12-24T01:31:36.098+0000] {processor.py:179} INFO - Processing /opt/airflow/dags/consume.py took 0.092 seconds
[2023-12-24T01:32:07.162+0000] {processor.py:157} INFO - Started process (PID=308) to work on /opt/airflow/dags/consume.py
[2023-12-24T01:32:07.163+0000] {processor.py:826} INFO - Processing file /opt/airflow/dags/consume.py for tasks to queue
[2023-12-24T01:32:07.163+0000] {logging_mixin.py:150} INFO - [2023-12-24T01:32:07.163+0000] {dagbag.py:541} INFO - Filling up the DagBag from /opt/airflow/dags/consume.py
[2023-12-24T01:32:07.175+0000] {processor.py:836} INFO - DAG(s) dict_keys(['consume_dag']) retrieved from /opt/airflow/dags/consume.py
[2023-12-24T01:32:07.194+0000] {logging_mixin.py:150} INFO - [2023-12-24T01:32:07.193+0000] {dag.py:2742} INFO - Sync 1 DAGs
[2023-12-24T01:32:07.212+0000] {logging_mixin.py:150} INFO - [2023-12-24T01:32:07.212+0000] {dag.py:3508} INFO - Setting next_dagrun for consume_dag to 2023-12-24T01:31:00+00:00, run_after=2023-12-24T01:32:00+00:00
[2023-12-24T01:32:07.225+0000] {processor.py:179} INFO - Processing /opt/airflow/dags/consume.py took 0.066 seconds
[2023-12-24T01:32:38.736+0000] {processor.py:157} INFO - Started process (PID=415) to work on /opt/airflow/dags/consume.py
[2023-12-24T01:32:38.737+0000] {processor.py:826} INFO - Processing file /opt/airflow/dags/consume.py for tasks to queue
[2023-12-24T01:32:38.738+0000] {logging_mixin.py:150} INFO - [2023-12-24T01:32:38.738+0000] {dagbag.py:541} INFO - Filling up the DagBag from /opt/airflow/dags/consume.py
[2023-12-24T01:32:38.749+0000] {processor.py:836} INFO - DAG(s) dict_keys(['consume_dag']) retrieved from /opt/airflow/dags/consume.py
[2023-12-24T01:32:38.771+0000] {logging_mixin.py:150} INFO - [2023-12-24T01:32:38.771+0000] {dag.py:2742} INFO - Sync 1 DAGs
[2023-12-24T01:32:38.789+0000] {logging_mixin.py:150} INFO - [2023-12-24T01:32:38.789+0000] {dag.py:3508} INFO - Setting next_dagrun for consume_dag to 2023-12-24T01:31:00+00:00, run_after=2023-12-24T01:32:00+00:00
[2023-12-24T01:32:38.802+0000] {processor.py:179} INFO - Processing /opt/airflow/dags/consume.py took 0.068 seconds
[2023-12-24T01:33:10.376+0000] {processor.py:157} INFO - Started process (PID=531) to work on /opt/airflow/dags/consume.py
[2023-12-24T01:33:10.377+0000] {processor.py:826} INFO - Processing file /opt/airflow/dags/consume.py for tasks to queue
[2023-12-24T01:33:10.378+0000] {logging_mixin.py:150} INFO - [2023-12-24T01:33:10.377+0000] {dagbag.py:541} INFO - Filling up the DagBag from /opt/airflow/dags/consume.py
[2023-12-24T01:33:10.389+0000] {processor.py:836} INFO - DAG(s) dict_keys(['consume_dag']) retrieved from /opt/airflow/dags/consume.py
[2023-12-24T01:33:10.408+0000] {logging_mixin.py:150} INFO - [2023-12-24T01:33:10.407+0000] {dag.py:2742} INFO - Sync 1 DAGs
[2023-12-24T01:33:10.426+0000] {logging_mixin.py:150} INFO - [2023-12-24T01:33:10.426+0000] {dag.py:3508} INFO - Setting next_dagrun for consume_dag to 2023-12-24T01:32:00+00:00, run_after=2023-12-24T01:33:00+00:00
[2023-12-24T01:33:10.438+0000] {processor.py:179} INFO - Processing /opt/airflow/dags/consume.py took 0.065 seconds
[2023-12-24T01:33:41.075+0000] {processor.py:157} INFO - Started process (PID=647) to work on /opt/airflow/dags/consume.py
[2023-12-24T01:33:41.075+0000] {processor.py:826} INFO - Processing file /opt/airflow/dags/consume.py for tasks to queue
[2023-12-24T01:33:41.076+0000] {logging_mixin.py:150} INFO - [2023-12-24T01:33:41.076+0000] {dagbag.py:541} INFO - Filling up the DagBag from /opt/airflow/dags/consume.py
[2023-12-24T01:33:41.087+0000] {processor.py:836} INFO - DAG(s) dict_keys(['consume_dag']) retrieved from /opt/airflow/dags/consume.py
[2023-12-24T01:33:41.107+0000] {logging_mixin.py:150} INFO - [2023-12-24T01:33:41.106+0000] {dag.py:2742} INFO - Sync 1 DAGs
[2023-12-24T01:33:41.125+0000] {logging_mixin.py:150} INFO - [2023-12-24T01:33:41.125+0000] {dag.py:3508} INFO - Setting next_dagrun for consume_dag to 2023-12-24T01:32:00+00:00, run_after=2023-12-24T01:33:00+00:00
[2023-12-24T01:33:41.138+0000] {processor.py:179} INFO - Processing /opt/airflow/dags/consume.py took 0.065 seconds
[2023-12-24T01:34:12.624+0000] {processor.py:157} INFO - Started process (PID=763) to work on /opt/airflow/dags/consume.py
[2023-12-24T01:34:12.625+0000] {processor.py:826} INFO - Processing file /opt/airflow/dags/consume.py for tasks to queue
[2023-12-24T01:34:12.626+0000] {logging_mixin.py:150} INFO - [2023-12-24T01:34:12.625+0000] {dagbag.py:541} INFO - Filling up the DagBag from /opt/airflow/dags/consume.py
[2023-12-24T01:34:12.638+0000] {processor.py:836} INFO - DAG(s) dict_keys(['consume_dag']) retrieved from /opt/airflow/dags/consume.py
[2023-12-24T01:34:12.659+0000] {logging_mixin.py:150} INFO - [2023-12-24T01:34:12.658+0000] {dag.py:2742} INFO - Sync 1 DAGs
[2023-12-24T01:34:12.677+0000] {logging_mixin.py:150} INFO - [2023-12-24T01:34:12.677+0000] {dag.py:3508} INFO - Setting next_dagrun for consume_dag to 2023-12-24T01:33:00+00:00, run_after=2023-12-24T01:34:00+00:00
[2023-12-24T01:34:12.699+0000] {processor.py:179} INFO - Processing /opt/airflow/dags/consume.py took 0.077 seconds
[2023-12-24T01:34:43.692+0000] {processor.py:157} INFO - Started process (PID=869) to work on /opt/airflow/dags/consume.py
[2023-12-24T01:34:43.693+0000] {processor.py:826} INFO - Processing file /opt/airflow/dags/consume.py for tasks to queue
[2023-12-24T01:34:43.693+0000] {logging_mixin.py:150} INFO - [2023-12-24T01:34:43.693+0000] {dagbag.py:541} INFO - Filling up the DagBag from /opt/airflow/dags/consume.py
[2023-12-24T01:34:43.705+0000] {processor.py:836} INFO - DAG(s) dict_keys(['consume_dag']) retrieved from /opt/airflow/dags/consume.py
[2023-12-24T01:34:43.724+0000] {logging_mixin.py:150} INFO - [2023-12-24T01:34:43.724+0000] {dag.py:2742} INFO - Sync 1 DAGs
[2023-12-24T01:34:43.743+0000] {logging_mixin.py:150} INFO - [2023-12-24T01:34:43.743+0000] {dag.py:3508} INFO - Setting next_dagrun for consume_dag to 2023-12-24T01:33:00+00:00, run_after=2023-12-24T01:34:00+00:00
[2023-12-24T01:34:43.757+0000] {processor.py:179} INFO - Processing /opt/airflow/dags/consume.py took 0.067 seconds
[2023-12-24T01:35:15.241+0000] {processor.py:157} INFO - Started process (PID=985) to work on /opt/airflow/dags/consume.py
[2023-12-24T01:35:15.242+0000] {processor.py:826} INFO - Processing file /opt/airflow/dags/consume.py for tasks to queue
[2023-12-24T01:35:15.243+0000] {logging_mixin.py:150} INFO - [2023-12-24T01:35:15.242+0000] {dagbag.py:541} INFO - Filling up the DagBag from /opt/airflow/dags/consume.py
[2023-12-24T01:35:15.254+0000] {processor.py:836} INFO - DAG(s) dict_keys(['consume_dag']) retrieved from /opt/airflow/dags/consume.py
[2023-12-24T01:35:15.274+0000] {logging_mixin.py:150} INFO - [2023-12-24T01:35:15.273+0000] {dag.py:2742} INFO - Sync 1 DAGs
[2023-12-24T01:35:15.292+0000] {logging_mixin.py:150} INFO - [2023-12-24T01:35:15.292+0000] {dag.py:3508} INFO - Setting next_dagrun for consume_dag to 2023-12-24T01:34:00+00:00, run_after=2023-12-24T01:35:00+00:00
[2023-12-24T01:35:15.305+0000] {processor.py:179} INFO - Processing /opt/airflow/dags/consume.py took 0.067 seconds
[2023-12-24T01:35:45.925+0000] {processor.py:157} INFO - Started process (PID=1081) to work on /opt/airflow/dags/consume.py
[2023-12-24T01:35:45.926+0000] {processor.py:826} INFO - Processing file /opt/airflow/dags/consume.py for tasks to queue
[2023-12-24T01:35:45.926+0000] {logging_mixin.py:150} INFO - [2023-12-24T01:35:45.926+0000] {dagbag.py:541} INFO - Filling up the DagBag from /opt/airflow/dags/consume.py
[2023-12-24T01:35:45.963+0000] {processor.py:836} INFO - DAG(s) dict_keys(['consume_dag']) retrieved from /opt/airflow/dags/consume.py
[2023-12-24T01:35:45.996+0000] {logging_mixin.py:150} INFO - [2023-12-24T01:35:45.995+0000] {dag.py:2742} INFO - Sync 1 DAGs
[2023-12-24T01:35:46.025+0000] {logging_mixin.py:150} INFO - [2023-12-24T01:35:46.025+0000] {dag.py:3508} INFO - Setting next_dagrun for consume_dag to 2023-12-24T01:34:00+00:00, run_after=2023-12-24T01:35:00+00:00
[2023-12-24T01:35:46.048+0000] {processor.py:179} INFO - Processing /opt/airflow/dags/consume.py took 0.126 seconds
[2023-12-24T01:36:17.394+0000] {processor.py:157} INFO - Started process (PID=1208) to work on /opt/airflow/dags/consume.py
[2023-12-24T01:36:17.394+0000] {processor.py:826} INFO - Processing file /opt/airflow/dags/consume.py for tasks to queue
[2023-12-24T01:36:17.395+0000] {logging_mixin.py:150} INFO - [2023-12-24T01:36:17.395+0000] {dagbag.py:541} INFO - Filling up the DagBag from /opt/airflow/dags/consume.py
[2023-12-24T01:36:17.408+0000] {processor.py:836} INFO - DAG(s) dict_keys(['consume_dag']) retrieved from /opt/airflow/dags/consume.py
[2023-12-24T01:36:17.433+0000] {logging_mixin.py:150} INFO - [2023-12-24T01:36:17.433+0000] {dag.py:2742} INFO - Sync 1 DAGs
[2023-12-24T01:36:17.454+0000] {logging_mixin.py:150} INFO - [2023-12-24T01:36:17.454+0000] {dag.py:3508} INFO - Setting next_dagrun for consume_dag to 2023-12-24T01:35:00+00:00, run_after=2023-12-24T01:36:00+00:00
[2023-12-24T01:36:17.470+0000] {processor.py:179} INFO - Processing /opt/airflow/dags/consume.py took 0.079 seconds
[2023-12-24T01:36:47.996+0000] {processor.py:157} INFO - Started process (PID=1304) to work on /opt/airflow/dags/consume.py
[2023-12-24T01:36:47.997+0000] {processor.py:826} INFO - Processing file /opt/airflow/dags/consume.py for tasks to queue
[2023-12-24T01:36:47.998+0000] {logging_mixin.py:150} INFO - [2023-12-24T01:36:47.998+0000] {dagbag.py:541} INFO - Filling up the DagBag from /opt/airflow/dags/consume.py
[2023-12-24T01:36:48.017+0000] {processor.py:836} INFO - DAG(s) dict_keys(['consume_dag']) retrieved from /opt/airflow/dags/consume.py
[2023-12-24T01:36:48.056+0000] {logging_mixin.py:150} INFO - [2023-12-24T01:36:48.056+0000] {dag.py:2742} INFO - Sync 1 DAGs
[2023-12-24T01:36:48.082+0000] {logging_mixin.py:150} INFO - [2023-12-24T01:36:48.081+0000] {dag.py:3508} INFO - Setting next_dagrun for consume_dag to 2023-12-24T01:35:00+00:00, run_after=2023-12-24T01:36:00+00:00
[2023-12-24T01:36:48.104+0000] {processor.py:179} INFO - Processing /opt/airflow/dags/consume.py took 0.110 seconds
[2023-12-24T01:37:19.299+0000] {processor.py:157} INFO - Started process (PID=1440) to work on /opt/airflow/dags/consume.py
[2023-12-24T01:37:19.299+0000] {processor.py:826} INFO - Processing file /opt/airflow/dags/consume.py for tasks to queue
[2023-12-24T01:37:19.300+0000] {logging_mixin.py:150} INFO - [2023-12-24T01:37:19.300+0000] {dagbag.py:541} INFO - Filling up the DagBag from /opt/airflow/dags/consume.py
[2023-12-24T01:37:19.311+0000] {processor.py:836} INFO - DAG(s) dict_keys(['consume_dag']) retrieved from /opt/airflow/dags/consume.py
[2023-12-24T01:37:19.331+0000] {logging_mixin.py:150} INFO - [2023-12-24T01:37:19.331+0000] {dag.py:2742} INFO - Sync 1 DAGs
[2023-12-24T01:37:19.349+0000] {logging_mixin.py:150} INFO - [2023-12-24T01:37:19.349+0000] {dag.py:3508} INFO - Setting next_dagrun for consume_dag to 2023-12-24T01:36:00+00:00, run_after=2023-12-24T01:37:00+00:00
[2023-12-24T01:37:19.365+0000] {processor.py:179} INFO - Processing /opt/airflow/dags/consume.py took 0.068 seconds
[2023-12-24T01:37:50.900+0000] {processor.py:157} INFO - Started process (PID=1547) to work on /opt/airflow/dags/consume.py
[2023-12-24T01:37:50.900+0000] {processor.py:826} INFO - Processing file /opt/airflow/dags/consume.py for tasks to queue
[2023-12-24T01:37:50.901+0000] {logging_mixin.py:150} INFO - [2023-12-24T01:37:50.901+0000] {dagbag.py:541} INFO - Filling up the DagBag from /opt/airflow/dags/consume.py
[2023-12-24T01:37:50.913+0000] {processor.py:836} INFO - DAG(s) dict_keys(['consume_dag']) retrieved from /opt/airflow/dags/consume.py
[2023-12-24T01:37:50.936+0000] {logging_mixin.py:150} INFO - [2023-12-24T01:37:50.936+0000] {dag.py:2742} INFO - Sync 1 DAGs
[2023-12-24T01:37:50.956+0000] {logging_mixin.py:150} INFO - [2023-12-24T01:37:50.956+0000] {dag.py:3508} INFO - Setting next_dagrun for consume_dag to 2023-12-24T01:36:00+00:00, run_after=2023-12-24T01:37:00+00:00
[2023-12-24T01:37:50.973+0000] {processor.py:179} INFO - Processing /opt/airflow/dags/consume.py took 0.076 seconds
[2023-12-24T01:38:21.621+0000] {processor.py:157} INFO - Started process (PID=1663) to work on /opt/airflow/dags/consume.py
[2023-12-24T01:38:21.621+0000] {processor.py:826} INFO - Processing file /opt/airflow/dags/consume.py for tasks to queue
[2023-12-24T01:38:21.622+0000] {logging_mixin.py:150} INFO - [2023-12-24T01:38:21.622+0000] {dagbag.py:541} INFO - Filling up the DagBag from /opt/airflow/dags/consume.py
[2023-12-24T01:38:21.634+0000] {processor.py:836} INFO - DAG(s) dict_keys(['consume_dag']) retrieved from /opt/airflow/dags/consume.py
[2023-12-24T01:38:21.652+0000] {logging_mixin.py:150} INFO - [2023-12-24T01:38:21.652+0000] {dag.py:2742} INFO - Sync 1 DAGs
[2023-12-24T01:38:21.671+0000] {logging_mixin.py:150} INFO - [2023-12-24T01:38:21.670+0000] {dag.py:3508} INFO - Setting next_dagrun for consume_dag to 2023-12-24T01:37:00+00:00, run_after=2023-12-24T01:38:00+00:00
[2023-12-24T01:38:21.684+0000] {processor.py:179} INFO - Processing /opt/airflow/dags/consume.py took 0.066 seconds
[2023-12-24T01:38:52.387+0000] {processor.py:157} INFO - Started process (PID=1779) to work on /opt/airflow/dags/consume.py
[2023-12-24T01:38:52.388+0000] {processor.py:826} INFO - Processing file /opt/airflow/dags/consume.py for tasks to queue
[2023-12-24T01:38:52.388+0000] {logging_mixin.py:150} INFO - [2023-12-24T01:38:52.388+0000] {dagbag.py:541} INFO - Filling up the DagBag from /opt/airflow/dags/consume.py
[2023-12-24T01:38:52.401+0000] {processor.py:836} INFO - DAG(s) dict_keys(['consume_dag']) retrieved from /opt/airflow/dags/consume.py
[2023-12-24T01:38:52.421+0000] {logging_mixin.py:150} INFO - [2023-12-24T01:38:52.421+0000] {dag.py:2742} INFO - Sync 1 DAGs
[2023-12-24T01:38:52.438+0000] {logging_mixin.py:150} INFO - [2023-12-24T01:38:52.438+0000] {dag.py:3508} INFO - Setting next_dagrun for consume_dag to 2023-12-24T01:37:00+00:00, run_after=2023-12-24T01:38:00+00:00
[2023-12-24T01:38:52.455+0000] {processor.py:179} INFO - Processing /opt/airflow/dags/consume.py took 0.071 seconds
[2023-12-24T01:39:23.474+0000] {processor.py:157} INFO - Started process (PID=1893) to work on /opt/airflow/dags/consume.py
[2023-12-24T01:39:23.475+0000] {processor.py:826} INFO - Processing file /opt/airflow/dags/consume.py for tasks to queue
[2023-12-24T01:39:23.475+0000] {logging_mixin.py:150} INFO - [2023-12-24T01:39:23.475+0000] {dagbag.py:541} INFO - Filling up the DagBag from /opt/airflow/dags/consume.py
[2023-12-24T01:39:23.488+0000] {processor.py:836} INFO - DAG(s) dict_keys(['consume_dag']) retrieved from /opt/airflow/dags/consume.py
[2023-12-24T01:39:23.516+0000] {logging_mixin.py:150} INFO - [2023-12-24T01:39:23.515+0000] {dag.py:2742} INFO - Sync 1 DAGs
[2023-12-24T01:39:23.541+0000] {logging_mixin.py:150} INFO - [2023-12-24T01:39:23.541+0000] {dag.py:3508} INFO - Setting next_dagrun for consume_dag to 2023-12-24T01:38:00+00:00, run_after=2023-12-24T01:39:00+00:00
[2023-12-24T01:39:23.560+0000] {processor.py:179} INFO - Processing /opt/airflow/dags/consume.py took 0.089 seconds
