[2023-12-18T15:30:25.319+0000] {taskinstance.py:1103} INFO - Dependencies all met for dep_context=non-requeueable deps ti=<TaskInstance: combined_dag.load_modeling manual__2023-12-18T15:30:19.117905+00:00 [queued]>
[2023-12-18T15:30:25.325+0000] {taskinstance.py:1103} INFO - Dependencies all met for dep_context=requeueable deps ti=<TaskInstance: combined_dag.load_modeling manual__2023-12-18T15:30:19.117905+00:00 [queued]>
[2023-12-18T15:30:25.325+0000] {taskinstance.py:1308} INFO - Starting attempt 1 of 1
[2023-12-18T15:30:25.337+0000] {taskinstance.py:1327} INFO - Executing <Task(PythonOperator): load_modeling> on 2023-12-18 15:30:19.117905+00:00
[2023-12-18T15:30:25.344+0000] {standard_task_runner.py:57} INFO - Started process 263 to run task
[2023-12-18T15:30:25.347+0000] {standard_task_runner.py:84} INFO - Running: ['***', 'tasks', 'run', 'combined_dag', 'load_modeling', 'manual__2023-12-18T15:30:19.117905+00:00', '--job-id', '18', '--raw', '--subdir', 'DAGS_FOLDER/combined_dag(real).py', '--cfg-path', '/tmp/tmpwrn3wq1l']
[2023-12-18T15:30:25.350+0000] {standard_task_runner.py:85} INFO - Job 18: Subtask load_modeling
[2023-12-18T15:30:25.387+0000] {task_command.py:410} INFO - Running <TaskInstance: combined_dag.load_modeling manual__2023-12-18T15:30:19.117905+00:00 [running]> on host cd038187919c
[2023-12-18T15:30:25.452+0000] {taskinstance.py:1547} INFO - Exporting env vars: AIRFLOW_CTX_DAG_OWNER='***' AIRFLOW_CTX_DAG_ID='combined_dag' AIRFLOW_CTX_TASK_ID='load_modeling' AIRFLOW_CTX_EXECUTION_DATE='2023-12-18T15:30:19.117905+00:00' AIRFLOW_CTX_TRY_NUMBER='1' AIRFLOW_CTX_DAG_RUN_ID='manual__2023-12-18T15:30:19.117905+00:00'
[2023-12-18T15:30:25.462+0000] {logging_mixin.py:150} INFO - /opt/***
[2023-12-18T15:30:25.462+0000] {combined_dag(real).py:158} INFO - /opt/***
[2023-12-18T15:30:26.108+0000] {warnings.py:110} WARNING - /home/***/.local/lib/python3.7/site-packages/sklearn/base.py:451: UserWarning: X does not have valid feature names, but RandomForestClassifier was fitted with feature names
  "X does not have valid feature names, but"

[2023-12-18T15:30:26.148+0000] {warnings.py:110} WARNING - /home/***/.local/lib/python3.7/site-packages/sklearn/base.py:451: UserWarning: X does not have valid feature names, but ExtraTreesClassifier was fitted with feature names
  "X does not have valid feature names, but"

[2023-12-18T15:30:26.471+0000] {warnings.py:110} WARNING - /home/***/.local/lib/python3.7/site-packages/sklearn/base.py:451: UserWarning: X does not have valid feature names, but ExtraTreesRegressor was fitted with feature names
  "X does not have valid feature names, but"

[2023-12-18T15:30:26.477+0000] {python.py:183} INFO - Done. Returned value was: (array([29.88142954]), array([3]))
[2023-12-18T15:30:26.497+0000] {taskinstance.py:1350} INFO - Marking task as SUCCESS. dag_id=combined_dag, task_id=load_modeling, execution_date=20231218T153019, start_date=20231218T153025, end_date=20231218T153026
[2023-12-18T15:30:26.566+0000] {local_task_job_runner.py:225} INFO - Task exited with return code 0
[2023-12-18T15:30:26.585+0000] {taskinstance.py:2653} INFO - 0 downstream tasks scheduled from follow-on schedule check
