[2024-01-03T11:43:28.028+0000] {taskinstance.py:1103} INFO - Dependencies all met for dep_context=non-requeueable deps ti=<TaskInstance: modeling_dag.insert_task scheduled__2024-01-03T11:42:00+00:00 [queued]>
[2024-01-03T11:43:28.036+0000] {taskinstance.py:1103} INFO - Dependencies all met for dep_context=requeueable deps ti=<TaskInstance: modeling_dag.insert_task scheduled__2024-01-03T11:42:00+00:00 [queued]>
[2024-01-03T11:43:28.036+0000] {taskinstance.py:1308} INFO - Starting attempt 1 of 1
[2024-01-03T11:43:28.047+0000] {taskinstance.py:1327} INFO - Executing <Task(PythonOperator): insert_task> on 2024-01-03 11:42:00+00:00
[2024-01-03T11:43:28.054+0000] {standard_task_runner.py:57} INFO - Started process 1514 to run task
[2024-01-03T11:43:28.057+0000] {standard_task_runner.py:84} INFO - Running: ['***', 'tasks', 'run', 'modeling_dag', 'insert_task', 'scheduled__2024-01-03T11:42:00+00:00', '--job-id', '43', '--raw', '--subdir', 'DAGS_FOLDER/modeling.py', '--cfg-path', '/tmp/tmp4bllc0o6']
[2024-01-03T11:43:28.058+0000] {standard_task_runner.py:85} INFO - Job 43: Subtask insert_task
[2024-01-03T11:43:28.094+0000] {task_command.py:410} INFO - Running <TaskInstance: modeling_dag.insert_task scheduled__2024-01-03T11:42:00+00:00 [running]> on host 93456042b127
[2024-01-03T11:43:28.151+0000] {taskinstance.py:1547} INFO - Exporting env vars: AIRFLOW_CTX_DAG_OWNER='***' AIRFLOW_CTX_DAG_ID='modeling_dag' AIRFLOW_CTX_TASK_ID='insert_task' AIRFLOW_CTX_EXECUTION_DATE='2024-01-03T11:42:00+00:00' AIRFLOW_CTX_TRY_NUMBER='1' AIRFLOW_CTX_DAG_RUN_ID='scheduled__2024-01-03T11:42:00+00:00'
[2024-01-03T11:43:28.160+0000] {taskinstance.py:1824} ERROR - Task failed with exception
Traceback (most recent call last):
  File "/home/airflow/.local/lib/python3.7/site-packages/airflow/operators/python.py", line 181, in execute
    return_value = self.execute_callable()
  File "/home/airflow/.local/lib/python3.7/site-packages/airflow/operators/python.py", line 198, in execute_callable
    return self.python_callable(*self.op_args, **self.op_kwargs)
  File "/opt/airflow/dags/modeling.py", line 113, in insert_to_db
    new_data = ti.xcom_pull(task_ids='generate_random_data_task')[0]
TypeError: 'NoneType' object is not subscriptable
[2024-01-03T11:43:28.166+0000] {taskinstance.py:1350} INFO - Marking task as FAILED. dag_id=modeling_dag, task_id=insert_task, execution_date=20240103T114200, start_date=20240103T114328, end_date=20240103T114328
[2024-01-03T11:43:28.180+0000] {standard_task_runner.py:109} ERROR - Failed to execute job 43 for task insert_task ('NoneType' object is not subscriptable; 1514)
[2024-01-03T11:43:28.188+0000] {local_task_job_runner.py:225} INFO - Task exited with return code 1
[2024-01-03T11:43:28.208+0000] {taskinstance.py:2653} INFO - 0 downstream tasks scheduled from follow-on schedule check
