[2023-12-27T17:30:31.426+0000] {taskinstance.py:1103} INFO - Dependencies all met for dep_context=non-requeueable deps ti=<TaskInstance: modeling_dag.apply_last_update_time_to_new_data manual__2023-12-27T17:30:23.112975+00:00 [queued]>
[2023-12-27T17:30:31.433+0000] {taskinstance.py:1103} INFO - Dependencies all met for dep_context=requeueable deps ti=<TaskInstance: modeling_dag.apply_last_update_time_to_new_data manual__2023-12-27T17:30:23.112975+00:00 [queued]>
[2023-12-27T17:30:31.433+0000] {taskinstance.py:1308} INFO - Starting attempt 1 of 1
[2023-12-27T17:30:31.444+0000] {taskinstance.py:1327} INFO - Executing <Task(PythonOperator): apply_last_update_time_to_new_data> on 2023-12-27 17:30:23.112975+00:00
[2023-12-27T17:30:31.449+0000] {standard_task_runner.py:57} INFO - Started process 577 to run task
[2023-12-27T17:30:31.452+0000] {standard_task_runner.py:84} INFO - Running: ['***', 'tasks', 'run', 'modeling_dag', 'apply_last_update_time_to_new_data', 'manual__2023-12-27T17:30:23.112975+00:00', '--job-id', '527', '--raw', '--subdir', 'DAGS_FOLDER/modeling.py', '--cfg-path', '/tmp/tmpf62pc25y']
[2023-12-27T17:30:31.454+0000] {standard_task_runner.py:85} INFO - Job 527: Subtask apply_last_update_time_to_new_data
[2023-12-27T17:30:31.485+0000] {task_command.py:410} INFO - Running <TaskInstance: modeling_dag.apply_last_update_time_to_new_data manual__2023-12-27T17:30:23.112975+00:00 [running]> on host c56b1de7f6cf
[2023-12-27T17:30:31.541+0000] {taskinstance.py:1547} INFO - Exporting env vars: AIRFLOW_CTX_DAG_OWNER='***' AIRFLOW_CTX_DAG_ID='modeling_dag' AIRFLOW_CTX_TASK_ID='apply_last_update_time_to_new_data' AIRFLOW_CTX_EXECUTION_DATE='2023-12-27T17:30:23.112975+00:00' AIRFLOW_CTX_TRY_NUMBER='1' AIRFLOW_CTX_DAG_RUN_ID='manual__2023-12-27T17:30:23.112975+00:00'
[2023-12-27T17:30:31.584+0000] {taskinstance.py:1824} ERROR - Task failed with exception
Traceback (most recent call last):
  File "/home/airflow/.local/lib/python3.7/site-packages/airflow/operators/python.py", line 181, in execute
    return_value = self.execute_callable()
  File "/home/airflow/.local/lib/python3.7/site-packages/airflow/operators/python.py", line 198, in execute_callable
    return self.python_callable(*self.op_args, **self.op_kwargs)
  File "/opt/airflow/dags/modeling.py", line 139, in replace_missing_update_time
    prev_value = cursor.fetchone()[0]
TypeError: 'NoneType' object is not subscriptable
[2023-12-27T17:30:31.591+0000] {taskinstance.py:1350} INFO - Marking task as FAILED. dag_id=modeling_dag, task_id=apply_last_update_time_to_new_data, execution_date=20231227T173023, start_date=20231227T173031, end_date=20231227T173031
[2023-12-27T17:30:31.601+0000] {standard_task_runner.py:109} ERROR - Failed to execute job 527 for task apply_last_update_time_to_new_data ('NoneType' object is not subscriptable; 577)
[2023-12-27T17:30:31.623+0000] {local_task_job_runner.py:225} INFO - Task exited with return code 1
[2023-12-27T17:30:31.637+0000] {taskinstance.py:2653} INFO - 0 downstream tasks scheduled from follow-on schedule check
