[2023-12-23T16:09:51.100+0000] {taskinstance.py:1103} INFO - Dependencies all met for dep_context=non-requeueable deps ti=<TaskInstance: consumer_dag.consume_task scheduled__2021-01-01T00:00:00+00:00 [queued]>
[2023-12-23T16:09:51.107+0000] {taskinstance.py:1103} INFO - Dependencies all met for dep_context=requeueable deps ti=<TaskInstance: consumer_dag.consume_task scheduled__2021-01-01T00:00:00+00:00 [queued]>
[2023-12-23T16:09:51.107+0000] {taskinstance.py:1308} INFO - Starting attempt 1 of 1
[2023-12-23T16:09:51.119+0000] {taskinstance.py:1327} INFO - Executing <Task(PythonOperator): consume_task> on 2021-01-01 00:00:00+00:00
[2023-12-23T16:09:51.123+0000] {standard_task_runner.py:57} INFO - Started process 869 to run task
[2023-12-23T16:09:51.125+0000] {standard_task_runner.py:84} INFO - Running: ['***', 'tasks', 'run', 'consumer_dag', 'consume_task', 'scheduled__2021-01-01T00:00:00+00:00', '--job-id', '20', '--raw', '--subdir', 'DAGS_FOLDER/consumer.py', '--cfg-path', '/tmp/tmpw6whwp8t']
[2023-12-23T16:09:51.126+0000] {standard_task_runner.py:85} INFO - Job 20: Subtask consume_task
[2023-12-23T16:09:51.160+0000] {task_command.py:410} INFO - Running <TaskInstance: consumer_dag.consume_task scheduled__2021-01-01T00:00:00+00:00 [running]> on host f21c60d604df
[2023-12-23T16:09:51.218+0000] {taskinstance.py:1547} INFO - Exporting env vars: AIRFLOW_CTX_DAG_OWNER='***' AIRFLOW_CTX_DAG_ID='consumer_dag' AIRFLOW_CTX_TASK_ID='consume_task' AIRFLOW_CTX_EXECUTION_DATE='2021-01-01T00:00:00+00:00' AIRFLOW_CTX_TRY_NUMBER='1' AIRFLOW_CTX_DAG_RUN_ID='scheduled__2021-01-01T00:00:00+00:00'
[2023-12-23T16:09:51.219+0000] {logging_mixin.py:150} INFO - 상혁1
[2023-12-23T16:09:51.221+0000] {logging_mixin.py:150} INFO - 상혁2
[2023-12-23T16:09:51.221+0000] {logging_mixin.py:150} INFO - 상혁3
[2023-12-23T16:09:51.221+0000] {logging_mixin.py:150} INFO - 상혁4
[2023-12-23T16:10:01.244+0000] {logging_mixin.py:150} INFO - 타입입니당 <class 'NoneType'>
[2023-12-23T16:10:01.244+0000] {logging_mixin.py:150} INFO - 상혁5
[2023-12-23T16:10:01.244+0000] {logging_mixin.py:150} INFO - 상혁6
[2023-12-23T16:10:08.344+0000] {python.py:183} INFO - Done. Returned value was: None
[2023-12-23T16:10:08.355+0000] {taskinstance.py:1350} INFO - Marking task as SUCCESS. dag_id=consumer_dag, task_id=consume_task, execution_date=20210101T000000, start_date=20231223T160951, end_date=20231223T161008
[2023-12-23T16:10:08.392+0000] {local_task_job_runner.py:225} INFO - Task exited with return code 0
[2023-12-23T16:10:08.404+0000] {taskinstance.py:2653} INFO - 0 downstream tasks scheduled from follow-on schedule check
[2023-12-25T09:31:03.058+0000] {taskinstance.py:1103} INFO - Dependencies all met for dep_context=non-requeueable deps ti=<TaskInstance: consumer_dag.consume_task scheduled__2021-01-01T00:00:00+00:00 [queued]>
[2023-12-25T09:31:03.073+0000] {taskinstance.py:1103} INFO - Dependencies all met for dep_context=requeueable deps ti=<TaskInstance: consumer_dag.consume_task scheduled__2021-01-01T00:00:00+00:00 [queued]>
[2023-12-25T09:31:03.078+0000] {taskinstance.py:1308} INFO - Starting attempt 1 of 1
[2023-12-25T09:31:03.102+0000] {taskinstance.py:1327} INFO - Executing <Task(PythonOperator): consume_task> on 2021-01-01 00:00:00+00:00
[2023-12-25T09:31:03.111+0000] {standard_task_runner.py:57} INFO - Started process 319 to run task
[2023-12-25T09:31:03.120+0000] {standard_task_runner.py:84} INFO - Running: ['***', 'tasks', 'run', 'consumer_dag', 'consume_task', 'scheduled__2021-01-01T00:00:00+00:00', '--job-id', '15', '--raw', '--subdir', 'DAGS_FOLDER/consumer.py', '--cfg-path', '/tmp/tmp21xv2ih6']
[2023-12-25T09:31:03.121+0000] {standard_task_runner.py:85} INFO - Job 15: Subtask consume_task
[2023-12-25T09:31:03.260+0000] {task_command.py:410} INFO - Running <TaskInstance: consumer_dag.consume_task scheduled__2021-01-01T00:00:00+00:00 [running]> on host 0fa599bd5d59
[2023-12-25T09:31:03.452+0000] {taskinstance.py:1547} INFO - Exporting env vars: AIRFLOW_CTX_DAG_OWNER='***' AIRFLOW_CTX_DAG_ID='consumer_dag' AIRFLOW_CTX_TASK_ID='consume_task' AIRFLOW_CTX_EXECUTION_DATE='2021-01-01T00:00:00+00:00' AIRFLOW_CTX_TRY_NUMBER='1' AIRFLOW_CTX_DAG_RUN_ID='scheduled__2021-01-01T00:00:00+00:00'
[2023-12-25T09:31:03.461+0000] {logging_mixin.py:150} INFO - 상혁4
[2023-12-25T09:31:13.462+0000] {logging_mixin.py:150} INFO - 타입입니당 <class 'NoneType'>
[2023-12-25T09:31:13.462+0000] {logging_mixin.py:150} INFO - 상혁6
[2023-12-25T09:31:13.479+0000] {python.py:183} INFO - Done. Returned value was: None
[2023-12-25T09:31:13.520+0000] {taskinstance.py:1350} INFO - Marking task as SUCCESS. dag_id=consumer_dag, task_id=consume_task, execution_date=20210101T000000, start_date=20231225T093103, end_date=20231225T093113
[2023-12-25T09:31:13.569+0000] {local_task_job_runner.py:225} INFO - Task exited with return code 0
[2023-12-25T09:31:13.602+0000] {taskinstance.py:2653} INFO - 0 downstream tasks scheduled from follow-on schedule check
[2023-12-25T11:09:59.334+0000] {taskinstance.py:1103} INFO - Dependencies all met for dep_context=non-requeueable deps ti=<TaskInstance: consumer_dag.consume_task scheduled__2021-01-01T00:00:00+00:00 [queued]>
[2023-12-25T11:09:59.341+0000] {taskinstance.py:1103} INFO - Dependencies all met for dep_context=requeueable deps ti=<TaskInstance: consumer_dag.consume_task scheduled__2021-01-01T00:00:00+00:00 [queued]>
[2023-12-25T11:09:59.341+0000] {taskinstance.py:1308} INFO - Starting attempt 1 of 1
[2023-12-25T11:09:59.353+0000] {taskinstance.py:1327} INFO - Executing <Task(PythonOperator): consume_task> on 2021-01-01 00:00:00+00:00
[2023-12-25T11:09:59.357+0000] {standard_task_runner.py:57} INFO - Started process 209 to run task
[2023-12-25T11:09:59.359+0000] {standard_task_runner.py:84} INFO - Running: ['***', 'tasks', 'run', 'consumer_dag', 'consume_task', 'scheduled__2021-01-01T00:00:00+00:00', '--job-id', '9', '--raw', '--subdir', 'DAGS_FOLDER/consumer.py', '--cfg-path', '/tmp/tmpgkx7zw3d']
[2023-12-25T11:09:59.359+0000] {standard_task_runner.py:85} INFO - Job 9: Subtask consume_task
[2023-12-25T11:09:59.389+0000] {task_command.py:410} INFO - Running <TaskInstance: consumer_dag.consume_task scheduled__2021-01-01T00:00:00+00:00 [running]> on host c56b1de7f6cf
[2023-12-25T11:09:59.440+0000] {taskinstance.py:1547} INFO - Exporting env vars: AIRFLOW_CTX_DAG_OWNER='***' AIRFLOW_CTX_DAG_ID='consumer_dag' AIRFLOW_CTX_TASK_ID='consume_task' AIRFLOW_CTX_EXECUTION_DATE='2021-01-01T00:00:00+00:00' AIRFLOW_CTX_TRY_NUMBER='1' AIRFLOW_CTX_DAG_RUN_ID='scheduled__2021-01-01T00:00:00+00:00'
[2023-12-25T11:09:59.444+0000] {logging_mixin.py:150} INFO - 상혁4
[2023-12-25T11:09:59.648+0000] {logging_mixin.py:150} INFO - 타입입니당 <class 'cimpl.Message'>
[2023-12-25T11:09:59.649+0000] {logging_mixin.py:150} INFO - Received message: 1
[2023-12-25T11:09:59.649+0000] {logging_mixin.py:150} INFO - 결과값 1
[2023-12-25T11:09:59.665+0000] {python.py:183} INFO - Done. Returned value was: 1
[2023-12-25T11:09:59.682+0000] {taskinstance.py:1350} INFO - Marking task as SUCCESS. dag_id=consumer_dag, task_id=consume_task, execution_date=20210101T000000, start_date=20231225T110959, end_date=20231225T110959
[2023-12-25T11:09:59.732+0000] {local_task_job_runner.py:225} INFO - Task exited with return code 0
[2023-12-25T11:09:59.744+0000] {taskinstance.py:2653} INFO - 0 downstream tasks scheduled from follow-on schedule check
