[2023-12-27T17:26:53.768+0000] {taskinstance.py:1103} INFO - Dependencies all met for dep_context=non-requeueable deps ti=<TaskInstance: combined_dag.load_modeling manual__2023-12-27T17:26:48.643083+00:00 [queued]>
[2023-12-27T17:26:53.775+0000] {taskinstance.py:1103} INFO - Dependencies all met for dep_context=requeueable deps ti=<TaskInstance: combined_dag.load_modeling manual__2023-12-27T17:26:48.643083+00:00 [queued]>
[2023-12-27T17:26:53.775+0000] {taskinstance.py:1308} INFO - Starting attempt 1 of 1
[2023-12-27T17:26:53.787+0000] {taskinstance.py:1327} INFO - Executing <Task(PythonOperator): load_modeling> on 2023-12-27 17:26:48.643083+00:00
[2023-12-27T17:26:53.792+0000] {standard_task_runner.py:57} INFO - Started process 92 to run task
[2023-12-27T17:26:53.795+0000] {standard_task_runner.py:84} INFO - Running: ['***', 'tasks', 'run', 'combined_dag', 'load_modeling', 'manual__2023-12-27T17:26:48.643083+00:00', '--job-id', '515', '--raw', '--subdir', 'DAGS_FOLDER/combined_dag(real).py', '--cfg-path', '/tmp/tmpf60hfmor']
[2023-12-27T17:26:53.797+0000] {standard_task_runner.py:85} INFO - Job 515: Subtask load_modeling
[2023-12-27T17:26:53.832+0000] {task_command.py:410} INFO - Running <TaskInstance: combined_dag.load_modeling manual__2023-12-27T17:26:48.643083+00:00 [running]> on host c56b1de7f6cf
[2023-12-27T17:26:53.888+0000] {taskinstance.py:1547} INFO - Exporting env vars: AIRFLOW_CTX_DAG_OWNER='***' AIRFLOW_CTX_DAG_ID='combined_dag' AIRFLOW_CTX_TASK_ID='load_modeling' AIRFLOW_CTX_EXECUTION_DATE='2023-12-27T17:26:48.643083+00:00' AIRFLOW_CTX_TRY_NUMBER='1' AIRFLOW_CTX_DAG_RUN_ID='manual__2023-12-27T17:26:48.643083+00:00'
[2023-12-27T17:26:53.898+0000] {logging_mixin.py:150} INFO - /opt/***
[2023-12-27T17:26:53.898+0000] {combined_dag(real).py:158} INFO - /opt/***
[2023-12-27T17:26:55.159+0000] {warnings.py:110} WARNING - /home/***/.local/lib/python3.7/site-packages/sklearn/base.py:451: UserWarning: X does not have valid feature names, but RandomForestClassifier was fitted with feature names
  "X does not have valid feature names, but"

[2023-12-27T17:26:55.186+0000] {warnings.py:110} WARNING - /home/***/.local/lib/python3.7/site-packages/sklearn/base.py:451: UserWarning: X does not have valid feature names, but ExtraTreesClassifier was fitted with feature names
  "X does not have valid feature names, but"

[2023-12-27T17:26:55.631+0000] {warnings.py:110} WARNING - /home/***/.local/lib/python3.7/site-packages/sklearn/base.py:451: UserWarning: X does not have valid feature names, but ExtraTreesRegressor was fitted with feature names
  "X does not have valid feature names, but"

[2023-12-27T17:26:55.647+0000] {python.py:183} INFO - Done. Returned value was: (array([21.45374265]), array([0]))
[2023-12-27T17:26:55.666+0000] {taskinstance.py:1350} INFO - Marking task as SUCCESS. dag_id=combined_dag, task_id=load_modeling, execution_date=20231227T172648, start_date=20231227T172653, end_date=20231227T172655
[2023-12-27T17:26:55.732+0000] {local_task_job_runner.py:225} INFO - Task exited with return code 0
[2023-12-27T17:26:55.752+0000] {taskinstance.py:2653} INFO - 1 downstream tasks scheduled from follow-on schedule check
