[2023-12-20T05:58:50.118+0000] {processor.py:157} INFO - Started process (PID=30) to work on /opt/airflow/dags/another_produce.py
[2023-12-20T05:58:50.119+0000] {processor.py:826} INFO - Processing file /opt/airflow/dags/another_produce.py for tasks to queue
[2023-12-20T05:58:50.120+0000] {logging_mixin.py:150} INFO - [2023-12-20T05:58:50.120+0000] {dagbag.py:541} INFO - Filling up the DagBag from /opt/airflow/dags/another_produce.py
[2023-12-20T05:58:50.123+0000] {logging_mixin.py:150} INFO - [2023-12-20T05:58:50.123+0000] {dagbag.py:350} ERROR - Failed to import: /opt/airflow/dags/another_produce.py
Traceback (most recent call last):
  File "/home/airflow/.local/lib/python3.7/site-packages/airflow/models/dagbag.py", line 346, in parse
    loader.exec_module(new_module)
  File "<frozen importlib._bootstrap_external>", line 728, in exec_module
  File "<frozen importlib._bootstrap>", line 219, in _call_with_frames_removed
  File "/opt/airflow/dags/another_produce.py", line 4, in <module>
    from kafka import KafkaProducer
ModuleNotFoundError: No module named 'kafka'
[2023-12-20T05:58:50.124+0000] {processor.py:838} WARNING - No viable dags retrieved from /opt/airflow/dags/another_produce.py
[2023-12-20T05:58:50.141+0000] {processor.py:179} INFO - Processing /opt/airflow/dags/another_produce.py took 0.025 seconds
[2023-12-20T05:59:20.419+0000] {processor.py:157} INFO - Started process (PID=124) to work on /opt/airflow/dags/another_produce.py
[2023-12-20T05:59:20.421+0000] {processor.py:826} INFO - Processing file /opt/airflow/dags/another_produce.py for tasks to queue
[2023-12-20T05:59:20.422+0000] {logging_mixin.py:150} INFO - [2023-12-20T05:59:20.421+0000] {dagbag.py:541} INFO - Filling up the DagBag from /opt/airflow/dags/another_produce.py
[2023-12-20T05:59:20.425+0000] {logging_mixin.py:150} INFO - [2023-12-20T05:59:20.424+0000] {dagbag.py:350} ERROR - Failed to import: /opt/airflow/dags/another_produce.py
Traceback (most recent call last):
  File "/home/airflow/.local/lib/python3.7/site-packages/airflow/models/dagbag.py", line 346, in parse
    loader.exec_module(new_module)
  File "<frozen importlib._bootstrap_external>", line 728, in exec_module
  File "<frozen importlib._bootstrap>", line 219, in _call_with_frames_removed
  File "/opt/airflow/dags/another_produce.py", line 4, in <module>
    from kafka import KafkaProducer
ModuleNotFoundError: No module named 'kafka'
[2023-12-20T05:59:20.425+0000] {processor.py:838} WARNING - No viable dags retrieved from /opt/airflow/dags/another_produce.py
[2023-12-20T05:59:20.448+0000] {processor.py:179} INFO - Processing /opt/airflow/dags/another_produce.py took 0.033 seconds
[2023-12-20T05:59:50.548+0000] {processor.py:157} INFO - Started process (PID=209) to work on /opt/airflow/dags/another_produce.py
[2023-12-20T05:59:50.550+0000] {processor.py:826} INFO - Processing file /opt/airflow/dags/another_produce.py for tasks to queue
[2023-12-20T05:59:50.551+0000] {logging_mixin.py:150} INFO - [2023-12-20T05:59:50.551+0000] {dagbag.py:541} INFO - Filling up the DagBag from /opt/airflow/dags/another_produce.py
[2023-12-20T05:59:50.553+0000] {logging_mixin.py:150} INFO - [2023-12-20T05:59:50.552+0000] {dagbag.py:350} ERROR - Failed to import: /opt/airflow/dags/another_produce.py
Traceback (most recent call last):
  File "/home/airflow/.local/lib/python3.7/site-packages/airflow/models/dagbag.py", line 346, in parse
    loader.exec_module(new_module)
  File "<frozen importlib._bootstrap_external>", line 728, in exec_module
  File "<frozen importlib._bootstrap>", line 219, in _call_with_frames_removed
  File "/opt/airflow/dags/another_produce.py", line 4, in <module>
    from kafka import KafkaProducer
ModuleNotFoundError: No module named 'kafka'
[2023-12-20T05:59:50.553+0000] {processor.py:838} WARNING - No viable dags retrieved from /opt/airflow/dags/another_produce.py
[2023-12-20T05:59:50.568+0000] {processor.py:179} INFO - Processing /opt/airflow/dags/another_produce.py took 0.022 seconds
