[2023-10-21T22:34:32.139+0900] {taskinstance.py:1103} INFO - Dependencies all met for dep_context=non-requeueable deps ti=<TaskInstance: combined_dag.insert_to_db scheduled__2023-10-21T13:33:00+00:00 [queued]>
[2023-10-21T22:34:32.145+0900] {taskinstance.py:1103} INFO - Dependencies all met for dep_context=requeueable deps ti=<TaskInstance: combined_dag.insert_to_db scheduled__2023-10-21T13:33:00+00:00 [queued]>
[2023-10-21T22:34:32.145+0900] {taskinstance.py:1308} INFO - Starting attempt 1 of 1
[2023-10-21T22:34:32.158+0900] {taskinstance.py:1327} INFO - Executing <Task(PythonOperator): insert_to_db> on 2023-10-21 13:33:00+00:00
[2023-10-21T22:34:32.165+0900] {standard_task_runner.py:57} INFO - Started process 145089 to run task
[2023-10-21T22:34:32.168+0900] {standard_task_runner.py:84} INFO - Running: ['airflow', 'tasks', 'run', 'combined_dag', 'insert_to_db', 'scheduled__2023-10-21T13:33:00+00:00', '--job-id', '58', '--raw', '--subdir', 'DAGS_FOLDER/combined_dag(real).py', '--cfg-path', '/tmp/tmps7ejcdee']
[2023-10-21T22:34:32.168+0900] {standard_task_runner.py:85} INFO - Job 58: Subtask insert_to_db
[2023-10-21T22:34:32.384+0900] {task_command.py:410} INFO - Running <TaskInstance: combined_dag.insert_to_db scheduled__2023-10-21T13:33:00+00:00 [running]> on host DESKTOP-HIRTBK6.
[2023-10-21T22:34:32.816+0900] {taskinstance.py:1547} INFO - Exporting env vars: AIRFLOW_CTX_DAG_OWNER='airflow' AIRFLOW_CTX_DAG_ID='combined_dag' AIRFLOW_CTX_TASK_ID='insert_to_db' AIRFLOW_CTX_EXECUTION_DATE='2023-10-21T13:33:00+00:00' AIRFLOW_CTX_TRY_NUMBER='1' AIRFLOW_CTX_DAG_RUN_ID='scheduled__2023-10-21T13:33:00+00:00'
[2023-10-21T22:34:33.091+0900] {logging_mixin.py:150} INFO - [[6.09192, 7.15266, 6.463170000000001, 385.67061, 53.19936, 3051.0]]
[2023-10-21T22:34:33.091+0900] {combined_dag(real).py:86} INFO - [[6.09192, 7.15266, 6.463170000000001, 385.67061, 53.19936, 3051.0]]
[2023-10-21T22:34:33.150+0900] {taskinstance.py:1824} ERROR - Task failed with exception
Traceback (most recent call last):
  File "/home/user/anaconda3/envs/airflow_env/lib/python3.7/site-packages/airflow/operators/python.py", line 181, in execute
    return_value = self.execute_callable()
  File "/home/user/anaconda3/envs/airflow_env/lib/python3.7/site-packages/airflow/operators/python.py", line 198, in execute_callable
    return self.python_callable(*self.op_args, **self.op_kwargs)
  File "/home/user/airflow/dags/combined_dag(real).py", line 97, in insert_to_db
    password="12345678"
  File "/home/user/anaconda3/envs/airflow_env/lib/python3.7/site-packages/psycopg2/__init__.py", line 122, in connect
    conn = _connect(dsn, connection_factory=connection_factory, **kwasync)
psycopg2.OperationalError
[2023-10-21T22:34:33.228+0900] {taskinstance.py:1350} INFO - Marking task as FAILED. dag_id=combined_dag, task_id=insert_to_db, execution_date=20231021T133300, start_date=20231021T133432, end_date=20231021T133433
[2023-10-21T22:34:33.242+0900] {standard_task_runner.py:109} ERROR - Failed to execute job 58 for task insert_to_db (; 145089)
[2023-10-21T22:34:33.264+0900] {local_task_job_runner.py:225} INFO - Task exited with return code 1
[2023-10-21T22:34:33.341+0900] {taskinstance.py:2653} INFO - 0 downstream tasks scheduled from follow-on schedule check
