[2023-12-27T07:30:39.044+0000] {processor.py:157} INFO - Started process (PID=52) to work on /opt/airflow/dags/consumer_modeling.py
[2023-12-27T07:30:39.044+0000] {processor.py:826} INFO - Processing file /opt/airflow/dags/consumer_modeling.py for tasks to queue
[2023-12-27T07:30:39.045+0000] {logging_mixin.py:150} INFO - [2023-12-27T07:30:39.045+0000] {dagbag.py:541} INFO - Filling up the DagBag from /opt/airflow/dags/consumer_modeling.py
[2023-12-27T07:30:39.056+0000] {processor.py:836} INFO - DAG(s) dict_keys(['consumer_dag']) retrieved from /opt/airflow/dags/consumer_modeling.py
[2023-12-27T07:30:39.068+0000] {logging_mixin.py:150} INFO - [2023-12-27T07:30:39.068+0000] {dag.py:2742} INFO - Sync 1 DAGs
[2023-12-27T07:30:39.091+0000] {logging_mixin.py:150} INFO - [2023-12-27T07:30:39.091+0000] {dag.py:3508} INFO - Setting next_dagrun for consumer_dag to None, run_after=None
[2023-12-27T07:30:39.112+0000] {processor.py:179} INFO - Processing /opt/airflow/dags/consumer_modeling.py took 0.071 seconds
[2023-12-27T07:31:09.141+0000] {processor.py:157} INFO - Started process (PID=123) to work on /opt/airflow/dags/consumer_modeling.py
[2023-12-27T07:31:09.149+0000] {processor.py:826} INFO - Processing file /opt/airflow/dags/consumer_modeling.py for tasks to queue
[2023-12-27T07:31:09.149+0000] {logging_mixin.py:150} INFO - [2023-12-27T07:31:09.149+0000] {dagbag.py:541} INFO - Filling up the DagBag from /opt/airflow/dags/consumer_modeling.py
[2023-12-27T07:31:09.159+0000] {processor.py:836} INFO - DAG(s) dict_keys(['consumer_dag']) retrieved from /opt/airflow/dags/consumer_modeling.py
[2023-12-27T07:31:09.329+0000] {logging_mixin.py:150} INFO - [2023-12-27T07:31:09.329+0000] {dag.py:2742} INFO - Sync 1 DAGs
[2023-12-27T07:31:09.344+0000] {logging_mixin.py:150} INFO - [2023-12-27T07:31:09.344+0000] {dag.py:3508} INFO - Setting next_dagrun for consumer_dag to None, run_after=None
[2023-12-27T07:31:09.357+0000] {processor.py:179} INFO - Processing /opt/airflow/dags/consumer_modeling.py took 0.219 seconds
[2023-12-27T07:31:39.621+0000] {processor.py:157} INFO - Started process (PID=207) to work on /opt/airflow/dags/consumer_modeling.py
[2023-12-27T07:31:39.633+0000] {processor.py:826} INFO - Processing file /opt/airflow/dags/consumer_modeling.py for tasks to queue
[2023-12-27T07:31:39.634+0000] {logging_mixin.py:150} INFO - [2023-12-27T07:31:39.634+0000] {dagbag.py:541} INFO - Filling up the DagBag from /opt/airflow/dags/consumer_modeling.py
[2023-12-27T07:31:39.729+0000] {processor.py:836} INFO - DAG(s) dict_keys(['consumer_dag']) retrieved from /opt/airflow/dags/consumer_modeling.py
[2023-12-27T07:31:39.755+0000] {logging_mixin.py:150} INFO - [2023-12-27T07:31:39.754+0000] {dag.py:2742} INFO - Sync 1 DAGs
[2023-12-27T07:31:39.773+0000] {logging_mixin.py:150} INFO - [2023-12-27T07:31:39.772+0000] {dag.py:3508} INFO - Setting next_dagrun for consumer_dag to None, run_after=None
[2023-12-27T07:31:39.797+0000] {processor.py:179} INFO - Processing /opt/airflow/dags/consumer_modeling.py took 0.178 seconds
[2023-12-27T07:32:10.054+0000] {processor.py:157} INFO - Started process (PID=300) to work on /opt/airflow/dags/consumer_modeling.py
[2023-12-27T07:32:10.056+0000] {processor.py:826} INFO - Processing file /opt/airflow/dags/consumer_modeling.py for tasks to queue
[2023-12-27T07:32:10.058+0000] {logging_mixin.py:150} INFO - [2023-12-27T07:32:10.058+0000] {dagbag.py:541} INFO - Filling up the DagBag from /opt/airflow/dags/consumer_modeling.py
[2023-12-27T07:32:10.096+0000] {processor.py:836} INFO - DAG(s) dict_keys(['consumer_dag']) retrieved from /opt/airflow/dags/consumer_modeling.py
[2023-12-27T07:32:10.298+0000] {logging_mixin.py:150} INFO - [2023-12-27T07:32:10.298+0000] {dag.py:2742} INFO - Sync 1 DAGs
[2023-12-27T07:32:10.316+0000] {logging_mixin.py:150} INFO - [2023-12-27T07:32:10.316+0000] {dag.py:3508} INFO - Setting next_dagrun for consumer_dag to None, run_after=None
[2023-12-27T07:32:10.350+0000] {processor.py:179} INFO - Processing /opt/airflow/dags/consumer_modeling.py took 0.303 seconds
[2023-12-27T07:32:40.763+0000] {processor.py:157} INFO - Started process (PID=383) to work on /opt/airflow/dags/consumer_modeling.py
[2023-12-27T07:32:40.766+0000] {processor.py:826} INFO - Processing file /opt/airflow/dags/consumer_modeling.py for tasks to queue
[2023-12-27T07:32:40.767+0000] {logging_mixin.py:150} INFO - [2023-12-27T07:32:40.767+0000] {dagbag.py:541} INFO - Filling up the DagBag from /opt/airflow/dags/consumer_modeling.py
[2023-12-27T07:32:40.796+0000] {processor.py:836} INFO - DAG(s) dict_keys(['consumer_dag']) retrieved from /opt/airflow/dags/consumer_modeling.py
[2023-12-27T07:32:40.836+0000] {logging_mixin.py:150} INFO - [2023-12-27T07:32:40.835+0000] {dag.py:2742} INFO - Sync 1 DAGs
[2023-12-27T07:32:40.855+0000] {logging_mixin.py:150} INFO - [2023-12-27T07:32:40.855+0000] {dag.py:3508} INFO - Setting next_dagrun for consumer_dag to None, run_after=None
[2023-12-27T07:32:40.873+0000] {processor.py:179} INFO - Processing /opt/airflow/dags/consumer_modeling.py took 0.116 seconds
[2023-12-27T07:33:11.247+0000] {processor.py:157} INFO - Started process (PID=475) to work on /opt/airflow/dags/consumer_modeling.py
[2023-12-27T07:33:11.249+0000] {processor.py:826} INFO - Processing file /opt/airflow/dags/consumer_modeling.py for tasks to queue
[2023-12-27T07:33:11.250+0000] {logging_mixin.py:150} INFO - [2023-12-27T07:33:11.250+0000] {dagbag.py:541} INFO - Filling up the DagBag from /opt/airflow/dags/consumer_modeling.py
[2023-12-27T07:33:11.261+0000] {processor.py:836} INFO - DAG(s) dict_keys(['consumer_dag']) retrieved from /opt/airflow/dags/consumer_modeling.py
[2023-12-27T07:33:11.374+0000] {logging_mixin.py:150} INFO - [2023-12-27T07:33:11.374+0000] {dag.py:2742} INFO - Sync 1 DAGs
[2023-12-27T07:33:11.393+0000] {logging_mixin.py:150} INFO - [2023-12-27T07:33:11.393+0000] {dag.py:3508} INFO - Setting next_dagrun for consumer_dag to None, run_after=None
[2023-12-27T07:33:11.410+0000] {processor.py:179} INFO - Processing /opt/airflow/dags/consumer_modeling.py took 0.168 seconds
[2023-12-27T07:33:41.595+0000] {processor.py:157} INFO - Started process (PID=567) to work on /opt/airflow/dags/consumer_modeling.py
[2023-12-27T07:33:41.596+0000] {processor.py:826} INFO - Processing file /opt/airflow/dags/consumer_modeling.py for tasks to queue
[2023-12-27T07:33:41.597+0000] {logging_mixin.py:150} INFO - [2023-12-27T07:33:41.597+0000] {dagbag.py:541} INFO - Filling up the DagBag from /opt/airflow/dags/consumer_modeling.py
[2023-12-27T07:33:41.608+0000] {processor.py:836} INFO - DAG(s) dict_keys(['consumer_dag']) retrieved from /opt/airflow/dags/consumer_modeling.py
[2023-12-27T07:33:41.623+0000] {logging_mixin.py:150} INFO - [2023-12-27T07:33:41.622+0000] {dag.py:2742} INFO - Sync 1 DAGs
[2023-12-27T07:33:41.645+0000] {logging_mixin.py:150} INFO - [2023-12-27T07:33:41.645+0000] {dag.py:3508} INFO - Setting next_dagrun for consumer_dag to None, run_after=None
[2023-12-27T07:33:41.663+0000] {processor.py:179} INFO - Processing /opt/airflow/dags/consumer_modeling.py took 0.070 seconds
[2023-12-27T07:34:11.913+0000] {processor.py:157} INFO - Started process (PID=649) to work on /opt/airflow/dags/consumer_modeling.py
[2023-12-27T07:34:11.916+0000] {processor.py:826} INFO - Processing file /opt/airflow/dags/consumer_modeling.py for tasks to queue
[2023-12-27T07:34:11.917+0000] {logging_mixin.py:150} INFO - [2023-12-27T07:34:11.917+0000] {dagbag.py:541} INFO - Filling up the DagBag from /opt/airflow/dags/consumer_modeling.py
[2023-12-27T07:34:11.952+0000] {processor.py:836} INFO - DAG(s) dict_keys(['consumer_dag']) retrieved from /opt/airflow/dags/consumer_modeling.py
[2023-12-27T07:34:12.095+0000] {logging_mixin.py:150} INFO - [2023-12-27T07:34:12.095+0000] {dag.py:2742} INFO - Sync 1 DAGs
[2023-12-27T07:34:12.112+0000] {logging_mixin.py:150} INFO - [2023-12-27T07:34:12.111+0000] {dag.py:3508} INFO - Setting next_dagrun for consumer_dag to None, run_after=None
[2023-12-27T07:34:12.131+0000] {processor.py:179} INFO - Processing /opt/airflow/dags/consumer_modeling.py took 0.225 seconds
[2023-12-27T07:35:27.800+0000] {processor.py:157} INFO - Started process (PID=52) to work on /opt/airflow/dags/consumer_modeling.py
[2023-12-27T07:35:27.801+0000] {processor.py:826} INFO - Processing file /opt/airflow/dags/consumer_modeling.py for tasks to queue
[2023-12-27T07:35:27.802+0000] {logging_mixin.py:150} INFO - [2023-12-27T07:35:27.802+0000] {dagbag.py:541} INFO - Filling up the DagBag from /opt/airflow/dags/consumer_modeling.py
[2023-12-27T07:35:27.817+0000] {processor.py:836} INFO - DAG(s) dict_keys(['consumer_dag']) retrieved from /opt/airflow/dags/consumer_modeling.py
[2023-12-27T07:35:27.832+0000] {logging_mixin.py:150} INFO - [2023-12-27T07:35:27.831+0000] {dag.py:2742} INFO - Sync 1 DAGs
[2023-12-27T07:35:27.857+0000] {logging_mixin.py:150} INFO - [2023-12-27T07:35:27.857+0000] {dag.py:3508} INFO - Setting next_dagrun for consumer_dag to None, run_after=None
[2023-12-27T07:35:27.877+0000] {processor.py:179} INFO - Processing /opt/airflow/dags/consumer_modeling.py took 0.081 seconds
[2023-12-27T07:35:58.524+0000] {processor.py:157} INFO - Started process (PID=143) to work on /opt/airflow/dags/consumer_modeling.py
[2023-12-27T07:35:58.527+0000] {processor.py:826} INFO - Processing file /opt/airflow/dags/consumer_modeling.py for tasks to queue
[2023-12-27T07:35:58.527+0000] {logging_mixin.py:150} INFO - [2023-12-27T07:35:58.527+0000] {dagbag.py:541} INFO - Filling up the DagBag from /opt/airflow/dags/consumer_modeling.py
[2023-12-27T07:35:58.545+0000] {processor.py:836} INFO - DAG(s) dict_keys(['consumer_dag']) retrieved from /opt/airflow/dags/consumer_modeling.py
[2023-12-27T07:35:58.728+0000] {logging_mixin.py:150} INFO - [2023-12-27T07:35:58.727+0000] {dag.py:2742} INFO - Sync 1 DAGs
[2023-12-27T07:35:58.744+0000] {logging_mixin.py:150} INFO - [2023-12-27T07:35:58.744+0000] {dag.py:3508} INFO - Setting next_dagrun for consumer_dag to None, run_after=None
[2023-12-27T07:35:58.759+0000] {processor.py:179} INFO - Processing /opt/airflow/dags/consumer_modeling.py took 0.237 seconds
[2023-12-27T07:36:29.007+0000] {processor.py:157} INFO - Started process (PID=227) to work on /opt/airflow/dags/consumer_modeling.py
[2023-12-27T07:36:29.009+0000] {processor.py:826} INFO - Processing file /opt/airflow/dags/consumer_modeling.py for tasks to queue
[2023-12-27T07:36:29.010+0000] {logging_mixin.py:150} INFO - [2023-12-27T07:36:29.009+0000] {dagbag.py:541} INFO - Filling up the DagBag from /opt/airflow/dags/consumer_modeling.py
[2023-12-27T07:36:29.111+0000] {processor.py:836} INFO - DAG(s) dict_keys(['consumer_dag']) retrieved from /opt/airflow/dags/consumer_modeling.py
[2023-12-27T07:36:29.126+0000] {logging_mixin.py:150} INFO - [2023-12-27T07:36:29.126+0000] {dag.py:2742} INFO - Sync 1 DAGs
[2023-12-27T07:36:29.152+0000] {logging_mixin.py:150} INFO - [2023-12-27T07:36:29.152+0000] {dag.py:3508} INFO - Setting next_dagrun for consumer_dag to None, run_after=None
[2023-12-27T07:36:29.187+0000] {processor.py:179} INFO - Processing /opt/airflow/dags/consumer_modeling.py took 0.182 seconds
[2023-12-27T07:36:59.323+0000] {processor.py:157} INFO - Started process (PID=318) to work on /opt/airflow/dags/consumer_modeling.py
[2023-12-27T07:36:59.324+0000] {processor.py:826} INFO - Processing file /opt/airflow/dags/consumer_modeling.py for tasks to queue
[2023-12-27T07:36:59.325+0000] {logging_mixin.py:150} INFO - [2023-12-27T07:36:59.325+0000] {dagbag.py:541} INFO - Filling up the DagBag from /opt/airflow/dags/consumer_modeling.py
[2023-12-27T07:36:59.336+0000] {processor.py:836} INFO - DAG(s) dict_keys(['consumer_dag']) retrieved from /opt/airflow/dags/consumer_modeling.py
[2023-12-27T07:36:59.439+0000] {logging_mixin.py:150} INFO - [2023-12-27T07:36:59.439+0000] {dag.py:2742} INFO - Sync 1 DAGs
[2023-12-27T07:36:59.459+0000] {logging_mixin.py:150} INFO - [2023-12-27T07:36:59.459+0000] {dag.py:3508} INFO - Setting next_dagrun for consumer_dag to None, run_after=None
[2023-12-27T07:36:59.479+0000] {processor.py:179} INFO - Processing /opt/airflow/dags/consumer_modeling.py took 0.158 seconds
[2023-12-27T07:37:29.684+0000] {processor.py:157} INFO - Started process (PID=400) to work on /opt/airflow/dags/consumer_modeling.py
[2023-12-27T07:37:29.687+0000] {processor.py:826} INFO - Processing file /opt/airflow/dags/consumer_modeling.py for tasks to queue
[2023-12-27T07:37:29.689+0000] {logging_mixin.py:150} INFO - [2023-12-27T07:37:29.688+0000] {dagbag.py:541} INFO - Filling up the DagBag from /opt/airflow/dags/consumer_modeling.py
[2023-12-27T07:37:29.723+0000] {processor.py:836} INFO - DAG(s) dict_keys(['consumer_dag']) retrieved from /opt/airflow/dags/consumer_modeling.py
[2023-12-27T07:37:29.766+0000] {logging_mixin.py:150} INFO - [2023-12-27T07:37:29.766+0000] {dag.py:2742} INFO - Sync 1 DAGs
[2023-12-27T07:37:29.787+0000] {logging_mixin.py:150} INFO - [2023-12-27T07:37:29.786+0000] {dag.py:3508} INFO - Setting next_dagrun for consumer_dag to None, run_after=None
[2023-12-27T07:37:29.811+0000] {processor.py:179} INFO - Processing /opt/airflow/dags/consumer_modeling.py took 0.134 seconds
[2023-12-27T07:38:00.126+0000] {processor.py:157} INFO - Started process (PID=491) to work on /opt/airflow/dags/consumer_modeling.py
[2023-12-27T07:38:00.129+0000] {processor.py:826} INFO - Processing file /opt/airflow/dags/consumer_modeling.py for tasks to queue
[2023-12-27T07:38:00.131+0000] {logging_mixin.py:150} INFO - [2023-12-27T07:38:00.130+0000] {dagbag.py:541} INFO - Filling up the DagBag from /opt/airflow/dags/consumer_modeling.py
[2023-12-27T07:38:00.173+0000] {processor.py:836} INFO - DAG(s) dict_keys(['consumer_dag']) retrieved from /opt/airflow/dags/consumer_modeling.py
[2023-12-27T07:38:00.300+0000] {logging_mixin.py:150} INFO - [2023-12-27T07:38:00.300+0000] {dag.py:2742} INFO - Sync 1 DAGs
[2023-12-27T07:38:00.325+0000] {logging_mixin.py:150} INFO - [2023-12-27T07:38:00.325+0000] {dag.py:3508} INFO - Setting next_dagrun for consumer_dag to None, run_after=None
[2023-12-27T07:38:00.347+0000] {processor.py:179} INFO - Processing /opt/airflow/dags/consumer_modeling.py took 0.229 seconds
[2023-12-27T07:38:30.641+0000] {processor.py:157} INFO - Started process (PID=581) to work on /opt/airflow/dags/consumer_modeling.py
[2023-12-27T07:38:30.642+0000] {processor.py:826} INFO - Processing file /opt/airflow/dags/consumer_modeling.py for tasks to queue
[2023-12-27T07:38:30.643+0000] {logging_mixin.py:150} INFO - [2023-12-27T07:38:30.643+0000] {dagbag.py:541} INFO - Filling up the DagBag from /opt/airflow/dags/consumer_modeling.py
[2023-12-27T07:38:30.656+0000] {processor.py:836} INFO - DAG(s) dict_keys(['consumer_dag']) retrieved from /opt/airflow/dags/consumer_modeling.py
[2023-12-27T07:38:30.700+0000] {logging_mixin.py:150} INFO - [2023-12-27T07:38:30.699+0000] {dag.py:2742} INFO - Sync 1 DAGs
[2023-12-27T07:38:30.742+0000] {logging_mixin.py:150} INFO - [2023-12-27T07:38:30.742+0000] {dag.py:3508} INFO - Setting next_dagrun for consumer_dag to None, run_after=None
[2023-12-27T07:38:30.784+0000] {processor.py:179} INFO - Processing /opt/airflow/dags/consumer_modeling.py took 0.146 seconds
[2023-12-27T07:39:01.027+0000] {processor.py:157} INFO - Started process (PID=665) to work on /opt/airflow/dags/consumer_modeling.py
[2023-12-27T07:39:01.029+0000] {processor.py:826} INFO - Processing file /opt/airflow/dags/consumer_modeling.py for tasks to queue
[2023-12-27T07:39:01.030+0000] {logging_mixin.py:150} INFO - [2023-12-27T07:39:01.030+0000] {dagbag.py:541} INFO - Filling up the DagBag from /opt/airflow/dags/consumer_modeling.py
[2023-12-27T07:39:01.067+0000] {processor.py:836} INFO - DAG(s) dict_keys(['consumer_dag']) retrieved from /opt/airflow/dags/consumer_modeling.py
[2023-12-27T07:39:01.207+0000] {logging_mixin.py:150} INFO - [2023-12-27T07:39:01.207+0000] {dag.py:2742} INFO - Sync 1 DAGs
[2023-12-27T07:39:01.224+0000] {logging_mixin.py:150} INFO - [2023-12-27T07:39:01.224+0000] {dag.py:3508} INFO - Setting next_dagrun for consumer_dag to None, run_after=None
[2023-12-27T07:39:01.251+0000] {processor.py:179} INFO - Processing /opt/airflow/dags/consumer_modeling.py took 0.231 seconds
[2023-12-27T07:39:31.332+0000] {processor.py:157} INFO - Started process (PID=758) to work on /opt/airflow/dags/consumer_modeling.py
[2023-12-27T07:39:31.333+0000] {processor.py:826} INFO - Processing file /opt/airflow/dags/consumer_modeling.py for tasks to queue
[2023-12-27T07:39:31.335+0000] {logging_mixin.py:150} INFO - [2023-12-27T07:39:31.334+0000] {dagbag.py:541} INFO - Filling up the DagBag from /opt/airflow/dags/consumer_modeling.py
[2023-12-27T07:39:31.348+0000] {processor.py:836} INFO - DAG(s) dict_keys(['consumer_dag']) retrieved from /opt/airflow/dags/consumer_modeling.py
[2023-12-27T07:39:31.378+0000] {logging_mixin.py:150} INFO - [2023-12-27T07:39:31.378+0000] {dag.py:2742} INFO - Sync 1 DAGs
[2023-12-27T07:39:31.432+0000] {logging_mixin.py:150} INFO - [2023-12-27T07:39:31.432+0000] {dag.py:3508} INFO - Setting next_dagrun for consumer_dag to None, run_after=None
[2023-12-27T07:39:31.452+0000] {processor.py:179} INFO - Processing /opt/airflow/dags/consumer_modeling.py took 0.123 seconds
[2023-12-27T07:40:01.673+0000] {processor.py:157} INFO - Started process (PID=844) to work on /opt/airflow/dags/consumer_modeling.py
[2023-12-27T07:40:01.674+0000] {processor.py:826} INFO - Processing file /opt/airflow/dags/consumer_modeling.py for tasks to queue
[2023-12-27T07:40:01.675+0000] {logging_mixin.py:150} INFO - [2023-12-27T07:40:01.675+0000] {dagbag.py:541} INFO - Filling up the DagBag from /opt/airflow/dags/consumer_modeling.py
[2023-12-27T07:40:01.692+0000] {processor.py:836} INFO - DAG(s) dict_keys(['consumer_dag']) retrieved from /opt/airflow/dags/consumer_modeling.py
[2023-12-27T07:40:01.810+0000] {logging_mixin.py:150} INFO - [2023-12-27T07:40:01.809+0000] {dag.py:2742} INFO - Sync 1 DAGs
[2023-12-27T07:40:01.832+0000] {logging_mixin.py:150} INFO - [2023-12-27T07:40:01.832+0000] {dag.py:3508} INFO - Setting next_dagrun for consumer_dag to None, run_after=None
[2023-12-27T07:40:01.853+0000] {processor.py:179} INFO - Processing /opt/airflow/dags/consumer_modeling.py took 0.184 seconds
[2023-12-27T07:40:32.033+0000] {processor.py:157} INFO - Started process (PID=937) to work on /opt/airflow/dags/consumer_modeling.py
[2023-12-27T07:40:32.035+0000] {processor.py:826} INFO - Processing file /opt/airflow/dags/consumer_modeling.py for tasks to queue
[2023-12-27T07:40:32.036+0000] {logging_mixin.py:150} INFO - [2023-12-27T07:40:32.035+0000] {dagbag.py:541} INFO - Filling up the DagBag from /opt/airflow/dags/consumer_modeling.py
[2023-12-27T07:40:32.050+0000] {processor.py:836} INFO - DAG(s) dict_keys(['consumer_dag']) retrieved from /opt/airflow/dags/consumer_modeling.py
[2023-12-27T07:40:32.078+0000] {logging_mixin.py:150} INFO - [2023-12-27T07:40:32.078+0000] {dag.py:2742} INFO - Sync 1 DAGs
[2023-12-27T07:40:32.100+0000] {logging_mixin.py:150} INFO - [2023-12-27T07:40:32.099+0000] {dag.py:3508} INFO - Setting next_dagrun for consumer_dag to None, run_after=None
[2023-12-27T07:40:32.121+0000] {processor.py:179} INFO - Processing /opt/airflow/dags/consumer_modeling.py took 0.091 seconds
[2023-12-27T07:41:02.557+0000] {processor.py:157} INFO - Started process (PID=1024) to work on /opt/airflow/dags/consumer_modeling.py
[2023-12-27T07:41:02.560+0000] {processor.py:826} INFO - Processing file /opt/airflow/dags/consumer_modeling.py for tasks to queue
[2023-12-27T07:41:02.562+0000] {logging_mixin.py:150} INFO - [2023-12-27T07:41:02.561+0000] {dagbag.py:541} INFO - Filling up the DagBag from /opt/airflow/dags/consumer_modeling.py
[2023-12-27T07:41:02.574+0000] {processor.py:836} INFO - DAG(s) dict_keys(['consumer_dag']) retrieved from /opt/airflow/dags/consumer_modeling.py
[2023-12-27T07:41:02.673+0000] {logging_mixin.py:150} INFO - [2023-12-27T07:41:02.673+0000] {dag.py:2742} INFO - Sync 1 DAGs
[2023-12-27T07:41:02.691+0000] {logging_mixin.py:150} INFO - [2023-12-27T07:41:02.691+0000] {dag.py:3508} INFO - Setting next_dagrun for consumer_dag to None, run_after=None
[2023-12-27T07:41:02.711+0000] {processor.py:179} INFO - Processing /opt/airflow/dags/consumer_modeling.py took 0.164 seconds
[2023-12-27T07:41:33.585+0000] {processor.py:157} INFO - Started process (PID=1116) to work on /opt/airflow/dags/consumer_modeling.py
[2023-12-27T07:41:33.587+0000] {processor.py:826} INFO - Processing file /opt/airflow/dags/consumer_modeling.py for tasks to queue
[2023-12-27T07:41:33.588+0000] {logging_mixin.py:150} INFO - [2023-12-27T07:41:33.588+0000] {dagbag.py:541} INFO - Filling up the DagBag from /opt/airflow/dags/consumer_modeling.py
[2023-12-27T07:41:33.622+0000] {processor.py:836} INFO - DAG(s) dict_keys(['consumer_dag']) retrieved from /opt/airflow/dags/consumer_modeling.py
[2023-12-27T07:41:33.663+0000] {logging_mixin.py:150} INFO - [2023-12-27T07:41:33.663+0000] {dag.py:2742} INFO - Sync 1 DAGs
[2023-12-27T07:41:33.685+0000] {logging_mixin.py:150} INFO - [2023-12-27T07:41:33.685+0000] {dag.py:3508} INFO - Setting next_dagrun for consumer_dag to None, run_after=None
[2023-12-27T07:41:33.709+0000] {processor.py:179} INFO - Processing /opt/airflow/dags/consumer_modeling.py took 0.132 seconds
