[2023-12-27T16:43:17.577+0000] {taskinstance.py:1103} INFO - Dependencies all met for dep_context=non-requeueable deps ti=<TaskInstance: modeling_dag.insert_to_db manual__2023-12-27T16:43:11.417536+00:00 [queued]>
[2023-12-27T16:43:17.584+0000] {taskinstance.py:1103} INFO - Dependencies all met for dep_context=requeueable deps ti=<TaskInstance: modeling_dag.insert_to_db manual__2023-12-27T16:43:11.417536+00:00 [queued]>
[2023-12-27T16:43:17.584+0000] {taskinstance.py:1308} INFO - Starting attempt 1 of 1
[2023-12-27T16:43:17.595+0000] {taskinstance.py:1327} INFO - Executing <Task(PythonOperator): insert_to_db> on 2023-12-27 16:43:11.417536+00:00
[2023-12-27T16:43:17.601+0000] {standard_task_runner.py:57} INFO - Started process 3385 to run task
[2023-12-27T16:43:17.604+0000] {standard_task_runner.py:84} INFO - Running: ['***', 'tasks', 'run', 'modeling_dag', 'insert_to_db', 'manual__2023-12-27T16:43:11.417536+00:00', '--job-id', '408', '--raw', '--subdir', 'DAGS_FOLDER/modeling.py', '--cfg-path', '/tmp/tmpp1cwsjud']
[2023-12-27T16:43:17.606+0000] {standard_task_runner.py:85} INFO - Job 408: Subtask insert_to_db
[2023-12-27T16:43:17.640+0000] {task_command.py:410} INFO - Running <TaskInstance: modeling_dag.insert_to_db manual__2023-12-27T16:43:11.417536+00:00 [running]> on host c56b1de7f6cf
[2023-12-27T16:43:17.694+0000] {taskinstance.py:1547} INFO - Exporting env vars: AIRFLOW_CTX_DAG_OWNER='***' AIRFLOW_CTX_DAG_ID='modeling_dag' AIRFLOW_CTX_TASK_ID='insert_to_db' AIRFLOW_CTX_EXECUTION_DATE='2023-12-27T16:43:11.417536+00:00' AIRFLOW_CTX_TRY_NUMBER='1' AIRFLOW_CTX_DAG_RUN_ID='manual__2023-12-27T16:43:11.417536+00:00'
[2023-12-27T16:43:17.703+0000] {taskinstance.py:1824} ERROR - Task failed with exception
Traceback (most recent call last):
  File "/home/airflow/.local/lib/python3.7/site-packages/airflow/operators/python.py", line 181, in execute
    return_value = self.execute_callable()
  File "/home/airflow/.local/lib/python3.7/site-packages/airflow/operators/python.py", line 198, in execute_callable
    return self.python_callable(*self.op_args, **self.op_kwargs)
  File "/opt/airflow/dags/modeling.py", line 86, in insert_to_db
    new_data = ti.xcom_pull(task_ids='generate_random_data_task')[0]
TypeError: 'NoneType' object is not subscriptable
[2023-12-27T16:43:17.708+0000] {taskinstance.py:1350} INFO - Marking task as FAILED. dag_id=modeling_dag, task_id=insert_to_db, execution_date=20231227T164311, start_date=20231227T164317, end_date=20231227T164317
[2023-12-27T16:43:17.717+0000] {standard_task_runner.py:109} ERROR - Failed to execute job 408 for task insert_to_db ('NoneType' object is not subscriptable; 3385)
[2023-12-27T16:43:17.735+0000] {local_task_job_runner.py:225} INFO - Task exited with return code 1
[2023-12-27T16:43:17.754+0000] {taskinstance.py:2653} INFO - 0 downstream tasks scheduled from follow-on schedule check
