[2023-10-21T22:18:03.556+0900] {taskinstance.py:1103} INFO - Dependencies all met for dep_context=non-requeueable deps ti=<TaskInstance: combined_dag.generate_random_data_task scheduled__2023-10-21T13:17:00+00:00 [queued]>
[2023-10-21T22:18:03.564+0900] {taskinstance.py:1103} INFO - Dependencies all met for dep_context=requeueable deps ti=<TaskInstance: combined_dag.generate_random_data_task scheduled__2023-10-21T13:17:00+00:00 [queued]>
[2023-10-21T22:18:03.564+0900] {taskinstance.py:1308} INFO - Starting attempt 1 of 1
[2023-10-21T22:18:03.577+0900] {taskinstance.py:1327} INFO - Executing <Task(PythonOperator): generate_random_data_task> on 2023-10-21 13:17:00+00:00
[2023-10-21T22:18:03.582+0900] {standard_task_runner.py:57} INFO - Started process 132419 to run task
[2023-10-21T22:18:03.584+0900] {standard_task_runner.py:84} INFO - Running: ['airflow', 'tasks', 'run', 'combined_dag', 'generate_random_data_task', 'scheduled__2023-10-21T13:17:00+00:00', '--job-id', '24', '--raw', '--subdir', 'DAGS_FOLDER/combined_dag(real).py', '--cfg-path', '/tmp/tmp199jb725']
[2023-10-21T22:18:03.585+0900] {standard_task_runner.py:85} INFO - Job 24: Subtask generate_random_data_task
[2023-10-21T22:18:03.813+0900] {task_command.py:410} INFO - Running <TaskInstance: combined_dag.generate_random_data_task scheduled__2023-10-21T13:17:00+00:00 [running]> on host DESKTOP-HIRTBK6.
[2023-10-21T22:18:04.120+0900] {taskinstance.py:1547} INFO - Exporting env vars: AIRFLOW_CTX_DAG_OWNER='airflow' AIRFLOW_CTX_DAG_ID='combined_dag' AIRFLOW_CTX_TASK_ID='generate_random_data_task' AIRFLOW_CTX_EXECUTION_DATE='2023-10-21T13:17:00+00:00' AIRFLOW_CTX_TRY_NUMBER='1' AIRFLOW_CTX_DAG_RUN_ID='scheduled__2023-10-21T13:17:00+00:00'
[2023-10-21T22:18:04.185+0900] {taskinstance.py:1824} ERROR - Task failed with exception
Traceback (most recent call last):
  File "/home/user/anaconda3/envs/airflow_env/lib/python3.7/site-packages/airflow/operators/python.py", line 181, in execute
    return_value = self.execute_callable()
  File "/home/user/anaconda3/envs/airflow_env/lib/python3.7/site-packages/airflow/operators/python.py", line 198, in execute_callable
    return self.python_callable(*self.op_args, **self.op_kwargs)
  File "/home/user/airflow/dags/combined_dag(real).py", line 20, in generate_random_data
    user="airflow",
  File "/home/user/anaconda3/envs/airflow_env/lib/python3.7/site-packages/psycopg2/__init__.py", line 122, in connect
    conn = _connect(dsn, connection_factory=connection_factory, **kwasync)
psycopg2.OperationalError
[2023-10-21T22:18:04.252+0900] {taskinstance.py:1350} INFO - Marking task as FAILED. dag_id=combined_dag, task_id=generate_random_data_task, execution_date=20231021T131700, start_date=20231021T131803, end_date=20231021T131804
[2023-10-21T22:18:04.262+0900] {standard_task_runner.py:109} ERROR - Failed to execute job 24 for task generate_random_data_task (; 132419)
[2023-10-21T22:18:04.279+0900] {local_task_job_runner.py:225} INFO - Task exited with return code 1
[2023-10-21T22:18:04.355+0900] {taskinstance.py:2653} INFO - 0 downstream tasks scheduled from follow-on schedule check
