[2023-12-27T16:30:14.199+0000] {taskinstance.py:1103} INFO - Dependencies all met for dep_context=non-requeueable deps ti=<TaskInstance: modeling_dag.load_modeling manual__2023-12-27T16:30:11.962376+00:00 [queued]>
[2023-12-27T16:30:14.205+0000] {taskinstance.py:1103} INFO - Dependencies all met for dep_context=requeueable deps ti=<TaskInstance: modeling_dag.load_modeling manual__2023-12-27T16:30:11.962376+00:00 [queued]>
[2023-12-27T16:30:14.205+0000] {taskinstance.py:1308} INFO - Starting attempt 1 of 1
[2023-12-27T16:30:14.218+0000] {taskinstance.py:1327} INFO - Executing <Task(PythonOperator): load_modeling> on 2023-12-27 16:30:11.962376+00:00
[2023-12-27T16:30:14.223+0000] {standard_task_runner.py:57} INFO - Started process 2259 to run task
[2023-12-27T16:30:14.226+0000] {standard_task_runner.py:84} INFO - Running: ['***', 'tasks', 'run', 'modeling_dag', 'load_modeling', 'manual__2023-12-27T16:30:11.962376+00:00', '--job-id', '398', '--raw', '--subdir', 'DAGS_FOLDER/modeling.py', '--cfg-path', '/tmp/tmpbqw7s76j']
[2023-12-27T16:30:14.229+0000] {standard_task_runner.py:85} INFO - Job 398: Subtask load_modeling
[2023-12-27T16:30:14.266+0000] {task_command.py:410} INFO - Running <TaskInstance: modeling_dag.load_modeling manual__2023-12-27T16:30:11.962376+00:00 [running]> on host c56b1de7f6cf
[2023-12-27T16:30:14.321+0000] {taskinstance.py:1547} INFO - Exporting env vars: AIRFLOW_CTX_DAG_OWNER='***' AIRFLOW_CTX_DAG_ID='modeling_dag' AIRFLOW_CTX_TASK_ID='load_modeling' AIRFLOW_CTX_EXECUTION_DATE='2023-12-27T16:30:11.962376+00:00' AIRFLOW_CTX_TRY_NUMBER='1' AIRFLOW_CTX_DAG_RUN_ID='manual__2023-12-27T16:30:11.962376+00:00'
[2023-12-27T16:30:15.117+0000] {taskinstance.py:1824} ERROR - Task failed with exception
Traceback (most recent call last):
  File "/home/airflow/.local/lib/python3.7/site-packages/pandas/core/indexes/base.py", line 3361, in get_loc
    return self._engine.get_loc(casted_key)
  File "pandas/_libs/index.pyx", line 76, in pandas._libs.index.IndexEngine.get_loc
  File "pandas/_libs/index.pyx", line 108, in pandas._libs.index.IndexEngine.get_loc
  File "pandas/_libs/hashtable_class_helper.pxi", line 5198, in pandas._libs.hashtable.PyObjectHashTable.get_item
  File "pandas/_libs/hashtable_class_helper.pxi", line 5206, in pandas._libs.hashtable.PyObjectHashTable.get_item
KeyError: 0

The above exception was the direct cause of the following exception:

Traceback (most recent call last):
  File "/home/airflow/.local/lib/python3.7/site-packages/airflow/operators/python.py", line 181, in execute
    return_value = self.execute_callable()
  File "/home/airflow/.local/lib/python3.7/site-packages/airflow/operators/python.py", line 198, in execute_callable
    return self.python_callable(*self.op_args, **self.op_kwargs)
  File "/opt/airflow/dags/modeling.py", line 115, in load_modeling
    new_pred_cluster = cl_model.predict([new_data[0][0:5]])
  File "/home/airflow/.local/lib/python3.7/site-packages/pandas/core/frame.py", line 3458, in __getitem__
    indexer = self.columns.get_loc(key)
  File "/home/airflow/.local/lib/python3.7/site-packages/pandas/core/indexes/base.py", line 3363, in get_loc
    raise KeyError(key) from err
KeyError: 0
[2023-12-27T16:30:15.128+0000] {taskinstance.py:1350} INFO - Marking task as FAILED. dag_id=modeling_dag, task_id=load_modeling, execution_date=20231227T163011, start_date=20231227T163014, end_date=20231227T163015
[2023-12-27T16:30:15.138+0000] {standard_task_runner.py:109} ERROR - Failed to execute job 398 for task load_modeling (0; 2259)
[2023-12-27T16:30:15.200+0000] {local_task_job_runner.py:225} INFO - Task exited with return code 1
[2023-12-27T16:30:15.221+0000] {taskinstance.py:2653} INFO - 0 downstream tasks scheduled from follow-on schedule check
