[2023-12-20T02:55:05.322+0000] {taskinstance.py:1103} INFO - Dependencies all met for dep_context=non-requeueable deps ti=<TaskInstance: combined_dag.load_modeling scheduled__2023-12-20T02:54:00+00:00 [queued]>
[2023-12-20T02:55:05.329+0000] {taskinstance.py:1103} INFO - Dependencies all met for dep_context=requeueable deps ti=<TaskInstance: combined_dag.load_modeling scheduled__2023-12-20T02:54:00+00:00 [queued]>
[2023-12-20T02:55:05.329+0000] {taskinstance.py:1308} INFO - Starting attempt 1 of 1
[2023-12-20T02:55:05.339+0000] {taskinstance.py:1327} INFO - Executing <Task(PythonOperator): load_modeling> on 2023-12-20 02:54:00+00:00
[2023-12-20T02:55:05.346+0000] {standard_task_runner.py:57} INFO - Started process 1937 to run task
[2023-12-20T02:55:05.348+0000] {standard_task_runner.py:84} INFO - Running: ['***', 'tasks', 'run', 'combined_dag', 'load_modeling', 'scheduled__2023-12-20T02:54:00+00:00', '--job-id', '44', '--raw', '--subdir', 'DAGS_FOLDER/combined_dag(real).py', '--cfg-path', '/tmp/tmpo7nc_5i1']
[2023-12-20T02:55:05.351+0000] {standard_task_runner.py:85} INFO - Job 44: Subtask load_modeling
[2023-12-20T02:55:05.383+0000] {task_command.py:410} INFO - Running <TaskInstance: combined_dag.load_modeling scheduled__2023-12-20T02:54:00+00:00 [running]> on host b045abe315e4
[2023-12-20T02:55:05.438+0000] {taskinstance.py:1547} INFO - Exporting env vars: AIRFLOW_CTX_DAG_OWNER='***' AIRFLOW_CTX_DAG_ID='combined_dag' AIRFLOW_CTX_TASK_ID='load_modeling' AIRFLOW_CTX_EXECUTION_DATE='2023-12-20T02:54:00+00:00' AIRFLOW_CTX_TRY_NUMBER='1' AIRFLOW_CTX_DAG_RUN_ID='scheduled__2023-12-20T02:54:00+00:00'
[2023-12-20T02:55:05.447+0000] {logging_mixin.py:150} INFO - /opt/***
[2023-12-20T02:55:05.447+0000] {combined_dag(real).py:158} INFO - /opt/***
[2023-12-20T02:55:06.007+0000] {warnings.py:110} WARNING - /home/***/.local/lib/python3.7/site-packages/sklearn/base.py:451: UserWarning: X does not have valid feature names, but RandomForestClassifier was fitted with feature names
  "X does not have valid feature names, but"

[2023-12-20T02:55:06.047+0000] {warnings.py:110} WARNING - /home/***/.local/lib/python3.7/site-packages/sklearn/base.py:451: UserWarning: X does not have valid feature names, but ExtraTreesClassifier was fitted with feature names
  "X does not have valid feature names, but"

[2023-12-20T02:55:06.394+0000] {warnings.py:110} WARNING - /home/***/.local/lib/python3.7/site-packages/sklearn/base.py:451: UserWarning: X does not have valid feature names, but ExtraTreesRegressor was fitted with feature names
  "X does not have valid feature names, but"

[2023-12-20T02:55:06.400+0000] {python.py:183} INFO - Done. Returned value was: (array([27.88619925]), array([3]))
[2023-12-20T02:55:06.417+0000] {taskinstance.py:1350} INFO - Marking task as SUCCESS. dag_id=combined_dag, task_id=load_modeling, execution_date=20231220T025400, start_date=20231220T025505, end_date=20231220T025506
[2023-12-20T02:55:06.485+0000] {local_task_job_runner.py:225} INFO - Task exited with return code 0
[2023-12-20T02:55:06.502+0000] {taskinstance.py:2653} INFO - 0 downstream tasks scheduled from follow-on schedule check
