[2023-10-21T22:32:06.802+0900] {taskinstance.py:1103} INFO - Dependencies all met for dep_context=non-requeueable deps ti=<TaskInstance: combined_dag.load_modeling scheduled__2023-10-21T13:31:00+00:00 [queued]>
[2023-10-21T22:32:06.811+0900] {taskinstance.py:1103} INFO - Dependencies all met for dep_context=requeueable deps ti=<TaskInstance: combined_dag.load_modeling scheduled__2023-10-21T13:31:00+00:00 [queued]>
[2023-10-21T22:32:06.811+0900] {taskinstance.py:1308} INFO - Starting attempt 1 of 1
[2023-10-21T22:32:06.822+0900] {taskinstance.py:1327} INFO - Executing <Task(PythonOperator): load_modeling> on 2023-10-21 13:31:00+00:00
[2023-10-21T22:32:06.828+0900] {standard_task_runner.py:57} INFO - Started process 143144 to run task
[2023-10-21T22:32:06.830+0900] {standard_task_runner.py:84} INFO - Running: ['airflow', 'tasks', 'run', 'combined_dag', 'load_modeling', 'scheduled__2023-10-21T13:31:00+00:00', '--job-id', '45', '--raw', '--subdir', 'DAGS_FOLDER/combined_dag(real).py', '--cfg-path', '/tmp/tmp09ygywfn']
[2023-10-21T22:32:06.831+0900] {standard_task_runner.py:85} INFO - Job 45: Subtask load_modeling
[2023-10-21T22:32:07.074+0900] {task_command.py:410} INFO - Running <TaskInstance: combined_dag.load_modeling scheduled__2023-10-21T13:31:00+00:00 [running]> on host DESKTOP-HIRTBK6.
[2023-10-21T22:32:07.422+0900] {taskinstance.py:1547} INFO - Exporting env vars: AIRFLOW_CTX_DAG_OWNER='airflow' AIRFLOW_CTX_DAG_ID='combined_dag' AIRFLOW_CTX_TASK_ID='load_modeling' AIRFLOW_CTX_EXECUTION_DATE='2023-10-21T13:31:00+00:00' AIRFLOW_CTX_TRY_NUMBER='1' AIRFLOW_CTX_DAG_RUN_ID='scheduled__2023-10-21T13:31:00+00:00'
[2023-10-21T22:32:07.503+0900] {logging_mixin.py:150} INFO - /mnt/c/Users/Administrator
[2023-10-21T22:32:07.504+0900] {combined_dag(real).py:158} INFO - /mnt/c/Users/Administrator
[2023-10-21T22:32:07.505+0900] {taskinstance.py:1824} ERROR - Task failed with exception
Traceback (most recent call last):
  File "/home/user/anaconda3/envs/airflow_env/lib/python3.7/site-packages/airflow/operators/python.py", line 181, in execute
    return_value = self.execute_callable()
  File "/home/user/anaconda3/envs/airflow_env/lib/python3.7/site-packages/airflow/operators/python.py", line 198, in execute_callable
    return self.python_callable(*self.op_args, **self.op_kwargs)
  File "/home/user/airflow/dags/combined_dag(real).py", line 160, in load_modeling
    cl_model = load('./models/classify_model.pkl')
  File "/home/user/anaconda3/envs/airflow_env/lib/python3.7/site-packages/joblib/numpy_pickle.py", line 650, in load
    with open(filename, 'rb') as f:
FileNotFoundError: [Errno 2] No such file or directory: './models/classify_model.pkl'
[2023-10-21T22:32:07.582+0900] {taskinstance.py:1350} INFO - Marking task as FAILED. dag_id=combined_dag, task_id=load_modeling, execution_date=20231021T133100, start_date=20231021T133206, end_date=20231021T133207
[2023-10-21T22:32:07.594+0900] {standard_task_runner.py:109} ERROR - Failed to execute job 45 for task load_modeling ([Errno 2] No such file or directory: './models/classify_model.pkl'; 143144)
[2023-10-21T22:32:07.605+0900] {local_task_job_runner.py:225} INFO - Task exited with return code 1
[2023-10-21T22:32:07.696+0900] {taskinstance.py:2653} INFO - 0 downstream tasks scheduled from follow-on schedule check
