[2023-12-20T02:54:21.632+0000] {taskinstance.py:1103} INFO - Dependencies all met for dep_context=non-requeueable deps ti=<TaskInstance: combined_dag.load_modeling scheduled__2023-12-20T02:52:00+00:00 [queued]>
[2023-12-20T02:54:21.640+0000] {taskinstance.py:1103} INFO - Dependencies all met for dep_context=requeueable deps ti=<TaskInstance: combined_dag.load_modeling scheduled__2023-12-20T02:52:00+00:00 [queued]>
[2023-12-20T02:54:21.641+0000] {taskinstance.py:1308} INFO - Starting attempt 1 of 1
[2023-12-20T02:54:21.658+0000] {taskinstance.py:1327} INFO - Executing <Task(PythonOperator): load_modeling> on 2023-12-20 02:52:00+00:00
[2023-12-20T02:54:21.664+0000] {standard_task_runner.py:57} INFO - Started process 1598 to run task
[2023-12-20T02:54:21.667+0000] {standard_task_runner.py:84} INFO - Running: ['***', 'tasks', 'run', 'combined_dag', 'load_modeling', 'scheduled__2023-12-20T02:52:00+00:00', '--job-id', '31', '--raw', '--subdir', 'DAGS_FOLDER/combined_dag(real).py', '--cfg-path', '/tmp/tmpiceim38p']
[2023-12-20T02:54:21.670+0000] {standard_task_runner.py:85} INFO - Job 31: Subtask load_modeling
[2023-12-20T02:54:21.717+0000] {task_command.py:410} INFO - Running <TaskInstance: combined_dag.load_modeling scheduled__2023-12-20T02:52:00+00:00 [running]> on host b045abe315e4
[2023-12-20T02:54:21.783+0000] {taskinstance.py:1547} INFO - Exporting env vars: AIRFLOW_CTX_DAG_OWNER='***' AIRFLOW_CTX_DAG_ID='combined_dag' AIRFLOW_CTX_TASK_ID='load_modeling' AIRFLOW_CTX_EXECUTION_DATE='2023-12-20T02:52:00+00:00' AIRFLOW_CTX_TRY_NUMBER='1' AIRFLOW_CTX_DAG_RUN_ID='scheduled__2023-12-20T02:52:00+00:00'
[2023-12-20T02:54:21.793+0000] {logging_mixin.py:150} INFO - /opt/***
[2023-12-20T02:54:21.793+0000] {combined_dag(real).py:158} INFO - /opt/***
[2023-12-20T02:54:23.925+0000] {warnings.py:110} WARNING - /home/***/.local/lib/python3.7/site-packages/sklearn/base.py:451: UserWarning: X does not have valid feature names, but RandomForestClassifier was fitted with feature names
  "X does not have valid feature names, but"

[2023-12-20T02:54:24.021+0000] {warnings.py:110} WARNING - /home/***/.local/lib/python3.7/site-packages/sklearn/base.py:451: UserWarning: X does not have valid feature names, but ExtraTreesClassifier was fitted with feature names
  "X does not have valid feature names, but"

[2023-12-20T02:54:24.484+0000] {warnings.py:110} WARNING - /home/***/.local/lib/python3.7/site-packages/sklearn/base.py:451: UserWarning: X does not have valid feature names, but ExtraTreesRegressor was fitted with feature names
  "X does not have valid feature names, but"

[2023-12-20T02:54:24.495+0000] {python.py:183} INFO - Done. Returned value was: (array([23.30640681]), array([0]))
[2023-12-20T02:54:24.512+0000] {taskinstance.py:1350} INFO - Marking task as SUCCESS. dag_id=combined_dag, task_id=load_modeling, execution_date=20231220T025200, start_date=20231220T025421, end_date=20231220T025424
[2023-12-20T02:54:24.574+0000] {local_task_job_runner.py:225} INFO - Task exited with return code 0
[2023-12-20T02:54:24.595+0000] {taskinstance.py:2653} INFO - 1 downstream tasks scheduled from follow-on schedule check
