[2023-12-18T15:30:09.856+0000] {taskinstance.py:1103} INFO - Dependencies all met for dep_context=non-requeueable deps ti=<TaskInstance: combined_dag.insert_to_db scheduled__2023-12-18T15:29:00+00:00 [queued]>
[2023-12-18T15:30:09.864+0000] {taskinstance.py:1103} INFO - Dependencies all met for dep_context=requeueable deps ti=<TaskInstance: combined_dag.insert_to_db scheduled__2023-12-18T15:29:00+00:00 [queued]>
[2023-12-18T15:30:09.864+0000] {taskinstance.py:1308} INFO - Starting attempt 1 of 1
[2023-12-18T15:30:09.875+0000] {taskinstance.py:1327} INFO - Executing <Task(PythonOperator): insert_to_db> on 2023-12-18 15:29:00+00:00
[2023-12-18T15:30:09.884+0000] {standard_task_runner.py:57} INFO - Started process 246 to run task
[2023-12-18T15:30:09.887+0000] {standard_task_runner.py:84} INFO - Running: ['***', 'tasks', 'run', 'combined_dag', 'insert_to_db', 'scheduled__2023-12-18T15:29:00+00:00', '--job-id', '16', '--raw', '--subdir', 'DAGS_FOLDER/combined_dag(real).py', '--cfg-path', '/tmp/tmp98o1w31a']
[2023-12-18T15:30:09.890+0000] {standard_task_runner.py:85} INFO - Job 16: Subtask insert_to_db
[2023-12-18T15:30:09.929+0000] {task_command.py:410} INFO - Running <TaskInstance: combined_dag.insert_to_db scheduled__2023-12-18T15:29:00+00:00 [running]> on host cd038187919c
[2023-12-18T15:30:09.993+0000] {taskinstance.py:1547} INFO - Exporting env vars: AIRFLOW_CTX_DAG_OWNER='***' AIRFLOW_CTX_DAG_ID='combined_dag' AIRFLOW_CTX_TASK_ID='insert_to_db' AIRFLOW_CTX_EXECUTION_DATE='2023-12-18T15:29:00+00:00' AIRFLOW_CTX_TRY_NUMBER='1' AIRFLOW_CTX_DAG_RUN_ID='scheduled__2023-12-18T15:29:00+00:00'
[2023-12-18T15:30:10.018+0000] {logging_mixin.py:150} INFO - [[9.1368, 6.5959200000000004, 23.72049, 241.04718, 89.24094, 3274.66233]]
[2023-12-18T15:30:10.019+0000] {combined_dag(real).py:87} INFO - [[9.1368, 6.5959200000000004, 23.72049, 241.04718, 89.24094, 3274.66233]]
[2023-12-18T15:30:10.024+0000] {taskinstance.py:1824} ERROR - Task failed with exception
Traceback (most recent call last):
  File "/home/airflow/.local/lib/python3.7/site-packages/airflow/operators/python.py", line 181, in execute
    return_value = self.execute_callable()
  File "/home/airflow/.local/lib/python3.7/site-packages/airflow/operators/python.py", line 198, in execute_callable
    return self.python_callable(*self.op_args, **self.op_kwargs)
  File "/opt/airflow/dags/combined_dag(real).py", line 97, in insert_to_db
    user="postgres",
  File "/home/airflow/.local/lib/python3.7/site-packages/psycopg2/__init__.py", line 122, in connect
    conn = _connect(dsn, connection_factory=connection_factory, **kwasync)
psycopg2.OperationalError: connection to server at "192.168.35.81", port 5432 failed: FATAL:  role "postgres" does not exist

[2023-12-18T15:30:10.030+0000] {taskinstance.py:1350} INFO - Marking task as FAILED. dag_id=combined_dag, task_id=insert_to_db, execution_date=20231218T152900, start_date=20231218T153009, end_date=20231218T153010
[2023-12-18T15:30:10.039+0000] {standard_task_runner.py:109} ERROR - Failed to execute job 16 for task insert_to_db (connection to server at "192.168.35.81", port 5432 failed: FATAL:  role "postgres" does not exist
; 246)
[2023-12-18T15:30:10.058+0000] {local_task_job_runner.py:225} INFO - Task exited with return code 1
[2023-12-18T15:30:10.076+0000] {taskinstance.py:2653} INFO - 0 downstream tasks scheduled from follow-on schedule check
