[2023-12-24T00:40:48.183+0000] {processor.py:157} INFO - Started process (PID=31) to work on /opt/airflow/dags/another_produce.py
[2023-12-24T00:40:48.184+0000] {processor.py:826} INFO - Processing file /opt/airflow/dags/another_produce.py for tasks to queue
[2023-12-24T00:40:48.185+0000] {logging_mixin.py:150} INFO - [2023-12-24T00:40:48.185+0000] {dagbag.py:541} INFO - Filling up the DagBag from /opt/airflow/dags/another_produce.py
[2023-12-24T00:40:48.258+0000] {processor.py:836} INFO - DAG(s) dict_keys(['kafka_message_producer']) retrieved from /opt/airflow/dags/another_produce.py
[2023-12-24T00:40:48.365+0000] {logging_mixin.py:150} INFO - [2023-12-24T00:40:48.365+0000] {dag.py:2742} INFO - Sync 1 DAGs
[2023-12-24T00:40:48.386+0000] {logging_mixin.py:150} INFO - [2023-12-24T00:40:48.386+0000] {dag.py:3508} INFO - Setting next_dagrun for kafka_message_producer to None, run_after=None
[2023-12-24T00:40:48.402+0000] {processor.py:179} INFO - Processing /opt/airflow/dags/another_produce.py took 0.221 seconds
[2023-12-24T00:41:18.440+0000] {processor.py:157} INFO - Started process (PID=147) to work on /opt/airflow/dags/another_produce.py
[2023-12-24T00:41:18.441+0000] {processor.py:826} INFO - Processing file /opt/airflow/dags/another_produce.py for tasks to queue
[2023-12-24T00:41:18.441+0000] {logging_mixin.py:150} INFO - [2023-12-24T00:41:18.441+0000] {dagbag.py:541} INFO - Filling up the DagBag from /opt/airflow/dags/another_produce.py
[2023-12-24T00:41:18.469+0000] {processor.py:836} INFO - DAG(s) dict_keys(['kafka_message_producer']) retrieved from /opt/airflow/dags/another_produce.py
[2023-12-24T00:41:18.490+0000] {logging_mixin.py:150} INFO - [2023-12-24T00:41:18.490+0000] {dag.py:2742} INFO - Sync 1 DAGs
[2023-12-24T00:41:18.506+0000] {logging_mixin.py:150} INFO - [2023-12-24T00:41:18.506+0000] {dag.py:3508} INFO - Setting next_dagrun for kafka_message_producer to None, run_after=None
[2023-12-24T00:41:18.520+0000] {processor.py:179} INFO - Processing /opt/airflow/dags/another_produce.py took 0.083 seconds
[2023-12-24T00:41:49.179+0000] {processor.py:157} INFO - Started process (PID=254) to work on /opt/airflow/dags/another_produce.py
[2023-12-24T00:41:49.181+0000] {processor.py:826} INFO - Processing file /opt/airflow/dags/another_produce.py for tasks to queue
[2023-12-24T00:41:49.181+0000] {logging_mixin.py:150} INFO - [2023-12-24T00:41:49.181+0000] {dagbag.py:541} INFO - Filling up the DagBag from /opt/airflow/dags/another_produce.py
[2023-12-24T00:41:49.210+0000] {processor.py:836} INFO - DAG(s) dict_keys(['kafka_message_producer']) retrieved from /opt/airflow/dags/another_produce.py
[2023-12-24T00:41:49.231+0000] {logging_mixin.py:150} INFO - [2023-12-24T00:41:49.231+0000] {dag.py:2742} INFO - Sync 1 DAGs
[2023-12-24T00:41:49.249+0000] {logging_mixin.py:150} INFO - [2023-12-24T00:41:49.248+0000] {dag.py:3508} INFO - Setting next_dagrun for kafka_message_producer to None, run_after=None
[2023-12-24T00:41:49.261+0000] {processor.py:179} INFO - Processing /opt/airflow/dags/another_produce.py took 0.086 seconds
[2023-12-24T00:42:19.830+0000] {processor.py:157} INFO - Started process (PID=370) to work on /opt/airflow/dags/another_produce.py
[2023-12-24T00:42:19.832+0000] {processor.py:826} INFO - Processing file /opt/airflow/dags/another_produce.py for tasks to queue
[2023-12-24T00:42:19.833+0000] {logging_mixin.py:150} INFO - [2023-12-24T00:42:19.832+0000] {dagbag.py:541} INFO - Filling up the DagBag from /opt/airflow/dags/another_produce.py
[2023-12-24T00:42:19.868+0000] {processor.py:836} INFO - DAG(s) dict_keys(['kafka_message_producer']) retrieved from /opt/airflow/dags/another_produce.py
[2023-12-24T00:42:19.889+0000] {logging_mixin.py:150} INFO - [2023-12-24T00:42:19.889+0000] {dag.py:2742} INFO - Sync 1 DAGs
[2023-12-24T00:42:19.907+0000] {logging_mixin.py:150} INFO - [2023-12-24T00:42:19.906+0000] {dag.py:3508} INFO - Setting next_dagrun for kafka_message_producer to None, run_after=None
[2023-12-24T00:42:19.921+0000] {processor.py:179} INFO - Processing /opt/airflow/dags/another_produce.py took 0.094 seconds
[2023-12-24T00:42:50.632+0000] {processor.py:157} INFO - Started process (PID=487) to work on /opt/airflow/dags/another_produce.py
[2023-12-24T00:42:50.633+0000] {processor.py:826} INFO - Processing file /opt/airflow/dags/another_produce.py for tasks to queue
[2023-12-24T00:42:50.633+0000] {logging_mixin.py:150} INFO - [2023-12-24T00:42:50.633+0000] {dagbag.py:541} INFO - Filling up the DagBag from /opt/airflow/dags/another_produce.py
[2023-12-24T00:42:50.662+0000] {processor.py:836} INFO - DAG(s) dict_keys(['kafka_message_producer']) retrieved from /opt/airflow/dags/another_produce.py
[2023-12-24T00:42:50.682+0000] {logging_mixin.py:150} INFO - [2023-12-24T00:42:50.682+0000] {dag.py:2742} INFO - Sync 1 DAGs
[2023-12-24T00:42:50.699+0000] {logging_mixin.py:150} INFO - [2023-12-24T00:42:50.699+0000] {dag.py:3508} INFO - Setting next_dagrun for kafka_message_producer to None, run_after=None
[2023-12-24T00:42:50.712+0000] {processor.py:179} INFO - Processing /opt/airflow/dags/another_produce.py took 0.083 seconds
[2023-12-24T00:43:21.571+0000] {processor.py:157} INFO - Started process (PID=601) to work on /opt/airflow/dags/another_produce.py
[2023-12-24T00:43:21.572+0000] {processor.py:826} INFO - Processing file /opt/airflow/dags/another_produce.py for tasks to queue
[2023-12-24T00:43:21.573+0000] {logging_mixin.py:150} INFO - [2023-12-24T00:43:21.572+0000] {dagbag.py:541} INFO - Filling up the DagBag from /opt/airflow/dags/another_produce.py
[2023-12-24T00:43:21.606+0000] {processor.py:836} INFO - DAG(s) dict_keys(['kafka_message_producer']) retrieved from /opt/airflow/dags/another_produce.py
[2023-12-24T00:43:21.628+0000] {logging_mixin.py:150} INFO - [2023-12-24T00:43:21.628+0000] {dag.py:2742} INFO - Sync 1 DAGs
[2023-12-24T00:43:21.647+0000] {logging_mixin.py:150} INFO - [2023-12-24T00:43:21.647+0000] {dag.py:3508} INFO - Setting next_dagrun for kafka_message_producer to None, run_after=None
[2023-12-24T00:43:21.663+0000] {processor.py:179} INFO - Processing /opt/airflow/dags/another_produce.py took 0.094 seconds
[2023-12-24T00:43:52.317+0000] {processor.py:157} INFO - Started process (PID=710) to work on /opt/airflow/dags/another_produce.py
[2023-12-24T00:43:52.318+0000] {processor.py:826} INFO - Processing file /opt/airflow/dags/another_produce.py for tasks to queue
[2023-12-24T00:43:52.318+0000] {logging_mixin.py:150} INFO - [2023-12-24T00:43:52.318+0000] {dagbag.py:541} INFO - Filling up the DagBag from /opt/airflow/dags/another_produce.py
[2023-12-24T00:43:52.349+0000] {processor.py:836} INFO - DAG(s) dict_keys(['kafka_message_producer']) retrieved from /opt/airflow/dags/another_produce.py
[2023-12-24T00:43:52.371+0000] {logging_mixin.py:150} INFO - [2023-12-24T00:43:52.371+0000] {dag.py:2742} INFO - Sync 1 DAGs
[2023-12-24T00:43:52.387+0000] {logging_mixin.py:150} INFO - [2023-12-24T00:43:52.387+0000] {dag.py:3508} INFO - Setting next_dagrun for kafka_message_producer to None, run_after=None
[2023-12-24T00:43:52.400+0000] {processor.py:179} INFO - Processing /opt/airflow/dags/another_produce.py took 0.085 seconds
[2023-12-24T00:44:23.121+0000] {processor.py:157} INFO - Started process (PID=826) to work on /opt/airflow/dags/another_produce.py
[2023-12-24T00:44:23.123+0000] {processor.py:826} INFO - Processing file /opt/airflow/dags/another_produce.py for tasks to queue
[2023-12-24T00:44:23.124+0000] {logging_mixin.py:150} INFO - [2023-12-24T00:44:23.124+0000] {dagbag.py:541} INFO - Filling up the DagBag from /opt/airflow/dags/another_produce.py
[2023-12-24T00:44:23.151+0000] {processor.py:836} INFO - DAG(s) dict_keys(['kafka_message_producer']) retrieved from /opt/airflow/dags/another_produce.py
[2023-12-24T00:44:23.172+0000] {logging_mixin.py:150} INFO - [2023-12-24T00:44:23.172+0000] {dag.py:2742} INFO - Sync 1 DAGs
[2023-12-24T00:44:23.190+0000] {logging_mixin.py:150} INFO - [2023-12-24T00:44:23.190+0000] {dag.py:3508} INFO - Setting next_dagrun for kafka_message_producer to None, run_after=None
[2023-12-24T00:44:23.202+0000] {processor.py:179} INFO - Processing /opt/airflow/dags/another_produce.py took 0.083 seconds
[2023-12-24T00:44:53.969+0000] {processor.py:157} INFO - Started process (PID=942) to work on /opt/airflow/dags/another_produce.py
[2023-12-24T00:44:53.971+0000] {processor.py:826} INFO - Processing file /opt/airflow/dags/another_produce.py for tasks to queue
[2023-12-24T00:44:53.972+0000] {logging_mixin.py:150} INFO - [2023-12-24T00:44:53.971+0000] {dagbag.py:541} INFO - Filling up the DagBag from /opt/airflow/dags/another_produce.py
[2023-12-24T00:44:54.000+0000] {processor.py:836} INFO - DAG(s) dict_keys(['kafka_message_producer']) retrieved from /opt/airflow/dags/another_produce.py
[2023-12-24T00:44:54.023+0000] {logging_mixin.py:150} INFO - [2023-12-24T00:44:54.023+0000] {dag.py:2742} INFO - Sync 1 DAGs
[2023-12-24T00:44:54.041+0000] {logging_mixin.py:150} INFO - [2023-12-24T00:44:54.040+0000] {dag.py:3508} INFO - Setting next_dagrun for kafka_message_producer to None, run_after=None
[2023-12-24T00:44:54.054+0000] {processor.py:179} INFO - Processing /opt/airflow/dags/another_produce.py took 0.089 seconds
[2023-12-24T00:45:24.589+0000] {processor.py:157} INFO - Started process (PID=1049) to work on /opt/airflow/dags/another_produce.py
[2023-12-24T00:45:24.590+0000] {processor.py:826} INFO - Processing file /opt/airflow/dags/another_produce.py for tasks to queue
[2023-12-24T00:45:24.591+0000] {logging_mixin.py:150} INFO - [2023-12-24T00:45:24.590+0000] {dagbag.py:541} INFO - Filling up the DagBag from /opt/airflow/dags/another_produce.py
[2023-12-24T00:45:24.620+0000] {processor.py:836} INFO - DAG(s) dict_keys(['kafka_message_producer']) retrieved from /opt/airflow/dags/another_produce.py
[2023-12-24T00:45:24.642+0000] {logging_mixin.py:150} INFO - [2023-12-24T00:45:24.642+0000] {dag.py:2742} INFO - Sync 1 DAGs
[2023-12-24T00:45:24.660+0000] {logging_mixin.py:150} INFO - [2023-12-24T00:45:24.659+0000] {dag.py:3508} INFO - Setting next_dagrun for kafka_message_producer to None, run_after=None
[2023-12-24T00:45:24.674+0000] {processor.py:179} INFO - Processing /opt/airflow/dags/another_produce.py took 0.087 seconds
[2023-12-24T00:45:55.408+0000] {processor.py:157} INFO - Started process (PID=1165) to work on /opt/airflow/dags/another_produce.py
[2023-12-24T00:45:55.410+0000] {processor.py:826} INFO - Processing file /opt/airflow/dags/another_produce.py for tasks to queue
[2023-12-24T00:45:55.411+0000] {logging_mixin.py:150} INFO - [2023-12-24T00:45:55.411+0000] {dagbag.py:541} INFO - Filling up the DagBag from /opt/airflow/dags/another_produce.py
[2023-12-24T00:45:55.443+0000] {processor.py:836} INFO - DAG(s) dict_keys(['kafka_message_producer']) retrieved from /opt/airflow/dags/another_produce.py
[2023-12-24T00:45:55.465+0000] {logging_mixin.py:150} INFO - [2023-12-24T00:45:55.465+0000] {dag.py:2742} INFO - Sync 1 DAGs
[2023-12-24T00:45:55.485+0000] {logging_mixin.py:150} INFO - [2023-12-24T00:45:55.484+0000] {dag.py:3508} INFO - Setting next_dagrun for kafka_message_producer to None, run_after=None
[2023-12-24T00:45:55.497+0000] {processor.py:179} INFO - Processing /opt/airflow/dags/another_produce.py took 0.092 seconds
[2023-12-24T00:46:26.118+0000] {processor.py:157} INFO - Started process (PID=1281) to work on /opt/airflow/dags/another_produce.py
[2023-12-24T00:46:26.118+0000] {processor.py:826} INFO - Processing file /opt/airflow/dags/another_produce.py for tasks to queue
[2023-12-24T00:46:26.119+0000] {logging_mixin.py:150} INFO - [2023-12-24T00:46:26.119+0000] {dagbag.py:541} INFO - Filling up the DagBag from /opt/airflow/dags/another_produce.py
[2023-12-24T00:46:26.149+0000] {processor.py:836} INFO - DAG(s) dict_keys(['kafka_message_producer']) retrieved from /opt/airflow/dags/another_produce.py
[2023-12-24T00:46:26.169+0000] {logging_mixin.py:150} INFO - [2023-12-24T00:46:26.169+0000] {dag.py:2742} INFO - Sync 1 DAGs
[2023-12-24T00:46:26.189+0000] {logging_mixin.py:150} INFO - [2023-12-24T00:46:26.189+0000] {dag.py:3508} INFO - Setting next_dagrun for kafka_message_producer to None, run_after=None
[2023-12-24T00:46:26.208+0000] {processor.py:179} INFO - Processing /opt/airflow/dags/another_produce.py took 0.093 seconds
[2023-12-24T00:46:56.681+0000] {processor.py:157} INFO - Started process (PID=1430) to work on /opt/airflow/dags/another_produce.py
[2023-12-24T00:46:56.683+0000] {processor.py:826} INFO - Processing file /opt/airflow/dags/another_produce.py for tasks to queue
[2023-12-24T00:46:56.684+0000] {logging_mixin.py:150} INFO - [2023-12-24T00:46:56.684+0000] {dagbag.py:541} INFO - Filling up the DagBag from /opt/airflow/dags/another_produce.py
[2023-12-24T00:46:56.711+0000] {processor.py:836} INFO - DAG(s) dict_keys(['kafka_message_producer']) retrieved from /opt/airflow/dags/another_produce.py
[2023-12-24T00:46:56.732+0000] {logging_mixin.py:150} INFO - [2023-12-24T00:46:56.732+0000] {dag.py:2742} INFO - Sync 1 DAGs
[2023-12-24T00:46:56.749+0000] {logging_mixin.py:150} INFO - [2023-12-24T00:46:56.749+0000] {dag.py:3508} INFO - Setting next_dagrun for kafka_message_producer to None, run_after=None
[2023-12-24T00:46:56.763+0000] {processor.py:179} INFO - Processing /opt/airflow/dags/another_produce.py took 0.085 seconds
[2023-12-24T00:47:27.080+0000] {processor.py:157} INFO - Started process (PID=1567) to work on /opt/airflow/dags/another_produce.py
[2023-12-24T00:47:27.081+0000] {processor.py:826} INFO - Processing file /opt/airflow/dags/another_produce.py for tasks to queue
[2023-12-24T00:47:27.082+0000] {logging_mixin.py:150} INFO - [2023-12-24T00:47:27.081+0000] {dagbag.py:541} INFO - Filling up the DagBag from /opt/airflow/dags/another_produce.py
[2023-12-24T00:47:27.114+0000] {processor.py:836} INFO - DAG(s) dict_keys(['kafka_message_producer']) retrieved from /opt/airflow/dags/another_produce.py
[2023-12-24T00:47:27.138+0000] {logging_mixin.py:150} INFO - [2023-12-24T00:47:27.138+0000] {dag.py:2742} INFO - Sync 1 DAGs
[2023-12-24T00:47:27.157+0000] {logging_mixin.py:150} INFO - [2023-12-24T00:47:27.157+0000] {dag.py:3508} INFO - Setting next_dagrun for kafka_message_producer to None, run_after=None
[2023-12-24T00:47:27.171+0000] {processor.py:179} INFO - Processing /opt/airflow/dags/another_produce.py took 0.095 seconds
[2023-12-24T00:47:57.366+0000] {processor.py:157} INFO - Started process (PID=1674) to work on /opt/airflow/dags/another_produce.py
[2023-12-24T00:47:57.367+0000] {processor.py:826} INFO - Processing file /opt/airflow/dags/another_produce.py for tasks to queue
[2023-12-24T00:47:57.367+0000] {logging_mixin.py:150} INFO - [2023-12-24T00:47:57.367+0000] {dagbag.py:541} INFO - Filling up the DagBag from /opt/airflow/dags/another_produce.py
[2023-12-24T00:47:57.400+0000] {processor.py:836} INFO - DAG(s) dict_keys(['kafka_message_producer']) retrieved from /opt/airflow/dags/another_produce.py
[2023-12-24T00:47:57.421+0000] {logging_mixin.py:150} INFO - [2023-12-24T00:47:57.421+0000] {dag.py:2742} INFO - Sync 1 DAGs
[2023-12-24T00:47:57.439+0000] {logging_mixin.py:150} INFO - [2023-12-24T00:47:57.439+0000] {dag.py:3508} INFO - Setting next_dagrun for kafka_message_producer to None, run_after=None
[2023-12-24T00:47:57.452+0000] {processor.py:179} INFO - Processing /opt/airflow/dags/another_produce.py took 0.089 seconds
[2023-12-24T00:48:27.794+0000] {processor.py:157} INFO - Started process (PID=1790) to work on /opt/airflow/dags/another_produce.py
[2023-12-24T00:48:27.796+0000] {processor.py:826} INFO - Processing file /opt/airflow/dags/another_produce.py for tasks to queue
[2023-12-24T00:48:27.797+0000] {logging_mixin.py:150} INFO - [2023-12-24T00:48:27.797+0000] {dagbag.py:541} INFO - Filling up the DagBag from /opt/airflow/dags/another_produce.py
[2023-12-24T00:48:27.829+0000] {processor.py:836} INFO - DAG(s) dict_keys(['kafka_message_producer']) retrieved from /opt/airflow/dags/another_produce.py
[2023-12-24T00:48:27.850+0000] {logging_mixin.py:150} INFO - [2023-12-24T00:48:27.850+0000] {dag.py:2742} INFO - Sync 1 DAGs
[2023-12-24T00:48:27.868+0000] {logging_mixin.py:150} INFO - [2023-12-24T00:48:27.867+0000] {dag.py:3508} INFO - Setting next_dagrun for kafka_message_producer to None, run_after=None
[2023-12-24T00:48:27.881+0000] {processor.py:179} INFO - Processing /opt/airflow/dags/another_produce.py took 0.091 seconds
[2023-12-24T00:48:58.344+0000] {processor.py:157} INFO - Started process (PID=1905) to work on /opt/airflow/dags/another_produce.py
[2023-12-24T00:48:58.345+0000] {processor.py:826} INFO - Processing file /opt/airflow/dags/another_produce.py for tasks to queue
[2023-12-24T00:48:58.346+0000] {logging_mixin.py:150} INFO - [2023-12-24T00:48:58.346+0000] {dagbag.py:541} INFO - Filling up the DagBag from /opt/airflow/dags/another_produce.py
[2023-12-24T00:48:58.377+0000] {processor.py:836} INFO - DAG(s) dict_keys(['kafka_message_producer']) retrieved from /opt/airflow/dags/another_produce.py
[2023-12-24T00:48:58.399+0000] {logging_mixin.py:150} INFO - [2023-12-24T00:48:58.399+0000] {dag.py:2742} INFO - Sync 1 DAGs
[2023-12-24T00:48:58.418+0000] {logging_mixin.py:150} INFO - [2023-12-24T00:48:58.417+0000] {dag.py:3508} INFO - Setting next_dagrun for kafka_message_producer to None, run_after=None
[2023-12-24T00:48:58.431+0000] {processor.py:179} INFO - Processing /opt/airflow/dags/another_produce.py took 0.091 seconds
[2023-12-24T00:49:28.735+0000] {processor.py:157} INFO - Started process (PID=2012) to work on /opt/airflow/dags/another_produce.py
[2023-12-24T00:49:28.736+0000] {processor.py:826} INFO - Processing file /opt/airflow/dags/another_produce.py for tasks to queue
[2023-12-24T00:49:28.736+0000] {logging_mixin.py:150} INFO - [2023-12-24T00:49:28.736+0000] {dagbag.py:541} INFO - Filling up the DagBag from /opt/airflow/dags/another_produce.py
[2023-12-24T00:49:28.763+0000] {processor.py:836} INFO - DAG(s) dict_keys(['kafka_message_producer']) retrieved from /opt/airflow/dags/another_produce.py
[2023-12-24T00:49:28.785+0000] {logging_mixin.py:150} INFO - [2023-12-24T00:49:28.785+0000] {dag.py:2742} INFO - Sync 1 DAGs
[2023-12-24T00:49:28.802+0000] {logging_mixin.py:150} INFO - [2023-12-24T00:49:28.802+0000] {dag.py:3508} INFO - Setting next_dagrun for kafka_message_producer to None, run_after=None
[2023-12-24T00:49:28.816+0000] {processor.py:179} INFO - Processing /opt/airflow/dags/another_produce.py took 0.083 seconds
[2023-12-24T00:49:59.155+0000] {processor.py:157} INFO - Started process (PID=2128) to work on /opt/airflow/dags/another_produce.py
[2023-12-24T00:49:59.158+0000] {processor.py:826} INFO - Processing file /opt/airflow/dags/another_produce.py for tasks to queue
[2023-12-24T00:49:59.159+0000] {logging_mixin.py:150} INFO - [2023-12-24T00:49:59.159+0000] {dagbag.py:541} INFO - Filling up the DagBag from /opt/airflow/dags/another_produce.py
[2023-12-24T00:49:59.192+0000] {processor.py:836} INFO - DAG(s) dict_keys(['kafka_message_producer']) retrieved from /opt/airflow/dags/another_produce.py
[2023-12-24T00:49:59.213+0000] {logging_mixin.py:150} INFO - [2023-12-24T00:49:59.213+0000] {dag.py:2742} INFO - Sync 1 DAGs
[2023-12-24T00:49:59.229+0000] {logging_mixin.py:150} INFO - [2023-12-24T00:49:59.229+0000] {dag.py:3508} INFO - Setting next_dagrun for kafka_message_producer to None, run_after=None
[2023-12-24T00:49:59.242+0000] {processor.py:179} INFO - Processing /opt/airflow/dags/another_produce.py took 0.090 seconds
[2023-12-24T00:50:29.713+0000] {processor.py:157} INFO - Started process (PID=2244) to work on /opt/airflow/dags/another_produce.py
[2023-12-24T00:50:29.714+0000] {processor.py:826} INFO - Processing file /opt/airflow/dags/another_produce.py for tasks to queue
[2023-12-24T00:50:29.715+0000] {logging_mixin.py:150} INFO - [2023-12-24T00:50:29.714+0000] {dagbag.py:541} INFO - Filling up the DagBag from /opt/airflow/dags/another_produce.py
[2023-12-24T00:50:29.744+0000] {processor.py:836} INFO - DAG(s) dict_keys(['kafka_message_producer']) retrieved from /opt/airflow/dags/another_produce.py
[2023-12-24T00:50:29.767+0000] {logging_mixin.py:150} INFO - [2023-12-24T00:50:29.767+0000] {dag.py:2742} INFO - Sync 1 DAGs
[2023-12-24T00:50:29.784+0000] {logging_mixin.py:150} INFO - [2023-12-24T00:50:29.784+0000] {dag.py:3508} INFO - Setting next_dagrun for kafka_message_producer to None, run_after=None
[2023-12-24T00:50:29.797+0000] {processor.py:179} INFO - Processing /opt/airflow/dags/another_produce.py took 0.087 seconds
[2023-12-24T00:51:00.478+0000] {processor.py:157} INFO - Started process (PID=2354) to work on /opt/airflow/dags/another_produce.py
[2023-12-24T00:51:00.479+0000] {processor.py:826} INFO - Processing file /opt/airflow/dags/another_produce.py for tasks to queue
[2023-12-24T00:51:00.480+0000] {logging_mixin.py:150} INFO - [2023-12-24T00:51:00.480+0000] {dagbag.py:541} INFO - Filling up the DagBag from /opt/airflow/dags/another_produce.py
[2023-12-24T00:51:00.516+0000] {processor.py:836} INFO - DAG(s) dict_keys(['kafka_message_producer']) retrieved from /opt/airflow/dags/another_produce.py
[2023-12-24T00:51:00.540+0000] {logging_mixin.py:150} INFO - [2023-12-24T00:51:00.540+0000] {dag.py:2742} INFO - Sync 1 DAGs
[2023-12-24T00:51:00.560+0000] {logging_mixin.py:150} INFO - [2023-12-24T00:51:00.560+0000] {dag.py:3508} INFO - Setting next_dagrun for kafka_message_producer to None, run_after=None
[2023-12-24T00:51:00.575+0000] {processor.py:179} INFO - Processing /opt/airflow/dags/another_produce.py took 0.100 seconds
[2023-12-24T00:51:31.118+0000] {processor.py:157} INFO - Started process (PID=2449) to work on /opt/airflow/dags/another_produce.py
[2023-12-24T00:51:31.119+0000] {processor.py:826} INFO - Processing file /opt/airflow/dags/another_produce.py for tasks to queue
[2023-12-24T00:51:31.120+0000] {logging_mixin.py:150} INFO - [2023-12-24T00:51:31.119+0000] {dagbag.py:541} INFO - Filling up the DagBag from /opt/airflow/dags/another_produce.py
[2023-12-24T00:51:31.149+0000] {processor.py:836} INFO - DAG(s) dict_keys(['kafka_message_producer']) retrieved from /opt/airflow/dags/another_produce.py
[2023-12-24T00:51:31.169+0000] {logging_mixin.py:150} INFO - [2023-12-24T00:51:31.169+0000] {dag.py:2742} INFO - Sync 1 DAGs
[2023-12-24T00:51:31.186+0000] {logging_mixin.py:150} INFO - [2023-12-24T00:51:31.186+0000] {dag.py:3508} INFO - Setting next_dagrun for kafka_message_producer to None, run_after=None
[2023-12-24T00:51:31.202+0000] {processor.py:179} INFO - Processing /opt/airflow/dags/another_produce.py took 0.086 seconds
[2023-12-24T00:52:02.097+0000] {processor.py:157} INFO - Started process (PID=2565) to work on /opt/airflow/dags/another_produce.py
[2023-12-24T00:52:02.100+0000] {processor.py:826} INFO - Processing file /opt/airflow/dags/another_produce.py for tasks to queue
[2023-12-24T00:52:02.101+0000] {logging_mixin.py:150} INFO - [2023-12-24T00:52:02.100+0000] {dagbag.py:541} INFO - Filling up the DagBag from /opt/airflow/dags/another_produce.py
[2023-12-24T00:52:02.139+0000] {processor.py:836} INFO - DAG(s) dict_keys(['kafka_message_producer']) retrieved from /opt/airflow/dags/another_produce.py
[2023-12-24T00:52:02.161+0000] {logging_mixin.py:150} INFO - [2023-12-24T00:52:02.161+0000] {dag.py:2742} INFO - Sync 1 DAGs
[2023-12-24T00:52:02.180+0000] {logging_mixin.py:150} INFO - [2023-12-24T00:52:02.179+0000] {dag.py:3508} INFO - Setting next_dagrun for kafka_message_producer to None, run_after=None
[2023-12-24T00:52:02.196+0000] {processor.py:179} INFO - Processing /opt/airflow/dags/another_produce.py took 0.103 seconds
[2023-12-24T00:52:32.315+0000] {processor.py:157} INFO - Started process (PID=2672) to work on /opt/airflow/dags/another_produce.py
[2023-12-24T00:52:32.315+0000] {processor.py:826} INFO - Processing file /opt/airflow/dags/another_produce.py for tasks to queue
[2023-12-24T00:52:32.316+0000] {logging_mixin.py:150} INFO - [2023-12-24T00:52:32.316+0000] {dagbag.py:541} INFO - Filling up the DagBag from /opt/airflow/dags/another_produce.py
[2023-12-24T00:52:32.343+0000] {processor.py:836} INFO - DAG(s) dict_keys(['kafka_message_producer']) retrieved from /opt/airflow/dags/another_produce.py
[2023-12-24T00:52:32.364+0000] {logging_mixin.py:150} INFO - [2023-12-24T00:52:32.364+0000] {dag.py:2742} INFO - Sync 1 DAGs
[2023-12-24T00:52:32.381+0000] {logging_mixin.py:150} INFO - [2023-12-24T00:52:32.381+0000] {dag.py:3508} INFO - Setting next_dagrun for kafka_message_producer to None, run_after=None
[2023-12-24T00:52:32.397+0000] {processor.py:179} INFO - Processing /opt/airflow/dags/another_produce.py took 0.084 seconds
[2023-12-24T00:53:02.600+0000] {processor.py:157} INFO - Started process (PID=2788) to work on /opt/airflow/dags/another_produce.py
[2023-12-24T00:53:02.607+0000] {processor.py:826} INFO - Processing file /opt/airflow/dags/another_produce.py for tasks to queue
[2023-12-24T00:53:02.607+0000] {logging_mixin.py:150} INFO - [2023-12-24T00:53:02.607+0000] {dagbag.py:541} INFO - Filling up the DagBag from /opt/airflow/dags/another_produce.py
[2023-12-24T00:53:02.635+0000] {processor.py:836} INFO - DAG(s) dict_keys(['kafka_message_producer']) retrieved from /opt/airflow/dags/another_produce.py
[2023-12-24T00:53:02.655+0000] {logging_mixin.py:150} INFO - [2023-12-24T00:53:02.655+0000] {dag.py:2742} INFO - Sync 1 DAGs
[2023-12-24T00:53:02.673+0000] {logging_mixin.py:150} INFO - [2023-12-24T00:53:02.672+0000] {dag.py:3508} INFO - Setting next_dagrun for kafka_message_producer to None, run_after=None
[2023-12-24T00:53:02.686+0000] {processor.py:179} INFO - Processing /opt/airflow/dags/another_produce.py took 0.088 seconds
[2023-12-24T00:53:33.105+0000] {processor.py:157} INFO - Started process (PID=2904) to work on /opt/airflow/dags/another_produce.py
[2023-12-24T00:53:33.106+0000] {processor.py:826} INFO - Processing file /opt/airflow/dags/another_produce.py for tasks to queue
[2023-12-24T00:53:33.106+0000] {logging_mixin.py:150} INFO - [2023-12-24T00:53:33.106+0000] {dagbag.py:541} INFO - Filling up the DagBag from /opt/airflow/dags/another_produce.py
[2023-12-24T00:53:33.134+0000] {processor.py:836} INFO - DAG(s) dict_keys(['kafka_message_producer']) retrieved from /opt/airflow/dags/another_produce.py
[2023-12-24T00:53:33.155+0000] {logging_mixin.py:150} INFO - [2023-12-24T00:53:33.155+0000] {dag.py:2742} INFO - Sync 1 DAGs
[2023-12-24T00:53:33.172+0000] {logging_mixin.py:150} INFO - [2023-12-24T00:53:33.171+0000] {dag.py:3508} INFO - Setting next_dagrun for kafka_message_producer to None, run_after=None
[2023-12-24T00:53:33.191+0000] {processor.py:179} INFO - Processing /opt/airflow/dags/another_produce.py took 0.088 seconds
[2023-12-24T00:54:03.501+0000] {processor.py:157} INFO - Started process (PID=3011) to work on /opt/airflow/dags/another_produce.py
[2023-12-24T00:54:03.503+0000] {processor.py:826} INFO - Processing file /opt/airflow/dags/another_produce.py for tasks to queue
[2023-12-24T00:54:03.504+0000] {logging_mixin.py:150} INFO - [2023-12-24T00:54:03.504+0000] {dagbag.py:541} INFO - Filling up the DagBag from /opt/airflow/dags/another_produce.py
[2023-12-24T00:54:03.534+0000] {processor.py:836} INFO - DAG(s) dict_keys(['kafka_message_producer']) retrieved from /opt/airflow/dags/another_produce.py
[2023-12-24T00:54:03.555+0000] {logging_mixin.py:150} INFO - [2023-12-24T00:54:03.554+0000] {dag.py:2742} INFO - Sync 1 DAGs
[2023-12-24T00:54:03.572+0000] {logging_mixin.py:150} INFO - [2023-12-24T00:54:03.572+0000] {dag.py:3508} INFO - Setting next_dagrun for kafka_message_producer to None, run_after=None
[2023-12-24T00:54:03.585+0000] {processor.py:179} INFO - Processing /opt/airflow/dags/another_produce.py took 0.087 seconds
[2023-12-24T00:54:34.130+0000] {processor.py:157} INFO - Started process (PID=3130) to work on /opt/airflow/dags/another_produce.py
[2023-12-24T00:54:34.132+0000] {processor.py:826} INFO - Processing file /opt/airflow/dags/another_produce.py for tasks to queue
[2023-12-24T00:54:34.133+0000] {logging_mixin.py:150} INFO - [2023-12-24T00:54:34.133+0000] {dagbag.py:541} INFO - Filling up the DagBag from /opt/airflow/dags/another_produce.py
[2023-12-24T00:54:34.163+0000] {processor.py:836} INFO - DAG(s) dict_keys(['kafka_message_producer']) retrieved from /opt/airflow/dags/another_produce.py
[2023-12-24T00:54:34.183+0000] {logging_mixin.py:150} INFO - [2023-12-24T00:54:34.183+0000] {dag.py:2742} INFO - Sync 1 DAGs
[2023-12-24T00:54:34.199+0000] {logging_mixin.py:150} INFO - [2023-12-24T00:54:34.198+0000] {dag.py:3508} INFO - Setting next_dagrun for kafka_message_producer to None, run_after=None
[2023-12-24T00:54:34.212+0000] {processor.py:179} INFO - Processing /opt/airflow/dags/another_produce.py took 0.085 seconds
[2023-12-24T00:55:04.627+0000] {processor.py:157} INFO - Started process (PID=3258) to work on /opt/airflow/dags/another_produce.py
[2023-12-24T00:55:04.628+0000] {processor.py:826} INFO - Processing file /opt/airflow/dags/another_produce.py for tasks to queue
[2023-12-24T00:55:04.629+0000] {logging_mixin.py:150} INFO - [2023-12-24T00:55:04.629+0000] {dagbag.py:541} INFO - Filling up the DagBag from /opt/airflow/dags/another_produce.py
[2023-12-24T00:55:04.672+0000] {processor.py:836} INFO - DAG(s) dict_keys(['kafka_message_producer']) retrieved from /opt/airflow/dags/another_produce.py
[2023-12-24T00:55:04.700+0000] {logging_mixin.py:150} INFO - [2023-12-24T00:55:04.700+0000] {dag.py:2742} INFO - Sync 1 DAGs
[2023-12-24T00:55:04.722+0000] {logging_mixin.py:150} INFO - [2023-12-24T00:55:04.722+0000] {dag.py:3508} INFO - Setting next_dagrun for kafka_message_producer to None, run_after=None
[2023-12-24T00:55:04.737+0000] {processor.py:179} INFO - Processing /opt/airflow/dags/another_produce.py took 0.113 seconds
[2023-12-24T00:55:34.763+0000] {processor.py:157} INFO - Started process (PID=3374) to work on /opt/airflow/dags/another_produce.py
[2023-12-24T00:55:34.764+0000] {processor.py:826} INFO - Processing file /opt/airflow/dags/another_produce.py for tasks to queue
[2023-12-24T00:55:34.764+0000] {logging_mixin.py:150} INFO - [2023-12-24T00:55:34.764+0000] {dagbag.py:541} INFO - Filling up the DagBag from /opt/airflow/dags/another_produce.py
[2023-12-24T00:55:34.792+0000] {processor.py:836} INFO - DAG(s) dict_keys(['kafka_message_producer']) retrieved from /opt/airflow/dags/another_produce.py
[2023-12-24T00:55:34.815+0000] {logging_mixin.py:150} INFO - [2023-12-24T00:55:34.815+0000] {dag.py:2742} INFO - Sync 1 DAGs
[2023-12-24T00:55:34.831+0000] {logging_mixin.py:150} INFO - [2023-12-24T00:55:34.831+0000] {dag.py:3508} INFO - Setting next_dagrun for kafka_message_producer to None, run_after=None
[2023-12-24T00:55:34.842+0000] {processor.py:179} INFO - Processing /opt/airflow/dags/another_produce.py took 0.081 seconds
[2023-12-24T00:56:05.214+0000] {processor.py:157} INFO - Started process (PID=3490) to work on /opt/airflow/dags/another_produce.py
[2023-12-24T00:56:05.215+0000] {processor.py:826} INFO - Processing file /opt/airflow/dags/another_produce.py for tasks to queue
[2023-12-24T00:56:05.216+0000] {logging_mixin.py:150} INFO - [2023-12-24T00:56:05.216+0000] {dagbag.py:541} INFO - Filling up the DagBag from /opt/airflow/dags/another_produce.py
[2023-12-24T00:56:05.243+0000] {processor.py:836} INFO - DAG(s) dict_keys(['kafka_message_producer']) retrieved from /opt/airflow/dags/another_produce.py
[2023-12-24T00:56:05.263+0000] {logging_mixin.py:150} INFO - [2023-12-24T00:56:05.263+0000] {dag.py:2742} INFO - Sync 1 DAGs
[2023-12-24T00:56:05.281+0000] {logging_mixin.py:150} INFO - [2023-12-24T00:56:05.281+0000] {dag.py:3508} INFO - Setting next_dagrun for kafka_message_producer to None, run_after=None
[2023-12-24T00:56:05.298+0000] {processor.py:179} INFO - Processing /opt/airflow/dags/another_produce.py took 0.086 seconds
[2023-12-24T00:56:35.767+0000] {processor.py:157} INFO - Started process (PID=3597) to work on /opt/airflow/dags/another_produce.py
[2023-12-24T00:56:35.768+0000] {processor.py:826} INFO - Processing file /opt/airflow/dags/another_produce.py for tasks to queue
[2023-12-24T00:56:35.769+0000] {logging_mixin.py:150} INFO - [2023-12-24T00:56:35.769+0000] {dagbag.py:541} INFO - Filling up the DagBag from /opt/airflow/dags/another_produce.py
[2023-12-24T00:56:35.796+0000] {processor.py:836} INFO - DAG(s) dict_keys(['kafka_message_producer']) retrieved from /opt/airflow/dags/another_produce.py
[2023-12-24T00:56:35.814+0000] {logging_mixin.py:150} INFO - [2023-12-24T00:56:35.814+0000] {dag.py:2742} INFO - Sync 1 DAGs
[2023-12-24T00:56:35.830+0000] {logging_mixin.py:150} INFO - [2023-12-24T00:56:35.830+0000] {dag.py:3508} INFO - Setting next_dagrun for kafka_message_producer to None, run_after=None
[2023-12-24T00:56:35.841+0000] {processor.py:179} INFO - Processing /opt/airflow/dags/another_produce.py took 0.077 seconds
[2023-12-24T00:57:06.306+0000] {processor.py:157} INFO - Started process (PID=3693) to work on /opt/airflow/dags/another_produce.py
[2023-12-24T00:57:06.311+0000] {processor.py:826} INFO - Processing file /opt/airflow/dags/another_produce.py for tasks to queue
[2023-12-24T00:57:06.312+0000] {logging_mixin.py:150} INFO - [2023-12-24T00:57:06.312+0000] {dagbag.py:541} INFO - Filling up the DagBag from /opt/airflow/dags/another_produce.py
[2023-12-24T00:57:06.365+0000] {processor.py:836} INFO - DAG(s) dict_keys(['kafka_message_producer']) retrieved from /opt/airflow/dags/another_produce.py
[2023-12-24T00:57:06.392+0000] {logging_mixin.py:150} INFO - [2023-12-24T00:57:06.392+0000] {dag.py:2742} INFO - Sync 1 DAGs
[2023-12-24T00:57:06.422+0000] {logging_mixin.py:150} INFO - [2023-12-24T00:57:06.422+0000] {dag.py:3508} INFO - Setting next_dagrun for kafka_message_producer to None, run_after=None
[2023-12-24T00:57:06.442+0000] {processor.py:179} INFO - Processing /opt/airflow/dags/another_produce.py took 0.138 seconds
[2023-12-24T00:57:36.978+0000] {processor.py:157} INFO - Started process (PID=3810) to work on /opt/airflow/dags/another_produce.py
[2023-12-24T00:57:36.980+0000] {processor.py:826} INFO - Processing file /opt/airflow/dags/another_produce.py for tasks to queue
[2023-12-24T00:57:36.981+0000] {logging_mixin.py:150} INFO - [2023-12-24T00:57:36.980+0000] {dagbag.py:541} INFO - Filling up the DagBag from /opt/airflow/dags/another_produce.py
[2023-12-24T00:57:37.016+0000] {processor.py:836} INFO - DAG(s) dict_keys(['kafka_message_producer']) retrieved from /opt/airflow/dags/another_produce.py
[2023-12-24T00:57:37.039+0000] {logging_mixin.py:150} INFO - [2023-12-24T00:57:37.039+0000] {dag.py:2742} INFO - Sync 1 DAGs
[2023-12-24T00:57:37.059+0000] {logging_mixin.py:150} INFO - [2023-12-24T00:57:37.059+0000] {dag.py:3508} INFO - Setting next_dagrun for kafka_message_producer to None, run_after=None
[2023-12-24T00:57:37.075+0000] {processor.py:179} INFO - Processing /opt/airflow/dags/another_produce.py took 0.099 seconds
[2023-12-24T00:58:07.237+0000] {processor.py:157} INFO - Started process (PID=3918) to work on /opt/airflow/dags/another_produce.py
[2023-12-24T00:58:07.238+0000] {processor.py:826} INFO - Processing file /opt/airflow/dags/another_produce.py for tasks to queue
[2023-12-24T00:58:07.239+0000] {logging_mixin.py:150} INFO - [2023-12-24T00:58:07.239+0000] {dagbag.py:541} INFO - Filling up the DagBag from /opt/airflow/dags/another_produce.py
[2023-12-24T00:58:07.269+0000] {processor.py:836} INFO - DAG(s) dict_keys(['kafka_message_producer']) retrieved from /opt/airflow/dags/another_produce.py
[2023-12-24T00:58:07.288+0000] {logging_mixin.py:150} INFO - [2023-12-24T00:58:07.288+0000] {dag.py:2742} INFO - Sync 1 DAGs
[2023-12-24T00:58:07.305+0000] {logging_mixin.py:150} INFO - [2023-12-24T00:58:07.305+0000] {dag.py:3508} INFO - Setting next_dagrun for kafka_message_producer to None, run_after=None
[2023-12-24T00:58:07.321+0000] {processor.py:179} INFO - Processing /opt/airflow/dags/another_produce.py took 0.086 seconds
[2023-12-24T00:58:38.189+0000] {processor.py:157} INFO - Started process (PID=4014) to work on /opt/airflow/dags/another_produce.py
[2023-12-24T00:58:38.191+0000] {processor.py:826} INFO - Processing file /opt/airflow/dags/another_produce.py for tasks to queue
[2023-12-24T00:58:38.192+0000] {logging_mixin.py:150} INFO - [2023-12-24T00:58:38.191+0000] {dagbag.py:541} INFO - Filling up the DagBag from /opt/airflow/dags/another_produce.py
[2023-12-24T00:58:38.255+0000] {processor.py:836} INFO - DAG(s) dict_keys(['kafka_message_producer']) retrieved from /opt/airflow/dags/another_produce.py
[2023-12-24T00:58:38.282+0000] {logging_mixin.py:150} INFO - [2023-12-24T00:58:38.281+0000] {dag.py:2742} INFO - Sync 1 DAGs
[2023-12-24T00:58:38.312+0000] {logging_mixin.py:150} INFO - [2023-12-24T00:58:38.312+0000] {dag.py:3508} INFO - Setting next_dagrun for kafka_message_producer to None, run_after=None
[2023-12-24T00:58:38.330+0000] {processor.py:179} INFO - Processing /opt/airflow/dags/another_produce.py took 0.145 seconds
[2023-12-24T00:59:09.016+0000] {processor.py:157} INFO - Started process (PID=4130) to work on /opt/airflow/dags/another_produce.py
[2023-12-24T00:59:09.017+0000] {processor.py:826} INFO - Processing file /opt/airflow/dags/another_produce.py for tasks to queue
[2023-12-24T00:59:09.018+0000] {logging_mixin.py:150} INFO - [2023-12-24T00:59:09.017+0000] {dagbag.py:541} INFO - Filling up the DagBag from /opt/airflow/dags/another_produce.py
[2023-12-24T00:59:09.067+0000] {processor.py:836} INFO - DAG(s) dict_keys(['kafka_message_producer']) retrieved from /opt/airflow/dags/another_produce.py
[2023-12-24T00:59:09.101+0000] {logging_mixin.py:150} INFO - [2023-12-24T00:59:09.101+0000] {dag.py:2742} INFO - Sync 1 DAGs
[2023-12-24T00:59:09.133+0000] {logging_mixin.py:150} INFO - [2023-12-24T00:59:09.132+0000] {dag.py:3508} INFO - Setting next_dagrun for kafka_message_producer to None, run_after=None
[2023-12-24T00:59:09.149+0000] {processor.py:179} INFO - Processing /opt/airflow/dags/another_produce.py took 0.135 seconds
[2023-12-24T00:59:39.209+0000] {processor.py:157} INFO - Started process (PID=4236) to work on /opt/airflow/dags/another_produce.py
[2023-12-24T00:59:39.211+0000] {processor.py:826} INFO - Processing file /opt/airflow/dags/another_produce.py for tasks to queue
[2023-12-24T00:59:39.212+0000] {logging_mixin.py:150} INFO - [2023-12-24T00:59:39.212+0000] {dagbag.py:541} INFO - Filling up the DagBag from /opt/airflow/dags/another_produce.py
[2023-12-24T00:59:39.240+0000] {processor.py:836} INFO - DAG(s) dict_keys(['kafka_message_producer']) retrieved from /opt/airflow/dags/another_produce.py
[2023-12-24T00:59:39.259+0000] {logging_mixin.py:150} INFO - [2023-12-24T00:59:39.259+0000] {dag.py:2742} INFO - Sync 1 DAGs
[2023-12-24T00:59:39.275+0000] {logging_mixin.py:150} INFO - [2023-12-24T00:59:39.274+0000] {dag.py:3508} INFO - Setting next_dagrun for kafka_message_producer to None, run_after=None
[2023-12-24T00:59:39.288+0000] {processor.py:179} INFO - Processing /opt/airflow/dags/another_produce.py took 0.081 seconds
[2023-12-24T01:00:09.790+0000] {processor.py:157} INFO - Started process (PID=4353) to work on /opt/airflow/dags/another_produce.py
[2023-12-24T01:00:09.792+0000] {processor.py:826} INFO - Processing file /opt/airflow/dags/another_produce.py for tasks to queue
[2023-12-24T01:00:09.792+0000] {logging_mixin.py:150} INFO - [2023-12-24T01:00:09.792+0000] {dagbag.py:541} INFO - Filling up the DagBag from /opt/airflow/dags/another_produce.py
[2023-12-24T01:00:09.821+0000] {processor.py:836} INFO - DAG(s) dict_keys(['kafka_message_producer']) retrieved from /opt/airflow/dags/another_produce.py
[2023-12-24T01:00:09.842+0000] {logging_mixin.py:150} INFO - [2023-12-24T01:00:09.842+0000] {dag.py:2742} INFO - Sync 1 DAGs
[2023-12-24T01:00:09.860+0000] {logging_mixin.py:150} INFO - [2023-12-24T01:00:09.860+0000] {dag.py:3508} INFO - Setting next_dagrun for kafka_message_producer to None, run_after=None
[2023-12-24T01:00:09.880+0000] {processor.py:179} INFO - Processing /opt/airflow/dags/another_produce.py took 0.092 seconds
[2023-12-24T01:00:39.953+0000] {processor.py:157} INFO - Started process (PID=4460) to work on /opt/airflow/dags/another_produce.py
[2023-12-24T01:00:39.953+0000] {processor.py:826} INFO - Processing file /opt/airflow/dags/another_produce.py for tasks to queue
[2023-12-24T01:00:39.954+0000] {logging_mixin.py:150} INFO - [2023-12-24T01:00:39.954+0000] {dagbag.py:541} INFO - Filling up the DagBag from /opt/airflow/dags/another_produce.py
[2023-12-24T01:00:39.983+0000] {processor.py:836} INFO - DAG(s) dict_keys(['kafka_message_producer']) retrieved from /opt/airflow/dags/another_produce.py
[2023-12-24T01:00:40.003+0000] {logging_mixin.py:150} INFO - [2023-12-24T01:00:40.003+0000] {dag.py:2742} INFO - Sync 1 DAGs
[2023-12-24T01:00:40.019+0000] {logging_mixin.py:150} INFO - [2023-12-24T01:00:40.019+0000] {dag.py:3508} INFO - Setting next_dagrun for kafka_message_producer to None, run_after=None
[2023-12-24T01:00:40.031+0000] {processor.py:179} INFO - Processing /opt/airflow/dags/another_produce.py took 0.081 seconds
[2023-12-24T01:01:10.324+0000] {processor.py:157} INFO - Started process (PID=4555) to work on /opt/airflow/dags/another_produce.py
[2023-12-24T01:01:10.327+0000] {processor.py:826} INFO - Processing file /opt/airflow/dags/another_produce.py for tasks to queue
[2023-12-24T01:01:10.328+0000] {logging_mixin.py:150} INFO - [2023-12-24T01:01:10.328+0000] {dagbag.py:541} INFO - Filling up the DagBag from /opt/airflow/dags/another_produce.py
[2023-12-24T01:01:10.378+0000] {processor.py:836} INFO - DAG(s) dict_keys(['kafka_message_producer']) retrieved from /opt/airflow/dags/another_produce.py
[2023-12-24T01:01:10.406+0000] {logging_mixin.py:150} INFO - [2023-12-24T01:01:10.406+0000] {dag.py:2742} INFO - Sync 1 DAGs
[2023-12-24T01:01:10.444+0000] {logging_mixin.py:150} INFO - [2023-12-24T01:01:10.444+0000] {dag.py:3508} INFO - Setting next_dagrun for kafka_message_producer to None, run_after=None
[2023-12-24T01:01:10.464+0000] {processor.py:179} INFO - Processing /opt/airflow/dags/another_produce.py took 0.144 seconds
[2023-12-24T01:01:40.821+0000] {processor.py:157} INFO - Started process (PID=4671) to work on /opt/airflow/dags/another_produce.py
[2023-12-24T01:01:40.823+0000] {processor.py:826} INFO - Processing file /opt/airflow/dags/another_produce.py for tasks to queue
[2023-12-24T01:01:40.824+0000] {logging_mixin.py:150} INFO - [2023-12-24T01:01:40.824+0000] {dagbag.py:541} INFO - Filling up the DagBag from /opt/airflow/dags/another_produce.py
[2023-12-24T01:01:40.855+0000] {processor.py:836} INFO - DAG(s) dict_keys(['kafka_message_producer']) retrieved from /opt/airflow/dags/another_produce.py
[2023-12-24T01:01:40.876+0000] {logging_mixin.py:150} INFO - [2023-12-24T01:01:40.875+0000] {dag.py:2742} INFO - Sync 1 DAGs
[2023-12-24T01:01:40.892+0000] {logging_mixin.py:150} INFO - [2023-12-24T01:01:40.892+0000] {dag.py:3508} INFO - Setting next_dagrun for kafka_message_producer to None, run_after=None
[2023-12-24T01:01:40.907+0000] {processor.py:179} INFO - Processing /opt/airflow/dags/another_produce.py took 0.090 seconds
[2023-12-24T01:02:11.382+0000] {processor.py:157} INFO - Started process (PID=4779) to work on /opt/airflow/dags/another_produce.py
[2023-12-24T01:02:11.385+0000] {processor.py:826} INFO - Processing file /opt/airflow/dags/another_produce.py for tasks to queue
[2023-12-24T01:02:11.386+0000] {logging_mixin.py:150} INFO - [2023-12-24T01:02:11.385+0000] {dagbag.py:541} INFO - Filling up the DagBag from /opt/airflow/dags/another_produce.py
[2023-12-24T01:02:11.414+0000] {processor.py:836} INFO - DAG(s) dict_keys(['kafka_message_producer']) retrieved from /opt/airflow/dags/another_produce.py
[2023-12-24T01:02:11.435+0000] {logging_mixin.py:150} INFO - [2023-12-24T01:02:11.435+0000] {dag.py:2742} INFO - Sync 1 DAGs
[2023-12-24T01:02:11.452+0000] {logging_mixin.py:150} INFO - [2023-12-24T01:02:11.452+0000] {dag.py:3508} INFO - Setting next_dagrun for kafka_message_producer to None, run_after=None
[2023-12-24T01:02:11.467+0000] {processor.py:179} INFO - Processing /opt/airflow/dags/another_produce.py took 0.087 seconds
[2023-12-24T01:02:41.804+0000] {processor.py:157} INFO - Started process (PID=4896) to work on /opt/airflow/dags/another_produce.py
[2023-12-24T01:02:41.805+0000] {processor.py:826} INFO - Processing file /opt/airflow/dags/another_produce.py for tasks to queue
[2023-12-24T01:02:41.806+0000] {logging_mixin.py:150} INFO - [2023-12-24T01:02:41.806+0000] {dagbag.py:541} INFO - Filling up the DagBag from /opt/airflow/dags/another_produce.py
[2023-12-24T01:02:41.833+0000] {processor.py:836} INFO - DAG(s) dict_keys(['kafka_message_producer']) retrieved from /opt/airflow/dags/another_produce.py
[2023-12-24T01:02:41.855+0000] {logging_mixin.py:150} INFO - [2023-12-24T01:02:41.855+0000] {dag.py:2742} INFO - Sync 1 DAGs
[2023-12-24T01:02:41.873+0000] {logging_mixin.py:150} INFO - [2023-12-24T01:02:41.873+0000] {dag.py:3508} INFO - Setting next_dagrun for kafka_message_producer to None, run_after=None
[2023-12-24T01:02:41.891+0000] {processor.py:179} INFO - Processing /opt/airflow/dags/another_produce.py took 0.090 seconds
[2023-12-24T01:03:11.911+0000] {processor.py:157} INFO - Started process (PID=5013) to work on /opt/airflow/dags/another_produce.py
[2023-12-24T01:03:11.913+0000] {processor.py:826} INFO - Processing file /opt/airflow/dags/another_produce.py for tasks to queue
[2023-12-24T01:03:11.913+0000] {logging_mixin.py:150} INFO - [2023-12-24T01:03:11.913+0000] {dagbag.py:541} INFO - Filling up the DagBag from /opt/airflow/dags/another_produce.py
[2023-12-24T01:03:11.942+0000] {processor.py:836} INFO - DAG(s) dict_keys(['kafka_message_producer']) retrieved from /opt/airflow/dags/another_produce.py
[2023-12-24T01:03:11.964+0000] {logging_mixin.py:150} INFO - [2023-12-24T01:03:11.964+0000] {dag.py:2742} INFO - Sync 1 DAGs
[2023-12-24T01:03:11.983+0000] {logging_mixin.py:150} INFO - [2023-12-24T01:03:11.983+0000] {dag.py:3508} INFO - Setting next_dagrun for kafka_message_producer to None, run_after=None
[2023-12-24T01:03:11.998+0000] {processor.py:179} INFO - Processing /opt/airflow/dags/another_produce.py took 0.089 seconds
[2023-12-24T01:03:42.340+0000] {processor.py:157} INFO - Started process (PID=5120) to work on /opt/airflow/dags/another_produce.py
[2023-12-24T01:03:42.342+0000] {processor.py:826} INFO - Processing file /opt/airflow/dags/another_produce.py for tasks to queue
[2023-12-24T01:03:42.342+0000] {logging_mixin.py:150} INFO - [2023-12-24T01:03:42.342+0000] {dagbag.py:541} INFO - Filling up the DagBag from /opt/airflow/dags/another_produce.py
[2023-12-24T01:03:42.369+0000] {processor.py:836} INFO - DAG(s) dict_keys(['kafka_message_producer']) retrieved from /opt/airflow/dags/another_produce.py
[2023-12-24T01:03:42.391+0000] {logging_mixin.py:150} INFO - [2023-12-24T01:03:42.391+0000] {dag.py:2742} INFO - Sync 1 DAGs
[2023-12-24T01:03:42.407+0000] {logging_mixin.py:150} INFO - [2023-12-24T01:03:42.407+0000] {dag.py:3508} INFO - Setting next_dagrun for kafka_message_producer to None, run_after=None
[2023-12-24T01:03:42.421+0000] {processor.py:179} INFO - Processing /opt/airflow/dags/another_produce.py took 0.084 seconds
[2023-12-24T01:04:12.735+0000] {processor.py:157} INFO - Started process (PID=5236) to work on /opt/airflow/dags/another_produce.py
[2023-12-24T01:04:12.738+0000] {processor.py:826} INFO - Processing file /opt/airflow/dags/another_produce.py for tasks to queue
[2023-12-24T01:04:12.738+0000] {logging_mixin.py:150} INFO - [2023-12-24T01:04:12.738+0000] {dagbag.py:541} INFO - Filling up the DagBag from /opt/airflow/dags/another_produce.py
[2023-12-24T01:04:12.766+0000] {processor.py:836} INFO - DAG(s) dict_keys(['kafka_message_producer']) retrieved from /opt/airflow/dags/another_produce.py
[2023-12-24T01:04:12.787+0000] {logging_mixin.py:150} INFO - [2023-12-24T01:04:12.787+0000] {dag.py:2742} INFO - Sync 1 DAGs
[2023-12-24T01:04:12.804+0000] {logging_mixin.py:150} INFO - [2023-12-24T01:04:12.804+0000] {dag.py:3508} INFO - Setting next_dagrun for kafka_message_producer to None, run_after=None
[2023-12-24T01:04:12.822+0000] {processor.py:179} INFO - Processing /opt/airflow/dags/another_produce.py took 0.089 seconds
[2023-12-24T01:04:42.903+0000] {processor.py:157} INFO - Started process (PID=5343) to work on /opt/airflow/dags/another_produce.py
[2023-12-24T01:04:42.904+0000] {processor.py:826} INFO - Processing file /opt/airflow/dags/another_produce.py for tasks to queue
[2023-12-24T01:04:42.904+0000] {logging_mixin.py:150} INFO - [2023-12-24T01:04:42.904+0000] {dagbag.py:541} INFO - Filling up the DagBag from /opt/airflow/dags/another_produce.py
[2023-12-24T01:04:42.933+0000] {processor.py:836} INFO - DAG(s) dict_keys(['kafka_message_producer']) retrieved from /opt/airflow/dags/another_produce.py
[2023-12-24T01:04:42.954+0000] {logging_mixin.py:150} INFO - [2023-12-24T01:04:42.954+0000] {dag.py:2742} INFO - Sync 1 DAGs
[2023-12-24T01:04:42.974+0000] {logging_mixin.py:150} INFO - [2023-12-24T01:04:42.974+0000] {dag.py:3508} INFO - Setting next_dagrun for kafka_message_producer to None, run_after=None
[2023-12-24T01:04:42.992+0000] {processor.py:179} INFO - Processing /opt/airflow/dags/another_produce.py took 0.091 seconds
[2023-12-24T01:05:13.123+0000] {processor.py:157} INFO - Started process (PID=5459) to work on /opt/airflow/dags/another_produce.py
[2023-12-24T01:05:13.123+0000] {processor.py:826} INFO - Processing file /opt/airflow/dags/another_produce.py for tasks to queue
[2023-12-24T01:05:13.124+0000] {logging_mixin.py:150} INFO - [2023-12-24T01:05:13.123+0000] {dagbag.py:541} INFO - Filling up the DagBag from /opt/airflow/dags/another_produce.py
[2023-12-24T01:05:13.150+0000] {processor.py:836} INFO - DAG(s) dict_keys(['kafka_message_producer']) retrieved from /opt/airflow/dags/another_produce.py
[2023-12-24T01:05:13.171+0000] {logging_mixin.py:150} INFO - [2023-12-24T01:05:13.171+0000] {dag.py:2742} INFO - Sync 1 DAGs
[2023-12-24T01:05:13.188+0000] {logging_mixin.py:150} INFO - [2023-12-24T01:05:13.188+0000] {dag.py:3508} INFO - Setting next_dagrun for kafka_message_producer to None, run_after=None
[2023-12-24T01:05:13.201+0000] {processor.py:179} INFO - Processing /opt/airflow/dags/another_produce.py took 0.081 seconds
[2023-12-24T01:05:43.409+0000] {processor.py:157} INFO - Started process (PID=5575) to work on /opt/airflow/dags/another_produce.py
[2023-12-24T01:05:43.411+0000] {processor.py:826} INFO - Processing file /opt/airflow/dags/another_produce.py for tasks to queue
[2023-12-24T01:05:43.412+0000] {logging_mixin.py:150} INFO - [2023-12-24T01:05:43.412+0000] {dagbag.py:541} INFO - Filling up the DagBag from /opt/airflow/dags/another_produce.py
[2023-12-24T01:05:43.440+0000] {processor.py:836} INFO - DAG(s) dict_keys(['kafka_message_producer']) retrieved from /opt/airflow/dags/another_produce.py
[2023-12-24T01:05:43.460+0000] {logging_mixin.py:150} INFO - [2023-12-24T01:05:43.460+0000] {dag.py:2742} INFO - Sync 1 DAGs
[2023-12-24T01:05:43.477+0000] {logging_mixin.py:150} INFO - [2023-12-24T01:05:43.477+0000] {dag.py:3508} INFO - Setting next_dagrun for kafka_message_producer to None, run_after=None
[2023-12-24T01:05:43.492+0000] {processor.py:179} INFO - Processing /opt/airflow/dags/another_produce.py took 0.085 seconds
[2023-12-24T01:06:13.701+0000] {processor.py:157} INFO - Started process (PID=5682) to work on /opt/airflow/dags/another_produce.py
[2023-12-24T01:06:13.701+0000] {processor.py:826} INFO - Processing file /opt/airflow/dags/another_produce.py for tasks to queue
[2023-12-24T01:06:13.702+0000] {logging_mixin.py:150} INFO - [2023-12-24T01:06:13.702+0000] {dagbag.py:541} INFO - Filling up the DagBag from /opt/airflow/dags/another_produce.py
[2023-12-24T01:06:13.728+0000] {processor.py:836} INFO - DAG(s) dict_keys(['kafka_message_producer']) retrieved from /opt/airflow/dags/another_produce.py
[2023-12-24T01:06:13.747+0000] {logging_mixin.py:150} INFO - [2023-12-24T01:06:13.747+0000] {dag.py:2742} INFO - Sync 1 DAGs
[2023-12-24T01:06:13.763+0000] {logging_mixin.py:150} INFO - [2023-12-24T01:06:13.763+0000] {dag.py:3508} INFO - Setting next_dagrun for kafka_message_producer to None, run_after=None
[2023-12-24T01:06:13.779+0000] {processor.py:179} INFO - Processing /opt/airflow/dags/another_produce.py took 0.080 seconds
[2023-12-24T01:06:44.180+0000] {processor.py:157} INFO - Started process (PID=5777) to work on /opt/airflow/dags/another_produce.py
[2023-12-24T01:06:44.182+0000] {processor.py:826} INFO - Processing file /opt/airflow/dags/another_produce.py for tasks to queue
[2023-12-24T01:06:44.183+0000] {logging_mixin.py:150} INFO - [2023-12-24T01:06:44.183+0000] {dagbag.py:541} INFO - Filling up the DagBag from /opt/airflow/dags/another_produce.py
[2023-12-24T01:06:44.228+0000] {processor.py:836} INFO - DAG(s) dict_keys(['kafka_message_producer']) retrieved from /opt/airflow/dags/another_produce.py
[2023-12-24T01:06:44.258+0000] {logging_mixin.py:150} INFO - [2023-12-24T01:06:44.258+0000] {dag.py:2742} INFO - Sync 1 DAGs
[2023-12-24T01:06:44.288+0000] {logging_mixin.py:150} INFO - [2023-12-24T01:06:44.288+0000] {dag.py:3508} INFO - Setting next_dagrun for kafka_message_producer to None, run_after=None
[2023-12-24T01:06:44.308+0000] {processor.py:179} INFO - Processing /opt/airflow/dags/another_produce.py took 0.132 seconds
[2023-12-24T01:07:14.331+0000] {processor.py:157} INFO - Started process (PID=5893) to work on /opt/airflow/dags/another_produce.py
[2023-12-24T01:07:14.332+0000] {processor.py:826} INFO - Processing file /opt/airflow/dags/another_produce.py for tasks to queue
[2023-12-24T01:07:14.332+0000] {logging_mixin.py:150} INFO - [2023-12-24T01:07:14.332+0000] {dagbag.py:541} INFO - Filling up the DagBag from /opt/airflow/dags/another_produce.py
[2023-12-24T01:07:14.364+0000] {processor.py:836} INFO - DAG(s) dict_keys(['kafka_message_producer']) retrieved from /opt/airflow/dags/another_produce.py
[2023-12-24T01:07:14.387+0000] {logging_mixin.py:150} INFO - [2023-12-24T01:07:14.386+0000] {dag.py:2742} INFO - Sync 1 DAGs
[2023-12-24T01:07:14.410+0000] {logging_mixin.py:150} INFO - [2023-12-24T01:07:14.410+0000] {dag.py:3508} INFO - Setting next_dagrun for kafka_message_producer to None, run_after=None
[2023-12-24T01:07:14.424+0000] {processor.py:179} INFO - Processing /opt/airflow/dags/another_produce.py took 0.095 seconds
[2023-12-24T01:07:44.566+0000] {processor.py:157} INFO - Started process (PID=6000) to work on /opt/airflow/dags/another_produce.py
[2023-12-24T01:07:44.568+0000] {processor.py:826} INFO - Processing file /opt/airflow/dags/another_produce.py for tasks to queue
[2023-12-24T01:07:44.568+0000] {logging_mixin.py:150} INFO - [2023-12-24T01:07:44.568+0000] {dagbag.py:541} INFO - Filling up the DagBag from /opt/airflow/dags/another_produce.py
[2023-12-24T01:07:44.599+0000] {processor.py:836} INFO - DAG(s) dict_keys(['kafka_message_producer']) retrieved from /opt/airflow/dags/another_produce.py
[2023-12-24T01:07:44.621+0000] {logging_mixin.py:150} INFO - [2023-12-24T01:07:44.621+0000] {dag.py:2742} INFO - Sync 1 DAGs
[2023-12-24T01:07:44.638+0000] {logging_mixin.py:150} INFO - [2023-12-24T01:07:44.638+0000] {dag.py:3508} INFO - Setting next_dagrun for kafka_message_producer to None, run_after=None
[2023-12-24T01:07:44.655+0000] {processor.py:179} INFO - Processing /opt/airflow/dags/another_produce.py took 0.092 seconds
[2023-12-24T01:08:15.079+0000] {processor.py:157} INFO - Started process (PID=6116) to work on /opt/airflow/dags/another_produce.py
[2023-12-24T01:08:15.080+0000] {processor.py:826} INFO - Processing file /opt/airflow/dags/another_produce.py for tasks to queue
[2023-12-24T01:08:15.081+0000] {logging_mixin.py:150} INFO - [2023-12-24T01:08:15.080+0000] {dagbag.py:541} INFO - Filling up the DagBag from /opt/airflow/dags/another_produce.py
[2023-12-24T01:08:15.110+0000] {processor.py:836} INFO - DAG(s) dict_keys(['kafka_message_producer']) retrieved from /opt/airflow/dags/another_produce.py
[2023-12-24T01:08:15.130+0000] {logging_mixin.py:150} INFO - [2023-12-24T01:08:15.130+0000] {dag.py:2742} INFO - Sync 1 DAGs
[2023-12-24T01:08:15.146+0000] {logging_mixin.py:150} INFO - [2023-12-24T01:08:15.146+0000] {dag.py:3508} INFO - Setting next_dagrun for kafka_message_producer to None, run_after=None
[2023-12-24T01:08:15.159+0000] {processor.py:179} INFO - Processing /opt/airflow/dags/another_produce.py took 0.084 seconds
[2023-12-24T01:08:45.566+0000] {processor.py:157} INFO - Started process (PID=6232) to work on /opt/airflow/dags/another_produce.py
[2023-12-24T01:08:45.574+0000] {processor.py:826} INFO - Processing file /opt/airflow/dags/another_produce.py for tasks to queue
[2023-12-24T01:08:45.575+0000] {logging_mixin.py:150} INFO - [2023-12-24T01:08:45.575+0000] {dagbag.py:541} INFO - Filling up the DagBag from /opt/airflow/dags/another_produce.py
[2023-12-24T01:08:45.603+0000] {processor.py:836} INFO - DAG(s) dict_keys(['kafka_message_producer']) retrieved from /opt/airflow/dags/another_produce.py
[2023-12-24T01:08:45.626+0000] {logging_mixin.py:150} INFO - [2023-12-24T01:08:45.626+0000] {dag.py:2742} INFO - Sync 1 DAGs
[2023-12-24T01:08:45.644+0000] {logging_mixin.py:150} INFO - [2023-12-24T01:08:45.644+0000] {dag.py:3508} INFO - Setting next_dagrun for kafka_message_producer to None, run_after=None
[2023-12-24T01:08:45.660+0000] {processor.py:179} INFO - Processing /opt/airflow/dags/another_produce.py took 0.097 seconds
[2023-12-24T01:09:16.054+0000] {processor.py:157} INFO - Started process (PID=6338) to work on /opt/airflow/dags/another_produce.py
[2023-12-24T01:09:16.055+0000] {processor.py:826} INFO - Processing file /opt/airflow/dags/another_produce.py for tasks to queue
[2023-12-24T01:09:16.056+0000] {logging_mixin.py:150} INFO - [2023-12-24T01:09:16.055+0000] {dagbag.py:541} INFO - Filling up the DagBag from /opt/airflow/dags/another_produce.py
[2023-12-24T01:09:16.083+0000] {processor.py:836} INFO - DAG(s) dict_keys(['kafka_message_producer']) retrieved from /opt/airflow/dags/another_produce.py
[2023-12-24T01:09:16.103+0000] {logging_mixin.py:150} INFO - [2023-12-24T01:09:16.102+0000] {dag.py:2742} INFO - Sync 1 DAGs
[2023-12-24T01:09:16.120+0000] {logging_mixin.py:150} INFO - [2023-12-24T01:09:16.120+0000] {dag.py:3508} INFO - Setting next_dagrun for kafka_message_producer to None, run_after=None
[2023-12-24T01:09:16.136+0000] {processor.py:179} INFO - Processing /opt/airflow/dags/another_produce.py took 0.085 seconds
[2023-12-24T01:09:46.462+0000] {processor.py:157} INFO - Started process (PID=6454) to work on /opt/airflow/dags/another_produce.py
[2023-12-24T01:09:46.463+0000] {processor.py:826} INFO - Processing file /opt/airflow/dags/another_produce.py for tasks to queue
[2023-12-24T01:09:46.463+0000] {logging_mixin.py:150} INFO - [2023-12-24T01:09:46.463+0000] {dagbag.py:541} INFO - Filling up the DagBag from /opt/airflow/dags/another_produce.py
[2023-12-24T01:09:46.493+0000] {processor.py:836} INFO - DAG(s) dict_keys(['kafka_message_producer']) retrieved from /opt/airflow/dags/another_produce.py
[2023-12-24T01:09:46.514+0000] {logging_mixin.py:150} INFO - [2023-12-24T01:09:46.514+0000] {dag.py:2742} INFO - Sync 1 DAGs
[2023-12-24T01:09:46.531+0000] {logging_mixin.py:150} INFO - [2023-12-24T01:09:46.531+0000] {dag.py:3508} INFO - Setting next_dagrun for kafka_message_producer to None, run_after=None
[2023-12-24T01:09:46.544+0000] {processor.py:179} INFO - Processing /opt/airflow/dags/another_produce.py took 0.085 seconds
[2023-12-24T01:10:16.863+0000] {processor.py:157} INFO - Started process (PID=6540) to work on /opt/airflow/dags/another_produce.py
[2023-12-24T01:10:16.865+0000] {processor.py:826} INFO - Processing file /opt/airflow/dags/another_produce.py for tasks to queue
[2023-12-24T01:10:16.866+0000] {logging_mixin.py:150} INFO - [2023-12-24T01:10:16.866+0000] {dagbag.py:541} INFO - Filling up the DagBag from /opt/airflow/dags/another_produce.py
[2023-12-24T01:10:16.900+0000] {processor.py:836} INFO - DAG(s) dict_keys(['kafka_message_producer']) retrieved from /opt/airflow/dags/another_produce.py
[2023-12-24T01:10:16.927+0000] {logging_mixin.py:150} INFO - [2023-12-24T01:10:16.927+0000] {dag.py:2742} INFO - Sync 1 DAGs
[2023-12-24T01:10:16.954+0000] {logging_mixin.py:150} INFO - [2023-12-24T01:10:16.954+0000] {dag.py:3508} INFO - Setting next_dagrun for kafka_message_producer to None, run_after=None
[2023-12-24T01:10:16.973+0000] {processor.py:179} INFO - Processing /opt/airflow/dags/another_produce.py took 0.113 seconds
[2023-12-24T01:10:47.068+0000] {processor.py:157} INFO - Started process (PID=6656) to work on /opt/airflow/dags/another_produce.py
[2023-12-24T01:10:47.070+0000] {processor.py:826} INFO - Processing file /opt/airflow/dags/another_produce.py for tasks to queue
[2023-12-24T01:10:47.071+0000] {logging_mixin.py:150} INFO - [2023-12-24T01:10:47.071+0000] {dagbag.py:541} INFO - Filling up the DagBag from /opt/airflow/dags/another_produce.py
[2023-12-24T01:10:47.107+0000] {processor.py:836} INFO - DAG(s) dict_keys(['kafka_message_producer']) retrieved from /opt/airflow/dags/another_produce.py
[2023-12-24T01:10:47.131+0000] {logging_mixin.py:150} INFO - [2023-12-24T01:10:47.131+0000] {dag.py:2742} INFO - Sync 1 DAGs
[2023-12-24T01:10:47.151+0000] {logging_mixin.py:150} INFO - [2023-12-24T01:10:47.150+0000] {dag.py:3508} INFO - Setting next_dagrun for kafka_message_producer to None, run_after=None
[2023-12-24T01:10:47.183+0000] {processor.py:179} INFO - Processing /opt/airflow/dags/another_produce.py took 0.117 seconds
[2023-12-24T01:11:17.316+0000] {processor.py:157} INFO - Started process (PID=6772) to work on /opt/airflow/dags/another_produce.py
[2023-12-24T01:11:17.317+0000] {processor.py:826} INFO - Processing file /opt/airflow/dags/another_produce.py for tasks to queue
[2023-12-24T01:11:17.317+0000] {logging_mixin.py:150} INFO - [2023-12-24T01:11:17.317+0000] {dagbag.py:541} INFO - Filling up the DagBag from /opt/airflow/dags/another_produce.py
[2023-12-24T01:11:17.346+0000] {processor.py:836} INFO - DAG(s) dict_keys(['kafka_message_producer']) retrieved from /opt/airflow/dags/another_produce.py
[2023-12-24T01:11:17.366+0000] {logging_mixin.py:150} INFO - [2023-12-24T01:11:17.366+0000] {dag.py:2742} INFO - Sync 1 DAGs
[2023-12-24T01:11:17.381+0000] {logging_mixin.py:150} INFO - [2023-12-24T01:11:17.381+0000] {dag.py:3508} INFO - Setting next_dagrun for kafka_message_producer to None, run_after=None
[2023-12-24T01:11:17.393+0000] {processor.py:179} INFO - Processing /opt/airflow/dags/another_produce.py took 0.079 seconds
[2023-12-24T01:11:47.742+0000] {processor.py:157} INFO - Started process (PID=6879) to work on /opt/airflow/dags/another_produce.py
[2023-12-24T01:11:47.744+0000] {processor.py:826} INFO - Processing file /opt/airflow/dags/another_produce.py for tasks to queue
[2023-12-24T01:11:47.745+0000] {logging_mixin.py:150} INFO - [2023-12-24T01:11:47.745+0000] {dagbag.py:541} INFO - Filling up the DagBag from /opt/airflow/dags/another_produce.py
[2023-12-24T01:11:47.779+0000] {processor.py:836} INFO - DAG(s) dict_keys(['kafka_message_producer']) retrieved from /opt/airflow/dags/another_produce.py
[2023-12-24T01:11:47.798+0000] {logging_mixin.py:150} INFO - [2023-12-24T01:11:47.798+0000] {dag.py:2742} INFO - Sync 1 DAGs
[2023-12-24T01:11:47.815+0000] {logging_mixin.py:150} INFO - [2023-12-24T01:11:47.814+0000] {dag.py:3508} INFO - Setting next_dagrun for kafka_message_producer to None, run_after=None
[2023-12-24T01:11:47.828+0000] {processor.py:179} INFO - Processing /opt/airflow/dags/another_produce.py took 0.090 seconds
[2023-12-24T01:12:18.096+0000] {processor.py:157} INFO - Started process (PID=6995) to work on /opt/airflow/dags/another_produce.py
[2023-12-24T01:12:18.096+0000] {processor.py:826} INFO - Processing file /opt/airflow/dags/another_produce.py for tasks to queue
[2023-12-24T01:12:18.097+0000] {logging_mixin.py:150} INFO - [2023-12-24T01:12:18.097+0000] {dagbag.py:541} INFO - Filling up the DagBag from /opt/airflow/dags/another_produce.py
[2023-12-24T01:12:18.133+0000] {processor.py:836} INFO - DAG(s) dict_keys(['kafka_message_producer']) retrieved from /opt/airflow/dags/another_produce.py
[2023-12-24T01:12:18.154+0000] {logging_mixin.py:150} INFO - [2023-12-24T01:12:18.154+0000] {dag.py:2742} INFO - Sync 1 DAGs
[2023-12-24T01:12:18.169+0000] {logging_mixin.py:150} INFO - [2023-12-24T01:12:18.169+0000] {dag.py:3508} INFO - Setting next_dagrun for kafka_message_producer to None, run_after=None
[2023-12-24T01:12:18.183+0000] {processor.py:179} INFO - Processing /opt/airflow/dags/another_produce.py took 0.091 seconds
[2023-12-24T01:12:48.696+0000] {processor.py:157} INFO - Started process (PID=7111) to work on /opt/airflow/dags/another_produce.py
[2023-12-24T01:12:48.697+0000] {processor.py:826} INFO - Processing file /opt/airflow/dags/another_produce.py for tasks to queue
[2023-12-24T01:12:48.697+0000] {logging_mixin.py:150} INFO - [2023-12-24T01:12:48.697+0000] {dagbag.py:541} INFO - Filling up the DagBag from /opt/airflow/dags/another_produce.py
[2023-12-24T01:12:48.725+0000] {processor.py:836} INFO - DAG(s) dict_keys(['kafka_message_producer']) retrieved from /opt/airflow/dags/another_produce.py
[2023-12-24T01:12:48.744+0000] {logging_mixin.py:150} INFO - [2023-12-24T01:12:48.744+0000] {dag.py:2742} INFO - Sync 1 DAGs
[2023-12-24T01:12:48.761+0000] {logging_mixin.py:150} INFO - [2023-12-24T01:12:48.761+0000] {dag.py:3508} INFO - Setting next_dagrun for kafka_message_producer to None, run_after=None
[2023-12-24T01:12:48.775+0000] {processor.py:179} INFO - Processing /opt/airflow/dags/another_produce.py took 0.082 seconds
[2023-12-24T01:13:19.224+0000] {processor.py:157} INFO - Started process (PID=7218) to work on /opt/airflow/dags/another_produce.py
[2023-12-24T01:13:19.226+0000] {processor.py:826} INFO - Processing file /opt/airflow/dags/another_produce.py for tasks to queue
[2023-12-24T01:13:19.226+0000] {logging_mixin.py:150} INFO - [2023-12-24T01:13:19.226+0000] {dagbag.py:541} INFO - Filling up the DagBag from /opt/airflow/dags/another_produce.py
[2023-12-24T01:13:19.253+0000] {processor.py:836} INFO - DAG(s) dict_keys(['kafka_message_producer']) retrieved from /opt/airflow/dags/another_produce.py
[2023-12-24T01:13:19.274+0000] {logging_mixin.py:150} INFO - [2023-12-24T01:13:19.274+0000] {dag.py:2742} INFO - Sync 1 DAGs
[2023-12-24T01:13:19.290+0000] {logging_mixin.py:150} INFO - [2023-12-24T01:13:19.290+0000] {dag.py:3508} INFO - Setting next_dagrun for kafka_message_producer to None, run_after=None
[2023-12-24T01:13:19.302+0000] {processor.py:179} INFO - Processing /opt/airflow/dags/another_produce.py took 0.081 seconds
[2023-12-24T01:13:49.566+0000] {processor.py:157} INFO - Started process (PID=7334) to work on /opt/airflow/dags/another_produce.py
[2023-12-24T01:13:49.566+0000] {processor.py:826} INFO - Processing file /opt/airflow/dags/another_produce.py for tasks to queue
[2023-12-24T01:13:49.567+0000] {logging_mixin.py:150} INFO - [2023-12-24T01:13:49.567+0000] {dagbag.py:541} INFO - Filling up the DagBag from /opt/airflow/dags/another_produce.py
[2023-12-24T01:13:49.597+0000] {processor.py:836} INFO - DAG(s) dict_keys(['kafka_message_producer']) retrieved from /opt/airflow/dags/another_produce.py
[2023-12-24T01:13:49.617+0000] {logging_mixin.py:150} INFO - [2023-12-24T01:13:49.617+0000] {dag.py:2742} INFO - Sync 1 DAGs
[2023-12-24T01:13:49.634+0000] {logging_mixin.py:150} INFO - [2023-12-24T01:13:49.634+0000] {dag.py:3508} INFO - Setting next_dagrun for kafka_message_producer to None, run_after=None
[2023-12-24T01:13:49.647+0000] {processor.py:179} INFO - Processing /opt/airflow/dags/another_produce.py took 0.084 seconds
[2023-12-24T01:14:19.900+0000] {processor.py:157} INFO - Started process (PID=7448) to work on /opt/airflow/dags/another_produce.py
[2023-12-24T01:14:19.902+0000] {processor.py:826} INFO - Processing file /opt/airflow/dags/another_produce.py for tasks to queue
[2023-12-24T01:14:19.903+0000] {logging_mixin.py:150} INFO - [2023-12-24T01:14:19.903+0000] {dagbag.py:541} INFO - Filling up the DagBag from /opt/airflow/dags/another_produce.py
[2023-12-24T01:14:19.935+0000] {processor.py:836} INFO - DAG(s) dict_keys(['kafka_message_producer']) retrieved from /opt/airflow/dags/another_produce.py
[2023-12-24T01:14:19.958+0000] {logging_mixin.py:150} INFO - [2023-12-24T01:14:19.958+0000] {dag.py:2742} INFO - Sync 1 DAGs
[2023-12-24T01:14:19.980+0000] {logging_mixin.py:150} INFO - [2023-12-24T01:14:19.980+0000] {dag.py:3508} INFO - Setting next_dagrun for kafka_message_producer to None, run_after=None
[2023-12-24T01:14:19.997+0000] {processor.py:179} INFO - Processing /opt/airflow/dags/another_produce.py took 0.100 seconds
[2023-12-24T01:14:50.281+0000] {processor.py:157} INFO - Started process (PID=7557) to work on /opt/airflow/dags/another_produce.py
[2023-12-24T01:14:50.282+0000] {processor.py:826} INFO - Processing file /opt/airflow/dags/another_produce.py for tasks to queue
[2023-12-24T01:14:50.282+0000] {logging_mixin.py:150} INFO - [2023-12-24T01:14:50.282+0000] {dagbag.py:541} INFO - Filling up the DagBag from /opt/airflow/dags/another_produce.py
[2023-12-24T01:14:50.310+0000] {processor.py:836} INFO - DAG(s) dict_keys(['kafka_message_producer']) retrieved from /opt/airflow/dags/another_produce.py
[2023-12-24T01:14:50.328+0000] {logging_mixin.py:150} INFO - [2023-12-24T01:14:50.328+0000] {dag.py:2742} INFO - Sync 1 DAGs
[2023-12-24T01:14:50.345+0000] {logging_mixin.py:150} INFO - [2023-12-24T01:14:50.345+0000] {dag.py:3508} INFO - Setting next_dagrun for kafka_message_producer to None, run_after=None
[2023-12-24T01:14:50.358+0000] {processor.py:179} INFO - Processing /opt/airflow/dags/another_produce.py took 0.079 seconds
[2023-12-24T01:15:20.667+0000] {processor.py:157} INFO - Started process (PID=7652) to work on /opt/airflow/dags/another_produce.py
[2023-12-24T01:15:20.668+0000] {processor.py:826} INFO - Processing file /opt/airflow/dags/another_produce.py for tasks to queue
[2023-12-24T01:15:20.668+0000] {logging_mixin.py:150} INFO - [2023-12-24T01:15:20.668+0000] {dagbag.py:541} INFO - Filling up the DagBag from /opt/airflow/dags/another_produce.py
[2023-12-24T01:15:20.722+0000] {processor.py:836} INFO - DAG(s) dict_keys(['kafka_message_producer']) retrieved from /opt/airflow/dags/another_produce.py
[2023-12-24T01:15:20.754+0000] {logging_mixin.py:150} INFO - [2023-12-24T01:15:20.754+0000] {dag.py:2742} INFO - Sync 1 DAGs
[2023-12-24T01:15:20.783+0000] {logging_mixin.py:150} INFO - [2023-12-24T01:15:20.783+0000] {dag.py:3508} INFO - Setting next_dagrun for kafka_message_producer to None, run_after=None
[2023-12-24T01:15:20.799+0000] {processor.py:179} INFO - Processing /opt/airflow/dags/another_produce.py took 0.134 seconds
[2023-12-24T01:15:50.986+0000] {processor.py:157} INFO - Started process (PID=7759) to work on /opt/airflow/dags/another_produce.py
[2023-12-24T01:15:50.987+0000] {processor.py:826} INFO - Processing file /opt/airflow/dags/another_produce.py for tasks to queue
[2023-12-24T01:15:50.988+0000] {logging_mixin.py:150} INFO - [2023-12-24T01:15:50.988+0000] {dagbag.py:541} INFO - Filling up the DagBag from /opt/airflow/dags/another_produce.py
[2023-12-24T01:15:51.018+0000] {processor.py:836} INFO - DAG(s) dict_keys(['kafka_message_producer']) retrieved from /opt/airflow/dags/another_produce.py
[2023-12-24T01:15:51.043+0000] {logging_mixin.py:150} INFO - [2023-12-24T01:15:51.042+0000] {dag.py:2742} INFO - Sync 1 DAGs
[2023-12-24T01:15:51.059+0000] {logging_mixin.py:150} INFO - [2023-12-24T01:15:51.059+0000] {dag.py:3508} INFO - Setting next_dagrun for kafka_message_producer to None, run_after=None
[2023-12-24T01:15:51.073+0000] {processor.py:179} INFO - Processing /opt/airflow/dags/another_produce.py took 0.090 seconds
[2023-12-24T01:16:21.934+0000] {processor.py:157} INFO - Started process (PID=7875) to work on /opt/airflow/dags/another_produce.py
[2023-12-24T01:16:21.935+0000] {processor.py:826} INFO - Processing file /opt/airflow/dags/another_produce.py for tasks to queue
[2023-12-24T01:16:21.936+0000] {logging_mixin.py:150} INFO - [2023-12-24T01:16:21.936+0000] {dagbag.py:541} INFO - Filling up the DagBag from /opt/airflow/dags/another_produce.py
[2023-12-24T01:16:21.964+0000] {processor.py:836} INFO - DAG(s) dict_keys(['kafka_message_producer']) retrieved from /opt/airflow/dags/another_produce.py
[2023-12-24T01:16:21.994+0000] {logging_mixin.py:150} INFO - [2023-12-24T01:16:21.993+0000] {dag.py:2742} INFO - Sync 1 DAGs
[2023-12-24T01:16:22.009+0000] {logging_mixin.py:150} INFO - [2023-12-24T01:16:22.009+0000] {dag.py:3508} INFO - Setting next_dagrun for kafka_message_producer to None, run_after=None
[2023-12-24T01:16:22.024+0000] {processor.py:179} INFO - Processing /opt/airflow/dags/another_produce.py took 0.093 seconds
[2023-12-24T01:16:52.049+0000] {processor.py:157} INFO - Started process (PID=7991) to work on /opt/airflow/dags/another_produce.py
[2023-12-24T01:16:52.050+0000] {processor.py:826} INFO - Processing file /opt/airflow/dags/another_produce.py for tasks to queue
[2023-12-24T01:16:52.050+0000] {logging_mixin.py:150} INFO - [2023-12-24T01:16:52.050+0000] {dagbag.py:541} INFO - Filling up the DagBag from /opt/airflow/dags/another_produce.py
[2023-12-24T01:16:52.078+0000] {processor.py:836} INFO - DAG(s) dict_keys(['kafka_message_producer']) retrieved from /opt/airflow/dags/another_produce.py
[2023-12-24T01:16:52.099+0000] {logging_mixin.py:150} INFO - [2023-12-24T01:16:52.099+0000] {dag.py:2742} INFO - Sync 1 DAGs
[2023-12-24T01:16:52.118+0000] {logging_mixin.py:150} INFO - [2023-12-24T01:16:52.118+0000] {dag.py:3508} INFO - Setting next_dagrun for kafka_message_producer to None, run_after=None
[2023-12-24T01:16:52.133+0000] {processor.py:179} INFO - Processing /opt/airflow/dags/another_produce.py took 0.086 seconds
[2023-12-24T01:17:22.168+0000] {processor.py:157} INFO - Started process (PID=8118) to work on /opt/airflow/dags/another_produce.py
[2023-12-24T01:17:22.169+0000] {processor.py:826} INFO - Processing file /opt/airflow/dags/another_produce.py for tasks to queue
[2023-12-24T01:17:22.170+0000] {logging_mixin.py:150} INFO - [2023-12-24T01:17:22.170+0000] {dagbag.py:541} INFO - Filling up the DagBag from /opt/airflow/dags/another_produce.py
[2023-12-24T01:17:22.203+0000] {processor.py:836} INFO - DAG(s) dict_keys(['kafka_message_producer']) retrieved from /opt/airflow/dags/another_produce.py
[2023-12-24T01:17:22.225+0000] {logging_mixin.py:150} INFO - [2023-12-24T01:17:22.224+0000] {dag.py:2742} INFO - Sync 1 DAGs
[2023-12-24T01:17:22.242+0000] {logging_mixin.py:150} INFO - [2023-12-24T01:17:22.242+0000] {dag.py:3508} INFO - Setting next_dagrun for kafka_message_producer to None, run_after=None
[2023-12-24T01:17:22.255+0000] {processor.py:179} INFO - Processing /opt/airflow/dags/another_produce.py took 0.090 seconds
[2023-12-24T01:17:52.558+0000] {processor.py:157} INFO - Started process (PID=8234) to work on /opt/airflow/dags/another_produce.py
[2023-12-24T01:17:52.562+0000] {processor.py:826} INFO - Processing file /opt/airflow/dags/another_produce.py for tasks to queue
[2023-12-24T01:17:52.562+0000] {logging_mixin.py:150} INFO - [2023-12-24T01:17:52.562+0000] {dagbag.py:541} INFO - Filling up the DagBag from /opt/airflow/dags/another_produce.py
[2023-12-24T01:17:52.590+0000] {processor.py:836} INFO - DAG(s) dict_keys(['kafka_message_producer']) retrieved from /opt/airflow/dags/another_produce.py
[2023-12-24T01:17:52.611+0000] {logging_mixin.py:150} INFO - [2023-12-24T01:17:52.611+0000] {dag.py:2742} INFO - Sync 1 DAGs
[2023-12-24T01:17:52.628+0000] {logging_mixin.py:150} INFO - [2023-12-24T01:17:52.628+0000] {dag.py:3508} INFO - Setting next_dagrun for kafka_message_producer to None, run_after=None
[2023-12-24T01:17:52.642+0000] {processor.py:179} INFO - Processing /opt/airflow/dags/another_produce.py took 0.086 seconds
[2023-12-24T01:18:23.299+0000] {processor.py:157} INFO - Started process (PID=8349) to work on /opt/airflow/dags/another_produce.py
[2023-12-24T01:18:23.302+0000] {processor.py:826} INFO - Processing file /opt/airflow/dags/another_produce.py for tasks to queue
[2023-12-24T01:18:23.302+0000] {logging_mixin.py:150} INFO - [2023-12-24T01:18:23.302+0000] {dagbag.py:541} INFO - Filling up the DagBag from /opt/airflow/dags/another_produce.py
[2023-12-24T01:18:23.333+0000] {processor.py:836} INFO - DAG(s) dict_keys(['kafka_message_producer']) retrieved from /opt/airflow/dags/another_produce.py
[2023-12-24T01:18:23.357+0000] {logging_mixin.py:150} INFO - [2023-12-24T01:18:23.357+0000] {dag.py:2742} INFO - Sync 1 DAGs
[2023-12-24T01:18:23.376+0000] {logging_mixin.py:150} INFO - [2023-12-24T01:18:23.376+0000] {dag.py:3508} INFO - Setting next_dagrun for kafka_message_producer to None, run_after=None
[2023-12-24T01:18:23.397+0000] {processor.py:179} INFO - Processing /opt/airflow/dags/another_produce.py took 0.101 seconds
[2023-12-24T01:18:54.098+0000] {processor.py:157} INFO - Started process (PID=8457) to work on /opt/airflow/dags/another_produce.py
[2023-12-24T01:18:54.100+0000] {processor.py:826} INFO - Processing file /opt/airflow/dags/another_produce.py for tasks to queue
[2023-12-24T01:18:54.100+0000] {logging_mixin.py:150} INFO - [2023-12-24T01:18:54.100+0000] {dagbag.py:541} INFO - Filling up the DagBag from /opt/airflow/dags/another_produce.py
[2023-12-24T01:18:54.145+0000] {processor.py:836} INFO - DAG(s) dict_keys(['kafka_message_producer']) retrieved from /opt/airflow/dags/another_produce.py
[2023-12-24T01:18:54.167+0000] {logging_mixin.py:150} INFO - [2023-12-24T01:18:54.166+0000] {dag.py:2742} INFO - Sync 1 DAGs
[2023-12-24T01:18:54.183+0000] {logging_mixin.py:150} INFO - [2023-12-24T01:18:54.183+0000] {dag.py:3508} INFO - Setting next_dagrun for kafka_message_producer to None, run_after=None
[2023-12-24T01:18:54.195+0000] {processor.py:179} INFO - Processing /opt/airflow/dags/another_produce.py took 0.101 seconds
[2023-12-24T01:19:24.997+0000] {processor.py:157} INFO - Started process (PID=8573) to work on /opt/airflow/dags/another_produce.py
[2023-12-24T01:19:24.999+0000] {processor.py:826} INFO - Processing file /opt/airflow/dags/another_produce.py for tasks to queue
[2023-12-24T01:19:25.000+0000] {logging_mixin.py:150} INFO - [2023-12-24T01:19:24.999+0000] {dagbag.py:541} INFO - Filling up the DagBag from /opt/airflow/dags/another_produce.py
[2023-12-24T01:19:25.029+0000] {processor.py:836} INFO - DAG(s) dict_keys(['kafka_message_producer']) retrieved from /opt/airflow/dags/another_produce.py
[2023-12-24T01:19:25.052+0000] {logging_mixin.py:150} INFO - [2023-12-24T01:19:25.052+0000] {dag.py:2742} INFO - Sync 1 DAGs
[2023-12-24T01:19:25.071+0000] {logging_mixin.py:150} INFO - [2023-12-24T01:19:25.070+0000] {dag.py:3508} INFO - Setting next_dagrun for kafka_message_producer to None, run_after=None
[2023-12-24T01:19:25.084+0000] {processor.py:179} INFO - Processing /opt/airflow/dags/another_produce.py took 0.090 seconds
[2023-12-24T01:19:55.156+0000] {processor.py:157} INFO - Started process (PID=8680) to work on /opt/airflow/dags/another_produce.py
[2023-12-24T01:19:55.157+0000] {processor.py:826} INFO - Processing file /opt/airflow/dags/another_produce.py for tasks to queue
[2023-12-24T01:19:55.158+0000] {logging_mixin.py:150} INFO - [2023-12-24T01:19:55.157+0000] {dagbag.py:541} INFO - Filling up the DagBag from /opt/airflow/dags/another_produce.py
[2023-12-24T01:19:55.211+0000] {processor.py:836} INFO - DAG(s) dict_keys(['kafka_message_producer']) retrieved from /opt/airflow/dags/another_produce.py
[2023-12-24T01:19:55.234+0000] {logging_mixin.py:150} INFO - [2023-12-24T01:19:55.234+0000] {dag.py:2742} INFO - Sync 1 DAGs
[2023-12-24T01:19:55.256+0000] {logging_mixin.py:150} INFO - [2023-12-24T01:19:55.255+0000] {dag.py:3508} INFO - Setting next_dagrun for kafka_message_producer to None, run_after=None
[2023-12-24T01:19:55.275+0000] {processor.py:179} INFO - Processing /opt/airflow/dags/another_produce.py took 0.125 seconds
[2023-12-24T01:20:25.383+0000] {processor.py:157} INFO - Started process (PID=8817) to work on /opt/airflow/dags/another_produce.py
[2023-12-24T01:20:25.385+0000] {processor.py:826} INFO - Processing file /opt/airflow/dags/another_produce.py for tasks to queue
[2023-12-24T01:20:25.385+0000] {logging_mixin.py:150} INFO - [2023-12-24T01:20:25.385+0000] {dagbag.py:541} INFO - Filling up the DagBag from /opt/airflow/dags/another_produce.py
[2023-12-24T01:20:25.413+0000] {processor.py:836} INFO - DAG(s) dict_keys(['kafka_message_producer']) retrieved from /opt/airflow/dags/another_produce.py
[2023-12-24T01:20:25.432+0000] {logging_mixin.py:150} INFO - [2023-12-24T01:20:25.432+0000] {dag.py:2742} INFO - Sync 1 DAGs
[2023-12-24T01:20:25.450+0000] {logging_mixin.py:150} INFO - [2023-12-24T01:20:25.450+0000] {dag.py:3508} INFO - Setting next_dagrun for kafka_message_producer to None, run_after=None
[2023-12-24T01:20:25.467+0000] {processor.py:179} INFO - Processing /opt/airflow/dags/another_produce.py took 0.087 seconds
[2023-12-24T01:20:56.079+0000] {processor.py:157} INFO - Started process (PID=8933) to work on /opt/airflow/dags/another_produce.py
[2023-12-24T01:20:56.080+0000] {processor.py:826} INFO - Processing file /opt/airflow/dags/another_produce.py for tasks to queue
[2023-12-24T01:20:56.081+0000] {logging_mixin.py:150} INFO - [2023-12-24T01:20:56.080+0000] {dagbag.py:541} INFO - Filling up the DagBag from /opt/airflow/dags/another_produce.py
[2023-12-24T01:20:56.111+0000] {processor.py:836} INFO - DAG(s) dict_keys(['kafka_message_producer']) retrieved from /opt/airflow/dags/another_produce.py
[2023-12-24T01:20:56.131+0000] {logging_mixin.py:150} INFO - [2023-12-24T01:20:56.130+0000] {dag.py:2742} INFO - Sync 1 DAGs
[2023-12-24T01:20:56.150+0000] {logging_mixin.py:150} INFO - [2023-12-24T01:20:56.150+0000] {dag.py:3508} INFO - Setting next_dagrun for kafka_message_producer to None, run_after=None
[2023-12-24T01:20:56.170+0000] {processor.py:179} INFO - Processing /opt/airflow/dags/another_produce.py took 0.093 seconds
[2023-12-24T01:31:03.801+0000] {processor.py:157} INFO - Started process (PID=52) to work on /opt/airflow/dags/another_produce.py
[2023-12-24T01:31:03.802+0000] {processor.py:826} INFO - Processing file /opt/airflow/dags/another_produce.py for tasks to queue
[2023-12-24T01:31:03.802+0000] {logging_mixin.py:150} INFO - [2023-12-24T01:31:03.802+0000] {dagbag.py:541} INFO - Filling up the DagBag from /opt/airflow/dags/another_produce.py
[2023-12-24T01:31:03.839+0000] {processor.py:836} INFO - DAG(s) dict_keys(['kafka_message_producer']) retrieved from /opt/airflow/dags/another_produce.py
[2023-12-24T01:31:03.940+0000] {logging_mixin.py:150} INFO - [2023-12-24T01:31:03.940+0000] {dag.py:2742} INFO - Sync 1 DAGs
[2023-12-24T01:31:03.957+0000] {logging_mixin.py:150} INFO - [2023-12-24T01:31:03.957+0000] {dag.py:3508} INFO - Setting next_dagrun for kafka_message_producer to None, run_after=None
[2023-12-24T01:31:03.972+0000] {processor.py:179} INFO - Processing /opt/airflow/dags/another_produce.py took 0.175 seconds
[2023-12-24T01:31:34.255+0000] {processor.py:157} INFO - Started process (PID=148) to work on /opt/airflow/dags/another_produce.py
[2023-12-24T01:31:34.255+0000] {processor.py:826} INFO - Processing file /opt/airflow/dags/another_produce.py for tasks to queue
[2023-12-24T01:31:34.256+0000] {logging_mixin.py:150} INFO - [2023-12-24T01:31:34.256+0000] {dagbag.py:541} INFO - Filling up the DagBag from /opt/airflow/dags/another_produce.py
[2023-12-24T01:31:34.290+0000] {processor.py:836} INFO - DAG(s) dict_keys(['kafka_message_producer']) retrieved from /opt/airflow/dags/another_produce.py
[2023-12-24T01:31:34.312+0000] {logging_mixin.py:150} INFO - [2023-12-24T01:31:34.311+0000] {dag.py:2742} INFO - Sync 1 DAGs
[2023-12-24T01:31:34.331+0000] {logging_mixin.py:150} INFO - [2023-12-24T01:31:34.330+0000] {dag.py:3508} INFO - Setting next_dagrun for kafka_message_producer to None, run_after=None
[2023-12-24T01:31:34.345+0000] {processor.py:179} INFO - Processing /opt/airflow/dags/another_produce.py took 0.093 seconds
[2023-12-24T01:32:04.432+0000] {processor.py:157} INFO - Started process (PID=255) to work on /opt/airflow/dags/another_produce.py
[2023-12-24T01:32:04.433+0000] {processor.py:826} INFO - Processing file /opt/airflow/dags/another_produce.py for tasks to queue
[2023-12-24T01:32:04.434+0000] {logging_mixin.py:150} INFO - [2023-12-24T01:32:04.434+0000] {dagbag.py:541} INFO - Filling up the DagBag from /opt/airflow/dags/another_produce.py
[2023-12-24T01:32:04.468+0000] {processor.py:836} INFO - DAG(s) dict_keys(['kafka_message_producer']) retrieved from /opt/airflow/dags/another_produce.py
[2023-12-24T01:32:04.488+0000] {logging_mixin.py:150} INFO - [2023-12-24T01:32:04.488+0000] {dag.py:2742} INFO - Sync 1 DAGs
[2023-12-24T01:32:04.506+0000] {logging_mixin.py:150} INFO - [2023-12-24T01:32:04.506+0000] {dag.py:3508} INFO - Setting next_dagrun for kafka_message_producer to None, run_after=None
[2023-12-24T01:32:04.519+0000] {processor.py:179} INFO - Processing /opt/airflow/dags/another_produce.py took 0.091 seconds
[2023-12-24T01:32:34.972+0000] {processor.py:157} INFO - Started process (PID=372) to work on /opt/airflow/dags/another_produce.py
[2023-12-24T01:32:34.973+0000] {processor.py:826} INFO - Processing file /opt/airflow/dags/another_produce.py for tasks to queue
[2023-12-24T01:32:34.974+0000] {logging_mixin.py:150} INFO - [2023-12-24T01:32:34.974+0000] {dagbag.py:541} INFO - Filling up the DagBag from /opt/airflow/dags/another_produce.py
[2023-12-24T01:32:35.005+0000] {processor.py:836} INFO - DAG(s) dict_keys(['kafka_message_producer']) retrieved from /opt/airflow/dags/another_produce.py
[2023-12-24T01:32:35.027+0000] {logging_mixin.py:150} INFO - [2023-12-24T01:32:35.027+0000] {dag.py:2742} INFO - Sync 1 DAGs
[2023-12-24T01:32:35.045+0000] {logging_mixin.py:150} INFO - [2023-12-24T01:32:35.045+0000] {dag.py:3508} INFO - Setting next_dagrun for kafka_message_producer to None, run_after=None
[2023-12-24T01:32:35.058+0000] {processor.py:179} INFO - Processing /opt/airflow/dags/another_produce.py took 0.088 seconds
[2023-12-24T01:33:05.618+0000] {processor.py:157} INFO - Started process (PID=488) to work on /opt/airflow/dags/another_produce.py
[2023-12-24T01:33:05.619+0000] {processor.py:826} INFO - Processing file /opt/airflow/dags/another_produce.py for tasks to queue
[2023-12-24T01:33:05.619+0000] {logging_mixin.py:150} INFO - [2023-12-24T01:33:05.619+0000] {dagbag.py:541} INFO - Filling up the DagBag from /opt/airflow/dags/another_produce.py
[2023-12-24T01:33:05.647+0000] {processor.py:836} INFO - DAG(s) dict_keys(['kafka_message_producer']) retrieved from /opt/airflow/dags/another_produce.py
[2023-12-24T01:33:05.667+0000] {logging_mixin.py:150} INFO - [2023-12-24T01:33:05.667+0000] {dag.py:2742} INFO - Sync 1 DAGs
[2023-12-24T01:33:05.684+0000] {logging_mixin.py:150} INFO - [2023-12-24T01:33:05.683+0000] {dag.py:3508} INFO - Setting next_dagrun for kafka_message_producer to None, run_after=None
[2023-12-24T01:33:05.701+0000] {processor.py:179} INFO - Processing /opt/airflow/dags/another_produce.py took 0.084 seconds
[2023-12-24T01:33:36.359+0000] {processor.py:157} INFO - Started process (PID=595) to work on /opt/airflow/dags/another_produce.py
[2023-12-24T01:33:36.365+0000] {processor.py:826} INFO - Processing file /opt/airflow/dags/another_produce.py for tasks to queue
[2023-12-24T01:33:36.366+0000] {logging_mixin.py:150} INFO - [2023-12-24T01:33:36.365+0000] {dagbag.py:541} INFO - Filling up the DagBag from /opt/airflow/dags/another_produce.py
[2023-12-24T01:33:36.394+0000] {processor.py:836} INFO - DAG(s) dict_keys(['kafka_message_producer']) retrieved from /opt/airflow/dags/another_produce.py
[2023-12-24T01:33:36.415+0000] {logging_mixin.py:150} INFO - [2023-12-24T01:33:36.415+0000] {dag.py:2742} INFO - Sync 1 DAGs
[2023-12-24T01:33:36.432+0000] {logging_mixin.py:150} INFO - [2023-12-24T01:33:36.431+0000] {dag.py:3508} INFO - Setting next_dagrun for kafka_message_producer to None, run_after=None
[2023-12-24T01:33:36.445+0000] {processor.py:179} INFO - Processing /opt/airflow/dags/another_produce.py took 0.088 seconds
[2023-12-24T01:34:06.810+0000] {processor.py:157} INFO - Started process (PID=711) to work on /opt/airflow/dags/another_produce.py
[2023-12-24T01:34:06.810+0000] {processor.py:826} INFO - Processing file /opt/airflow/dags/another_produce.py for tasks to queue
[2023-12-24T01:34:06.810+0000] {logging_mixin.py:150} INFO - [2023-12-24T01:34:06.810+0000] {dagbag.py:541} INFO - Filling up the DagBag from /opt/airflow/dags/another_produce.py
[2023-12-24T01:34:06.839+0000] {processor.py:836} INFO - DAG(s) dict_keys(['kafka_message_producer']) retrieved from /opt/airflow/dags/another_produce.py
[2023-12-24T01:34:06.859+0000] {logging_mixin.py:150} INFO - [2023-12-24T01:34:06.859+0000] {dag.py:2742} INFO - Sync 1 DAGs
[2023-12-24T01:34:06.876+0000] {logging_mixin.py:150} INFO - [2023-12-24T01:34:06.875+0000] {dag.py:3508} INFO - Setting next_dagrun for kafka_message_producer to None, run_after=None
[2023-12-24T01:34:06.888+0000] {processor.py:179} INFO - Processing /opt/airflow/dags/another_produce.py took 0.080 seconds
[2023-12-24T01:34:36.920+0000] {processor.py:157} INFO - Started process (PID=826) to work on /opt/airflow/dags/another_produce.py
[2023-12-24T01:34:36.921+0000] {processor.py:826} INFO - Processing file /opt/airflow/dags/another_produce.py for tasks to queue
[2023-12-24T01:34:36.922+0000] {logging_mixin.py:150} INFO - [2023-12-24T01:34:36.922+0000] {dagbag.py:541} INFO - Filling up the DagBag from /opt/airflow/dags/another_produce.py
[2023-12-24T01:34:36.953+0000] {processor.py:836} INFO - DAG(s) dict_keys(['kafka_message_producer']) retrieved from /opt/airflow/dags/another_produce.py
[2023-12-24T01:34:36.973+0000] {logging_mixin.py:150} INFO - [2023-12-24T01:34:36.972+0000] {dag.py:2742} INFO - Sync 1 DAGs
[2023-12-24T01:34:36.990+0000] {logging_mixin.py:150} INFO - [2023-12-24T01:34:36.990+0000] {dag.py:3508} INFO - Setting next_dagrun for kafka_message_producer to None, run_after=None
[2023-12-24T01:34:37.003+0000] {processor.py:179} INFO - Processing /opt/airflow/dags/another_produce.py took 0.087 seconds
[2023-12-24T01:35:07.500+0000] {processor.py:157} INFO - Started process (PID=933) to work on /opt/airflow/dags/another_produce.py
[2023-12-24T01:35:07.500+0000] {processor.py:826} INFO - Processing file /opt/airflow/dags/another_produce.py for tasks to queue
[2023-12-24T01:35:07.501+0000] {logging_mixin.py:150} INFO - [2023-12-24T01:35:07.501+0000] {dagbag.py:541} INFO - Filling up the DagBag from /opt/airflow/dags/another_produce.py
[2023-12-24T01:35:07.532+0000] {processor.py:836} INFO - DAG(s) dict_keys(['kafka_message_producer']) retrieved from /opt/airflow/dags/another_produce.py
[2023-12-24T01:35:07.553+0000] {logging_mixin.py:150} INFO - [2023-12-24T01:35:07.553+0000] {dag.py:2742} INFO - Sync 1 DAGs
[2023-12-24T01:35:07.571+0000] {logging_mixin.py:150} INFO - [2023-12-24T01:35:07.571+0000] {dag.py:3508} INFO - Setting next_dagrun for kafka_message_producer to None, run_after=None
[2023-12-24T01:35:07.583+0000] {processor.py:179} INFO - Processing /opt/airflow/dags/another_produce.py took 0.086 seconds
[2023-12-24T01:35:38.174+0000] {processor.py:157} INFO - Started process (PID=1049) to work on /opt/airflow/dags/another_produce.py
[2023-12-24T01:35:38.175+0000] {processor.py:826} INFO - Processing file /opt/airflow/dags/another_produce.py for tasks to queue
[2023-12-24T01:35:38.175+0000] {logging_mixin.py:150} INFO - [2023-12-24T01:35:38.175+0000] {dagbag.py:541} INFO - Filling up the DagBag from /opt/airflow/dags/another_produce.py
[2023-12-24T01:35:38.203+0000] {processor.py:836} INFO - DAG(s) dict_keys(['kafka_message_producer']) retrieved from /opt/airflow/dags/another_produce.py
[2023-12-24T01:35:38.224+0000] {logging_mixin.py:150} INFO - [2023-12-24T01:35:38.224+0000] {dag.py:2742} INFO - Sync 1 DAGs
[2023-12-24T01:35:38.241+0000] {logging_mixin.py:150} INFO - [2023-12-24T01:35:38.241+0000] {dag.py:3508} INFO - Setting next_dagrun for kafka_message_producer to None, run_after=None
[2023-12-24T01:35:38.256+0000] {processor.py:179} INFO - Processing /opt/airflow/dags/another_produce.py took 0.084 seconds
[2023-12-24T01:36:08.628+0000] {processor.py:157} INFO - Started process (PID=1165) to work on /opt/airflow/dags/another_produce.py
[2023-12-24T01:36:08.629+0000] {processor.py:826} INFO - Processing file /opt/airflow/dags/another_produce.py for tasks to queue
[2023-12-24T01:36:08.629+0000] {logging_mixin.py:150} INFO - [2023-12-24T01:36:08.629+0000] {dagbag.py:541} INFO - Filling up the DagBag from /opt/airflow/dags/another_produce.py
[2023-12-24T01:36:08.660+0000] {processor.py:836} INFO - DAG(s) dict_keys(['kafka_message_producer']) retrieved from /opt/airflow/dags/another_produce.py
[2023-12-24T01:36:08.681+0000] {logging_mixin.py:150} INFO - [2023-12-24T01:36:08.681+0000] {dag.py:2742} INFO - Sync 1 DAGs
[2023-12-24T01:36:08.699+0000] {logging_mixin.py:150} INFO - [2023-12-24T01:36:08.699+0000] {dag.py:3508} INFO - Setting next_dagrun for kafka_message_producer to None, run_after=None
[2023-12-24T01:36:08.712+0000] {processor.py:179} INFO - Processing /opt/airflow/dags/another_produce.py took 0.086 seconds
[2023-12-24T01:36:39.292+0000] {processor.py:157} INFO - Started process (PID=1272) to work on /opt/airflow/dags/another_produce.py
[2023-12-24T01:36:39.297+0000] {processor.py:826} INFO - Processing file /opt/airflow/dags/another_produce.py for tasks to queue
[2023-12-24T01:36:39.298+0000] {logging_mixin.py:150} INFO - [2023-12-24T01:36:39.298+0000] {dagbag.py:541} INFO - Filling up the DagBag from /opt/airflow/dags/another_produce.py
[2023-12-24T01:36:39.328+0000] {processor.py:836} INFO - DAG(s) dict_keys(['kafka_message_producer']) retrieved from /opt/airflow/dags/another_produce.py
[2023-12-24T01:36:39.348+0000] {logging_mixin.py:150} INFO - [2023-12-24T01:36:39.348+0000] {dag.py:2742} INFO - Sync 1 DAGs
[2023-12-24T01:36:39.367+0000] {logging_mixin.py:150} INFO - [2023-12-24T01:36:39.366+0000] {dag.py:3508} INFO - Setting next_dagrun for kafka_message_producer to None, run_after=None
[2023-12-24T01:36:39.380+0000] {processor.py:179} INFO - Processing /opt/airflow/dags/another_produce.py took 0.090 seconds
[2023-12-24T01:37:09.534+0000] {processor.py:157} INFO - Started process (PID=1388) to work on /opt/airflow/dags/another_produce.py
[2023-12-24T01:37:09.534+0000] {processor.py:826} INFO - Processing file /opt/airflow/dags/another_produce.py for tasks to queue
[2023-12-24T01:37:09.535+0000] {logging_mixin.py:150} INFO - [2023-12-24T01:37:09.535+0000] {dagbag.py:541} INFO - Filling up the DagBag from /opt/airflow/dags/another_produce.py
[2023-12-24T01:37:09.578+0000] {processor.py:836} INFO - DAG(s) dict_keys(['kafka_message_producer']) retrieved from /opt/airflow/dags/another_produce.py
[2023-12-24T01:37:09.605+0000] {logging_mixin.py:150} INFO - [2023-12-24T01:37:09.604+0000] {dag.py:2742} INFO - Sync 1 DAGs
[2023-12-24T01:37:09.625+0000] {logging_mixin.py:150} INFO - [2023-12-24T01:37:09.625+0000] {dag.py:3508} INFO - Setting next_dagrun for kafka_message_producer to None, run_after=None
[2023-12-24T01:37:09.638+0000] {processor.py:179} INFO - Processing /opt/airflow/dags/another_produce.py took 0.106 seconds
[2023-12-24T01:37:40.116+0000] {processor.py:157} INFO - Started process (PID=1504) to work on /opt/airflow/dags/another_produce.py
[2023-12-24T01:37:40.117+0000] {processor.py:826} INFO - Processing file /opt/airflow/dags/another_produce.py for tasks to queue
[2023-12-24T01:37:40.117+0000] {logging_mixin.py:150} INFO - [2023-12-24T01:37:40.117+0000] {dagbag.py:541} INFO - Filling up the DagBag from /opt/airflow/dags/another_produce.py
[2023-12-24T01:37:40.149+0000] {processor.py:836} INFO - DAG(s) dict_keys(['kafka_message_producer']) retrieved from /opt/airflow/dags/another_produce.py
[2023-12-24T01:37:40.171+0000] {logging_mixin.py:150} INFO - [2023-12-24T01:37:40.171+0000] {dag.py:2742} INFO - Sync 1 DAGs
[2023-12-24T01:37:40.191+0000] {logging_mixin.py:150} INFO - [2023-12-24T01:37:40.190+0000] {dag.py:3508} INFO - Setting next_dagrun for kafka_message_producer to None, run_after=None
[2023-12-24T01:37:40.204+0000] {processor.py:179} INFO - Processing /opt/airflow/dags/another_produce.py took 0.091 seconds
[2023-12-24T01:38:10.857+0000] {processor.py:157} INFO - Started process (PID=1611) to work on /opt/airflow/dags/another_produce.py
[2023-12-24T01:38:10.857+0000] {processor.py:826} INFO - Processing file /opt/airflow/dags/another_produce.py for tasks to queue
[2023-12-24T01:38:10.858+0000] {logging_mixin.py:150} INFO - [2023-12-24T01:38:10.858+0000] {dagbag.py:541} INFO - Filling up the DagBag from /opt/airflow/dags/another_produce.py
[2023-12-24T01:38:10.887+0000] {processor.py:836} INFO - DAG(s) dict_keys(['kafka_message_producer']) retrieved from /opt/airflow/dags/another_produce.py
[2023-12-24T01:38:10.909+0000] {logging_mixin.py:150} INFO - [2023-12-24T01:38:10.908+0000] {dag.py:2742} INFO - Sync 1 DAGs
[2023-12-24T01:38:10.926+0000] {logging_mixin.py:150} INFO - [2023-12-24T01:38:10.926+0000] {dag.py:3508} INFO - Setting next_dagrun for kafka_message_producer to None, run_after=None
[2023-12-24T01:38:10.938+0000] {processor.py:179} INFO - Processing /opt/airflow/dags/another_produce.py took 0.084 seconds
[2023-12-24T01:38:41.603+0000] {processor.py:157} INFO - Started process (PID=1727) to work on /opt/airflow/dags/another_produce.py
[2023-12-24T01:38:41.605+0000] {processor.py:826} INFO - Processing file /opt/airflow/dags/another_produce.py for tasks to queue
[2023-12-24T01:38:41.605+0000] {logging_mixin.py:150} INFO - [2023-12-24T01:38:41.605+0000] {dagbag.py:541} INFO - Filling up the DagBag from /opt/airflow/dags/another_produce.py
[2023-12-24T01:38:41.635+0000] {processor.py:836} INFO - DAG(s) dict_keys(['kafka_message_producer']) retrieved from /opt/airflow/dags/another_produce.py
[2023-12-24T01:38:41.656+0000] {logging_mixin.py:150} INFO - [2023-12-24T01:38:41.656+0000] {dag.py:2742} INFO - Sync 1 DAGs
[2023-12-24T01:38:41.674+0000] {logging_mixin.py:150} INFO - [2023-12-24T01:38:41.674+0000] {dag.py:3508} INFO - Setting next_dagrun for kafka_message_producer to None, run_after=None
[2023-12-24T01:38:41.686+0000] {processor.py:179} INFO - Processing /opt/airflow/dags/another_produce.py took 0.085 seconds
[2023-12-24T01:39:11.776+0000] {processor.py:157} INFO - Started process (PID=1834) to work on /opt/airflow/dags/another_produce.py
[2023-12-24T01:39:11.777+0000] {processor.py:826} INFO - Processing file /opt/airflow/dags/another_produce.py for tasks to queue
[2023-12-24T01:39:11.777+0000] {logging_mixin.py:150} INFO - [2023-12-24T01:39:11.777+0000] {dagbag.py:541} INFO - Filling up the DagBag from /opt/airflow/dags/another_produce.py
[2023-12-24T01:39:11.806+0000] {processor.py:836} INFO - DAG(s) dict_keys(['kafka_message_producer']) retrieved from /opt/airflow/dags/another_produce.py
[2023-12-24T01:39:11.825+0000] {logging_mixin.py:150} INFO - [2023-12-24T01:39:11.825+0000] {dag.py:2742} INFO - Sync 1 DAGs
[2023-12-24T01:39:11.843+0000] {logging_mixin.py:150} INFO - [2023-12-24T01:39:11.842+0000] {dag.py:3508} INFO - Setting next_dagrun for kafka_message_producer to None, run_after=None
[2023-12-24T01:39:11.856+0000] {processor.py:179} INFO - Processing /opt/airflow/dags/another_produce.py took 0.082 seconds
