[2023-12-24T00:40:49.998+0000] {processor.py:157} INFO - Started process (PID=76) to work on /opt/airflow/dags/combined_dag(real).py
[2023-12-24T00:40:49.998+0000] {processor.py:826} INFO - Processing file /opt/airflow/dags/combined_dag(real).py for tasks to queue
[2023-12-24T00:40:49.999+0000] {logging_mixin.py:150} INFO - [2023-12-24T00:40:49.999+0000] {dagbag.py:541} INFO - Filling up the DagBag from /opt/airflow/dags/combined_dag(real).py
[2023-12-24T00:40:52.250+0000] {processor.py:836} INFO - DAG(s) dict_keys(['combined_dag']) retrieved from /opt/airflow/dags/combined_dag(real).py
[2023-12-24T00:40:52.358+0000] {logging_mixin.py:150} INFO - [2023-12-24T00:40:52.358+0000] {dag.py:2742} INFO - Sync 1 DAGs
[2023-12-24T00:40:52.377+0000] {logging_mixin.py:150} INFO - [2023-12-24T00:40:52.377+0000] {dag.py:3508} INFO - Setting next_dagrun for combined_dag to 2023-12-24T00:39:00+00:00, run_after=2023-12-24T00:40:00+00:00
[2023-12-24T00:40:52.402+0000] {processor.py:179} INFO - Processing /opt/airflow/dags/combined_dag(real).py took 2.407 seconds
[2023-12-24T00:41:23.308+0000] {processor.py:157} INFO - Started process (PID=194) to work on /opt/airflow/dags/combined_dag(real).py
[2023-12-24T00:41:23.310+0000] {processor.py:826} INFO - Processing file /opt/airflow/dags/combined_dag(real).py for tasks to queue
[2023-12-24T00:41:23.311+0000] {logging_mixin.py:150} INFO - [2023-12-24T00:41:23.311+0000] {dagbag.py:541} INFO - Filling up the DagBag from /opt/airflow/dags/combined_dag(real).py
[2023-12-24T00:41:24.948+0000] {processor.py:836} INFO - DAG(s) dict_keys(['combined_dag']) retrieved from /opt/airflow/dags/combined_dag(real).py
[2023-12-24T00:41:24.966+0000] {logging_mixin.py:150} INFO - [2023-12-24T00:41:24.966+0000] {dag.py:2742} INFO - Sync 1 DAGs
[2023-12-24T00:41:24.984+0000] {logging_mixin.py:150} INFO - [2023-12-24T00:41:24.984+0000] {dag.py:3508} INFO - Setting next_dagrun for combined_dag to 2023-12-24T00:40:00+00:00, run_after=2023-12-24T00:41:00+00:00
[2023-12-24T00:41:24.999+0000] {processor.py:179} INFO - Processing /opt/airflow/dags/combined_dag(real).py took 1.694 seconds
[2023-12-24T00:41:55.080+0000] {processor.py:157} INFO - Started process (PID=330) to work on /opt/airflow/dags/combined_dag(real).py
[2023-12-24T00:41:55.088+0000] {processor.py:826} INFO - Processing file /opt/airflow/dags/combined_dag(real).py for tasks to queue
[2023-12-24T00:41:55.089+0000] {logging_mixin.py:150} INFO - [2023-12-24T00:41:55.089+0000] {dagbag.py:541} INFO - Filling up the DagBag from /opt/airflow/dags/combined_dag(real).py
[2023-12-24T00:41:56.606+0000] {processor.py:836} INFO - DAG(s) dict_keys(['combined_dag']) retrieved from /opt/airflow/dags/combined_dag(real).py
[2023-12-24T00:41:56.622+0000] {logging_mixin.py:150} INFO - [2023-12-24T00:41:56.622+0000] {dag.py:2742} INFO - Sync 1 DAGs
[2023-12-24T00:41:56.638+0000] {logging_mixin.py:150} INFO - [2023-12-24T00:41:56.638+0000] {dag.py:3508} INFO - Setting next_dagrun for combined_dag to 2023-12-24T00:40:00+00:00, run_after=2023-12-24T00:41:00+00:00
[2023-12-24T00:41:56.650+0000] {processor.py:179} INFO - Processing /opt/airflow/dags/combined_dag(real).py took 1.580 seconds
[2023-12-24T00:42:26.737+0000] {processor.py:157} INFO - Started process (PID=426) to work on /opt/airflow/dags/combined_dag(real).py
[2023-12-24T00:42:26.738+0000] {processor.py:826} INFO - Processing file /opt/airflow/dags/combined_dag(real).py for tasks to queue
[2023-12-24T00:42:26.739+0000] {logging_mixin.py:150} INFO - [2023-12-24T00:42:26.738+0000] {dagbag.py:541} INFO - Filling up the DagBag from /opt/airflow/dags/combined_dag(real).py
[2023-12-24T00:42:28.462+0000] {processor.py:836} INFO - DAG(s) dict_keys(['combined_dag']) retrieved from /opt/airflow/dags/combined_dag(real).py
[2023-12-24T00:42:28.481+0000] {logging_mixin.py:150} INFO - [2023-12-24T00:42:28.481+0000] {dag.py:2742} INFO - Sync 1 DAGs
[2023-12-24T00:42:28.499+0000] {logging_mixin.py:150} INFO - [2023-12-24T00:42:28.499+0000] {dag.py:3508} INFO - Setting next_dagrun for combined_dag to 2023-12-24T00:41:00+00:00, run_after=2023-12-24T00:42:00+00:00
[2023-12-24T00:42:28.515+0000] {processor.py:179} INFO - Processing /opt/airflow/dags/combined_dag(real).py took 1.781 seconds
[2023-12-24T00:42:58.546+0000] {processor.py:157} INFO - Started process (PID=543) to work on /opt/airflow/dags/combined_dag(real).py
[2023-12-24T00:42:58.547+0000] {processor.py:826} INFO - Processing file /opt/airflow/dags/combined_dag(real).py for tasks to queue
[2023-12-24T00:42:58.547+0000] {logging_mixin.py:150} INFO - [2023-12-24T00:42:58.547+0000] {dagbag.py:541} INFO - Filling up the DagBag from /opt/airflow/dags/combined_dag(real).py
[2023-12-24T00:43:00.413+0000] {processor.py:836} INFO - DAG(s) dict_keys(['combined_dag']) retrieved from /opt/airflow/dags/combined_dag(real).py
[2023-12-24T00:43:00.430+0000] {logging_mixin.py:150} INFO - [2023-12-24T00:43:00.430+0000] {dag.py:2742} INFO - Sync 1 DAGs
[2023-12-24T00:43:00.449+0000] {logging_mixin.py:150} INFO - [2023-12-24T00:43:00.448+0000] {dag.py:3508} INFO - Setting next_dagrun for combined_dag to 2023-12-24T00:42:00+00:00, run_after=2023-12-24T00:43:00+00:00
[2023-12-24T00:43:00.463+0000] {processor.py:179} INFO - Processing /opt/airflow/dags/combined_dag(real).py took 1.920 seconds
[2023-12-24T00:43:30.529+0000] {processor.py:157} INFO - Started process (PID=650) to work on /opt/airflow/dags/combined_dag(real).py
[2023-12-24T00:43:30.531+0000] {processor.py:826} INFO - Processing file /opt/airflow/dags/combined_dag(real).py for tasks to queue
[2023-12-24T00:43:30.532+0000] {logging_mixin.py:150} INFO - [2023-12-24T00:43:30.532+0000] {dagbag.py:541} INFO - Filling up the DagBag from /opt/airflow/dags/combined_dag(real).py
[2023-12-24T00:43:32.168+0000] {processor.py:836} INFO - DAG(s) dict_keys(['combined_dag']) retrieved from /opt/airflow/dags/combined_dag(real).py
[2023-12-24T00:43:32.184+0000] {logging_mixin.py:150} INFO - [2023-12-24T00:43:32.184+0000] {dag.py:2742} INFO - Sync 1 DAGs
[2023-12-24T00:43:32.199+0000] {logging_mixin.py:150} INFO - [2023-12-24T00:43:32.199+0000] {dag.py:3508} INFO - Setting next_dagrun for combined_dag to 2023-12-24T00:42:00+00:00, run_after=2023-12-24T00:43:00+00:00
[2023-12-24T00:43:32.212+0000] {processor.py:179} INFO - Processing /opt/airflow/dags/combined_dag(real).py took 1.686 seconds
[2023-12-24T00:44:02.251+0000] {processor.py:157} INFO - Started process (PID=767) to work on /opt/airflow/dags/combined_dag(real).py
[2023-12-24T00:44:02.252+0000] {processor.py:826} INFO - Processing file /opt/airflow/dags/combined_dag(real).py for tasks to queue
[2023-12-24T00:44:02.253+0000] {logging_mixin.py:150} INFO - [2023-12-24T00:44:02.252+0000] {dagbag.py:541} INFO - Filling up the DagBag from /opt/airflow/dags/combined_dag(real).py
[2023-12-24T00:44:03.962+0000] {processor.py:836} INFO - DAG(s) dict_keys(['combined_dag']) retrieved from /opt/airflow/dags/combined_dag(real).py
[2023-12-24T00:44:03.978+0000] {logging_mixin.py:150} INFO - [2023-12-24T00:44:03.977+0000] {dag.py:2742} INFO - Sync 1 DAGs
[2023-12-24T00:44:03.997+0000] {logging_mixin.py:150} INFO - [2023-12-24T00:44:03.996+0000] {dag.py:3508} INFO - Setting next_dagrun for combined_dag to 2023-12-24T00:43:00+00:00, run_after=2023-12-24T00:44:00+00:00
[2023-12-24T00:44:04.016+0000] {processor.py:179} INFO - Processing /opt/airflow/dags/combined_dag(real).py took 1.768 seconds
[2023-12-24T00:44:34.046+0000] {processor.py:157} INFO - Started process (PID=882) to work on /opt/airflow/dags/combined_dag(real).py
[2023-12-24T00:44:34.047+0000] {processor.py:826} INFO - Processing file /opt/airflow/dags/combined_dag(real).py for tasks to queue
[2023-12-24T00:44:34.047+0000] {logging_mixin.py:150} INFO - [2023-12-24T00:44:34.047+0000] {dagbag.py:541} INFO - Filling up the DagBag from /opt/airflow/dags/combined_dag(real).py
[2023-12-24T00:44:35.805+0000] {processor.py:836} INFO - DAG(s) dict_keys(['combined_dag']) retrieved from /opt/airflow/dags/combined_dag(real).py
[2023-12-24T00:44:35.822+0000] {logging_mixin.py:150} INFO - [2023-12-24T00:44:35.821+0000] {dag.py:2742} INFO - Sync 1 DAGs
[2023-12-24T00:44:35.838+0000] {logging_mixin.py:150} INFO - [2023-12-24T00:44:35.838+0000] {dag.py:3508} INFO - Setting next_dagrun for combined_dag to 2023-12-24T00:43:00+00:00, run_after=2023-12-24T00:44:00+00:00
[2023-12-24T00:44:35.852+0000] {processor.py:179} INFO - Processing /opt/airflow/dags/combined_dag(real).py took 1.808 seconds
[2023-12-24T00:45:06.781+0000] {processor.py:157} INFO - Started process (PID=1019) to work on /opt/airflow/dags/combined_dag(real).py
[2023-12-24T00:45:06.782+0000] {processor.py:826} INFO - Processing file /opt/airflow/dags/combined_dag(real).py for tasks to queue
[2023-12-24T00:45:06.782+0000] {logging_mixin.py:150} INFO - [2023-12-24T00:45:06.782+0000] {dagbag.py:541} INFO - Filling up the DagBag from /opt/airflow/dags/combined_dag(real).py
[2023-12-24T00:45:08.438+0000] {processor.py:836} INFO - DAG(s) dict_keys(['combined_dag']) retrieved from /opt/airflow/dags/combined_dag(real).py
[2023-12-24T00:45:08.455+0000] {logging_mixin.py:150} INFO - [2023-12-24T00:45:08.455+0000] {dag.py:2742} INFO - Sync 1 DAGs
[2023-12-24T00:45:08.473+0000] {logging_mixin.py:150} INFO - [2023-12-24T00:45:08.473+0000] {dag.py:3508} INFO - Setting next_dagrun for combined_dag to 2023-12-24T00:44:00+00:00, run_after=2023-12-24T00:45:00+00:00
[2023-12-24T00:45:08.488+0000] {processor.py:179} INFO - Processing /opt/airflow/dags/combined_dag(real).py took 1.710 seconds
[2023-12-24T00:45:38.532+0000] {processor.py:157} INFO - Started process (PID=1126) to work on /opt/airflow/dags/combined_dag(real).py
[2023-12-24T00:45:38.533+0000] {processor.py:826} INFO - Processing file /opt/airflow/dags/combined_dag(real).py for tasks to queue
[2023-12-24T00:45:38.533+0000] {logging_mixin.py:150} INFO - [2023-12-24T00:45:38.533+0000] {dagbag.py:541} INFO - Filling up the DagBag from /opt/airflow/dags/combined_dag(real).py
[2023-12-24T00:45:40.250+0000] {processor.py:836} INFO - DAG(s) dict_keys(['combined_dag']) retrieved from /opt/airflow/dags/combined_dag(real).py
[2023-12-24T00:45:40.270+0000] {logging_mixin.py:150} INFO - [2023-12-24T00:45:40.270+0000] {dag.py:2742} INFO - Sync 1 DAGs
[2023-12-24T00:45:40.288+0000] {logging_mixin.py:150} INFO - [2023-12-24T00:45:40.288+0000] {dag.py:3508} INFO - Setting next_dagrun for combined_dag to 2023-12-24T00:44:00+00:00, run_after=2023-12-24T00:45:00+00:00
[2023-12-24T00:45:40.301+0000] {processor.py:179} INFO - Processing /opt/airflow/dags/combined_dag(real).py took 1.771 seconds
[2023-12-24T00:46:10.376+0000] {processor.py:157} INFO - Started process (PID=1242) to work on /opt/airflow/dags/combined_dag(real).py
[2023-12-24T00:46:10.377+0000] {processor.py:826} INFO - Processing file /opt/airflow/dags/combined_dag(real).py for tasks to queue
[2023-12-24T00:46:10.377+0000] {logging_mixin.py:150} INFO - [2023-12-24T00:46:10.377+0000] {dagbag.py:541} INFO - Filling up the DagBag from /opt/airflow/dags/combined_dag(real).py
[2023-12-24T00:46:11.975+0000] {processor.py:836} INFO - DAG(s) dict_keys(['combined_dag']) retrieved from /opt/airflow/dags/combined_dag(real).py
[2023-12-24T00:46:11.994+0000] {logging_mixin.py:150} INFO - [2023-12-24T00:46:11.994+0000] {dag.py:2742} INFO - Sync 1 DAGs
[2023-12-24T00:46:12.012+0000] {logging_mixin.py:150} INFO - [2023-12-24T00:46:12.012+0000] {dag.py:3508} INFO - Setting next_dagrun for combined_dag to 2023-12-24T00:45:00+00:00, run_after=2023-12-24T00:46:00+00:00
[2023-12-24T00:46:12.027+0000] {processor.py:179} INFO - Processing /opt/airflow/dags/combined_dag(real).py took 1.653 seconds
[2023-12-24T00:46:42.904+0000] {processor.py:157} INFO - Started process (PID=1358) to work on /opt/airflow/dags/combined_dag(real).py
[2023-12-24T00:46:42.906+0000] {processor.py:826} INFO - Processing file /opt/airflow/dags/combined_dag(real).py for tasks to queue
[2023-12-24T00:46:42.906+0000] {logging_mixin.py:150} INFO - [2023-12-24T00:46:42.906+0000] {dagbag.py:541} INFO - Filling up the DagBag from /opt/airflow/dags/combined_dag(real).py
[2023-12-24T00:46:44.496+0000] {processor.py:836} INFO - DAG(s) dict_keys(['combined_dag']) retrieved from /opt/airflow/dags/combined_dag(real).py
[2023-12-24T00:46:44.513+0000] {logging_mixin.py:150} INFO - [2023-12-24T00:46:44.513+0000] {dag.py:2742} INFO - Sync 1 DAGs
[2023-12-24T00:46:44.528+0000] {logging_mixin.py:150} INFO - [2023-12-24T00:46:44.528+0000] {dag.py:3508} INFO - Setting next_dagrun for combined_dag to 2023-12-24T00:45:00+00:00, run_after=2023-12-24T00:46:00+00:00
[2023-12-24T00:46:44.541+0000] {processor.py:179} INFO - Processing /opt/airflow/dags/combined_dag(real).py took 1.639 seconds
[2023-12-24T00:47:14.688+0000] {processor.py:157} INFO - Started process (PID=1537) to work on /opt/airflow/dags/combined_dag(real).py
[2023-12-24T00:47:14.689+0000] {processor.py:826} INFO - Processing file /opt/airflow/dags/combined_dag(real).py for tasks to queue
[2023-12-24T00:47:14.689+0000] {logging_mixin.py:150} INFO - [2023-12-24T00:47:14.689+0000] {dagbag.py:541} INFO - Filling up the DagBag from /opt/airflow/dags/combined_dag(real).py
[2023-12-24T00:47:16.386+0000] {processor.py:836} INFO - DAG(s) dict_keys(['combined_dag']) retrieved from /opt/airflow/dags/combined_dag(real).py
[2023-12-24T00:47:16.404+0000] {logging_mixin.py:150} INFO - [2023-12-24T00:47:16.404+0000] {dag.py:2742} INFO - Sync 1 DAGs
[2023-12-24T00:47:16.423+0000] {logging_mixin.py:150} INFO - [2023-12-24T00:47:16.423+0000] {dag.py:3508} INFO - Setting next_dagrun for combined_dag to 2023-12-24T00:46:00+00:00, run_after=2023-12-24T00:47:00+00:00
[2023-12-24T00:47:16.438+0000] {processor.py:179} INFO - Processing /opt/airflow/dags/combined_dag(real).py took 1.753 seconds
[2023-12-24T00:47:46.831+0000] {processor.py:157} INFO - Started process (PID=1653) to work on /opt/airflow/dags/combined_dag(real).py
[2023-12-24T00:47:46.831+0000] {processor.py:826} INFO - Processing file /opt/airflow/dags/combined_dag(real).py for tasks to queue
[2023-12-24T00:47:46.832+0000] {logging_mixin.py:150} INFO - [2023-12-24T00:47:46.831+0000] {dagbag.py:541} INFO - Filling up the DagBag from /opt/airflow/dags/combined_dag(real).py
[2023-12-24T00:47:48.484+0000] {processor.py:836} INFO - DAG(s) dict_keys(['combined_dag']) retrieved from /opt/airflow/dags/combined_dag(real).py
[2023-12-24T00:47:48.501+0000] {logging_mixin.py:150} INFO - [2023-12-24T00:47:48.500+0000] {dag.py:2742} INFO - Sync 1 DAGs
[2023-12-24T00:47:48.516+0000] {logging_mixin.py:150} INFO - [2023-12-24T00:47:48.516+0000] {dag.py:3508} INFO - Setting next_dagrun for combined_dag to 2023-12-24T00:46:00+00:00, run_after=2023-12-24T00:47:00+00:00
[2023-12-24T00:47:48.528+0000] {processor.py:179} INFO - Processing /opt/airflow/dags/combined_dag(real).py took 1.700 seconds
[2023-12-24T00:48:19.063+0000] {processor.py:157} INFO - Started process (PID=1760) to work on /opt/airflow/dags/combined_dag(real).py
[2023-12-24T00:48:19.065+0000] {processor.py:826} INFO - Processing file /opt/airflow/dags/combined_dag(real).py for tasks to queue
[2023-12-24T00:48:19.065+0000] {logging_mixin.py:150} INFO - [2023-12-24T00:48:19.065+0000] {dagbag.py:541} INFO - Filling up the DagBag from /opt/airflow/dags/combined_dag(real).py
[2023-12-24T00:48:20.667+0000] {processor.py:836} INFO - DAG(s) dict_keys(['combined_dag']) retrieved from /opt/airflow/dags/combined_dag(real).py
[2023-12-24T00:48:20.687+0000] {logging_mixin.py:150} INFO - [2023-12-24T00:48:20.686+0000] {dag.py:2742} INFO - Sync 1 DAGs
[2023-12-24T00:48:20.704+0000] {logging_mixin.py:150} INFO - [2023-12-24T00:48:20.704+0000] {dag.py:3508} INFO - Setting next_dagrun for combined_dag to 2023-12-24T00:47:00+00:00, run_after=2023-12-24T00:48:00+00:00
[2023-12-24T00:48:20.716+0000] {processor.py:179} INFO - Processing /opt/airflow/dags/combined_dag(real).py took 1.655 seconds
[2023-12-24T00:48:51.081+0000] {processor.py:157} INFO - Started process (PID=1876) to work on /opt/airflow/dags/combined_dag(real).py
[2023-12-24T00:48:51.083+0000] {processor.py:826} INFO - Processing file /opt/airflow/dags/combined_dag(real).py for tasks to queue
[2023-12-24T00:48:51.084+0000] {logging_mixin.py:150} INFO - [2023-12-24T00:48:51.083+0000] {dagbag.py:541} INFO - Filling up the DagBag from /opt/airflow/dags/combined_dag(real).py
[2023-12-24T00:48:52.707+0000] {processor.py:836} INFO - DAG(s) dict_keys(['combined_dag']) retrieved from /opt/airflow/dags/combined_dag(real).py
[2023-12-24T00:48:52.726+0000] {logging_mixin.py:150} INFO - [2023-12-24T00:48:52.725+0000] {dag.py:2742} INFO - Sync 1 DAGs
[2023-12-24T00:48:52.742+0000] {logging_mixin.py:150} INFO - [2023-12-24T00:48:52.742+0000] {dag.py:3508} INFO - Setting next_dagrun for combined_dag to 2023-12-24T00:47:00+00:00, run_after=2023-12-24T00:48:00+00:00
[2023-12-24T00:48:52.757+0000] {processor.py:179} INFO - Processing /opt/airflow/dags/combined_dag(real).py took 1.679 seconds
[2023-12-24T00:49:23.066+0000] {processor.py:157} INFO - Started process (PID=1991) to work on /opt/airflow/dags/combined_dag(real).py
[2023-12-24T00:49:23.068+0000] {processor.py:826} INFO - Processing file /opt/airflow/dags/combined_dag(real).py for tasks to queue
[2023-12-24T00:49:23.069+0000] {logging_mixin.py:150} INFO - [2023-12-24T00:49:23.069+0000] {dagbag.py:541} INFO - Filling up the DagBag from /opt/airflow/dags/combined_dag(real).py
[2023-12-24T00:49:24.638+0000] {processor.py:836} INFO - DAG(s) dict_keys(['combined_dag']) retrieved from /opt/airflow/dags/combined_dag(real).py
[2023-12-24T00:49:24.654+0000] {logging_mixin.py:150} INFO - [2023-12-24T00:49:24.654+0000] {dag.py:2742} INFO - Sync 1 DAGs
[2023-12-24T00:49:24.671+0000] {logging_mixin.py:150} INFO - [2023-12-24T00:49:24.671+0000] {dag.py:3508} INFO - Setting next_dagrun for combined_dag to 2023-12-24T00:48:00+00:00, run_after=2023-12-24T00:49:00+00:00
[2023-12-24T00:49:24.684+0000] {processor.py:179} INFO - Processing /opt/airflow/dags/combined_dag(real).py took 1.622 seconds
[2023-12-24T00:49:55.004+0000] {processor.py:157} INFO - Started process (PID=2107) to work on /opt/airflow/dags/combined_dag(real).py
[2023-12-24T00:49:55.004+0000] {processor.py:826} INFO - Processing file /opt/airflow/dags/combined_dag(real).py for tasks to queue
[2023-12-24T00:49:55.005+0000] {logging_mixin.py:150} INFO - [2023-12-24T00:49:55.005+0000] {dagbag.py:541} INFO - Filling up the DagBag from /opt/airflow/dags/combined_dag(real).py
[2023-12-24T00:49:56.517+0000] {processor.py:836} INFO - DAG(s) dict_keys(['combined_dag']) retrieved from /opt/airflow/dags/combined_dag(real).py
[2023-12-24T00:49:56.537+0000] {logging_mixin.py:150} INFO - [2023-12-24T00:49:56.536+0000] {dag.py:2742} INFO - Sync 1 DAGs
[2023-12-24T00:49:56.555+0000] {logging_mixin.py:150} INFO - [2023-12-24T00:49:56.555+0000] {dag.py:3508} INFO - Setting next_dagrun for combined_dag to 2023-12-24T00:48:00+00:00, run_after=2023-12-24T00:49:00+00:00
[2023-12-24T00:49:56.568+0000] {processor.py:179} INFO - Processing /opt/airflow/dags/combined_dag(real).py took 1.568 seconds
[2023-12-24T00:50:26.949+0000] {processor.py:157} INFO - Started process (PID=2214) to work on /opt/airflow/dags/combined_dag(real).py
[2023-12-24T00:50:26.951+0000] {processor.py:826} INFO - Processing file /opt/airflow/dags/combined_dag(real).py for tasks to queue
[2023-12-24T00:50:26.952+0000] {logging_mixin.py:150} INFO - [2023-12-24T00:50:26.951+0000] {dagbag.py:541} INFO - Filling up the DagBag from /opt/airflow/dags/combined_dag(real).py
[2023-12-24T00:50:28.632+0000] {processor.py:836} INFO - DAG(s) dict_keys(['combined_dag']) retrieved from /opt/airflow/dags/combined_dag(real).py
[2023-12-24T00:50:28.653+0000] {logging_mixin.py:150} INFO - [2023-12-24T00:50:28.652+0000] {dag.py:2742} INFO - Sync 1 DAGs
[2023-12-24T00:50:28.670+0000] {logging_mixin.py:150} INFO - [2023-12-24T00:50:28.670+0000] {dag.py:3508} INFO - Setting next_dagrun for combined_dag to 2023-12-24T00:49:00+00:00, run_after=2023-12-24T00:50:00+00:00
[2023-12-24T00:50:28.684+0000] {processor.py:179} INFO - Processing /opt/airflow/dags/combined_dag(real).py took 1.737 seconds
[2023-12-24T00:50:59.470+0000] {processor.py:157} INFO - Started process (PID=2333) to work on /opt/airflow/dags/combined_dag(real).py
[2023-12-24T00:50:59.472+0000] {processor.py:826} INFO - Processing file /opt/airflow/dags/combined_dag(real).py for tasks to queue
[2023-12-24T00:50:59.473+0000] {logging_mixin.py:150} INFO - [2023-12-24T00:50:59.473+0000] {dagbag.py:541} INFO - Filling up the DagBag from /opt/airflow/dags/combined_dag(real).py
[2023-12-24T00:51:01.273+0000] {processor.py:836} INFO - DAG(s) dict_keys(['combined_dag']) retrieved from /opt/airflow/dags/combined_dag(real).py
[2023-12-24T00:51:01.291+0000] {logging_mixin.py:150} INFO - [2023-12-24T00:51:01.290+0000] {dag.py:2742} INFO - Sync 1 DAGs
[2023-12-24T00:51:01.306+0000] {logging_mixin.py:150} INFO - [2023-12-24T00:51:01.306+0000] {dag.py:3508} INFO - Setting next_dagrun for combined_dag to 2023-12-24T00:50:00+00:00, run_after=2023-12-24T00:51:00+00:00
[2023-12-24T00:51:01.320+0000] {processor.py:179} INFO - Processing /opt/airflow/dags/combined_dag(real).py took 1.852 seconds
[2023-12-24T00:51:32.126+0000] {processor.py:157} INFO - Started process (PID=2450) to work on /opt/airflow/dags/combined_dag(real).py
[2023-12-24T00:51:32.127+0000] {processor.py:826} INFO - Processing file /opt/airflow/dags/combined_dag(real).py for tasks to queue
[2023-12-24T00:51:32.127+0000] {logging_mixin.py:150} INFO - [2023-12-24T00:51:32.127+0000] {dagbag.py:541} INFO - Filling up the DagBag from /opt/airflow/dags/combined_dag(real).py
[2023-12-24T00:51:33.750+0000] {processor.py:836} INFO - DAG(s) dict_keys(['combined_dag']) retrieved from /opt/airflow/dags/combined_dag(real).py
[2023-12-24T00:51:33.769+0000] {logging_mixin.py:150} INFO - [2023-12-24T00:51:33.769+0000] {dag.py:2742} INFO - Sync 1 DAGs
[2023-12-24T00:51:33.785+0000] {logging_mixin.py:150} INFO - [2023-12-24T00:51:33.785+0000] {dag.py:3508} INFO - Setting next_dagrun for combined_dag to 2023-12-24T00:50:00+00:00, run_after=2023-12-24T00:51:00+00:00
[2023-12-24T00:51:33.799+0000] {processor.py:179} INFO - Processing /opt/airflow/dags/combined_dag(real).py took 1.675 seconds
[2023-12-24T00:52:04.195+0000] {processor.py:157} INFO - Started process (PID=2567) to work on /opt/airflow/dags/combined_dag(real).py
[2023-12-24T00:52:04.196+0000] {processor.py:826} INFO - Processing file /opt/airflow/dags/combined_dag(real).py for tasks to queue
[2023-12-24T00:52:04.197+0000] {logging_mixin.py:150} INFO - [2023-12-24T00:52:04.197+0000] {dagbag.py:541} INFO - Filling up the DagBag from /opt/airflow/dags/combined_dag(real).py
[2023-12-24T00:52:05.810+0000] {processor.py:836} INFO - DAG(s) dict_keys(['combined_dag']) retrieved from /opt/airflow/dags/combined_dag(real).py
[2023-12-24T00:52:05.828+0000] {logging_mixin.py:150} INFO - [2023-12-24T00:52:05.827+0000] {dag.py:2742} INFO - Sync 1 DAGs
[2023-12-24T00:52:05.844+0000] {logging_mixin.py:150} INFO - [2023-12-24T00:52:05.844+0000] {dag.py:3508} INFO - Setting next_dagrun for combined_dag to 2023-12-24T00:51:00+00:00, run_after=2023-12-24T00:52:00+00:00
[2023-12-24T00:52:05.858+0000] {processor.py:179} INFO - Processing /opt/airflow/dags/combined_dag(real).py took 1.666 seconds
[2023-12-24T00:52:36.519+0000] {processor.py:157} INFO - Started process (PID=2685) to work on /opt/airflow/dags/combined_dag(real).py
[2023-12-24T00:52:36.520+0000] {processor.py:826} INFO - Processing file /opt/airflow/dags/combined_dag(real).py for tasks to queue
[2023-12-24T00:52:36.521+0000] {logging_mixin.py:150} INFO - [2023-12-24T00:52:36.521+0000] {dagbag.py:541} INFO - Filling up the DagBag from /opt/airflow/dags/combined_dag(real).py
[2023-12-24T00:52:38.156+0000] {processor.py:836} INFO - DAG(s) dict_keys(['combined_dag']) retrieved from /opt/airflow/dags/combined_dag(real).py
[2023-12-24T00:52:38.173+0000] {logging_mixin.py:150} INFO - [2023-12-24T00:52:38.172+0000] {dag.py:2742} INFO - Sync 1 DAGs
[2023-12-24T00:52:38.189+0000] {logging_mixin.py:150} INFO - [2023-12-24T00:52:38.189+0000] {dag.py:3508} INFO - Setting next_dagrun for combined_dag to 2023-12-24T00:51:00+00:00, run_after=2023-12-24T00:52:00+00:00
[2023-12-24T00:52:38.203+0000] {processor.py:179} INFO - Processing /opt/airflow/dags/combined_dag(real).py took 1.687 seconds
[2023-12-24T00:53:08.771+0000] {processor.py:157} INFO - Started process (PID=2792) to work on /opt/airflow/dags/combined_dag(real).py
[2023-12-24T00:53:08.773+0000] {processor.py:826} INFO - Processing file /opt/airflow/dags/combined_dag(real).py for tasks to queue
[2023-12-24T00:53:08.774+0000] {logging_mixin.py:150} INFO - [2023-12-24T00:53:08.774+0000] {dagbag.py:541} INFO - Filling up the DagBag from /opt/airflow/dags/combined_dag(real).py
[2023-12-24T00:53:10.398+0000] {processor.py:836} INFO - DAG(s) dict_keys(['combined_dag']) retrieved from /opt/airflow/dags/combined_dag(real).py
[2023-12-24T00:53:10.418+0000] {logging_mixin.py:150} INFO - [2023-12-24T00:53:10.417+0000] {dag.py:2742} INFO - Sync 1 DAGs
[2023-12-24T00:53:10.436+0000] {logging_mixin.py:150} INFO - [2023-12-24T00:53:10.436+0000] {dag.py:3508} INFO - Setting next_dagrun for combined_dag to 2023-12-24T00:52:00+00:00, run_after=2023-12-24T00:53:00+00:00
[2023-12-24T00:53:10.450+0000] {processor.py:179} INFO - Processing /opt/airflow/dags/combined_dag(real).py took 1.681 seconds
[2023-12-24T00:53:41.268+0000] {processor.py:157} INFO - Started process (PID=2908) to work on /opt/airflow/dags/combined_dag(real).py
[2023-12-24T00:53:41.275+0000] {processor.py:826} INFO - Processing file /opt/airflow/dags/combined_dag(real).py for tasks to queue
[2023-12-24T00:53:41.276+0000] {logging_mixin.py:150} INFO - [2023-12-24T00:53:41.276+0000] {dagbag.py:541} INFO - Filling up the DagBag from /opt/airflow/dags/combined_dag(real).py
[2023-12-24T00:53:42.788+0000] {processor.py:836} INFO - DAG(s) dict_keys(['combined_dag']) retrieved from /opt/airflow/dags/combined_dag(real).py
[2023-12-24T00:53:42.804+0000] {logging_mixin.py:150} INFO - [2023-12-24T00:53:42.804+0000] {dag.py:2742} INFO - Sync 1 DAGs
[2023-12-24T00:53:42.819+0000] {logging_mixin.py:150} INFO - [2023-12-24T00:53:42.819+0000] {dag.py:3508} INFO - Setting next_dagrun for combined_dag to 2023-12-24T00:52:00+00:00, run_after=2023-12-24T00:53:00+00:00
[2023-12-24T00:53:42.833+0000] {processor.py:179} INFO - Processing /opt/airflow/dags/combined_dag(real).py took 1.569 seconds
[2023-12-24T00:54:13.652+0000] {processor.py:157} INFO - Started process (PID=3024) to work on /opt/airflow/dags/combined_dag(real).py
[2023-12-24T00:54:13.654+0000] {processor.py:826} INFO - Processing file /opt/airflow/dags/combined_dag(real).py for tasks to queue
[2023-12-24T00:54:13.655+0000] {logging_mixin.py:150} INFO - [2023-12-24T00:54:13.654+0000] {dagbag.py:541} INFO - Filling up the DagBag from /opt/airflow/dags/combined_dag(real).py
[2023-12-24T00:54:15.257+0000] {processor.py:836} INFO - DAG(s) dict_keys(['combined_dag']) retrieved from /opt/airflow/dags/combined_dag(real).py
[2023-12-24T00:54:15.275+0000] {logging_mixin.py:150} INFO - [2023-12-24T00:54:15.275+0000] {dag.py:2742} INFO - Sync 1 DAGs
[2023-12-24T00:54:15.292+0000] {logging_mixin.py:150} INFO - [2023-12-24T00:54:15.292+0000] {dag.py:3508} INFO - Setting next_dagrun for combined_dag to 2023-12-24T00:53:00+00:00, run_after=2023-12-24T00:54:00+00:00
[2023-12-24T00:54:15.305+0000] {processor.py:179} INFO - Processing /opt/airflow/dags/combined_dag(real).py took 1.656 seconds
[2023-12-24T00:54:45.364+0000] {processor.py:157} INFO - Started process (PID=3144) to work on /opt/airflow/dags/combined_dag(real).py
[2023-12-24T00:54:45.366+0000] {processor.py:826} INFO - Processing file /opt/airflow/dags/combined_dag(real).py for tasks to queue
[2023-12-24T00:54:45.367+0000] {logging_mixin.py:150} INFO - [2023-12-24T00:54:45.367+0000] {dagbag.py:541} INFO - Filling up the DagBag from /opt/airflow/dags/combined_dag(real).py
[2023-12-24T00:54:47.107+0000] {processor.py:836} INFO - DAG(s) dict_keys(['combined_dag']) retrieved from /opt/airflow/dags/combined_dag(real).py
[2023-12-24T00:54:47.124+0000] {logging_mixin.py:150} INFO - [2023-12-24T00:54:47.124+0000] {dag.py:2742} INFO - Sync 1 DAGs
[2023-12-24T00:54:47.141+0000] {logging_mixin.py:150} INFO - [2023-12-24T00:54:47.141+0000] {dag.py:3508} INFO - Setting next_dagrun for combined_dag to 2023-12-24T00:53:00+00:00, run_after=2023-12-24T00:54:00+00:00
[2023-12-24T00:54:47.155+0000] {processor.py:179} INFO - Processing /opt/airflow/dags/combined_dag(real).py took 1.795 seconds
[2023-12-24T00:55:17.861+0000] {processor.py:157} INFO - Started process (PID=3282) to work on /opt/airflow/dags/combined_dag(real).py
[2023-12-24T00:55:17.862+0000] {processor.py:826} INFO - Processing file /opt/airflow/dags/combined_dag(real).py for tasks to queue
[2023-12-24T00:55:17.863+0000] {logging_mixin.py:150} INFO - [2023-12-24T00:55:17.863+0000] {dagbag.py:541} INFO - Filling up the DagBag from /opt/airflow/dags/combined_dag(real).py
[2023-12-24T00:55:19.621+0000] {processor.py:836} INFO - DAG(s) dict_keys(['combined_dag']) retrieved from /opt/airflow/dags/combined_dag(real).py
[2023-12-24T00:55:19.639+0000] {logging_mixin.py:150} INFO - [2023-12-24T00:55:19.638+0000] {dag.py:2742} INFO - Sync 1 DAGs
[2023-12-24T00:55:19.664+0000] {logging_mixin.py:150} INFO - [2023-12-24T00:55:19.664+0000] {dag.py:3508} INFO - Setting next_dagrun for combined_dag to 2023-12-24T00:54:00+00:00, run_after=2023-12-24T00:55:00+00:00
[2023-12-24T00:55:19.676+0000] {processor.py:179} INFO - Processing /opt/airflow/dags/combined_dag(real).py took 1.818 seconds
[2023-12-24T00:55:50.036+0000] {processor.py:157} INFO - Started process (PID=3409) to work on /opt/airflow/dags/combined_dag(real).py
[2023-12-24T00:55:50.037+0000] {processor.py:826} INFO - Processing file /opt/airflow/dags/combined_dag(real).py for tasks to queue
[2023-12-24T00:55:50.037+0000] {logging_mixin.py:150} INFO - [2023-12-24T00:55:50.037+0000] {dagbag.py:541} INFO - Filling up the DagBag from /opt/airflow/dags/combined_dag(real).py
[2023-12-24T00:55:51.598+0000] {processor.py:836} INFO - DAG(s) dict_keys(['combined_dag']) retrieved from /opt/airflow/dags/combined_dag(real).py
[2023-12-24T00:55:51.615+0000] {logging_mixin.py:150} INFO - [2023-12-24T00:55:51.614+0000] {dag.py:2742} INFO - Sync 1 DAGs
[2023-12-24T00:55:51.641+0000] {logging_mixin.py:150} INFO - [2023-12-24T00:55:51.641+0000] {dag.py:3508} INFO - Setting next_dagrun for combined_dag to 2023-12-24T00:54:00+00:00, run_after=2023-12-24T00:55:00+00:00
[2023-12-24T00:55:51.666+0000] {processor.py:179} INFO - Processing /opt/airflow/dags/combined_dag(real).py took 1.633 seconds
[2023-12-24T00:56:22.121+0000] {processor.py:157} INFO - Started process (PID=3525) to work on /opt/airflow/dags/combined_dag(real).py
[2023-12-24T00:56:22.123+0000] {processor.py:826} INFO - Processing file /opt/airflow/dags/combined_dag(real).py for tasks to queue
[2023-12-24T00:56:22.123+0000] {logging_mixin.py:150} INFO - [2023-12-24T00:56:22.123+0000] {dagbag.py:541} INFO - Filling up the DagBag from /opt/airflow/dags/combined_dag(real).py
[2023-12-24T00:56:23.739+0000] {processor.py:836} INFO - DAG(s) dict_keys(['combined_dag']) retrieved from /opt/airflow/dags/combined_dag(real).py
[2023-12-24T00:56:23.758+0000] {logging_mixin.py:150} INFO - [2023-12-24T00:56:23.757+0000] {dag.py:2742} INFO - Sync 1 DAGs
[2023-12-24T00:56:23.776+0000] {logging_mixin.py:150} INFO - [2023-12-24T00:56:23.776+0000] {dag.py:3508} INFO - Setting next_dagrun for combined_dag to 2023-12-24T00:55:00+00:00, run_after=2023-12-24T00:56:00+00:00
[2023-12-24T00:56:23.790+0000] {processor.py:179} INFO - Processing /opt/airflow/dags/combined_dag(real).py took 1.672 seconds
[2023-12-24T00:56:54.036+0000] {processor.py:157} INFO - Started process (PID=3642) to work on /opt/airflow/dags/combined_dag(real).py
[2023-12-24T00:56:54.039+0000] {processor.py:826} INFO - Processing file /opt/airflow/dags/combined_dag(real).py for tasks to queue
[2023-12-24T00:56:54.039+0000] {logging_mixin.py:150} INFO - [2023-12-24T00:56:54.039+0000] {dagbag.py:541} INFO - Filling up the DagBag from /opt/airflow/dags/combined_dag(real).py
[2023-12-24T00:56:55.588+0000] {processor.py:836} INFO - DAG(s) dict_keys(['combined_dag']) retrieved from /opt/airflow/dags/combined_dag(real).py
[2023-12-24T00:56:55.605+0000] {logging_mixin.py:150} INFO - [2023-12-24T00:56:55.605+0000] {dag.py:2742} INFO - Sync 1 DAGs
[2023-12-24T00:56:55.620+0000] {logging_mixin.py:150} INFO - [2023-12-24T00:56:55.620+0000] {dag.py:3508} INFO - Setting next_dagrun for combined_dag to 2023-12-24T00:55:00+00:00, run_after=2023-12-24T00:56:00+00:00
[2023-12-24T00:56:55.632+0000] {processor.py:179} INFO - Processing /opt/airflow/dags/combined_dag(real).py took 1.599 seconds
[2023-12-24T00:57:26.194+0000] {processor.py:157} INFO - Started process (PID=3759) to work on /opt/airflow/dags/combined_dag(real).py
[2023-12-24T00:57:26.196+0000] {processor.py:826} INFO - Processing file /opt/airflow/dags/combined_dag(real).py for tasks to queue
[2023-12-24T00:57:26.197+0000] {logging_mixin.py:150} INFO - [2023-12-24T00:57:26.196+0000] {dagbag.py:541} INFO - Filling up the DagBag from /opt/airflow/dags/combined_dag(real).py
[2023-12-24T00:57:27.851+0000] {processor.py:836} INFO - DAG(s) dict_keys(['combined_dag']) retrieved from /opt/airflow/dags/combined_dag(real).py
[2023-12-24T00:57:27.869+0000] {logging_mixin.py:150} INFO - [2023-12-24T00:57:27.868+0000] {dag.py:2742} INFO - Sync 1 DAGs
[2023-12-24T00:57:27.889+0000] {logging_mixin.py:150} INFO - [2023-12-24T00:57:27.889+0000] {dag.py:3508} INFO - Setting next_dagrun for combined_dag to 2023-12-24T00:56:00+00:00, run_after=2023-12-24T00:57:00+00:00
[2023-12-24T00:57:27.908+0000] {processor.py:179} INFO - Processing /opt/airflow/dags/combined_dag(real).py took 1.717 seconds
[2023-12-24T00:57:58.237+0000] {processor.py:157} INFO - Started process (PID=3867) to work on /opt/airflow/dags/combined_dag(real).py
[2023-12-24T00:57:58.239+0000] {processor.py:826} INFO - Processing file /opt/airflow/dags/combined_dag(real).py for tasks to queue
[2023-12-24T00:57:58.240+0000] {logging_mixin.py:150} INFO - [2023-12-24T00:57:58.240+0000] {dagbag.py:541} INFO - Filling up the DagBag from /opt/airflow/dags/combined_dag(real).py
[2023-12-24T00:58:00.118+0000] {processor.py:836} INFO - DAG(s) dict_keys(['combined_dag']) retrieved from /opt/airflow/dags/combined_dag(real).py
[2023-12-24T00:58:00.139+0000] {logging_mixin.py:150} INFO - [2023-12-24T00:58:00.138+0000] {dag.py:2742} INFO - Sync 1 DAGs
[2023-12-24T00:58:00.156+0000] {logging_mixin.py:150} INFO - [2023-12-24T00:58:00.156+0000] {dag.py:3508} INFO - Setting next_dagrun for combined_dag to 2023-12-24T00:57:00+00:00, run_after=2023-12-24T00:58:00+00:00
[2023-12-24T00:58:00.171+0000] {processor.py:179} INFO - Processing /opt/airflow/dags/combined_dag(real).py took 1.936 seconds
[2023-12-24T00:58:30.596+0000] {processor.py:157} INFO - Started process (PID=3983) to work on /opt/airflow/dags/combined_dag(real).py
[2023-12-24T00:58:30.598+0000] {processor.py:826} INFO - Processing file /opt/airflow/dags/combined_dag(real).py for tasks to queue
[2023-12-24T00:58:30.599+0000] {logging_mixin.py:150} INFO - [2023-12-24T00:58:30.598+0000] {dagbag.py:541} INFO - Filling up the DagBag from /opt/airflow/dags/combined_dag(real).py
[2023-12-24T00:58:32.144+0000] {processor.py:836} INFO - DAG(s) dict_keys(['combined_dag']) retrieved from /opt/airflow/dags/combined_dag(real).py
[2023-12-24T00:58:32.159+0000] {logging_mixin.py:150} INFO - [2023-12-24T00:58:32.159+0000] {dag.py:2742} INFO - Sync 1 DAGs
[2023-12-24T00:58:32.175+0000] {logging_mixin.py:150} INFO - [2023-12-24T00:58:32.175+0000] {dag.py:3508} INFO - Setting next_dagrun for combined_dag to 2023-12-24T00:57:00+00:00, run_after=2023-12-24T00:58:00+00:00
[2023-12-24T00:58:32.193+0000] {processor.py:179} INFO - Processing /opt/airflow/dags/combined_dag(real).py took 1.599 seconds
[2023-12-24T00:59:02.534+0000] {processor.py:157} INFO - Started process (PID=4099) to work on /opt/airflow/dags/combined_dag(real).py
[2023-12-24T00:59:02.535+0000] {processor.py:826} INFO - Processing file /opt/airflow/dags/combined_dag(real).py for tasks to queue
[2023-12-24T00:59:02.536+0000] {logging_mixin.py:150} INFO - [2023-12-24T00:59:02.536+0000] {dagbag.py:541} INFO - Filling up the DagBag from /opt/airflow/dags/combined_dag(real).py
[2023-12-24T00:59:04.152+0000] {processor.py:836} INFO - DAG(s) dict_keys(['combined_dag']) retrieved from /opt/airflow/dags/combined_dag(real).py
[2023-12-24T00:59:04.172+0000] {logging_mixin.py:150} INFO - [2023-12-24T00:59:04.172+0000] {dag.py:2742} INFO - Sync 1 DAGs
[2023-12-24T00:59:04.190+0000] {logging_mixin.py:150} INFO - [2023-12-24T00:59:04.190+0000] {dag.py:3508} INFO - Setting next_dagrun for combined_dag to 2023-12-24T00:58:00+00:00, run_after=2023-12-24T00:59:00+00:00
[2023-12-24T00:59:04.204+0000] {processor.py:179} INFO - Processing /opt/airflow/dags/combined_dag(real).py took 1.673 seconds
[2023-12-24T00:59:34.529+0000] {processor.py:157} INFO - Started process (PID=4215) to work on /opt/airflow/dags/combined_dag(real).py
[2023-12-24T00:59:34.531+0000] {processor.py:826} INFO - Processing file /opt/airflow/dags/combined_dag(real).py for tasks to queue
[2023-12-24T00:59:34.531+0000] {logging_mixin.py:150} INFO - [2023-12-24T00:59:34.531+0000] {dagbag.py:541} INFO - Filling up the DagBag from /opt/airflow/dags/combined_dag(real).py
[2023-12-24T00:59:36.119+0000] {processor.py:836} INFO - DAG(s) dict_keys(['combined_dag']) retrieved from /opt/airflow/dags/combined_dag(real).py
[2023-12-24T00:59:36.137+0000] {logging_mixin.py:150} INFO - [2023-12-24T00:59:36.137+0000] {dag.py:2742} INFO - Sync 1 DAGs
[2023-12-24T00:59:36.156+0000] {logging_mixin.py:150} INFO - [2023-12-24T00:59:36.156+0000] {dag.py:3508} INFO - Setting next_dagrun for combined_dag to 2023-12-24T00:58:00+00:00, run_after=2023-12-24T00:59:00+00:00
[2023-12-24T00:59:36.172+0000] {processor.py:179} INFO - Processing /opt/airflow/dags/combined_dag(real).py took 1.646 seconds
[2023-12-24T01:00:06.289+0000] {processor.py:157} INFO - Started process (PID=4332) to work on /opt/airflow/dags/combined_dag(real).py
[2023-12-24T01:00:06.292+0000] {processor.py:826} INFO - Processing file /opt/airflow/dags/combined_dag(real).py for tasks to queue
[2023-12-24T01:00:06.293+0000] {logging_mixin.py:150} INFO - [2023-12-24T01:00:06.292+0000] {dagbag.py:541} INFO - Filling up the DagBag from /opt/airflow/dags/combined_dag(real).py
[2023-12-24T01:00:07.949+0000] {processor.py:836} INFO - DAG(s) dict_keys(['combined_dag']) retrieved from /opt/airflow/dags/combined_dag(real).py
[2023-12-24T01:00:07.968+0000] {logging_mixin.py:150} INFO - [2023-12-24T01:00:07.967+0000] {dag.py:2742} INFO - Sync 1 DAGs
[2023-12-24T01:00:07.984+0000] {logging_mixin.py:150} INFO - [2023-12-24T01:00:07.984+0000] {dag.py:3508} INFO - Setting next_dagrun for combined_dag to 2023-12-24T00:59:00+00:00, run_after=2023-12-24T01:00:00+00:00
[2023-12-24T01:00:07.997+0000] {processor.py:179} INFO - Processing /opt/airflow/dags/combined_dag(real).py took 1.710 seconds
[2023-12-24T01:00:38.150+0000] {processor.py:157} INFO - Started process (PID=4439) to work on /opt/airflow/dags/combined_dag(real).py
[2023-12-24T01:00:38.152+0000] {processor.py:826} INFO - Processing file /opt/airflow/dags/combined_dag(real).py for tasks to queue
[2023-12-24T01:00:38.153+0000] {logging_mixin.py:150} INFO - [2023-12-24T01:00:38.153+0000] {dagbag.py:541} INFO - Filling up the DagBag from /opt/airflow/dags/combined_dag(real).py
[2023-12-24T01:00:39.883+0000] {processor.py:836} INFO - DAG(s) dict_keys(['combined_dag']) retrieved from /opt/airflow/dags/combined_dag(real).py
[2023-12-24T01:00:39.900+0000] {logging_mixin.py:150} INFO - [2023-12-24T01:00:39.900+0000] {dag.py:2742} INFO - Sync 1 DAGs
[2023-12-24T01:00:39.917+0000] {logging_mixin.py:150} INFO - [2023-12-24T01:00:39.916+0000] {dag.py:3508} INFO - Setting next_dagrun for combined_dag to 2023-12-24T00:59:00+00:00, run_after=2023-12-24T01:00:00+00:00
[2023-12-24T01:00:39.930+0000] {processor.py:179} INFO - Processing /opt/airflow/dags/combined_dag(real).py took 1.782 seconds
[2023-12-24T01:01:10.334+0000] {processor.py:157} INFO - Started process (PID=4556) to work on /opt/airflow/dags/combined_dag(real).py
[2023-12-24T01:01:10.339+0000] {processor.py:826} INFO - Processing file /opt/airflow/dags/combined_dag(real).py for tasks to queue
[2023-12-24T01:01:10.340+0000] {logging_mixin.py:150} INFO - [2023-12-24T01:01:10.340+0000] {dagbag.py:541} INFO - Filling up the DagBag from /opt/airflow/dags/combined_dag(real).py
[2023-12-24T01:01:12.074+0000] {processor.py:836} INFO - DAG(s) dict_keys(['combined_dag']) retrieved from /opt/airflow/dags/combined_dag(real).py
[2023-12-24T01:01:12.092+0000] {logging_mixin.py:150} INFO - [2023-12-24T01:01:12.091+0000] {dag.py:2742} INFO - Sync 1 DAGs
[2023-12-24T01:01:12.111+0000] {logging_mixin.py:150} INFO - [2023-12-24T01:01:12.110+0000] {dag.py:3508} INFO - Setting next_dagrun for combined_dag to 2023-12-24T01:00:00+00:00, run_after=2023-12-24T01:01:00+00:00
[2023-12-24T01:01:12.126+0000] {processor.py:179} INFO - Processing /opt/airflow/dags/combined_dag(real).py took 1.796 seconds
[2023-12-24T01:01:42.930+0000] {processor.py:157} INFO - Started process (PID=4675) to work on /opt/airflow/dags/combined_dag(real).py
[2023-12-24T01:01:42.932+0000] {processor.py:826} INFO - Processing file /opt/airflow/dags/combined_dag(real).py for tasks to queue
[2023-12-24T01:01:42.932+0000] {logging_mixin.py:150} INFO - [2023-12-24T01:01:42.932+0000] {dagbag.py:541} INFO - Filling up the DagBag from /opt/airflow/dags/combined_dag(real).py
[2023-12-24T01:01:44.679+0000] {processor.py:836} INFO - DAG(s) dict_keys(['combined_dag']) retrieved from /opt/airflow/dags/combined_dag(real).py
[2023-12-24T01:01:44.697+0000] {logging_mixin.py:150} INFO - [2023-12-24T01:01:44.697+0000] {dag.py:2742} INFO - Sync 1 DAGs
[2023-12-24T01:01:44.715+0000] {logging_mixin.py:150} INFO - [2023-12-24T01:01:44.714+0000] {dag.py:3508} INFO - Setting next_dagrun for combined_dag to 2023-12-24T01:00:00+00:00, run_after=2023-12-24T01:01:00+00:00
[2023-12-24T01:01:44.732+0000] {processor.py:179} INFO - Processing /opt/airflow/dags/combined_dag(real).py took 1.805 seconds
[2023-12-24T01:02:15.140+0000] {processor.py:157} INFO - Started process (PID=4814) to work on /opt/airflow/dags/combined_dag(real).py
[2023-12-24T01:02:15.141+0000] {processor.py:826} INFO - Processing file /opt/airflow/dags/combined_dag(real).py for tasks to queue
[2023-12-24T01:02:15.141+0000] {logging_mixin.py:150} INFO - [2023-12-24T01:02:15.141+0000] {dagbag.py:541} INFO - Filling up the DagBag from /opt/airflow/dags/combined_dag(real).py
[2023-12-24T01:02:16.738+0000] {processor.py:836} INFO - DAG(s) dict_keys(['combined_dag']) retrieved from /opt/airflow/dags/combined_dag(real).py
[2023-12-24T01:02:16.755+0000] {logging_mixin.py:150} INFO - [2023-12-24T01:02:16.755+0000] {dag.py:2742} INFO - Sync 1 DAGs
[2023-12-24T01:02:16.771+0000] {logging_mixin.py:150} INFO - [2023-12-24T01:02:16.771+0000] {dag.py:3508} INFO - Setting next_dagrun for combined_dag to 2023-12-24T01:01:00+00:00, run_after=2023-12-24T01:02:00+00:00
[2023-12-24T01:02:16.787+0000] {processor.py:179} INFO - Processing /opt/airflow/dags/combined_dag(real).py took 1.650 seconds
[2023-12-24T01:02:46.987+0000] {processor.py:157} INFO - Started process (PID=4921) to work on /opt/airflow/dags/combined_dag(real).py
[2023-12-24T01:02:46.988+0000] {processor.py:826} INFO - Processing file /opt/airflow/dags/combined_dag(real).py for tasks to queue
[2023-12-24T01:02:46.989+0000] {logging_mixin.py:150} INFO - [2023-12-24T01:02:46.989+0000] {dagbag.py:541} INFO - Filling up the DagBag from /opt/airflow/dags/combined_dag(real).py
[2023-12-24T01:02:48.654+0000] {processor.py:836} INFO - DAG(s) dict_keys(['combined_dag']) retrieved from /opt/airflow/dags/combined_dag(real).py
[2023-12-24T01:02:48.675+0000] {logging_mixin.py:150} INFO - [2023-12-24T01:02:48.675+0000] {dag.py:2742} INFO - Sync 1 DAGs
[2023-12-24T01:02:48.693+0000] {logging_mixin.py:150} INFO - [2023-12-24T01:02:48.693+0000] {dag.py:3508} INFO - Setting next_dagrun for combined_dag to 2023-12-24T01:01:00+00:00, run_after=2023-12-24T01:02:00+00:00
[2023-12-24T01:02:48.707+0000] {processor.py:179} INFO - Processing /opt/airflow/dags/combined_dag(real).py took 1.723 seconds
[2023-12-24T01:03:19.132+0000] {processor.py:157} INFO - Started process (PID=5038) to work on /opt/airflow/dags/combined_dag(real).py
[2023-12-24T01:03:19.135+0000] {processor.py:826} INFO - Processing file /opt/airflow/dags/combined_dag(real).py for tasks to queue
[2023-12-24T01:03:19.136+0000] {logging_mixin.py:150} INFO - [2023-12-24T01:03:19.136+0000] {dagbag.py:541} INFO - Filling up the DagBag from /opt/airflow/dags/combined_dag(real).py
[2023-12-24T01:03:20.695+0000] {processor.py:836} INFO - DAG(s) dict_keys(['combined_dag']) retrieved from /opt/airflow/dags/combined_dag(real).py
[2023-12-24T01:03:20.712+0000] {logging_mixin.py:150} INFO - [2023-12-24T01:03:20.711+0000] {dag.py:2742} INFO - Sync 1 DAGs
[2023-12-24T01:03:20.727+0000] {logging_mixin.py:150} INFO - [2023-12-24T01:03:20.727+0000] {dag.py:3508} INFO - Setting next_dagrun for combined_dag to 2023-12-24T01:02:00+00:00, run_after=2023-12-24T01:03:00+00:00
[2023-12-24T01:03:20.748+0000] {processor.py:179} INFO - Processing /opt/airflow/dags/combined_dag(real).py took 1.620 seconds
[2023-12-24T01:03:51.088+0000] {processor.py:157} INFO - Started process (PID=5153) to work on /opt/airflow/dags/combined_dag(real).py
[2023-12-24T01:03:51.089+0000] {processor.py:826} INFO - Processing file /opt/airflow/dags/combined_dag(real).py for tasks to queue
[2023-12-24T01:03:51.090+0000] {logging_mixin.py:150} INFO - [2023-12-24T01:03:51.090+0000] {dagbag.py:541} INFO - Filling up the DagBag from /opt/airflow/dags/combined_dag(real).py
[2023-12-24T01:03:52.653+0000] {processor.py:836} INFO - DAG(s) dict_keys(['combined_dag']) retrieved from /opt/airflow/dags/combined_dag(real).py
[2023-12-24T01:03:52.670+0000] {logging_mixin.py:150} INFO - [2023-12-24T01:03:52.669+0000] {dag.py:2742} INFO - Sync 1 DAGs
[2023-12-24T01:03:52.686+0000] {logging_mixin.py:150} INFO - [2023-12-24T01:03:52.686+0000] {dag.py:3508} INFO - Setting next_dagrun for combined_dag to 2023-12-24T01:02:00+00:00, run_after=2023-12-24T01:03:00+00:00
[2023-12-24T01:03:52.698+0000] {processor.py:179} INFO - Processing /opt/airflow/dags/combined_dag(real).py took 1.613 seconds
[2023-12-24T01:04:22.938+0000] {processor.py:157} INFO - Started process (PID=5270) to work on /opt/airflow/dags/combined_dag(real).py
[2023-12-24T01:04:22.939+0000] {processor.py:826} INFO - Processing file /opt/airflow/dags/combined_dag(real).py for tasks to queue
[2023-12-24T01:04:22.939+0000] {logging_mixin.py:150} INFO - [2023-12-24T01:04:22.939+0000] {dagbag.py:541} INFO - Filling up the DagBag from /opt/airflow/dags/combined_dag(real).py
[2023-12-24T01:04:24.660+0000] {processor.py:836} INFO - DAG(s) dict_keys(['combined_dag']) retrieved from /opt/airflow/dags/combined_dag(real).py
[2023-12-24T01:04:24.677+0000] {logging_mixin.py:150} INFO - [2023-12-24T01:04:24.677+0000] {dag.py:2742} INFO - Sync 1 DAGs
[2023-12-24T01:04:24.693+0000] {logging_mixin.py:150} INFO - [2023-12-24T01:04:24.693+0000] {dag.py:3508} INFO - Setting next_dagrun for combined_dag to 2023-12-24T01:03:00+00:00, run_after=2023-12-24T01:04:00+00:00
[2023-12-24T01:04:24.706+0000] {processor.py:179} INFO - Processing /opt/airflow/dags/combined_dag(real).py took 1.771 seconds
[2023-12-24T01:04:55.127+0000] {processor.py:157} INFO - Started process (PID=5386) to work on /opt/airflow/dags/combined_dag(real).py
[2023-12-24T01:04:55.127+0000] {processor.py:826} INFO - Processing file /opt/airflow/dags/combined_dag(real).py for tasks to queue
[2023-12-24T01:04:55.128+0000] {logging_mixin.py:150} INFO - [2023-12-24T01:04:55.128+0000] {dagbag.py:541} INFO - Filling up the DagBag from /opt/airflow/dags/combined_dag(real).py
[2023-12-24T01:04:56.880+0000] {processor.py:836} INFO - DAG(s) dict_keys(['combined_dag']) retrieved from /opt/airflow/dags/combined_dag(real).py
[2023-12-24T01:04:56.898+0000] {logging_mixin.py:150} INFO - [2023-12-24T01:04:56.898+0000] {dag.py:2742} INFO - Sync 1 DAGs
[2023-12-24T01:04:56.915+0000] {logging_mixin.py:150} INFO - [2023-12-24T01:04:56.915+0000] {dag.py:3508} INFO - Setting next_dagrun for combined_dag to 2023-12-24T01:03:00+00:00, run_after=2023-12-24T01:04:00+00:00
[2023-12-24T01:04:56.930+0000] {processor.py:179} INFO - Processing /opt/airflow/dags/combined_dag(real).py took 1.806 seconds
[2023-12-24T01:05:27.352+0000] {processor.py:157} INFO - Started process (PID=5493) to work on /opt/airflow/dags/combined_dag(real).py
[2023-12-24T01:05:27.354+0000] {processor.py:826} INFO - Processing file /opt/airflow/dags/combined_dag(real).py for tasks to queue
[2023-12-24T01:05:27.355+0000] {logging_mixin.py:150} INFO - [2023-12-24T01:05:27.354+0000] {dagbag.py:541} INFO - Filling up the DagBag from /opt/airflow/dags/combined_dag(real).py
[2023-12-24T01:05:29.189+0000] {processor.py:836} INFO - DAG(s) dict_keys(['combined_dag']) retrieved from /opt/airflow/dags/combined_dag(real).py
[2023-12-24T01:05:29.208+0000] {logging_mixin.py:150} INFO - [2023-12-24T01:05:29.207+0000] {dag.py:2742} INFO - Sync 1 DAGs
[2023-12-24T01:05:29.224+0000] {logging_mixin.py:150} INFO - [2023-12-24T01:05:29.223+0000] {dag.py:3508} INFO - Setting next_dagrun for combined_dag to 2023-12-24T01:04:00+00:00, run_after=2023-12-24T01:05:00+00:00
[2023-12-24T01:05:29.251+0000] {processor.py:179} INFO - Processing /opt/airflow/dags/combined_dag(real).py took 1.901 seconds
[2023-12-24T01:05:59.540+0000] {processor.py:157} INFO - Started process (PID=5630) to work on /opt/airflow/dags/combined_dag(real).py
[2023-12-24T01:05:59.540+0000] {processor.py:826} INFO - Processing file /opt/airflow/dags/combined_dag(real).py for tasks to queue
[2023-12-24T01:05:59.541+0000] {logging_mixin.py:150} INFO - [2023-12-24T01:05:59.541+0000] {dagbag.py:541} INFO - Filling up the DagBag from /opt/airflow/dags/combined_dag(real).py
[2023-12-24T01:06:01.087+0000] {processor.py:836} INFO - DAG(s) dict_keys(['combined_dag']) retrieved from /opt/airflow/dags/combined_dag(real).py
[2023-12-24T01:06:01.103+0000] {logging_mixin.py:150} INFO - [2023-12-24T01:06:01.102+0000] {dag.py:2742} INFO - Sync 1 DAGs
[2023-12-24T01:06:01.118+0000] {logging_mixin.py:150} INFO - [2023-12-24T01:06:01.118+0000] {dag.py:3508} INFO - Setting next_dagrun for combined_dag to 2023-12-24T01:05:00+00:00, run_after=2023-12-24T01:06:00+00:00
[2023-12-24T01:06:01.131+0000] {processor.py:179} INFO - Processing /opt/airflow/dags/combined_dag(real).py took 1.593 seconds
[2023-12-24T01:06:32.057+0000] {processor.py:157} INFO - Started process (PID=5747) to work on /opt/airflow/dags/combined_dag(real).py
[2023-12-24T01:06:32.059+0000] {processor.py:826} INFO - Processing file /opt/airflow/dags/combined_dag(real).py for tasks to queue
[2023-12-24T01:06:32.060+0000] {logging_mixin.py:150} INFO - [2023-12-24T01:06:32.060+0000] {dagbag.py:541} INFO - Filling up the DagBag from /opt/airflow/dags/combined_dag(real).py
[2023-12-24T01:06:33.584+0000] {processor.py:836} INFO - DAG(s) dict_keys(['combined_dag']) retrieved from /opt/airflow/dags/combined_dag(real).py
[2023-12-24T01:06:33.600+0000] {logging_mixin.py:150} INFO - [2023-12-24T01:06:33.600+0000] {dag.py:2742} INFO - Sync 1 DAGs
[2023-12-24T01:06:33.616+0000] {logging_mixin.py:150} INFO - [2023-12-24T01:06:33.616+0000] {dag.py:3508} INFO - Setting next_dagrun for combined_dag to 2023-12-24T01:05:00+00:00, run_after=2023-12-24T01:06:00+00:00
[2023-12-24T01:06:33.631+0000] {processor.py:179} INFO - Processing /opt/airflow/dags/combined_dag(real).py took 1.576 seconds
[2023-12-24T01:07:04.148+0000] {processor.py:157} INFO - Started process (PID=5863) to work on /opt/airflow/dags/combined_dag(real).py
[2023-12-24T01:07:04.149+0000] {processor.py:826} INFO - Processing file /opt/airflow/dags/combined_dag(real).py for tasks to queue
[2023-12-24T01:07:04.150+0000] {logging_mixin.py:150} INFO - [2023-12-24T01:07:04.150+0000] {dagbag.py:541} INFO - Filling up the DagBag from /opt/airflow/dags/combined_dag(real).py
[2023-12-24T01:07:05.695+0000] {processor.py:836} INFO - DAG(s) dict_keys(['combined_dag']) retrieved from /opt/airflow/dags/combined_dag(real).py
[2023-12-24T01:07:05.711+0000] {logging_mixin.py:150} INFO - [2023-12-24T01:07:05.711+0000] {dag.py:2742} INFO - Sync 1 DAGs
[2023-12-24T01:07:05.726+0000] {logging_mixin.py:150} INFO - [2023-12-24T01:07:05.726+0000] {dag.py:3508} INFO - Setting next_dagrun for combined_dag to 2023-12-24T01:06:00+00:00, run_after=2023-12-24T01:07:00+00:00
[2023-12-24T01:07:05.745+0000] {processor.py:179} INFO - Processing /opt/airflow/dags/combined_dag(real).py took 1.600 seconds
[2023-12-24T01:07:36.339+0000] {processor.py:157} INFO - Started process (PID=5979) to work on /opt/airflow/dags/combined_dag(real).py
[2023-12-24T01:07:36.341+0000] {processor.py:826} INFO - Processing file /opt/airflow/dags/combined_dag(real).py for tasks to queue
[2023-12-24T01:07:36.341+0000] {logging_mixin.py:150} INFO - [2023-12-24T01:07:36.341+0000] {dagbag.py:541} INFO - Filling up the DagBag from /opt/airflow/dags/combined_dag(real).py
[2023-12-24T01:07:38.047+0000] {processor.py:836} INFO - DAG(s) dict_keys(['combined_dag']) retrieved from /opt/airflow/dags/combined_dag(real).py
[2023-12-24T01:07:38.072+0000] {logging_mixin.py:150} INFO - [2023-12-24T01:07:38.071+0000] {dag.py:2742} INFO - Sync 1 DAGs
[2023-12-24T01:07:38.092+0000] {logging_mixin.py:150} INFO - [2023-12-24T01:07:38.092+0000] {dag.py:3508} INFO - Setting next_dagrun for combined_dag to 2023-12-24T01:06:00+00:00, run_after=2023-12-24T01:07:00+00:00
[2023-12-24T01:07:38.106+0000] {processor.py:179} INFO - Processing /opt/airflow/dags/combined_dag(real).py took 1.769 seconds
[2023-12-24T01:08:08.886+0000] {processor.py:157} INFO - Started process (PID=6086) to work on /opt/airflow/dags/combined_dag(real).py
[2023-12-24T01:08:08.888+0000] {processor.py:826} INFO - Processing file /opt/airflow/dags/combined_dag(real).py for tasks to queue
[2023-12-24T01:08:08.888+0000] {logging_mixin.py:150} INFO - [2023-12-24T01:08:08.888+0000] {dagbag.py:541} INFO - Filling up the DagBag from /opt/airflow/dags/combined_dag(real).py
[2023-12-24T01:08:10.452+0000] {processor.py:836} INFO - DAG(s) dict_keys(['combined_dag']) retrieved from /opt/airflow/dags/combined_dag(real).py
[2023-12-24T01:08:10.469+0000] {logging_mixin.py:150} INFO - [2023-12-24T01:08:10.469+0000] {dag.py:2742} INFO - Sync 1 DAGs
[2023-12-24T01:08:10.486+0000] {logging_mixin.py:150} INFO - [2023-12-24T01:08:10.486+0000] {dag.py:3508} INFO - Setting next_dagrun for combined_dag to 2023-12-24T01:07:00+00:00, run_after=2023-12-24T01:08:00+00:00
[2023-12-24T01:08:10.502+0000] {processor.py:179} INFO - Processing /opt/airflow/dags/combined_dag(real).py took 1.618 seconds
[2023-12-24T01:08:40.859+0000] {processor.py:157} INFO - Started process (PID=6202) to work on /opt/airflow/dags/combined_dag(real).py
[2023-12-24T01:08:40.861+0000] {processor.py:826} INFO - Processing file /opt/airflow/dags/combined_dag(real).py for tasks to queue
[2023-12-24T01:08:40.862+0000] {logging_mixin.py:150} INFO - [2023-12-24T01:08:40.861+0000] {dagbag.py:541} INFO - Filling up the DagBag from /opt/airflow/dags/combined_dag(real).py
[2023-12-24T01:08:42.479+0000] {processor.py:836} INFO - DAG(s) dict_keys(['combined_dag']) retrieved from /opt/airflow/dags/combined_dag(real).py
[2023-12-24T01:08:42.496+0000] {logging_mixin.py:150} INFO - [2023-12-24T01:08:42.495+0000] {dag.py:2742} INFO - Sync 1 DAGs
[2023-12-24T01:08:42.510+0000] {logging_mixin.py:150} INFO - [2023-12-24T01:08:42.510+0000] {dag.py:3508} INFO - Setting next_dagrun for combined_dag to 2023-12-24T01:07:00+00:00, run_after=2023-12-24T01:08:00+00:00
[2023-12-24T01:08:42.521+0000] {processor.py:179} INFO - Processing /opt/airflow/dags/combined_dag(real).py took 1.664 seconds
[2023-12-24T01:09:12.891+0000] {processor.py:157} INFO - Started process (PID=6317) to work on /opt/airflow/dags/combined_dag(real).py
[2023-12-24T01:09:12.894+0000] {processor.py:826} INFO - Processing file /opt/airflow/dags/combined_dag(real).py for tasks to queue
[2023-12-24T01:09:12.894+0000] {logging_mixin.py:150} INFO - [2023-12-24T01:09:12.894+0000] {dagbag.py:541} INFO - Filling up the DagBag from /opt/airflow/dags/combined_dag(real).py
[2023-12-24T01:09:14.551+0000] {processor.py:836} INFO - DAG(s) dict_keys(['combined_dag']) retrieved from /opt/airflow/dags/combined_dag(real).py
[2023-12-24T01:09:14.569+0000] {logging_mixin.py:150} INFO - [2023-12-24T01:09:14.568+0000] {dag.py:2742} INFO - Sync 1 DAGs
[2023-12-24T01:09:14.586+0000] {logging_mixin.py:150} INFO - [2023-12-24T01:09:14.586+0000] {dag.py:3508} INFO - Setting next_dagrun for combined_dag to 2023-12-24T01:08:00+00:00, run_after=2023-12-24T01:09:00+00:00
[2023-12-24T01:09:14.603+0000] {processor.py:179} INFO - Processing /opt/airflow/dags/combined_dag(real).py took 1.716 seconds
[2023-12-24T01:09:44.833+0000] {processor.py:157} INFO - Started process (PID=6433) to work on /opt/airflow/dags/combined_dag(real).py
[2023-12-24T01:09:44.835+0000] {processor.py:826} INFO - Processing file /opt/airflow/dags/combined_dag(real).py for tasks to queue
[2023-12-24T01:09:44.836+0000] {logging_mixin.py:150} INFO - [2023-12-24T01:09:44.835+0000] {dagbag.py:541} INFO - Filling up the DagBag from /opt/airflow/dags/combined_dag(real).py
[2023-12-24T01:09:46.394+0000] {processor.py:836} INFO - DAG(s) dict_keys(['combined_dag']) retrieved from /opt/airflow/dags/combined_dag(real).py
[2023-12-24T01:09:46.411+0000] {logging_mixin.py:150} INFO - [2023-12-24T01:09:46.410+0000] {dag.py:2742} INFO - Sync 1 DAGs
[2023-12-24T01:09:46.428+0000] {logging_mixin.py:150} INFO - [2023-12-24T01:09:46.427+0000] {dag.py:3508} INFO - Setting next_dagrun for combined_dag to 2023-12-24T01:08:00+00:00, run_after=2023-12-24T01:09:00+00:00
[2023-12-24T01:09:46.439+0000] {processor.py:179} INFO - Processing /opt/airflow/dags/combined_dag(real).py took 1.610 seconds
[2023-12-24T01:10:16.870+0000] {processor.py:157} INFO - Started process (PID=6541) to work on /opt/airflow/dags/combined_dag(real).py
[2023-12-24T01:10:16.870+0000] {processor.py:826} INFO - Processing file /opt/airflow/dags/combined_dag(real).py for tasks to queue
[2023-12-24T01:10:16.871+0000] {logging_mixin.py:150} INFO - [2023-12-24T01:10:16.871+0000] {dagbag.py:541} INFO - Filling up the DagBag from /opt/airflow/dags/combined_dag(real).py
[2023-12-24T01:10:18.632+0000] {processor.py:836} INFO - DAG(s) dict_keys(['combined_dag']) retrieved from /opt/airflow/dags/combined_dag(real).py
[2023-12-24T01:10:18.655+0000] {logging_mixin.py:150} INFO - [2023-12-24T01:10:18.655+0000] {dag.py:2742} INFO - Sync 1 DAGs
[2023-12-24T01:10:18.676+0000] {logging_mixin.py:150} INFO - [2023-12-24T01:10:18.676+0000] {dag.py:3508} INFO - Setting next_dagrun for combined_dag to 2023-12-24T01:09:00+00:00, run_after=2023-12-24T01:10:00+00:00
[2023-12-24T01:10:18.693+0000] {processor.py:179} INFO - Processing /opt/airflow/dags/combined_dag(real).py took 1.826 seconds
[2023-12-24T01:10:49.284+0000] {processor.py:157} INFO - Started process (PID=6660) to work on /opt/airflow/dags/combined_dag(real).py
[2023-12-24T01:10:49.286+0000] {processor.py:826} INFO - Processing file /opt/airflow/dags/combined_dag(real).py for tasks to queue
[2023-12-24T01:10:49.287+0000] {logging_mixin.py:150} INFO - [2023-12-24T01:10:49.286+0000] {dagbag.py:541} INFO - Filling up the DagBag from /opt/airflow/dags/combined_dag(real).py
[2023-12-24T01:10:50.866+0000] {processor.py:836} INFO - DAG(s) dict_keys(['combined_dag']) retrieved from /opt/airflow/dags/combined_dag(real).py
[2023-12-24T01:10:50.884+0000] {logging_mixin.py:150} INFO - [2023-12-24T01:10:50.883+0000] {dag.py:2742} INFO - Sync 1 DAGs
[2023-12-24T01:10:50.899+0000] {logging_mixin.py:150} INFO - [2023-12-24T01:10:50.899+0000] {dag.py:3508} INFO - Setting next_dagrun for combined_dag to 2023-12-24T01:09:00+00:00, run_after=2023-12-24T01:10:00+00:00
[2023-12-24T01:10:50.912+0000] {processor.py:179} INFO - Processing /opt/airflow/dags/combined_dag(real).py took 1.631 seconds
[2023-12-24T01:11:21.451+0000] {processor.py:157} INFO - Started process (PID=6776) to work on /opt/airflow/dags/combined_dag(real).py
[2023-12-24T01:11:21.454+0000] {processor.py:826} INFO - Processing file /opt/airflow/dags/combined_dag(real).py for tasks to queue
[2023-12-24T01:11:21.454+0000] {logging_mixin.py:150} INFO - [2023-12-24T01:11:21.454+0000] {dagbag.py:541} INFO - Filling up the DagBag from /opt/airflow/dags/combined_dag(real).py
[2023-12-24T01:11:23.017+0000] {processor.py:836} INFO - DAG(s) dict_keys(['combined_dag']) retrieved from /opt/airflow/dags/combined_dag(real).py
[2023-12-24T01:11:23.033+0000] {logging_mixin.py:150} INFO - [2023-12-24T01:11:23.033+0000] {dag.py:2742} INFO - Sync 1 DAGs
[2023-12-24T01:11:23.048+0000] {logging_mixin.py:150} INFO - [2023-12-24T01:11:23.048+0000] {dag.py:3508} INFO - Setting next_dagrun for combined_dag to 2023-12-24T01:10:00+00:00, run_after=2023-12-24T01:11:00+00:00
[2023-12-24T01:11:23.061+0000] {processor.py:179} INFO - Processing /opt/airflow/dags/combined_dag(real).py took 1.613 seconds
[2023-12-24T01:11:53.889+0000] {processor.py:157} INFO - Started process (PID=6892) to work on /opt/airflow/dags/combined_dag(real).py
[2023-12-24T01:11:53.891+0000] {processor.py:826} INFO - Processing file /opt/airflow/dags/combined_dag(real).py for tasks to queue
[2023-12-24T01:11:53.892+0000] {logging_mixin.py:150} INFO - [2023-12-24T01:11:53.891+0000] {dagbag.py:541} INFO - Filling up the DagBag from /opt/airflow/dags/combined_dag(real).py
[2023-12-24T01:11:55.425+0000] {processor.py:836} INFO - DAG(s) dict_keys(['combined_dag']) retrieved from /opt/airflow/dags/combined_dag(real).py
[2023-12-24T01:11:55.443+0000] {logging_mixin.py:150} INFO - [2023-12-24T01:11:55.443+0000] {dag.py:2742} INFO - Sync 1 DAGs
[2023-12-24T01:11:55.459+0000] {logging_mixin.py:150} INFO - [2023-12-24T01:11:55.459+0000] {dag.py:3508} INFO - Setting next_dagrun for combined_dag to 2023-12-24T01:10:00+00:00, run_after=2023-12-24T01:11:00+00:00
[2023-12-24T01:11:55.474+0000] {processor.py:179} INFO - Processing /opt/airflow/dags/combined_dag(real).py took 1.587 seconds
[2023-12-24T01:12:26.283+0000] {processor.py:157} INFO - Started process (PID=7008) to work on /opt/airflow/dags/combined_dag(real).py
[2023-12-24T01:12:26.285+0000] {processor.py:826} INFO - Processing file /opt/airflow/dags/combined_dag(real).py for tasks to queue
[2023-12-24T01:12:26.285+0000] {logging_mixin.py:150} INFO - [2023-12-24T01:12:26.285+0000] {dagbag.py:541} INFO - Filling up the DagBag from /opt/airflow/dags/combined_dag(real).py
[2023-12-24T01:12:28.012+0000] {processor.py:836} INFO - DAG(s) dict_keys(['combined_dag']) retrieved from /opt/airflow/dags/combined_dag(real).py
[2023-12-24T01:12:28.030+0000] {logging_mixin.py:150} INFO - [2023-12-24T01:12:28.030+0000] {dag.py:2742} INFO - Sync 1 DAGs
[2023-12-24T01:12:28.048+0000] {logging_mixin.py:150} INFO - [2023-12-24T01:12:28.048+0000] {dag.py:3508} INFO - Setting next_dagrun for combined_dag to 2023-12-24T01:11:00+00:00, run_after=2023-12-24T01:12:00+00:00
[2023-12-24T01:12:28.063+0000] {processor.py:179} INFO - Processing /opt/airflow/dags/combined_dag(real).py took 1.782 seconds
[2023-12-24T01:12:58.865+0000] {processor.py:157} INFO - Started process (PID=7125) to work on /opt/airflow/dags/combined_dag(real).py
[2023-12-24T01:12:58.871+0000] {processor.py:826} INFO - Processing file /opt/airflow/dags/combined_dag(real).py for tasks to queue
[2023-12-24T01:12:58.872+0000] {logging_mixin.py:150} INFO - [2023-12-24T01:12:58.872+0000] {dagbag.py:541} INFO - Filling up the DagBag from /opt/airflow/dags/combined_dag(real).py
[2023-12-24T01:13:00.649+0000] {processor.py:836} INFO - DAG(s) dict_keys(['combined_dag']) retrieved from /opt/airflow/dags/combined_dag(real).py
[2023-12-24T01:13:00.667+0000] {logging_mixin.py:150} INFO - [2023-12-24T01:13:00.666+0000] {dag.py:2742} INFO - Sync 1 DAGs
[2023-12-24T01:13:00.682+0000] {logging_mixin.py:150} INFO - [2023-12-24T01:13:00.682+0000] {dag.py:3508} INFO - Setting next_dagrun for combined_dag to 2023-12-24T01:12:00+00:00, run_after=2023-12-24T01:13:00+00:00
[2023-12-24T01:13:00.695+0000] {processor.py:179} INFO - Processing /opt/airflow/dags/combined_dag(real).py took 1.833 seconds
[2023-12-24T01:13:31.178+0000] {processor.py:157} INFO - Started process (PID=7252) to work on /opt/airflow/dags/combined_dag(real).py
[2023-12-24T01:13:31.179+0000] {processor.py:826} INFO - Processing file /opt/airflow/dags/combined_dag(real).py for tasks to queue
[2023-12-24T01:13:31.179+0000] {logging_mixin.py:150} INFO - [2023-12-24T01:13:31.179+0000] {dagbag.py:541} INFO - Filling up the DagBag from /opt/airflow/dags/combined_dag(real).py
[2023-12-24T01:13:32.830+0000] {processor.py:836} INFO - DAG(s) dict_keys(['combined_dag']) retrieved from /opt/airflow/dags/combined_dag(real).py
[2023-12-24T01:13:32.847+0000] {logging_mixin.py:150} INFO - [2023-12-24T01:13:32.847+0000] {dag.py:2742} INFO - Sync 1 DAGs
[2023-12-24T01:13:32.863+0000] {logging_mixin.py:150} INFO - [2023-12-24T01:13:32.863+0000] {dag.py:3508} INFO - Setting next_dagrun for combined_dag to 2023-12-24T01:12:00+00:00, run_after=2023-12-24T01:13:00+00:00
[2023-12-24T01:13:32.877+0000] {processor.py:179} INFO - Processing /opt/airflow/dags/combined_dag(real).py took 1.702 seconds
[2023-12-24T01:14:03.320+0000] {processor.py:157} INFO - Started process (PID=7368) to work on /opt/airflow/dags/combined_dag(real).py
[2023-12-24T01:14:03.320+0000] {processor.py:826} INFO - Processing file /opt/airflow/dags/combined_dag(real).py for tasks to queue
[2023-12-24T01:14:03.321+0000] {logging_mixin.py:150} INFO - [2023-12-24T01:14:03.321+0000] {dagbag.py:541} INFO - Filling up the DagBag from /opt/airflow/dags/combined_dag(real).py
[2023-12-24T01:14:04.833+0000] {processor.py:836} INFO - DAG(s) dict_keys(['combined_dag']) retrieved from /opt/airflow/dags/combined_dag(real).py
[2023-12-24T01:14:04.851+0000] {logging_mixin.py:150} INFO - [2023-12-24T01:14:04.850+0000] {dag.py:2742} INFO - Sync 1 DAGs
[2023-12-24T01:14:04.866+0000] {logging_mixin.py:150} INFO - [2023-12-24T01:14:04.866+0000] {dag.py:3508} INFO - Setting next_dagrun for combined_dag to 2023-12-24T01:13:00+00:00, run_after=2023-12-24T01:14:00+00:00
[2023-12-24T01:14:04.880+0000] {processor.py:179} INFO - Processing /opt/airflow/dags/combined_dag(real).py took 1.563 seconds
[2023-12-24T01:14:35.144+0000] {processor.py:157} INFO - Started process (PID=7484) to work on /opt/airflow/dags/combined_dag(real).py
[2023-12-24T01:14:35.146+0000] {processor.py:826} INFO - Processing file /opt/airflow/dags/combined_dag(real).py for tasks to queue
[2023-12-24T01:14:35.147+0000] {logging_mixin.py:150} INFO - [2023-12-24T01:14:35.147+0000] {dagbag.py:541} INFO - Filling up the DagBag from /opt/airflow/dags/combined_dag(real).py
[2023-12-24T01:14:36.659+0000] {processor.py:836} INFO - DAG(s) dict_keys(['combined_dag']) retrieved from /opt/airflow/dags/combined_dag(real).py
[2023-12-24T01:14:36.681+0000] {logging_mixin.py:150} INFO - [2023-12-24T01:14:36.680+0000] {dag.py:2742} INFO - Sync 1 DAGs
[2023-12-24T01:14:36.699+0000] {logging_mixin.py:150} INFO - [2023-12-24T01:14:36.699+0000] {dag.py:3508} INFO - Setting next_dagrun for combined_dag to 2023-12-24T01:13:00+00:00, run_after=2023-12-24T01:14:00+00:00
[2023-12-24T01:14:36.714+0000] {processor.py:179} INFO - Processing /opt/airflow/dags/combined_dag(real).py took 1.572 seconds
[2023-12-24T01:15:07.025+0000] {processor.py:157} INFO - Started process (PID=7600) to work on /opt/airflow/dags/combined_dag(real).py
[2023-12-24T01:15:07.027+0000] {processor.py:826} INFO - Processing file /opt/airflow/dags/combined_dag(real).py for tasks to queue
[2023-12-24T01:15:07.028+0000] {logging_mixin.py:150} INFO - [2023-12-24T01:15:07.028+0000] {dagbag.py:541} INFO - Filling up the DagBag from /opt/airflow/dags/combined_dag(real).py
[2023-12-24T01:15:08.626+0000] {processor.py:836} INFO - DAG(s) dict_keys(['combined_dag']) retrieved from /opt/airflow/dags/combined_dag(real).py
[2023-12-24T01:15:08.645+0000] {logging_mixin.py:150} INFO - [2023-12-24T01:15:08.645+0000] {dag.py:2742} INFO - Sync 1 DAGs
[2023-12-24T01:15:08.662+0000] {logging_mixin.py:150} INFO - [2023-12-24T01:15:08.662+0000] {dag.py:3508} INFO - Setting next_dagrun for combined_dag to 2023-12-24T01:14:00+00:00, run_after=2023-12-24T01:15:00+00:00
[2023-12-24T01:15:08.674+0000] {processor.py:179} INFO - Processing /opt/airflow/dags/combined_dag(real).py took 1.651 seconds
[2023-12-24T01:15:38.816+0000] {processor.py:157} INFO - Started process (PID=7707) to work on /opt/airflow/dags/combined_dag(real).py
[2023-12-24T01:15:38.817+0000] {processor.py:826} INFO - Processing file /opt/airflow/dags/combined_dag(real).py for tasks to queue
[2023-12-24T01:15:38.817+0000] {logging_mixin.py:150} INFO - [2023-12-24T01:15:38.817+0000] {dagbag.py:541} INFO - Filling up the DagBag from /opt/airflow/dags/combined_dag(real).py
[2023-12-24T01:15:40.372+0000] {processor.py:836} INFO - DAG(s) dict_keys(['combined_dag']) retrieved from /opt/airflow/dags/combined_dag(real).py
[2023-12-24T01:15:40.390+0000] {logging_mixin.py:150} INFO - [2023-12-24T01:15:40.389+0000] {dag.py:2742} INFO - Sync 1 DAGs
[2023-12-24T01:15:40.405+0000] {logging_mixin.py:150} INFO - [2023-12-24T01:15:40.405+0000] {dag.py:3508} INFO - Setting next_dagrun for combined_dag to 2023-12-24T01:14:00+00:00, run_after=2023-12-24T01:15:00+00:00
[2023-12-24T01:15:40.421+0000] {processor.py:179} INFO - Processing /opt/airflow/dags/combined_dag(real).py took 1.607 seconds
[2023-12-24T01:16:11.281+0000] {processor.py:157} INFO - Started process (PID=7824) to work on /opt/airflow/dags/combined_dag(real).py
[2023-12-24T01:16:11.283+0000] {processor.py:826} INFO - Processing file /opt/airflow/dags/combined_dag(real).py for tasks to queue
[2023-12-24T01:16:11.283+0000] {logging_mixin.py:150} INFO - [2023-12-24T01:16:11.283+0000] {dagbag.py:541} INFO - Filling up the DagBag from /opt/airflow/dags/combined_dag(real).py
[2023-12-24T01:16:12.918+0000] {processor.py:836} INFO - DAG(s) dict_keys(['combined_dag']) retrieved from /opt/airflow/dags/combined_dag(real).py
[2023-12-24T01:16:12.936+0000] {logging_mixin.py:150} INFO - [2023-12-24T01:16:12.935+0000] {dag.py:2742} INFO - Sync 1 DAGs
[2023-12-24T01:16:12.951+0000] {logging_mixin.py:150} INFO - [2023-12-24T01:16:12.951+0000] {dag.py:3508} INFO - Setting next_dagrun for combined_dag to 2023-12-24T01:15:00+00:00, run_after=2023-12-24T01:16:00+00:00
[2023-12-24T01:16:12.964+0000] {processor.py:179} INFO - Processing /opt/airflow/dags/combined_dag(real).py took 1.686 seconds
[2023-12-24T01:16:43.008+0000] {processor.py:157} INFO - Started process (PID=7961) to work on /opt/airflow/dags/combined_dag(real).py
[2023-12-24T01:16:43.010+0000] {processor.py:826} INFO - Processing file /opt/airflow/dags/combined_dag(real).py for tasks to queue
[2023-12-24T01:16:43.011+0000] {logging_mixin.py:150} INFO - [2023-12-24T01:16:43.011+0000] {dagbag.py:541} INFO - Filling up the DagBag from /opt/airflow/dags/combined_dag(real).py
[2023-12-24T01:16:44.579+0000] {processor.py:836} INFO - DAG(s) dict_keys(['combined_dag']) retrieved from /opt/airflow/dags/combined_dag(real).py
[2023-12-24T01:16:44.597+0000] {logging_mixin.py:150} INFO - [2023-12-24T01:16:44.597+0000] {dag.py:2742} INFO - Sync 1 DAGs
[2023-12-24T01:16:44.615+0000] {logging_mixin.py:150} INFO - [2023-12-24T01:16:44.614+0000] {dag.py:3508} INFO - Setting next_dagrun for combined_dag to 2023-12-24T01:15:00+00:00, run_after=2023-12-24T01:16:00+00:00
[2023-12-24T01:16:44.627+0000] {processor.py:179} INFO - Processing /opt/airflow/dags/combined_dag(real).py took 1.622 seconds
[2023-12-24T01:17:14.977+0000] {processor.py:157} INFO - Started process (PID=8076) to work on /opt/airflow/dags/combined_dag(real).py
[2023-12-24T01:17:14.977+0000] {processor.py:826} INFO - Processing file /opt/airflow/dags/combined_dag(real).py for tasks to queue
[2023-12-24T01:17:14.978+0000] {logging_mixin.py:150} INFO - [2023-12-24T01:17:14.978+0000] {dagbag.py:541} INFO - Filling up the DagBag from /opt/airflow/dags/combined_dag(real).py
[2023-12-24T01:17:16.590+0000] {processor.py:836} INFO - DAG(s) dict_keys(['combined_dag']) retrieved from /opt/airflow/dags/combined_dag(real).py
[2023-12-24T01:17:16.609+0000] {logging_mixin.py:150} INFO - [2023-12-24T01:17:16.608+0000] {dag.py:2742} INFO - Sync 1 DAGs
[2023-12-24T01:17:16.626+0000] {logging_mixin.py:150} INFO - [2023-12-24T01:17:16.626+0000] {dag.py:3508} INFO - Setting next_dagrun for combined_dag to 2023-12-24T01:16:00+00:00, run_after=2023-12-24T01:17:00+00:00
[2023-12-24T01:17:16.639+0000] {processor.py:179} INFO - Processing /opt/airflow/dags/combined_dag(real).py took 1.664 seconds
[2023-12-24T01:17:47.535+0000] {processor.py:157} INFO - Started process (PID=8204) to work on /opt/airflow/dags/combined_dag(real).py
[2023-12-24T01:17:47.536+0000] {processor.py:826} INFO - Processing file /opt/airflow/dags/combined_dag(real).py for tasks to queue
[2023-12-24T01:17:47.537+0000] {logging_mixin.py:150} INFO - [2023-12-24T01:17:47.536+0000] {dagbag.py:541} INFO - Filling up the DagBag from /opt/airflow/dags/combined_dag(real).py
[2023-12-24T01:17:49.517+0000] {processor.py:836} INFO - DAG(s) dict_keys(['combined_dag']) retrieved from /opt/airflow/dags/combined_dag(real).py
[2023-12-24T01:17:49.537+0000] {logging_mixin.py:150} INFO - [2023-12-24T01:17:49.537+0000] {dag.py:2742} INFO - Sync 1 DAGs
[2023-12-24T01:17:49.557+0000] {logging_mixin.py:150} INFO - [2023-12-24T01:17:49.557+0000] {dag.py:3508} INFO - Setting next_dagrun for combined_dag to 2023-12-24T01:16:00+00:00, run_after=2023-12-24T01:17:00+00:00
[2023-12-24T01:17:49.571+0000] {processor.py:179} INFO - Processing /opt/airflow/dags/combined_dag(real).py took 2.040 seconds
[2023-12-24T01:18:19.608+0000] {processor.py:157} INFO - Started process (PID=8319) to work on /opt/airflow/dags/combined_dag(real).py
[2023-12-24T01:18:19.609+0000] {processor.py:826} INFO - Processing file /opt/airflow/dags/combined_dag(real).py for tasks to queue
[2023-12-24T01:18:19.609+0000] {logging_mixin.py:150} INFO - [2023-12-24T01:18:19.609+0000] {dagbag.py:541} INFO - Filling up the DagBag from /opt/airflow/dags/combined_dag(real).py
[2023-12-24T01:18:21.214+0000] {processor.py:836} INFO - DAG(s) dict_keys(['combined_dag']) retrieved from /opt/airflow/dags/combined_dag(real).py
[2023-12-24T01:18:21.233+0000] {logging_mixin.py:150} INFO - [2023-12-24T01:18:21.232+0000] {dag.py:2742} INFO - Sync 1 DAGs
[2023-12-24T01:18:21.249+0000] {logging_mixin.py:150} INFO - [2023-12-24T01:18:21.249+0000] {dag.py:3508} INFO - Setting next_dagrun for combined_dag to 2023-12-24T01:17:00+00:00, run_after=2023-12-24T01:18:00+00:00
[2023-12-24T01:18:21.264+0000] {processor.py:179} INFO - Processing /opt/airflow/dags/combined_dag(real).py took 1.658 seconds
[2023-12-24T01:18:51.298+0000] {processor.py:157} INFO - Started process (PID=8436) to work on /opt/airflow/dags/combined_dag(real).py
[2023-12-24T01:18:51.300+0000] {processor.py:826} INFO - Processing file /opt/airflow/dags/combined_dag(real).py for tasks to queue
[2023-12-24T01:18:51.301+0000] {logging_mixin.py:150} INFO - [2023-12-24T01:18:51.300+0000] {dagbag.py:541} INFO - Filling up the DagBag from /opt/airflow/dags/combined_dag(real).py
[2023-12-24T01:18:53.011+0000] {processor.py:836} INFO - DAG(s) dict_keys(['combined_dag']) retrieved from /opt/airflow/dags/combined_dag(real).py
[2023-12-24T01:18:53.030+0000] {logging_mixin.py:150} INFO - [2023-12-24T01:18:53.029+0000] {dag.py:2742} INFO - Sync 1 DAGs
[2023-12-24T01:18:53.049+0000] {logging_mixin.py:150} INFO - [2023-12-24T01:18:53.049+0000] {dag.py:3508} INFO - Setting next_dagrun for combined_dag to 2023-12-24T01:17:00+00:00, run_after=2023-12-24T01:18:00+00:00
[2023-12-24T01:18:53.061+0000] {processor.py:179} INFO - Processing /opt/airflow/dags/combined_dag(real).py took 1.766 seconds
[2023-12-24T01:19:23.990+0000] {processor.py:157} INFO - Started process (PID=8552) to work on /opt/airflow/dags/combined_dag(real).py
[2023-12-24T01:19:23.993+0000] {processor.py:826} INFO - Processing file /opt/airflow/dags/combined_dag(real).py for tasks to queue
[2023-12-24T01:19:23.994+0000] {logging_mixin.py:150} INFO - [2023-12-24T01:19:23.993+0000] {dagbag.py:541} INFO - Filling up the DagBag from /opt/airflow/dags/combined_dag(real).py
[2023-12-24T01:19:25.592+0000] {processor.py:836} INFO - DAG(s) dict_keys(['combined_dag']) retrieved from /opt/airflow/dags/combined_dag(real).py
[2023-12-24T01:19:25.611+0000] {logging_mixin.py:150} INFO - [2023-12-24T01:19:25.611+0000] {dag.py:2742} INFO - Sync 1 DAGs
[2023-12-24T01:19:25.629+0000] {logging_mixin.py:150} INFO - [2023-12-24T01:19:25.629+0000] {dag.py:3508} INFO - Setting next_dagrun for combined_dag to 2023-12-24T01:18:00+00:00, run_after=2023-12-24T01:19:00+00:00
[2023-12-24T01:19:25.641+0000] {processor.py:179} INFO - Processing /opt/airflow/dags/combined_dag(real).py took 1.654 seconds
[2023-12-24T01:19:56.223+0000] {processor.py:157} INFO - Started process (PID=8691) to work on /opt/airflow/dags/combined_dag(real).py
[2023-12-24T01:19:56.223+0000] {processor.py:826} INFO - Processing file /opt/airflow/dags/combined_dag(real).py for tasks to queue
[2023-12-24T01:19:56.224+0000] {logging_mixin.py:150} INFO - [2023-12-24T01:19:56.224+0000] {dagbag.py:541} INFO - Filling up the DagBag from /opt/airflow/dags/combined_dag(real).py
[2023-12-24T01:19:58.012+0000] {processor.py:836} INFO - DAG(s) dict_keys(['combined_dag']) retrieved from /opt/airflow/dags/combined_dag(real).py
[2023-12-24T01:19:58.030+0000] {logging_mixin.py:150} INFO - [2023-12-24T01:19:58.030+0000] {dag.py:2742} INFO - Sync 1 DAGs
[2023-12-24T01:19:58.048+0000] {logging_mixin.py:150} INFO - [2023-12-24T01:19:58.048+0000] {dag.py:3508} INFO - Setting next_dagrun for combined_dag to 2023-12-24T01:18:00+00:00, run_after=2023-12-24T01:19:00+00:00
[2023-12-24T01:19:58.062+0000] {processor.py:179} INFO - Processing /opt/airflow/dags/combined_dag(real).py took 1.842 seconds
[2023-12-24T01:20:28.498+0000] {processor.py:157} INFO - Started process (PID=8821) to work on /opt/airflow/dags/combined_dag(real).py
[2023-12-24T01:20:28.500+0000] {processor.py:826} INFO - Processing file /opt/airflow/dags/combined_dag(real).py for tasks to queue
[2023-12-24T01:20:28.500+0000] {logging_mixin.py:150} INFO - [2023-12-24T01:20:28.500+0000] {dagbag.py:541} INFO - Filling up the DagBag from /opt/airflow/dags/combined_dag(real).py
[2023-12-24T01:20:30.235+0000] {processor.py:836} INFO - DAG(s) dict_keys(['combined_dag']) retrieved from /opt/airflow/dags/combined_dag(real).py
[2023-12-24T01:20:30.259+0000] {logging_mixin.py:150} INFO - [2023-12-24T01:20:30.259+0000] {dag.py:2742} INFO - Sync 1 DAGs
[2023-12-24T01:20:30.286+0000] {logging_mixin.py:150} INFO - [2023-12-24T01:20:30.285+0000] {dag.py:3508} INFO - Setting next_dagrun for combined_dag to 2023-12-24T01:19:00+00:00, run_after=2023-12-24T01:20:00+00:00
[2023-12-24T01:20:30.303+0000] {processor.py:179} INFO - Processing /opt/airflow/dags/combined_dag(real).py took 1.808 seconds
[2023-12-24T01:21:01.199+0000] {processor.py:157} INFO - Started process (PID=8937) to work on /opt/airflow/dags/combined_dag(real).py
[2023-12-24T01:21:01.201+0000] {processor.py:826} INFO - Processing file /opt/airflow/dags/combined_dag(real).py for tasks to queue
[2023-12-24T01:21:01.201+0000] {logging_mixin.py:150} INFO - [2023-12-24T01:21:01.201+0000] {dagbag.py:541} INFO - Filling up the DagBag from /opt/airflow/dags/combined_dag(real).py
[2023-12-24T01:21:02.815+0000] {processor.py:836} INFO - DAG(s) dict_keys(['combined_dag']) retrieved from /opt/airflow/dags/combined_dag(real).py
[2023-12-24T01:21:02.832+0000] {logging_mixin.py:150} INFO - [2023-12-24T01:21:02.832+0000] {dag.py:2742} INFO - Sync 1 DAGs
[2023-12-24T01:21:02.849+0000] {logging_mixin.py:150} INFO - [2023-12-24T01:21:02.849+0000] {dag.py:3508} INFO - Setting next_dagrun for combined_dag to 2023-12-24T01:20:00+00:00, run_after=2023-12-24T01:21:00+00:00
[2023-12-24T01:21:02.863+0000] {processor.py:179} INFO - Processing /opt/airflow/dags/combined_dag(real).py took 1.667 seconds
[2023-12-24T01:31:04.894+0000] {processor.py:157} INFO - Started process (PID=76) to work on /opt/airflow/dags/combined_dag(real).py
[2023-12-24T01:31:04.895+0000] {processor.py:826} INFO - Processing file /opt/airflow/dags/combined_dag(real).py for tasks to queue
[2023-12-24T01:31:04.895+0000] {logging_mixin.py:150} INFO - [2023-12-24T01:31:04.895+0000] {dagbag.py:541} INFO - Filling up the DagBag from /opt/airflow/dags/combined_dag(real).py
[2023-12-24T01:31:07.031+0000] {processor.py:836} INFO - DAG(s) dict_keys(['combined_dag']) retrieved from /opt/airflow/dags/combined_dag(real).py
[2023-12-24T01:31:07.168+0000] {logging_mixin.py:150} INFO - [2023-12-24T01:31:07.168+0000] {dag.py:2742} INFO - Sync 1 DAGs
[2023-12-24T01:31:07.190+0000] {logging_mixin.py:150} INFO - [2023-12-24T01:31:07.190+0000] {dag.py:3508} INFO - Setting next_dagrun for combined_dag to 2023-12-24T01:30:00+00:00, run_after=2023-12-24T01:31:00+00:00
[2023-12-24T01:31:07.209+0000] {processor.py:179} INFO - Processing /opt/airflow/dags/combined_dag(real).py took 2.318 seconds
[2023-12-24T01:31:37.308+0000] {processor.py:157} INFO - Started process (PID=214) to work on /opt/airflow/dags/combined_dag(real).py
[2023-12-24T01:31:37.313+0000] {processor.py:826} INFO - Processing file /opt/airflow/dags/combined_dag(real).py for tasks to queue
[2023-12-24T01:31:37.315+0000] {logging_mixin.py:150} INFO - [2023-12-24T01:31:37.314+0000] {dagbag.py:541} INFO - Filling up the DagBag from /opt/airflow/dags/combined_dag(real).py
[2023-12-24T01:31:38.947+0000] {processor.py:836} INFO - DAG(s) dict_keys(['combined_dag']) retrieved from /opt/airflow/dags/combined_dag(real).py
[2023-12-24T01:31:38.963+0000] {logging_mixin.py:150} INFO - [2023-12-24T01:31:38.963+0000] {dag.py:2742} INFO - Sync 1 DAGs
[2023-12-24T01:31:38.980+0000] {logging_mixin.py:150} INFO - [2023-12-24T01:31:38.979+0000] {dag.py:3508} INFO - Setting next_dagrun for combined_dag to 2023-12-24T01:30:00+00:00, run_after=2023-12-24T01:31:00+00:00
[2023-12-24T01:31:38.993+0000] {processor.py:179} INFO - Processing /opt/airflow/dags/combined_dag(real).py took 1.689 seconds
[2023-12-24T01:32:09.161+0000] {processor.py:157} INFO - Started process (PID=332) to work on /opt/airflow/dags/combined_dag(real).py
[2023-12-24T01:32:09.162+0000] {processor.py:826} INFO - Processing file /opt/airflow/dags/combined_dag(real).py for tasks to queue
[2023-12-24T01:32:09.163+0000] {logging_mixin.py:150} INFO - [2023-12-24T01:32:09.162+0000] {dagbag.py:541} INFO - Filling up the DagBag from /opt/airflow/dags/combined_dag(real).py
[2023-12-24T01:32:10.780+0000] {processor.py:836} INFO - DAG(s) dict_keys(['combined_dag']) retrieved from /opt/airflow/dags/combined_dag(real).py
[2023-12-24T01:32:10.799+0000] {logging_mixin.py:150} INFO - [2023-12-24T01:32:10.798+0000] {dag.py:2742} INFO - Sync 1 DAGs
[2023-12-24T01:32:10.816+0000] {logging_mixin.py:150} INFO - [2023-12-24T01:32:10.816+0000] {dag.py:3508} INFO - Setting next_dagrun for combined_dag to 2023-12-24T01:31:00+00:00, run_after=2023-12-24T01:32:00+00:00
[2023-12-24T01:32:10.830+0000] {processor.py:179} INFO - Processing /opt/airflow/dags/combined_dag(real).py took 1.671 seconds
[2023-12-24T01:32:40.895+0000] {processor.py:157} INFO - Started process (PID=448) to work on /opt/airflow/dags/combined_dag(real).py
[2023-12-24T01:32:40.895+0000] {processor.py:826} INFO - Processing file /opt/airflow/dags/combined_dag(real).py for tasks to queue
[2023-12-24T01:32:40.896+0000] {logging_mixin.py:150} INFO - [2023-12-24T01:32:40.896+0000] {dagbag.py:541} INFO - Filling up the DagBag from /opt/airflow/dags/combined_dag(real).py
[2023-12-24T01:32:42.442+0000] {processor.py:836} INFO - DAG(s) dict_keys(['combined_dag']) retrieved from /opt/airflow/dags/combined_dag(real).py
[2023-12-24T01:32:42.460+0000] {logging_mixin.py:150} INFO - [2023-12-24T01:32:42.460+0000] {dag.py:2742} INFO - Sync 1 DAGs
[2023-12-24T01:32:42.478+0000] {logging_mixin.py:150} INFO - [2023-12-24T01:32:42.478+0000] {dag.py:3508} INFO - Setting next_dagrun for combined_dag to 2023-12-24T01:31:00+00:00, run_after=2023-12-24T01:32:00+00:00
[2023-12-24T01:32:42.492+0000] {processor.py:179} INFO - Processing /opt/airflow/dags/combined_dag(real).py took 1.600 seconds
[2023-12-24T01:33:12.536+0000] {processor.py:157} INFO - Started process (PID=555) to work on /opt/airflow/dags/combined_dag(real).py
[2023-12-24T01:33:12.537+0000] {processor.py:826} INFO - Processing file /opt/airflow/dags/combined_dag(real).py for tasks to queue
[2023-12-24T01:33:12.537+0000] {logging_mixin.py:150} INFO - [2023-12-24T01:33:12.537+0000] {dagbag.py:541} INFO - Filling up the DagBag from /opt/airflow/dags/combined_dag(real).py
[2023-12-24T01:33:14.178+0000] {processor.py:836} INFO - DAG(s) dict_keys(['combined_dag']) retrieved from /opt/airflow/dags/combined_dag(real).py
[2023-12-24T01:33:14.199+0000] {logging_mixin.py:150} INFO - [2023-12-24T01:33:14.198+0000] {dag.py:2742} INFO - Sync 1 DAGs
[2023-12-24T01:33:14.217+0000] {logging_mixin.py:150} INFO - [2023-12-24T01:33:14.217+0000] {dag.py:3508} INFO - Setting next_dagrun for combined_dag to 2023-12-24T01:32:00+00:00, run_after=2023-12-24T01:33:00+00:00
[2023-12-24T01:33:14.239+0000] {processor.py:179} INFO - Processing /opt/airflow/dags/combined_dag(real).py took 1.705 seconds
[2023-12-24T01:33:45.120+0000] {processor.py:157} INFO - Started process (PID=671) to work on /opt/airflow/dags/combined_dag(real).py
[2023-12-24T01:33:45.122+0000] {processor.py:826} INFO - Processing file /opt/airflow/dags/combined_dag(real).py for tasks to queue
[2023-12-24T01:33:45.123+0000] {logging_mixin.py:150} INFO - [2023-12-24T01:33:45.123+0000] {dagbag.py:541} INFO - Filling up the DagBag from /opt/airflow/dags/combined_dag(real).py
[2023-12-24T01:33:46.654+0000] {processor.py:836} INFO - DAG(s) dict_keys(['combined_dag']) retrieved from /opt/airflow/dags/combined_dag(real).py
[2023-12-24T01:33:46.671+0000] {logging_mixin.py:150} INFO - [2023-12-24T01:33:46.670+0000] {dag.py:2742} INFO - Sync 1 DAGs
[2023-12-24T01:33:46.686+0000] {logging_mixin.py:150} INFO - [2023-12-24T01:33:46.686+0000] {dag.py:3508} INFO - Setting next_dagrun for combined_dag to 2023-12-24T01:32:00+00:00, run_after=2023-12-24T01:33:00+00:00
[2023-12-24T01:33:46.699+0000] {processor.py:179} INFO - Processing /opt/airflow/dags/combined_dag(real).py took 1.582 seconds
[2023-12-24T01:34:16.825+0000] {processor.py:157} INFO - Started process (PID=787) to work on /opt/airflow/dags/combined_dag(real).py
[2023-12-24T01:34:16.826+0000] {processor.py:826} INFO - Processing file /opt/airflow/dags/combined_dag(real).py for tasks to queue
[2023-12-24T01:34:16.827+0000] {logging_mixin.py:150} INFO - [2023-12-24T01:34:16.826+0000] {dagbag.py:541} INFO - Filling up the DagBag from /opt/airflow/dags/combined_dag(real).py
[2023-12-24T01:34:18.411+0000] {processor.py:836} INFO - DAG(s) dict_keys(['combined_dag']) retrieved from /opt/airflow/dags/combined_dag(real).py
[2023-12-24T01:34:18.428+0000] {logging_mixin.py:150} INFO - [2023-12-24T01:34:18.427+0000] {dag.py:2742} INFO - Sync 1 DAGs
[2023-12-24T01:34:18.445+0000] {logging_mixin.py:150} INFO - [2023-12-24T01:34:18.444+0000] {dag.py:3508} INFO - Setting next_dagrun for combined_dag to 2023-12-24T01:33:00+00:00, run_after=2023-12-24T01:34:00+00:00
[2023-12-24T01:34:18.457+0000] {processor.py:179} INFO - Processing /opt/airflow/dags/combined_dag(real).py took 1.634 seconds
[2023-12-24T01:34:48.769+0000] {processor.py:157} INFO - Started process (PID=902) to work on /opt/airflow/dags/combined_dag(real).py
[2023-12-24T01:34:48.772+0000] {processor.py:826} INFO - Processing file /opt/airflow/dags/combined_dag(real).py for tasks to queue
[2023-12-24T01:34:48.773+0000] {logging_mixin.py:150} INFO - [2023-12-24T01:34:48.773+0000] {dagbag.py:541} INFO - Filling up the DagBag from /opt/airflow/dags/combined_dag(real).py
[2023-12-24T01:34:50.354+0000] {processor.py:836} INFO - DAG(s) dict_keys(['combined_dag']) retrieved from /opt/airflow/dags/combined_dag(real).py
[2023-12-24T01:34:50.372+0000] {logging_mixin.py:150} INFO - [2023-12-24T01:34:50.372+0000] {dag.py:2742} INFO - Sync 1 DAGs
[2023-12-24T01:34:50.389+0000] {logging_mixin.py:150} INFO - [2023-12-24T01:34:50.388+0000] {dag.py:3508} INFO - Setting next_dagrun for combined_dag to 2023-12-24T01:33:00+00:00, run_after=2023-12-24T01:34:00+00:00
[2023-12-24T01:34:50.401+0000] {processor.py:179} INFO - Processing /opt/airflow/dags/combined_dag(real).py took 1.635 seconds
[2023-12-24T01:35:21.231+0000] {processor.py:157} INFO - Started process (PID=1018) to work on /opt/airflow/dags/combined_dag(real).py
[2023-12-24T01:35:21.233+0000] {processor.py:826} INFO - Processing file /opt/airflow/dags/combined_dag(real).py for tasks to queue
[2023-12-24T01:35:21.234+0000] {logging_mixin.py:150} INFO - [2023-12-24T01:35:21.234+0000] {dagbag.py:541} INFO - Filling up the DagBag from /opt/airflow/dags/combined_dag(real).py
[2023-12-24T01:35:23.024+0000] {processor.py:836} INFO - DAG(s) dict_keys(['combined_dag']) retrieved from /opt/airflow/dags/combined_dag(real).py
[2023-12-24T01:35:23.040+0000] {logging_mixin.py:150} INFO - [2023-12-24T01:35:23.040+0000] {dag.py:2742} INFO - Sync 1 DAGs
[2023-12-24T01:35:23.056+0000] {logging_mixin.py:150} INFO - [2023-12-24T01:35:23.056+0000] {dag.py:3508} INFO - Setting next_dagrun for combined_dag to 2023-12-24T01:34:00+00:00, run_after=2023-12-24T01:35:00+00:00
[2023-12-24T01:35:23.069+0000] {processor.py:179} INFO - Processing /opt/airflow/dags/combined_dag(real).py took 1.840 seconds
[2023-12-24T01:35:53.146+0000] {processor.py:157} INFO - Started process (PID=1125) to work on /opt/airflow/dags/combined_dag(real).py
[2023-12-24T01:35:53.147+0000] {processor.py:826} INFO - Processing file /opt/airflow/dags/combined_dag(real).py for tasks to queue
[2023-12-24T01:35:53.148+0000] {logging_mixin.py:150} INFO - [2023-12-24T01:35:53.147+0000] {dagbag.py:541} INFO - Filling up the DagBag from /opt/airflow/dags/combined_dag(real).py
[2023-12-24T01:35:54.703+0000] {processor.py:836} INFO - DAG(s) dict_keys(['combined_dag']) retrieved from /opt/airflow/dags/combined_dag(real).py
[2023-12-24T01:35:54.720+0000] {logging_mixin.py:150} INFO - [2023-12-24T01:35:54.720+0000] {dag.py:2742} INFO - Sync 1 DAGs
[2023-12-24T01:35:54.736+0000] {logging_mixin.py:150} INFO - [2023-12-24T01:35:54.735+0000] {dag.py:3508} INFO - Setting next_dagrun for combined_dag to 2023-12-24T01:34:00+00:00, run_after=2023-12-24T01:35:00+00:00
[2023-12-24T01:35:54.747+0000] {processor.py:179} INFO - Processing /opt/airflow/dags/combined_dag(real).py took 1.605 seconds
[2023-12-24T01:36:25.536+0000] {processor.py:157} INFO - Started process (PID=1241) to work on /opt/airflow/dags/combined_dag(real).py
[2023-12-24T01:36:25.542+0000] {processor.py:826} INFO - Processing file /opt/airflow/dags/combined_dag(real).py for tasks to queue
[2023-12-24T01:36:25.543+0000] {logging_mixin.py:150} INFO - [2023-12-24T01:36:25.543+0000] {dagbag.py:541} INFO - Filling up the DagBag from /opt/airflow/dags/combined_dag(real).py
[2023-12-24T01:36:27.166+0000] {processor.py:836} INFO - DAG(s) dict_keys(['combined_dag']) retrieved from /opt/airflow/dags/combined_dag(real).py
[2023-12-24T01:36:27.186+0000] {logging_mixin.py:150} INFO - [2023-12-24T01:36:27.186+0000] {dag.py:2742} INFO - Sync 1 DAGs
[2023-12-24T01:36:27.203+0000] {logging_mixin.py:150} INFO - [2023-12-24T01:36:27.203+0000] {dag.py:3508} INFO - Setting next_dagrun for combined_dag to 2023-12-24T01:35:00+00:00, run_after=2023-12-24T01:36:00+00:00
[2023-12-24T01:36:27.216+0000] {processor.py:179} INFO - Processing /opt/airflow/dags/combined_dag(real).py took 1.685 seconds
[2023-12-24T01:36:57.347+0000] {processor.py:157} INFO - Started process (PID=1357) to work on /opt/airflow/dags/combined_dag(real).py
[2023-12-24T01:36:57.349+0000] {processor.py:826} INFO - Processing file /opt/airflow/dags/combined_dag(real).py for tasks to queue
[2023-12-24T01:36:57.350+0000] {logging_mixin.py:150} INFO - [2023-12-24T01:36:57.350+0000] {dagbag.py:541} INFO - Filling up the DagBag from /opt/airflow/dags/combined_dag(real).py
[2023-12-24T01:36:58.952+0000] {processor.py:836} INFO - DAG(s) dict_keys(['combined_dag']) retrieved from /opt/airflow/dags/combined_dag(real).py
[2023-12-24T01:36:58.970+0000] {logging_mixin.py:150} INFO - [2023-12-24T01:36:58.970+0000] {dag.py:2742} INFO - Sync 1 DAGs
[2023-12-24T01:36:58.987+0000] {logging_mixin.py:150} INFO - [2023-12-24T01:36:58.987+0000] {dag.py:3508} INFO - Setting next_dagrun for combined_dag to 2023-12-24T01:35:00+00:00, run_after=2023-12-24T01:36:00+00:00
[2023-12-24T01:36:58.998+0000] {processor.py:179} INFO - Processing /opt/airflow/dags/combined_dag(real).py took 1.656 seconds
[2023-12-24T01:37:29.360+0000] {processor.py:157} INFO - Started process (PID=1473) to work on /opt/airflow/dags/combined_dag(real).py
[2023-12-24T01:37:29.361+0000] {processor.py:826} INFO - Processing file /opt/airflow/dags/combined_dag(real).py for tasks to queue
[2023-12-24T01:37:29.361+0000] {logging_mixin.py:150} INFO - [2023-12-24T01:37:29.361+0000] {dagbag.py:541} INFO - Filling up the DagBag from /opt/airflow/dags/combined_dag(real).py
[2023-12-24T01:37:30.977+0000] {processor.py:836} INFO - DAG(s) dict_keys(['combined_dag']) retrieved from /opt/airflow/dags/combined_dag(real).py
[2023-12-24T01:37:30.994+0000] {logging_mixin.py:150} INFO - [2023-12-24T01:37:30.993+0000] {dag.py:2742} INFO - Sync 1 DAGs
[2023-12-24T01:37:31.009+0000] {logging_mixin.py:150} INFO - [2023-12-24T01:37:31.009+0000] {dag.py:3508} INFO - Setting next_dagrun for combined_dag to 2023-12-24T01:36:00+00:00, run_after=2023-12-24T01:37:00+00:00
[2023-12-24T01:37:31.024+0000] {processor.py:179} INFO - Processing /opt/airflow/dags/combined_dag(real).py took 1.666 seconds
[2023-12-24T01:38:01.109+0000] {processor.py:157} INFO - Started process (PID=1580) to work on /opt/airflow/dags/combined_dag(real).py
[2023-12-24T01:38:01.114+0000] {processor.py:826} INFO - Processing file /opt/airflow/dags/combined_dag(real).py for tasks to queue
[2023-12-24T01:38:01.114+0000] {logging_mixin.py:150} INFO - [2023-12-24T01:38:01.114+0000] {dagbag.py:541} INFO - Filling up the DagBag from /opt/airflow/dags/combined_dag(real).py
[2023-12-24T01:38:02.744+0000] {processor.py:836} INFO - DAG(s) dict_keys(['combined_dag']) retrieved from /opt/airflow/dags/combined_dag(real).py
[2023-12-24T01:38:02.762+0000] {logging_mixin.py:150} INFO - [2023-12-24T01:38:02.762+0000] {dag.py:2742} INFO - Sync 1 DAGs
[2023-12-24T01:38:02.780+0000] {logging_mixin.py:150} INFO - [2023-12-24T01:38:02.780+0000] {dag.py:3508} INFO - Setting next_dagrun for combined_dag to 2023-12-24T01:37:00+00:00, run_after=2023-12-24T01:38:00+00:00
[2023-12-24T01:38:02.795+0000] {processor.py:179} INFO - Processing /opt/airflow/dags/combined_dag(real).py took 1.688 seconds
[2023-12-24T01:38:32.838+0000] {processor.py:157} INFO - Started process (PID=1696) to work on /opt/airflow/dags/combined_dag(real).py
[2023-12-24T01:38:32.840+0000] {processor.py:826} INFO - Processing file /opt/airflow/dags/combined_dag(real).py for tasks to queue
[2023-12-24T01:38:32.841+0000] {logging_mixin.py:150} INFO - [2023-12-24T01:38:32.841+0000] {dagbag.py:541} INFO - Filling up the DagBag from /opt/airflow/dags/combined_dag(real).py
[2023-12-24T01:38:34.496+0000] {processor.py:836} INFO - DAG(s) dict_keys(['combined_dag']) retrieved from /opt/airflow/dags/combined_dag(real).py
[2023-12-24T01:38:34.515+0000] {logging_mixin.py:150} INFO - [2023-12-24T01:38:34.514+0000] {dag.py:2742} INFO - Sync 1 DAGs
[2023-12-24T01:38:34.532+0000] {logging_mixin.py:150} INFO - [2023-12-24T01:38:34.531+0000] {dag.py:3508} INFO - Setting next_dagrun for combined_dag to 2023-12-24T01:37:00+00:00, run_after=2023-12-24T01:38:00+00:00
[2023-12-24T01:38:34.546+0000] {processor.py:179} INFO - Processing /opt/airflow/dags/combined_dag(real).py took 1.711 seconds
[2023-12-24T01:39:04.627+0000] {processor.py:157} INFO - Started process (PID=1812) to work on /opt/airflow/dags/combined_dag(real).py
[2023-12-24T01:39:04.627+0000] {processor.py:826} INFO - Processing file /opt/airflow/dags/combined_dag(real).py for tasks to queue
[2023-12-24T01:39:04.628+0000] {logging_mixin.py:150} INFO - [2023-12-24T01:39:04.628+0000] {dagbag.py:541} INFO - Filling up the DagBag from /opt/airflow/dags/combined_dag(real).py
[2023-12-24T01:39:06.220+0000] {processor.py:836} INFO - DAG(s) dict_keys(['combined_dag']) retrieved from /opt/airflow/dags/combined_dag(real).py
[2023-12-24T01:39:06.238+0000] {logging_mixin.py:150} INFO - [2023-12-24T01:39:06.237+0000] {dag.py:2742} INFO - Sync 1 DAGs
[2023-12-24T01:39:06.255+0000] {logging_mixin.py:150} INFO - [2023-12-24T01:39:06.255+0000] {dag.py:3508} INFO - Setting next_dagrun for combined_dag to 2023-12-24T01:38:00+00:00, run_after=2023-12-24T01:39:00+00:00
[2023-12-24T01:39:06.270+0000] {processor.py:179} INFO - Processing /opt/airflow/dags/combined_dag(real).py took 1.645 seconds
