[2023-12-24T00:40:50.488+0000] {processor.py:157} INFO - Started process (PID=99) to work on /opt/airflow/dags/retrain_dag.py
[2023-12-24T00:40:50.489+0000] {processor.py:826} INFO - Processing file /opt/airflow/dags/retrain_dag.py for tasks to queue
[2023-12-24T00:40:50.489+0000] {logging_mixin.py:150} INFO - [2023-12-24T00:40:50.489+0000] {dagbag.py:541} INFO - Filling up the DagBag from /opt/airflow/dags/retrain_dag.py
[2023-12-24T00:40:52.064+0000] {processor.py:836} INFO - DAG(s) dict_keys(['retrain_dag']) retrieved from /opt/airflow/dags/retrain_dag.py
[2023-12-24T00:40:52.190+0000] {logging_mixin.py:150} INFO - [2023-12-24T00:40:52.190+0000] {dag.py:2742} INFO - Sync 1 DAGs
[2023-12-24T00:40:52.212+0000] {logging_mixin.py:150} INFO - [2023-12-24T00:40:52.211+0000] {dag.py:3508} INFO - Setting next_dagrun for retrain_dag to 2023-12-24T00:38:00+00:00, run_after=2023-12-24T00:40:00+00:00
[2023-12-24T00:40:52.305+0000] {processor.py:179} INFO - Processing /opt/airflow/dags/retrain_dag.py took 1.820 seconds
[2023-12-24T00:41:23.313+0000] {processor.py:157} INFO - Started process (PID=195) to work on /opt/airflow/dags/retrain_dag.py
[2023-12-24T00:41:23.314+0000] {processor.py:826} INFO - Processing file /opt/airflow/dags/retrain_dag.py for tasks to queue
[2023-12-24T00:41:23.315+0000] {logging_mixin.py:150} INFO - [2023-12-24T00:41:23.314+0000] {dagbag.py:541} INFO - Filling up the DagBag from /opt/airflow/dags/retrain_dag.py
[2023-12-24T00:41:24.195+0000] {processor.py:836} INFO - DAG(s) dict_keys(['retrain_dag']) retrieved from /opt/airflow/dags/retrain_dag.py
[2023-12-24T00:41:24.212+0000] {logging_mixin.py:150} INFO - [2023-12-24T00:41:24.212+0000] {dag.py:2742} INFO - Sync 1 DAGs
[2023-12-24T00:41:24.231+0000] {logging_mixin.py:150} INFO - [2023-12-24T00:41:24.230+0000] {dag.py:3508} INFO - Setting next_dagrun for retrain_dag to 2023-12-24T00:38:00+00:00, run_after=2023-12-24T00:40:00+00:00
[2023-12-24T00:41:24.244+0000] {processor.py:179} INFO - Processing /opt/airflow/dags/retrain_dag.py took 0.934 seconds
[2023-12-24T00:41:55.009+0000] {processor.py:157} INFO - Started process (PID=310) to work on /opt/airflow/dags/retrain_dag.py
[2023-12-24T00:41:55.013+0000] {processor.py:826} INFO - Processing file /opt/airflow/dags/retrain_dag.py for tasks to queue
[2023-12-24T00:41:55.014+0000] {logging_mixin.py:150} INFO - [2023-12-24T00:41:55.014+0000] {dagbag.py:541} INFO - Filling up the DagBag from /opt/airflow/dags/retrain_dag.py
[2023-12-24T00:41:55.845+0000] {processor.py:836} INFO - DAG(s) dict_keys(['retrain_dag']) retrieved from /opt/airflow/dags/retrain_dag.py
[2023-12-24T00:41:55.862+0000] {logging_mixin.py:150} INFO - [2023-12-24T00:41:55.861+0000] {dag.py:2742} INFO - Sync 1 DAGs
[2023-12-24T00:41:55.880+0000] {logging_mixin.py:150} INFO - [2023-12-24T00:41:55.880+0000] {dag.py:3508} INFO - Setting next_dagrun for retrain_dag to 2023-12-24T00:38:00+00:00, run_after=2023-12-24T00:40:00+00:00
[2023-12-24T00:41:55.894+0000] {processor.py:179} INFO - Processing /opt/airflow/dags/retrain_dag.py took 0.887 seconds
[2023-12-24T00:42:26.742+0000] {processor.py:157} INFO - Started process (PID=427) to work on /opt/airflow/dags/retrain_dag.py
[2023-12-24T00:42:26.743+0000] {processor.py:826} INFO - Processing file /opt/airflow/dags/retrain_dag.py for tasks to queue
[2023-12-24T00:42:26.743+0000] {logging_mixin.py:150} INFO - [2023-12-24T00:42:26.743+0000] {dagbag.py:541} INFO - Filling up the DagBag from /opt/airflow/dags/retrain_dag.py
[2023-12-24T00:42:27.634+0000] {processor.py:836} INFO - DAG(s) dict_keys(['retrain_dag']) retrieved from /opt/airflow/dags/retrain_dag.py
[2023-12-24T00:42:27.649+0000] {logging_mixin.py:150} INFO - [2023-12-24T00:42:27.649+0000] {dag.py:2742} INFO - Sync 1 DAGs
[2023-12-24T00:42:27.667+0000] {logging_mixin.py:150} INFO - [2023-12-24T00:42:27.666+0000] {dag.py:3508} INFO - Setting next_dagrun for retrain_dag to 2023-12-24T00:40:00+00:00, run_after=2023-12-24T00:42:00+00:00
[2023-12-24T00:42:27.681+0000] {processor.py:179} INFO - Processing /opt/airflow/dags/retrain_dag.py took 0.943 seconds
[2023-12-24T00:42:58.552+0000] {processor.py:157} INFO - Started process (PID=544) to work on /opt/airflow/dags/retrain_dag.py
[2023-12-24T00:42:58.553+0000] {processor.py:826} INFO - Processing file /opt/airflow/dags/retrain_dag.py for tasks to queue
[2023-12-24T00:42:58.554+0000] {logging_mixin.py:150} INFO - [2023-12-24T00:42:58.554+0000] {dagbag.py:541} INFO - Filling up the DagBag from /opt/airflow/dags/retrain_dag.py
[2023-12-24T00:42:59.539+0000] {processor.py:836} INFO - DAG(s) dict_keys(['retrain_dag']) retrieved from /opt/airflow/dags/retrain_dag.py
[2023-12-24T00:42:59.556+0000] {logging_mixin.py:150} INFO - [2023-12-24T00:42:59.556+0000] {dag.py:2742} INFO - Sync 1 DAGs
[2023-12-24T00:42:59.575+0000] {logging_mixin.py:150} INFO - [2023-12-24T00:42:59.575+0000] {dag.py:3508} INFO - Setting next_dagrun for retrain_dag to 2023-12-24T00:40:00+00:00, run_after=2023-12-24T00:42:00+00:00
[2023-12-24T00:42:59.592+0000] {processor.py:179} INFO - Processing /opt/airflow/dags/retrain_dag.py took 1.044 seconds
[2023-12-24T00:43:30.531+0000] {processor.py:157} INFO - Started process (PID=651) to work on /opt/airflow/dags/retrain_dag.py
[2023-12-24T00:43:30.532+0000] {processor.py:826} INFO - Processing file /opt/airflow/dags/retrain_dag.py for tasks to queue
[2023-12-24T00:43:30.532+0000] {logging_mixin.py:150} INFO - [2023-12-24T00:43:30.532+0000] {dagbag.py:541} INFO - Filling up the DagBag from /opt/airflow/dags/retrain_dag.py
[2023-12-24T00:43:31.403+0000] {processor.py:836} INFO - DAG(s) dict_keys(['retrain_dag']) retrieved from /opt/airflow/dags/retrain_dag.py
[2023-12-24T00:43:31.418+0000] {logging_mixin.py:150} INFO - [2023-12-24T00:43:31.418+0000] {dag.py:2742} INFO - Sync 1 DAGs
[2023-12-24T00:43:31.436+0000] {logging_mixin.py:150} INFO - [2023-12-24T00:43:31.436+0000] {dag.py:3508} INFO - Setting next_dagrun for retrain_dag to 2023-12-24T00:40:00+00:00, run_after=2023-12-24T00:42:00+00:00
[2023-12-24T00:43:31.448+0000] {processor.py:179} INFO - Processing /opt/airflow/dags/retrain_dag.py took 0.919 seconds
[2023-12-24T00:44:02.238+0000] {processor.py:157} INFO - Started process (PID=766) to work on /opt/airflow/dags/retrain_dag.py
[2023-12-24T00:44:02.241+0000] {processor.py:826} INFO - Processing file /opt/airflow/dags/retrain_dag.py for tasks to queue
[2023-12-24T00:44:02.241+0000] {logging_mixin.py:150} INFO - [2023-12-24T00:44:02.241+0000] {dagbag.py:541} INFO - Filling up the DagBag from /opt/airflow/dags/retrain_dag.py
[2023-12-24T00:44:03.158+0000] {processor.py:836} INFO - DAG(s) dict_keys(['retrain_dag']) retrieved from /opt/airflow/dags/retrain_dag.py
[2023-12-24T00:44:03.173+0000] {logging_mixin.py:150} INFO - [2023-12-24T00:44:03.173+0000] {dag.py:2742} INFO - Sync 1 DAGs
[2023-12-24T00:44:03.190+0000] {logging_mixin.py:150} INFO - [2023-12-24T00:44:03.190+0000] {dag.py:3508} INFO - Setting next_dagrun for retrain_dag to 2023-12-24T00:42:00+00:00, run_after=2023-12-24T00:44:00+00:00
[2023-12-24T00:44:03.203+0000] {processor.py:179} INFO - Processing /opt/airflow/dags/retrain_dag.py took 0.969 seconds
[2023-12-24T00:44:34.050+0000] {processor.py:157} INFO - Started process (PID=883) to work on /opt/airflow/dags/retrain_dag.py
[2023-12-24T00:44:34.051+0000] {processor.py:826} INFO - Processing file /opt/airflow/dags/retrain_dag.py for tasks to queue
[2023-12-24T00:44:34.051+0000] {logging_mixin.py:150} INFO - [2023-12-24T00:44:34.051+0000] {dagbag.py:541} INFO - Filling up the DagBag from /opt/airflow/dags/retrain_dag.py
[2023-12-24T00:44:34.999+0000] {processor.py:836} INFO - DAG(s) dict_keys(['retrain_dag']) retrieved from /opt/airflow/dags/retrain_dag.py
[2023-12-24T00:44:35.020+0000] {logging_mixin.py:150} INFO - [2023-12-24T00:44:35.020+0000] {dag.py:2742} INFO - Sync 1 DAGs
[2023-12-24T00:44:35.041+0000] {logging_mixin.py:150} INFO - [2023-12-24T00:44:35.041+0000] {dag.py:3508} INFO - Setting next_dagrun for retrain_dag to 2023-12-24T00:42:00+00:00, run_after=2023-12-24T00:44:00+00:00
[2023-12-24T00:44:35.058+0000] {processor.py:179} INFO - Processing /opt/airflow/dags/retrain_dag.py took 1.010 seconds
[2023-12-24T00:45:05.828+0000] {processor.py:157} INFO - Started process (PID=998) to work on /opt/airflow/dags/retrain_dag.py
[2023-12-24T00:45:05.829+0000] {processor.py:826} INFO - Processing file /opt/airflow/dags/retrain_dag.py for tasks to queue
[2023-12-24T00:45:05.829+0000] {logging_mixin.py:150} INFO - [2023-12-24T00:45:05.829+0000] {dagbag.py:541} INFO - Filling up the DagBag from /opt/airflow/dags/retrain_dag.py
[2023-12-24T00:45:06.715+0000] {processor.py:836} INFO - DAG(s) dict_keys(['retrain_dag']) retrieved from /opt/airflow/dags/retrain_dag.py
[2023-12-24T00:45:06.731+0000] {logging_mixin.py:150} INFO - [2023-12-24T00:45:06.731+0000] {dag.py:2742} INFO - Sync 1 DAGs
[2023-12-24T00:45:06.748+0000] {logging_mixin.py:150} INFO - [2023-12-24T00:45:06.748+0000] {dag.py:3508} INFO - Setting next_dagrun for retrain_dag to 2023-12-24T00:42:00+00:00, run_after=2023-12-24T00:44:00+00:00
[2023-12-24T00:45:06.762+0000] {processor.py:179} INFO - Processing /opt/airflow/dags/retrain_dag.py took 0.936 seconds
[2023-12-24T00:45:37.507+0000] {processor.py:157} INFO - Started process (PID=1105) to work on /opt/airflow/dags/retrain_dag.py
[2023-12-24T00:45:37.510+0000] {processor.py:826} INFO - Processing file /opt/airflow/dags/retrain_dag.py for tasks to queue
[2023-12-24T00:45:37.510+0000] {logging_mixin.py:150} INFO - [2023-12-24T00:45:37.510+0000] {dagbag.py:541} INFO - Filling up the DagBag from /opt/airflow/dags/retrain_dag.py
[2023-12-24T00:45:38.320+0000] {processor.py:836} INFO - DAG(s) dict_keys(['retrain_dag']) retrieved from /opt/airflow/dags/retrain_dag.py
[2023-12-24T00:45:38.334+0000] {logging_mixin.py:150} INFO - [2023-12-24T00:45:38.334+0000] {dag.py:2742} INFO - Sync 1 DAGs
[2023-12-24T00:45:38.351+0000] {logging_mixin.py:150} INFO - [2023-12-24T00:45:38.351+0000] {dag.py:3508} INFO - Setting next_dagrun for retrain_dag to 2023-12-24T00:42:00+00:00, run_after=2023-12-24T00:44:00+00:00
[2023-12-24T00:45:38.364+0000] {processor.py:179} INFO - Processing /opt/airflow/dags/retrain_dag.py took 0.861 seconds
[2023-12-24T00:46:09.365+0000] {processor.py:157} INFO - Started process (PID=1221) to work on /opt/airflow/dags/retrain_dag.py
[2023-12-24T00:46:09.366+0000] {processor.py:826} INFO - Processing file /opt/airflow/dags/retrain_dag.py for tasks to queue
[2023-12-24T00:46:09.367+0000] {logging_mixin.py:150} INFO - [2023-12-24T00:46:09.367+0000] {dagbag.py:541} INFO - Filling up the DagBag from /opt/airflow/dags/retrain_dag.py
[2023-12-24T00:46:10.210+0000] {processor.py:836} INFO - DAG(s) dict_keys(['retrain_dag']) retrieved from /opt/airflow/dags/retrain_dag.py
[2023-12-24T00:46:10.225+0000] {logging_mixin.py:150} INFO - [2023-12-24T00:46:10.225+0000] {dag.py:2742} INFO - Sync 1 DAGs
[2023-12-24T00:46:10.242+0000] {logging_mixin.py:150} INFO - [2023-12-24T00:46:10.242+0000] {dag.py:3508} INFO - Setting next_dagrun for retrain_dag to 2023-12-24T00:44:00+00:00, run_after=2023-12-24T00:46:00+00:00
[2023-12-24T00:46:10.253+0000] {processor.py:179} INFO - Processing /opt/airflow/dags/retrain_dag.py took 0.890 seconds
[2023-12-24T00:46:41.007+0000] {processor.py:157} INFO - Started process (PID=1337) to work on /opt/airflow/dags/retrain_dag.py
[2023-12-24T00:46:41.009+0000] {processor.py:826} INFO - Processing file /opt/airflow/dags/retrain_dag.py for tasks to queue
[2023-12-24T00:46:41.010+0000] {logging_mixin.py:150} INFO - [2023-12-24T00:46:41.010+0000] {dagbag.py:541} INFO - Filling up the DagBag from /opt/airflow/dags/retrain_dag.py
[2023-12-24T00:46:41.833+0000] {processor.py:836} INFO - DAG(s) dict_keys(['retrain_dag']) retrieved from /opt/airflow/dags/retrain_dag.py
[2023-12-24T00:46:41.847+0000] {logging_mixin.py:150} INFO - [2023-12-24T00:46:41.847+0000] {dag.py:2742} INFO - Sync 1 DAGs
[2023-12-24T00:46:41.866+0000] {logging_mixin.py:150} INFO - [2023-12-24T00:46:41.866+0000] {dag.py:3508} INFO - Setting next_dagrun for retrain_dag to 2023-12-24T00:44:00+00:00, run_after=2023-12-24T00:46:00+00:00
[2023-12-24T00:46:41.880+0000] {processor.py:179} INFO - Processing /opt/airflow/dags/retrain_dag.py took 0.875 seconds
[2023-12-24T00:47:12.055+0000] {processor.py:157} INFO - Started process (PID=1516) to work on /opt/airflow/dags/retrain_dag.py
[2023-12-24T00:47:12.056+0000] {processor.py:826} INFO - Processing file /opt/airflow/dags/retrain_dag.py for tasks to queue
[2023-12-24T00:47:12.056+0000] {logging_mixin.py:150} INFO - [2023-12-24T00:47:12.056+0000] {dagbag.py:541} INFO - Filling up the DagBag from /opt/airflow/dags/retrain_dag.py
[2023-12-24T00:47:12.939+0000] {processor.py:836} INFO - DAG(s) dict_keys(['retrain_dag']) retrieved from /opt/airflow/dags/retrain_dag.py
[2023-12-24T00:47:12.955+0000] {logging_mixin.py:150} INFO - [2023-12-24T00:47:12.955+0000] {dag.py:2742} INFO - Sync 1 DAGs
[2023-12-24T00:47:12.975+0000] {logging_mixin.py:150} INFO - [2023-12-24T00:47:12.975+0000] {dag.py:3508} INFO - Setting next_dagrun for retrain_dag to 2023-12-24T00:44:00+00:00, run_after=2023-12-24T00:46:00+00:00
[2023-12-24T00:47:12.991+0000] {processor.py:179} INFO - Processing /opt/airflow/dags/retrain_dag.py took 0.938 seconds
[2023-12-24T00:47:43.409+0000] {processor.py:157} INFO - Started process (PID=1623) to work on /opt/airflow/dags/retrain_dag.py
[2023-12-24T00:47:43.412+0000] {processor.py:826} INFO - Processing file /opt/airflow/dags/retrain_dag.py for tasks to queue
[2023-12-24T00:47:43.413+0000] {logging_mixin.py:150} INFO - [2023-12-24T00:47:43.412+0000] {dagbag.py:541} INFO - Filling up the DagBag from /opt/airflow/dags/retrain_dag.py
[2023-12-24T00:47:44.218+0000] {processor.py:836} INFO - DAG(s) dict_keys(['retrain_dag']) retrieved from /opt/airflow/dags/retrain_dag.py
[2023-12-24T00:47:44.234+0000] {logging_mixin.py:150} INFO - [2023-12-24T00:47:44.234+0000] {dag.py:2742} INFO - Sync 1 DAGs
[2023-12-24T00:47:44.253+0000] {logging_mixin.py:150} INFO - [2023-12-24T00:47:44.253+0000] {dag.py:3508} INFO - Setting next_dagrun for retrain_dag to 2023-12-24T00:44:00+00:00, run_after=2023-12-24T00:46:00+00:00
[2023-12-24T00:47:44.267+0000] {processor.py:179} INFO - Processing /opt/airflow/dags/retrain_dag.py took 0.861 seconds
[2023-12-24T00:48:15.175+0000] {processor.py:157} INFO - Started process (PID=1739) to work on /opt/airflow/dags/retrain_dag.py
[2023-12-24T00:48:15.175+0000] {processor.py:826} INFO - Processing file /opt/airflow/dags/retrain_dag.py for tasks to queue
[2023-12-24T00:48:15.176+0000] {logging_mixin.py:150} INFO - [2023-12-24T00:48:15.176+0000] {dagbag.py:541} INFO - Filling up the DagBag from /opt/airflow/dags/retrain_dag.py
[2023-12-24T00:48:15.981+0000] {processor.py:836} INFO - DAG(s) dict_keys(['retrain_dag']) retrieved from /opt/airflow/dags/retrain_dag.py
[2023-12-24T00:48:15.995+0000] {logging_mixin.py:150} INFO - [2023-12-24T00:48:15.995+0000] {dag.py:2742} INFO - Sync 1 DAGs
[2023-12-24T00:48:16.012+0000] {logging_mixin.py:150} INFO - [2023-12-24T00:48:16.012+0000] {dag.py:3508} INFO - Setting next_dagrun for retrain_dag to 2023-12-24T00:46:00+00:00, run_after=2023-12-24T00:48:00+00:00
[2023-12-24T00:48:16.025+0000] {processor.py:179} INFO - Processing /opt/airflow/dags/retrain_dag.py took 0.854 seconds
[2023-12-24T00:48:46.117+0000] {processor.py:157} INFO - Started process (PID=1855) to work on /opt/airflow/dags/retrain_dag.py
[2023-12-24T00:48:46.120+0000] {processor.py:826} INFO - Processing file /opt/airflow/dags/retrain_dag.py for tasks to queue
[2023-12-24T00:48:46.120+0000] {logging_mixin.py:150} INFO - [2023-12-24T00:48:46.120+0000] {dagbag.py:541} INFO - Filling up the DagBag from /opt/airflow/dags/retrain_dag.py
[2023-12-24T00:48:46.933+0000] {processor.py:836} INFO - DAG(s) dict_keys(['retrain_dag']) retrieved from /opt/airflow/dags/retrain_dag.py
[2023-12-24T00:48:46.947+0000] {logging_mixin.py:150} INFO - [2023-12-24T00:48:46.947+0000] {dag.py:2742} INFO - Sync 1 DAGs
[2023-12-24T00:48:47.033+0000] {logging_mixin.py:150} INFO - [2023-12-24T00:48:47.033+0000] {dag.py:3508} INFO - Setting next_dagrun for retrain_dag to 2023-12-24T00:46:00+00:00, run_after=2023-12-24T00:48:00+00:00
[2023-12-24T00:48:47.045+0000] {processor.py:179} INFO - Processing /opt/airflow/dags/retrain_dag.py took 0.930 seconds
[2023-12-24T00:49:17.175+0000] {processor.py:157} INFO - Started process (PID=1961) to work on /opt/airflow/dags/retrain_dag.py
[2023-12-24T00:49:17.178+0000] {processor.py:826} INFO - Processing file /opt/airflow/dags/retrain_dag.py for tasks to queue
[2023-12-24T00:49:17.179+0000] {logging_mixin.py:150} INFO - [2023-12-24T00:49:17.178+0000] {dagbag.py:541} INFO - Filling up the DagBag from /opt/airflow/dags/retrain_dag.py
[2023-12-24T00:49:17.978+0000] {processor.py:836} INFO - DAG(s) dict_keys(['retrain_dag']) retrieved from /opt/airflow/dags/retrain_dag.py
[2023-12-24T00:49:17.993+0000] {logging_mixin.py:150} INFO - [2023-12-24T00:49:17.993+0000] {dag.py:2742} INFO - Sync 1 DAGs
[2023-12-24T00:49:18.009+0000] {logging_mixin.py:150} INFO - [2023-12-24T00:49:18.009+0000] {dag.py:3508} INFO - Setting next_dagrun for retrain_dag to 2023-12-24T00:46:00+00:00, run_after=2023-12-24T00:48:00+00:00
[2023-12-24T00:49:18.020+0000] {processor.py:179} INFO - Processing /opt/airflow/dags/retrain_dag.py took 0.848 seconds
[2023-12-24T00:49:48.091+0000] {processor.py:157} INFO - Started process (PID=2077) to work on /opt/airflow/dags/retrain_dag.py
[2023-12-24T00:49:48.092+0000] {processor.py:826} INFO - Processing file /opt/airflow/dags/retrain_dag.py for tasks to queue
[2023-12-24T00:49:48.093+0000] {logging_mixin.py:150} INFO - [2023-12-24T00:49:48.092+0000] {dagbag.py:541} INFO - Filling up the DagBag from /opt/airflow/dags/retrain_dag.py
[2023-12-24T00:49:48.843+0000] {processor.py:836} INFO - DAG(s) dict_keys(['retrain_dag']) retrieved from /opt/airflow/dags/retrain_dag.py
[2023-12-24T00:49:48.856+0000] {logging_mixin.py:150} INFO - [2023-12-24T00:49:48.856+0000] {dag.py:2742} INFO - Sync 1 DAGs
[2023-12-24T00:49:48.935+0000] {logging_mixin.py:150} INFO - [2023-12-24T00:49:48.935+0000] {dag.py:3508} INFO - Setting next_dagrun for retrain_dag to 2023-12-24T00:46:00+00:00, run_after=2023-12-24T00:48:00+00:00
[2023-12-24T00:49:48.947+0000] {processor.py:179} INFO - Processing /opt/airflow/dags/retrain_dag.py took 0.859 seconds
[2023-12-24T00:50:19.039+0000] {processor.py:157} INFO - Started process (PID=2193) to work on /opt/airflow/dags/retrain_dag.py
[2023-12-24T00:50:19.041+0000] {processor.py:826} INFO - Processing file /opt/airflow/dags/retrain_dag.py for tasks to queue
[2023-12-24T00:50:19.042+0000] {logging_mixin.py:150} INFO - [2023-12-24T00:50:19.042+0000] {dagbag.py:541} INFO - Filling up the DagBag from /opt/airflow/dags/retrain_dag.py
[2023-12-24T00:50:19.829+0000] {processor.py:836} INFO - DAG(s) dict_keys(['retrain_dag']) retrieved from /opt/airflow/dags/retrain_dag.py
[2023-12-24T00:50:19.844+0000] {logging_mixin.py:150} INFO - [2023-12-24T00:50:19.844+0000] {dag.py:2742} INFO - Sync 1 DAGs
[2023-12-24T00:50:19.861+0000] {logging_mixin.py:150} INFO - [2023-12-24T00:50:19.861+0000] {dag.py:3508} INFO - Setting next_dagrun for retrain_dag to 2023-12-24T00:48:00+00:00, run_after=2023-12-24T00:50:00+00:00
[2023-12-24T00:50:19.876+0000] {processor.py:179} INFO - Processing /opt/airflow/dags/retrain_dag.py took 0.839 seconds
[2023-12-24T00:50:50.419+0000] {processor.py:157} INFO - Started process (PID=2302) to work on /opt/airflow/dags/retrain_dag.py
[2023-12-24T00:50:50.419+0000] {processor.py:826} INFO - Processing file /opt/airflow/dags/retrain_dag.py for tasks to queue
[2023-12-24T00:50:50.420+0000] {logging_mixin.py:150} INFO - [2023-12-24T00:50:50.420+0000] {dagbag.py:541} INFO - Filling up the DagBag from /opt/airflow/dags/retrain_dag.py
[2023-12-24T00:50:51.367+0000] {processor.py:836} INFO - DAG(s) dict_keys(['retrain_dag']) retrieved from /opt/airflow/dags/retrain_dag.py
[2023-12-24T00:50:51.383+0000] {logging_mixin.py:150} INFO - [2023-12-24T00:50:51.383+0000] {dag.py:2742} INFO - Sync 1 DAGs
[2023-12-24T00:50:51.478+0000] {logging_mixin.py:150} INFO - [2023-12-24T00:50:51.478+0000] {dag.py:3508} INFO - Setting next_dagrun for retrain_dag to 2023-12-24T00:48:00+00:00, run_after=2023-12-24T00:50:00+00:00
[2023-12-24T00:50:51.493+0000] {processor.py:179} INFO - Processing /opt/airflow/dags/retrain_dag.py took 1.077 seconds
[2023-12-24T00:51:22.204+0000] {processor.py:157} INFO - Started process (PID=2419) to work on /opt/airflow/dags/retrain_dag.py
[2023-12-24T00:51:22.206+0000] {processor.py:826} INFO - Processing file /opt/airflow/dags/retrain_dag.py for tasks to queue
[2023-12-24T00:51:22.206+0000] {logging_mixin.py:150} INFO - [2023-12-24T00:51:22.206+0000] {dagbag.py:541} INFO - Filling up the DagBag from /opt/airflow/dags/retrain_dag.py
[2023-12-24T00:51:23.019+0000] {processor.py:836} INFO - DAG(s) dict_keys(['retrain_dag']) retrieved from /opt/airflow/dags/retrain_dag.py
[2023-12-24T00:51:23.034+0000] {logging_mixin.py:150} INFO - [2023-12-24T00:51:23.034+0000] {dag.py:2742} INFO - Sync 1 DAGs
[2023-12-24T00:51:23.051+0000] {logging_mixin.py:150} INFO - [2023-12-24T00:51:23.051+0000] {dag.py:3508} INFO - Setting next_dagrun for retrain_dag to 2023-12-24T00:48:00+00:00, run_after=2023-12-24T00:50:00+00:00
[2023-12-24T00:51:23.065+0000] {processor.py:179} INFO - Processing /opt/airflow/dags/retrain_dag.py took 0.863 seconds
[2023-12-24T00:51:53.134+0000] {processor.py:157} INFO - Started process (PID=2535) to work on /opt/airflow/dags/retrain_dag.py
[2023-12-24T00:51:53.135+0000] {processor.py:826} INFO - Processing file /opt/airflow/dags/retrain_dag.py for tasks to queue
[2023-12-24T00:51:53.136+0000] {logging_mixin.py:150} INFO - [2023-12-24T00:51:53.136+0000] {dagbag.py:541} INFO - Filling up the DagBag from /opt/airflow/dags/retrain_dag.py
[2023-12-24T00:51:53.923+0000] {processor.py:836} INFO - DAG(s) dict_keys(['retrain_dag']) retrieved from /opt/airflow/dags/retrain_dag.py
[2023-12-24T00:51:53.937+0000] {logging_mixin.py:150} INFO - [2023-12-24T00:51:53.937+0000] {dag.py:2742} INFO - Sync 1 DAGs
[2023-12-24T00:51:53.953+0000] {logging_mixin.py:150} INFO - [2023-12-24T00:51:53.953+0000] {dag.py:3508} INFO - Setting next_dagrun for retrain_dag to 2023-12-24T00:48:00+00:00, run_after=2023-12-24T00:50:00+00:00
[2023-12-24T00:51:54.028+0000] {processor.py:179} INFO - Processing /opt/airflow/dags/retrain_dag.py took 0.897 seconds
[2023-12-24T00:52:24.207+0000] {processor.py:157} INFO - Started process (PID=2651) to work on /opt/airflow/dags/retrain_dag.py
[2023-12-24T00:52:24.209+0000] {processor.py:826} INFO - Processing file /opt/airflow/dags/retrain_dag.py for tasks to queue
[2023-12-24T00:52:24.210+0000] {logging_mixin.py:150} INFO - [2023-12-24T00:52:24.209+0000] {dagbag.py:541} INFO - Filling up the DagBag from /opt/airflow/dags/retrain_dag.py
[2023-12-24T00:52:25.089+0000] {processor.py:836} INFO - DAG(s) dict_keys(['retrain_dag']) retrieved from /opt/airflow/dags/retrain_dag.py
[2023-12-24T00:52:25.106+0000] {logging_mixin.py:150} INFO - [2023-12-24T00:52:25.106+0000] {dag.py:2742} INFO - Sync 1 DAGs
[2023-12-24T00:52:25.123+0000] {logging_mixin.py:150} INFO - [2023-12-24T00:52:25.123+0000] {dag.py:3508} INFO - Setting next_dagrun for retrain_dag to 2023-12-24T00:50:00+00:00, run_after=2023-12-24T00:52:00+00:00
[2023-12-24T00:52:25.135+0000] {processor.py:179} INFO - Processing /opt/airflow/dags/retrain_dag.py took 0.930 seconds
[2023-12-24T00:52:55.679+0000] {processor.py:157} INFO - Started process (PID=2758) to work on /opt/airflow/dags/retrain_dag.py
[2023-12-24T00:52:55.680+0000] {processor.py:826} INFO - Processing file /opt/airflow/dags/retrain_dag.py for tasks to queue
[2023-12-24T00:52:55.680+0000] {logging_mixin.py:150} INFO - [2023-12-24T00:52:55.680+0000] {dagbag.py:541} INFO - Filling up the DagBag from /opt/airflow/dags/retrain_dag.py
[2023-12-24T00:52:56.450+0000] {processor.py:836} INFO - DAG(s) dict_keys(['retrain_dag']) retrieved from /opt/airflow/dags/retrain_dag.py
[2023-12-24T00:52:56.465+0000] {logging_mixin.py:150} INFO - [2023-12-24T00:52:56.465+0000] {dag.py:2742} INFO - Sync 1 DAGs
[2023-12-24T00:52:56.482+0000] {logging_mixin.py:150} INFO - [2023-12-24T00:52:56.481+0000] {dag.py:3508} INFO - Setting next_dagrun for retrain_dag to 2023-12-24T00:50:00+00:00, run_after=2023-12-24T00:52:00+00:00
[2023-12-24T00:52:56.558+0000] {processor.py:179} INFO - Processing /opt/airflow/dags/retrain_dag.py took 0.881 seconds
[2023-12-24T00:53:27.214+0000] {processor.py:157} INFO - Started process (PID=2874) to work on /opt/airflow/dags/retrain_dag.py
[2023-12-24T00:53:27.216+0000] {processor.py:826} INFO - Processing file /opt/airflow/dags/retrain_dag.py for tasks to queue
[2023-12-24T00:53:27.216+0000] {logging_mixin.py:150} INFO - [2023-12-24T00:53:27.216+0000] {dagbag.py:541} INFO - Filling up the DagBag from /opt/airflow/dags/retrain_dag.py
[2023-12-24T00:53:28.019+0000] {processor.py:836} INFO - DAG(s) dict_keys(['retrain_dag']) retrieved from /opt/airflow/dags/retrain_dag.py
[2023-12-24T00:53:28.034+0000] {logging_mixin.py:150} INFO - [2023-12-24T00:53:28.034+0000] {dag.py:2742} INFO - Sync 1 DAGs
[2023-12-24T00:53:28.050+0000] {logging_mixin.py:150} INFO - [2023-12-24T00:53:28.050+0000] {dag.py:3508} INFO - Setting next_dagrun for retrain_dag to 2023-12-24T00:50:00+00:00, run_after=2023-12-24T00:52:00+00:00
[2023-12-24T00:53:28.063+0000] {processor.py:179} INFO - Processing /opt/airflow/dags/retrain_dag.py took 0.851 seconds
[2023-12-24T00:53:58.561+0000] {processor.py:157} INFO - Started process (PID=2990) to work on /opt/airflow/dags/retrain_dag.py
[2023-12-24T00:53:58.563+0000] {processor.py:826} INFO - Processing file /opt/airflow/dags/retrain_dag.py for tasks to queue
[2023-12-24T00:53:58.565+0000] {logging_mixin.py:150} INFO - [2023-12-24T00:53:58.564+0000] {dagbag.py:541} INFO - Filling up the DagBag from /opt/airflow/dags/retrain_dag.py
[2023-12-24T00:53:59.341+0000] {processor.py:836} INFO - DAG(s) dict_keys(['retrain_dag']) retrieved from /opt/airflow/dags/retrain_dag.py
[2023-12-24T00:53:59.354+0000] {logging_mixin.py:150} INFO - [2023-12-24T00:53:59.354+0000] {dag.py:2742} INFO - Sync 1 DAGs
[2023-12-24T00:53:59.371+0000] {logging_mixin.py:150} INFO - [2023-12-24T00:53:59.370+0000] {dag.py:3508} INFO - Setting next_dagrun for retrain_dag to 2023-12-24T00:50:00+00:00, run_after=2023-12-24T00:52:00+00:00
[2023-12-24T00:53:59.448+0000] {processor.py:179} INFO - Processing /opt/airflow/dags/retrain_dag.py took 0.889 seconds
[2023-12-24T00:54:30.102+0000] {processor.py:157} INFO - Started process (PID=3100) to work on /opt/airflow/dags/retrain_dag.py
[2023-12-24T00:54:30.103+0000] {processor.py:826} INFO - Processing file /opt/airflow/dags/retrain_dag.py for tasks to queue
[2023-12-24T00:54:30.103+0000] {logging_mixin.py:150} INFO - [2023-12-24T00:54:30.103+0000] {dagbag.py:541} INFO - Filling up the DagBag from /opt/airflow/dags/retrain_dag.py
[2023-12-24T00:54:31.044+0000] {processor.py:836} INFO - DAG(s) dict_keys(['retrain_dag']) retrieved from /opt/airflow/dags/retrain_dag.py
[2023-12-24T00:54:31.063+0000] {logging_mixin.py:150} INFO - [2023-12-24T00:54:31.063+0000] {dag.py:2742} INFO - Sync 1 DAGs
[2023-12-24T00:54:31.090+0000] {logging_mixin.py:150} INFO - [2023-12-24T00:54:31.089+0000] {dag.py:3508} INFO - Setting next_dagrun for retrain_dag to 2023-12-24T00:52:00+00:00, run_after=2023-12-24T00:54:00+00:00
[2023-12-24T00:54:31.114+0000] {processor.py:179} INFO - Processing /opt/airflow/dags/retrain_dag.py took 1.014 seconds
[2023-12-24T00:55:01.243+0000] {processor.py:157} INFO - Started process (PID=3237) to work on /opt/airflow/dags/retrain_dag.py
[2023-12-24T00:55:01.244+0000] {processor.py:826} INFO - Processing file /opt/airflow/dags/retrain_dag.py for tasks to queue
[2023-12-24T00:55:01.244+0000] {logging_mixin.py:150} INFO - [2023-12-24T00:55:01.244+0000] {dagbag.py:541} INFO - Filling up the DagBag from /opt/airflow/dags/retrain_dag.py
[2023-12-24T00:55:02.080+0000] {processor.py:836} INFO - DAG(s) dict_keys(['retrain_dag']) retrieved from /opt/airflow/dags/retrain_dag.py
[2023-12-24T00:55:02.096+0000] {logging_mixin.py:150} INFO - [2023-12-24T00:55:02.096+0000] {dag.py:2742} INFO - Sync 1 DAGs
[2023-12-24T00:55:02.114+0000] {logging_mixin.py:150} INFO - [2023-12-24T00:55:02.114+0000] {dag.py:3508} INFO - Setting next_dagrun for retrain_dag to 2023-12-24T00:52:00+00:00, run_after=2023-12-24T00:54:00+00:00
[2023-12-24T00:55:02.193+0000] {processor.py:179} INFO - Processing /opt/airflow/dags/retrain_dag.py took 0.952 seconds
[2023-12-24T00:55:32.224+0000] {processor.py:157} INFO - Started process (PID=3353) to work on /opt/airflow/dags/retrain_dag.py
[2023-12-24T00:55:32.225+0000] {processor.py:826} INFO - Processing file /opt/airflow/dags/retrain_dag.py for tasks to queue
[2023-12-24T00:55:32.225+0000] {logging_mixin.py:150} INFO - [2023-12-24T00:55:32.225+0000] {dagbag.py:541} INFO - Filling up the DagBag from /opt/airflow/dags/retrain_dag.py
[2023-12-24T00:55:32.998+0000] {processor.py:836} INFO - DAG(s) dict_keys(['retrain_dag']) retrieved from /opt/airflow/dags/retrain_dag.py
[2023-12-24T00:55:33.012+0000] {logging_mixin.py:150} INFO - [2023-12-24T00:55:33.012+0000] {dag.py:2742} INFO - Sync 1 DAGs
[2023-12-24T00:55:33.091+0000] {logging_mixin.py:150} INFO - [2023-12-24T00:55:33.091+0000] {dag.py:3508} INFO - Setting next_dagrun for retrain_dag to 2023-12-24T00:52:00+00:00, run_after=2023-12-24T00:54:00+00:00
[2023-12-24T00:55:33.104+0000] {processor.py:179} INFO - Processing /opt/airflow/dags/retrain_dag.py took 0.882 seconds
[2023-12-24T00:56:03.302+0000] {processor.py:157} INFO - Started process (PID=3467) to work on /opt/airflow/dags/retrain_dag.py
[2023-12-24T00:56:03.303+0000] {processor.py:826} INFO - Processing file /opt/airflow/dags/retrain_dag.py for tasks to queue
[2023-12-24T00:56:03.304+0000] {logging_mixin.py:150} INFO - [2023-12-24T00:56:03.304+0000] {dagbag.py:541} INFO - Filling up the DagBag from /opt/airflow/dags/retrain_dag.py
[2023-12-24T00:56:04.143+0000] {processor.py:836} INFO - DAG(s) dict_keys(['retrain_dag']) retrieved from /opt/airflow/dags/retrain_dag.py
[2023-12-24T00:56:04.157+0000] {logging_mixin.py:150} INFO - [2023-12-24T00:56:04.157+0000] {dag.py:2742} INFO - Sync 1 DAGs
[2023-12-24T00:56:04.176+0000] {logging_mixin.py:150} INFO - [2023-12-24T00:56:04.175+0000] {dag.py:3508} INFO - Setting next_dagrun for retrain_dag to 2023-12-24T00:54:00+00:00, run_after=2023-12-24T00:56:00+00:00
[2023-12-24T00:56:04.191+0000] {processor.py:179} INFO - Processing /opt/airflow/dags/retrain_dag.py took 0.892 seconds
[2023-12-24T00:56:34.870+0000] {processor.py:157} INFO - Started process (PID=3576) to work on /opt/airflow/dags/retrain_dag.py
[2023-12-24T00:56:34.871+0000] {processor.py:826} INFO - Processing file /opt/airflow/dags/retrain_dag.py for tasks to queue
[2023-12-24T00:56:34.872+0000] {logging_mixin.py:150} INFO - [2023-12-24T00:56:34.872+0000] {dagbag.py:541} INFO - Filling up the DagBag from /opt/airflow/dags/retrain_dag.py
[2023-12-24T00:56:35.645+0000] {processor.py:836} INFO - DAG(s) dict_keys(['retrain_dag']) retrieved from /opt/airflow/dags/retrain_dag.py
[2023-12-24T00:56:35.658+0000] {logging_mixin.py:150} INFO - [2023-12-24T00:56:35.658+0000] {dag.py:2742} INFO - Sync 1 DAGs
[2023-12-24T00:56:35.737+0000] {logging_mixin.py:150} INFO - [2023-12-24T00:56:35.737+0000] {dag.py:3508} INFO - Setting next_dagrun for retrain_dag to 2023-12-24T00:54:00+00:00, run_after=2023-12-24T00:56:00+00:00
[2023-12-24T00:56:35.749+0000] {processor.py:179} INFO - Processing /opt/airflow/dags/retrain_dag.py took 0.881 seconds
[2023-12-24T00:57:06.309+0000] {processor.py:157} INFO - Started process (PID=3694) to work on /opt/airflow/dags/retrain_dag.py
[2023-12-24T00:57:06.311+0000] {processor.py:826} INFO - Processing file /opt/airflow/dags/retrain_dag.py for tasks to queue
[2023-12-24T00:57:06.312+0000] {logging_mixin.py:150} INFO - [2023-12-24T00:57:06.312+0000] {dagbag.py:541} INFO - Filling up the DagBag from /opt/airflow/dags/retrain_dag.py
[2023-12-24T00:57:07.162+0000] {processor.py:836} INFO - DAG(s) dict_keys(['retrain_dag']) retrieved from /opt/airflow/dags/retrain_dag.py
[2023-12-24T00:57:07.248+0000] {logging_mixin.py:150} INFO - [2023-12-24T00:57:07.248+0000] {dag.py:2742} INFO - Sync 1 DAGs
[2023-12-24T00:57:07.269+0000] {logging_mixin.py:150} INFO - [2023-12-24T00:57:07.269+0000] {dag.py:3508} INFO - Setting next_dagrun for retrain_dag to 2023-12-24T00:54:00+00:00, run_after=2023-12-24T00:56:00+00:00
[2023-12-24T00:57:07.288+0000] {processor.py:179} INFO - Processing /opt/airflow/dags/retrain_dag.py took 0.981 seconds
[2023-12-24T00:57:37.983+0000] {processor.py:157} INFO - Started process (PID=3811) to work on /opt/airflow/dags/retrain_dag.py
[2023-12-24T00:57:37.984+0000] {processor.py:826} INFO - Processing file /opt/airflow/dags/retrain_dag.py for tasks to queue
[2023-12-24T00:57:37.984+0000] {logging_mixin.py:150} INFO - [2023-12-24T00:57:37.984+0000] {dagbag.py:541} INFO - Filling up the DagBag from /opt/airflow/dags/retrain_dag.py
[2023-12-24T00:57:38.789+0000] {processor.py:836} INFO - DAG(s) dict_keys(['retrain_dag']) retrieved from /opt/airflow/dags/retrain_dag.py
[2023-12-24T00:57:38.804+0000] {logging_mixin.py:150} INFO - [2023-12-24T00:57:38.804+0000] {dag.py:2742} INFO - Sync 1 DAGs
[2023-12-24T00:57:38.889+0000] {logging_mixin.py:150} INFO - [2023-12-24T00:57:38.889+0000] {dag.py:3508} INFO - Setting next_dagrun for retrain_dag to 2023-12-24T00:54:00+00:00, run_after=2023-12-24T00:56:00+00:00
[2023-12-24T00:57:38.902+0000] {processor.py:179} INFO - Processing /opt/airflow/dags/retrain_dag.py took 0.922 seconds
[2023-12-24T00:58:09.457+0000] {processor.py:157} INFO - Started process (PID=3922) to work on /opt/airflow/dags/retrain_dag.py
[2023-12-24T00:58:09.459+0000] {processor.py:826} INFO - Processing file /opt/airflow/dags/retrain_dag.py for tasks to queue
[2023-12-24T00:58:09.459+0000] {logging_mixin.py:150} INFO - [2023-12-24T00:58:09.459+0000] {dagbag.py:541} INFO - Filling up the DagBag from /opt/airflow/dags/retrain_dag.py
[2023-12-24T00:58:10.295+0000] {processor.py:836} INFO - DAG(s) dict_keys(['retrain_dag']) retrieved from /opt/airflow/dags/retrain_dag.py
[2023-12-24T00:58:10.381+0000] {logging_mixin.py:150} INFO - [2023-12-24T00:58:10.381+0000] {dag.py:2742} INFO - Sync 1 DAGs
[2023-12-24T00:58:10.399+0000] {logging_mixin.py:150} INFO - [2023-12-24T00:58:10.398+0000] {dag.py:3508} INFO - Setting next_dagrun for retrain_dag to 2023-12-24T00:56:00+00:00, run_after=2023-12-24T00:58:00+00:00
[2023-12-24T00:58:10.411+0000] {processor.py:179} INFO - Processing /opt/airflow/dags/retrain_dag.py took 0.956 seconds
[2023-12-24T00:58:40.871+0000] {processor.py:157} INFO - Started process (PID=4038) to work on /opt/airflow/dags/retrain_dag.py
[2023-12-24T00:58:40.873+0000] {processor.py:826} INFO - Processing file /opt/airflow/dags/retrain_dag.py for tasks to queue
[2023-12-24T00:58:40.873+0000] {logging_mixin.py:150} INFO - [2023-12-24T00:58:40.873+0000] {dagbag.py:541} INFO - Filling up the DagBag from /opt/airflow/dags/retrain_dag.py
[2023-12-24T00:58:41.678+0000] {processor.py:836} INFO - DAG(s) dict_keys(['retrain_dag']) retrieved from /opt/airflow/dags/retrain_dag.py
[2023-12-24T00:58:41.693+0000] {logging_mixin.py:150} INFO - [2023-12-24T00:58:41.693+0000] {dag.py:2742} INFO - Sync 1 DAGs
[2023-12-24T00:58:41.711+0000] {logging_mixin.py:150} INFO - [2023-12-24T00:58:41.711+0000] {dag.py:3508} INFO - Setting next_dagrun for retrain_dag to 2023-12-24T00:56:00+00:00, run_after=2023-12-24T00:58:00+00:00
[2023-12-24T00:58:41.794+0000] {processor.py:179} INFO - Processing /opt/airflow/dags/retrain_dag.py took 0.926 seconds
[2023-12-24T00:59:12.295+0000] {processor.py:157} INFO - Started process (PID=4155) to work on /opt/airflow/dags/retrain_dag.py
[2023-12-24T00:59:12.297+0000] {processor.py:826} INFO - Processing file /opt/airflow/dags/retrain_dag.py for tasks to queue
[2023-12-24T00:59:12.297+0000] {logging_mixin.py:150} INFO - [2023-12-24T00:59:12.297+0000] {dagbag.py:541} INFO - Filling up the DagBag from /opt/airflow/dags/retrain_dag.py
[2023-12-24T00:59:13.076+0000] {processor.py:836} INFO - DAG(s) dict_keys(['retrain_dag']) retrieved from /opt/airflow/dags/retrain_dag.py
[2023-12-24T00:59:13.091+0000] {logging_mixin.py:150} INFO - [2023-12-24T00:59:13.090+0000] {dag.py:2742} INFO - Sync 1 DAGs
[2023-12-24T00:59:13.174+0000] {logging_mixin.py:150} INFO - [2023-12-24T00:59:13.174+0000] {dag.py:3508} INFO - Setting next_dagrun for retrain_dag to 2023-12-24T00:56:00+00:00, run_after=2023-12-24T00:58:00+00:00
[2023-12-24T00:59:13.187+0000] {processor.py:179} INFO - Processing /opt/airflow/dags/retrain_dag.py took 0.895 seconds
[2023-12-24T00:59:43.618+0000] {processor.py:157} INFO - Started process (PID=4271) to work on /opt/airflow/dags/retrain_dag.py
[2023-12-24T00:59:43.621+0000] {processor.py:826} INFO - Processing file /opt/airflow/dags/retrain_dag.py for tasks to queue
[2023-12-24T00:59:43.621+0000] {logging_mixin.py:150} INFO - [2023-12-24T00:59:43.621+0000] {dagbag.py:541} INFO - Filling up the DagBag from /opt/airflow/dags/retrain_dag.py
[2023-12-24T00:59:44.520+0000] {processor.py:836} INFO - DAG(s) dict_keys(['retrain_dag']) retrieved from /opt/airflow/dags/retrain_dag.py
[2023-12-24T00:59:44.536+0000] {logging_mixin.py:150} INFO - [2023-12-24T00:59:44.536+0000] {dag.py:2742} INFO - Sync 1 DAGs
[2023-12-24T00:59:44.553+0000] {logging_mixin.py:150} INFO - [2023-12-24T00:59:44.553+0000] {dag.py:3508} INFO - Setting next_dagrun for retrain_dag to 2023-12-24T00:56:00+00:00, run_after=2023-12-24T00:58:00+00:00
[2023-12-24T00:59:44.569+0000] {processor.py:179} INFO - Processing /opt/airflow/dags/retrain_dag.py took 0.954 seconds
[2023-12-24T01:00:15.037+0000] {processor.py:157} INFO - Started process (PID=4378) to work on /opt/airflow/dags/retrain_dag.py
[2023-12-24T01:00:15.038+0000] {processor.py:826} INFO - Processing file /opt/airflow/dags/retrain_dag.py for tasks to queue
[2023-12-24T01:00:15.039+0000] {logging_mixin.py:150} INFO - [2023-12-24T01:00:15.038+0000] {dagbag.py:541} INFO - Filling up the DagBag from /opt/airflow/dags/retrain_dag.py
[2023-12-24T01:00:15.845+0000] {processor.py:836} INFO - DAG(s) dict_keys(['retrain_dag']) retrieved from /opt/airflow/dags/retrain_dag.py
[2023-12-24T01:00:15.860+0000] {logging_mixin.py:150} INFO - [2023-12-24T01:00:15.860+0000] {dag.py:2742} INFO - Sync 1 DAGs
[2023-12-24T01:00:15.941+0000] {logging_mixin.py:150} INFO - [2023-12-24T01:00:15.941+0000] {dag.py:3508} INFO - Setting next_dagrun for retrain_dag to 2023-12-24T00:58:00+00:00, run_after=2023-12-24T01:00:00+00:00
[2023-12-24T01:00:15.953+0000] {processor.py:179} INFO - Processing /opt/airflow/dags/retrain_dag.py took 0.918 seconds
[2023-12-24T01:00:46.175+0000] {processor.py:157} INFO - Started process (PID=4494) to work on /opt/airflow/dags/retrain_dag.py
[2023-12-24T01:00:46.177+0000] {processor.py:826} INFO - Processing file /opt/airflow/dags/retrain_dag.py for tasks to queue
[2023-12-24T01:00:46.177+0000] {logging_mixin.py:150} INFO - [2023-12-24T01:00:46.177+0000] {dagbag.py:541} INFO - Filling up the DagBag from /opt/airflow/dags/retrain_dag.py
[2023-12-24T01:00:47.058+0000] {processor.py:836} INFO - DAG(s) dict_keys(['retrain_dag']) retrieved from /opt/airflow/dags/retrain_dag.py
[2023-12-24T01:00:47.071+0000] {logging_mixin.py:150} INFO - [2023-12-24T01:00:47.071+0000] {dag.py:2742} INFO - Sync 1 DAGs
[2023-12-24T01:00:47.088+0000] {logging_mixin.py:150} INFO - [2023-12-24T01:00:47.088+0000] {dag.py:3508} INFO - Setting next_dagrun for retrain_dag to 2023-12-24T00:58:00+00:00, run_after=2023-12-24T01:00:00+00:00
[2023-12-24T01:00:47.100+0000] {processor.py:179} INFO - Processing /opt/airflow/dags/retrain_dag.py took 0.927 seconds
[2023-12-24T01:01:17.615+0000] {processor.py:157} INFO - Started process (PID=4610) to work on /opt/airflow/dags/retrain_dag.py
[2023-12-24T01:01:17.617+0000] {processor.py:826} INFO - Processing file /opt/airflow/dags/retrain_dag.py for tasks to queue
[2023-12-24T01:01:17.618+0000] {logging_mixin.py:150} INFO - [2023-12-24T01:01:17.618+0000] {dagbag.py:541} INFO - Filling up the DagBag from /opt/airflow/dags/retrain_dag.py
[2023-12-24T01:01:18.654+0000] {processor.py:836} INFO - DAG(s) dict_keys(['retrain_dag']) retrieved from /opt/airflow/dags/retrain_dag.py
[2023-12-24T01:01:18.677+0000] {logging_mixin.py:150} INFO - [2023-12-24T01:01:18.677+0000] {dag.py:2742} INFO - Sync 1 DAGs
[2023-12-24T01:01:18.700+0000] {logging_mixin.py:150} INFO - [2023-12-24T01:01:18.700+0000] {dag.py:3508} INFO - Setting next_dagrun for retrain_dag to 2023-12-24T00:58:00+00:00, run_after=2023-12-24T01:00:00+00:00
[2023-12-24T01:01:18.715+0000] {processor.py:179} INFO - Processing /opt/airflow/dags/retrain_dag.py took 1.103 seconds
[2023-12-24T01:01:48.767+0000] {processor.py:157} INFO - Started process (PID=4717) to work on /opt/airflow/dags/retrain_dag.py
[2023-12-24T01:01:48.769+0000] {processor.py:826} INFO - Processing file /opt/airflow/dags/retrain_dag.py for tasks to queue
[2023-12-24T01:01:48.770+0000] {logging_mixin.py:150} INFO - [2023-12-24T01:01:48.769+0000] {dagbag.py:541} INFO - Filling up the DagBag from /opt/airflow/dags/retrain_dag.py
[2023-12-24T01:01:49.585+0000] {processor.py:836} INFO - DAG(s) dict_keys(['retrain_dag']) retrieved from /opt/airflow/dags/retrain_dag.py
[2023-12-24T01:01:49.666+0000] {logging_mixin.py:150} INFO - [2023-12-24T01:01:49.666+0000] {dag.py:2742} INFO - Sync 1 DAGs
[2023-12-24T01:01:49.682+0000] {logging_mixin.py:150} INFO - [2023-12-24T01:01:49.682+0000] {dag.py:3508} INFO - Setting next_dagrun for retrain_dag to 2023-12-24T00:58:00+00:00, run_after=2023-12-24T01:00:00+00:00
[2023-12-24T01:01:49.695+0000] {processor.py:179} INFO - Processing /opt/airflow/dags/retrain_dag.py took 0.930 seconds
[2023-12-24T01:02:19.821+0000] {processor.py:157} INFO - Started process (PID=4835) to work on /opt/airflow/dags/retrain_dag.py
[2023-12-24T01:02:19.823+0000] {processor.py:826} INFO - Processing file /opt/airflow/dags/retrain_dag.py for tasks to queue
[2023-12-24T01:02:19.823+0000] {logging_mixin.py:150} INFO - [2023-12-24T01:02:19.823+0000] {dagbag.py:541} INFO - Filling up the DagBag from /opt/airflow/dags/retrain_dag.py
[2023-12-24T01:02:20.684+0000] {processor.py:836} INFO - DAG(s) dict_keys(['retrain_dag']) retrieved from /opt/airflow/dags/retrain_dag.py
[2023-12-24T01:02:20.701+0000] {logging_mixin.py:150} INFO - [2023-12-24T01:02:20.701+0000] {dag.py:2742} INFO - Sync 1 DAGs
[2023-12-24T01:02:20.717+0000] {logging_mixin.py:150} INFO - [2023-12-24T01:02:20.717+0000] {dag.py:3508} INFO - Setting next_dagrun for retrain_dag to 2023-12-24T01:00:00+00:00, run_after=2023-12-24T01:02:00+00:00
[2023-12-24T01:02:20.732+0000] {processor.py:179} INFO - Processing /opt/airflow/dags/retrain_dag.py took 0.914 seconds
[2023-12-24T01:02:51.517+0000] {processor.py:157} INFO - Started process (PID=4951) to work on /opt/airflow/dags/retrain_dag.py
[2023-12-24T01:02:51.518+0000] {processor.py:826} INFO - Processing file /opt/airflow/dags/retrain_dag.py for tasks to queue
[2023-12-24T01:02:51.519+0000] {logging_mixin.py:150} INFO - [2023-12-24T01:02:51.519+0000] {dagbag.py:541} INFO - Filling up the DagBag from /opt/airflow/dags/retrain_dag.py
[2023-12-24T01:02:52.402+0000] {processor.py:836} INFO - DAG(s) dict_keys(['retrain_dag']) retrieved from /opt/airflow/dags/retrain_dag.py
[2023-12-24T01:02:52.417+0000] {logging_mixin.py:150} INFO - [2023-12-24T01:02:52.417+0000] {dag.py:2742} INFO - Sync 1 DAGs
[2023-12-24T01:02:52.435+0000] {logging_mixin.py:150} INFO - [2023-12-24T01:02:52.434+0000] {dag.py:3508} INFO - Setting next_dagrun for retrain_dag to 2023-12-24T01:00:00+00:00, run_after=2023-12-24T01:02:00+00:00
[2023-12-24T01:02:52.449+0000] {processor.py:179} INFO - Processing /opt/airflow/dags/retrain_dag.py took 0.934 seconds
[2023-12-24T01:03:22.639+0000] {processor.py:157} INFO - Started process (PID=5068) to work on /opt/airflow/dags/retrain_dag.py
[2023-12-24T01:03:22.641+0000] {processor.py:826} INFO - Processing file /opt/airflow/dags/retrain_dag.py for tasks to queue
[2023-12-24T01:03:22.642+0000] {logging_mixin.py:150} INFO - [2023-12-24T01:03:22.642+0000] {dagbag.py:541} INFO - Filling up the DagBag from /opt/airflow/dags/retrain_dag.py
[2023-12-24T01:03:23.567+0000] {processor.py:836} INFO - DAG(s) dict_keys(['retrain_dag']) retrieved from /opt/airflow/dags/retrain_dag.py
[2023-12-24T01:03:23.583+0000] {logging_mixin.py:150} INFO - [2023-12-24T01:03:23.583+0000] {dag.py:2742} INFO - Sync 1 DAGs
[2023-12-24T01:03:23.604+0000] {logging_mixin.py:150} INFO - [2023-12-24T01:03:23.604+0000] {dag.py:3508} INFO - Setting next_dagrun for retrain_dag to 2023-12-24T01:00:00+00:00, run_after=2023-12-24T01:02:00+00:00
[2023-12-24T01:03:23.620+0000] {processor.py:179} INFO - Processing /opt/airflow/dags/retrain_dag.py took 0.983 seconds
[2023-12-24T01:03:53.725+0000] {processor.py:157} INFO - Started process (PID=5174) to work on /opt/airflow/dags/retrain_dag.py
[2023-12-24T01:03:53.726+0000] {processor.py:826} INFO - Processing file /opt/airflow/dags/retrain_dag.py for tasks to queue
[2023-12-24T01:03:53.727+0000] {logging_mixin.py:150} INFO - [2023-12-24T01:03:53.727+0000] {dagbag.py:541} INFO - Filling up the DagBag from /opt/airflow/dags/retrain_dag.py
[2023-12-24T01:03:54.587+0000] {processor.py:836} INFO - DAG(s) dict_keys(['retrain_dag']) retrieved from /opt/airflow/dags/retrain_dag.py
[2023-12-24T01:03:54.605+0000] {logging_mixin.py:150} INFO - [2023-12-24T01:03:54.604+0000] {dag.py:2742} INFO - Sync 1 DAGs
[2023-12-24T01:03:54.624+0000] {logging_mixin.py:150} INFO - [2023-12-24T01:03:54.624+0000] {dag.py:3508} INFO - Setting next_dagrun for retrain_dag to 2023-12-24T01:00:00+00:00, run_after=2023-12-24T01:02:00+00:00
[2023-12-24T01:03:54.635+0000] {processor.py:179} INFO - Processing /opt/airflow/dags/retrain_dag.py took 0.913 seconds
[2023-12-24T01:04:24.729+0000] {processor.py:157} INFO - Started process (PID=5291) to work on /opt/airflow/dags/retrain_dag.py
[2023-12-24T01:04:24.731+0000] {processor.py:826} INFO - Processing file /opt/airflow/dags/retrain_dag.py for tasks to queue
[2023-12-24T01:04:24.731+0000] {logging_mixin.py:150} INFO - [2023-12-24T01:04:24.731+0000] {dagbag.py:541} INFO - Filling up the DagBag from /opt/airflow/dags/retrain_dag.py
[2023-12-24T01:04:25.683+0000] {processor.py:836} INFO - DAG(s) dict_keys(['retrain_dag']) retrieved from /opt/airflow/dags/retrain_dag.py
[2023-12-24T01:04:25.700+0000] {logging_mixin.py:150} INFO - [2023-12-24T01:04:25.699+0000] {dag.py:2742} INFO - Sync 1 DAGs
[2023-12-24T01:04:25.721+0000] {logging_mixin.py:150} INFO - [2023-12-24T01:04:25.721+0000] {dag.py:3508} INFO - Setting next_dagrun for retrain_dag to 2023-12-24T01:02:00+00:00, run_after=2023-12-24T01:04:00+00:00
[2023-12-24T01:04:25.734+0000] {processor.py:179} INFO - Processing /opt/airflow/dags/retrain_dag.py took 1.008 seconds
[2023-12-24T01:04:56.135+0000] {processor.py:157} INFO - Started process (PID=5407) to work on /opt/airflow/dags/retrain_dag.py
[2023-12-24T01:04:56.136+0000] {processor.py:826} INFO - Processing file /opt/airflow/dags/retrain_dag.py for tasks to queue
[2023-12-24T01:04:56.136+0000] {logging_mixin.py:150} INFO - [2023-12-24T01:04:56.136+0000] {dagbag.py:541} INFO - Filling up the DagBag from /opt/airflow/dags/retrain_dag.py
[2023-12-24T01:04:57.051+0000] {processor.py:836} INFO - DAG(s) dict_keys(['retrain_dag']) retrieved from /opt/airflow/dags/retrain_dag.py
[2023-12-24T01:04:57.065+0000] {logging_mixin.py:150} INFO - [2023-12-24T01:04:57.065+0000] {dag.py:2742} INFO - Sync 1 DAGs
[2023-12-24T01:04:57.082+0000] {logging_mixin.py:150} INFO - [2023-12-24T01:04:57.082+0000] {dag.py:3508} INFO - Setting next_dagrun for retrain_dag to 2023-12-24T01:02:00+00:00, run_after=2023-12-24T01:04:00+00:00
[2023-12-24T01:04:57.095+0000] {processor.py:179} INFO - Processing /opt/airflow/dags/retrain_dag.py took 0.964 seconds
[2023-12-24T01:05:27.356+0000] {processor.py:157} INFO - Started process (PID=5494) to work on /opt/airflow/dags/retrain_dag.py
[2023-12-24T01:05:27.358+0000] {processor.py:826} INFO - Processing file /opt/airflow/dags/retrain_dag.py for tasks to queue
[2023-12-24T01:05:27.359+0000] {logging_mixin.py:150} INFO - [2023-12-24T01:05:27.358+0000] {dagbag.py:541} INFO - Filling up the DagBag from /opt/airflow/dags/retrain_dag.py
[2023-12-24T01:05:28.416+0000] {processor.py:836} INFO - DAG(s) dict_keys(['retrain_dag']) retrieved from /opt/airflow/dags/retrain_dag.py
[2023-12-24T01:05:28.435+0000] {logging_mixin.py:150} INFO - [2023-12-24T01:05:28.435+0000] {dag.py:2742} INFO - Sync 1 DAGs
[2023-12-24T01:05:28.455+0000] {logging_mixin.py:150} INFO - [2023-12-24T01:05:28.455+0000] {dag.py:3508} INFO - Setting next_dagrun for retrain_dag to 2023-12-24T01:02:00+00:00, run_after=2023-12-24T01:04:00+00:00
[2023-12-24T01:05:28.471+0000] {processor.py:179} INFO - Processing /opt/airflow/dags/retrain_dag.py took 1.117 seconds
[2023-12-24T01:05:58.637+0000] {processor.py:157} INFO - Started process (PID=5609) to work on /opt/airflow/dags/retrain_dag.py
[2023-12-24T01:05:58.638+0000] {processor.py:826} INFO - Processing file /opt/airflow/dags/retrain_dag.py for tasks to queue
[2023-12-24T01:05:58.639+0000] {logging_mixin.py:150} INFO - [2023-12-24T01:05:58.639+0000] {dagbag.py:541} INFO - Filling up the DagBag from /opt/airflow/dags/retrain_dag.py
[2023-12-24T01:05:59.478+0000] {processor.py:836} INFO - DAG(s) dict_keys(['retrain_dag']) retrieved from /opt/airflow/dags/retrain_dag.py
[2023-12-24T01:05:59.493+0000] {logging_mixin.py:150} INFO - [2023-12-24T01:05:59.493+0000] {dag.py:2742} INFO - Sync 1 DAGs
[2023-12-24T01:05:59.509+0000] {logging_mixin.py:150} INFO - [2023-12-24T01:05:59.508+0000] {dag.py:3508} INFO - Setting next_dagrun for retrain_dag to 2023-12-24T01:02:00+00:00, run_after=2023-12-24T01:04:00+00:00
[2023-12-24T01:05:59.521+0000] {processor.py:179} INFO - Processing /opt/airflow/dags/retrain_dag.py took 0.888 seconds
[2023-12-24T01:06:30.025+0000] {processor.py:157} INFO - Started process (PID=5725) to work on /opt/airflow/dags/retrain_dag.py
[2023-12-24T01:06:30.027+0000] {processor.py:826} INFO - Processing file /opt/airflow/dags/retrain_dag.py for tasks to queue
[2023-12-24T01:06:30.027+0000] {logging_mixin.py:150} INFO - [2023-12-24T01:06:30.027+0000] {dagbag.py:541} INFO - Filling up the DagBag from /opt/airflow/dags/retrain_dag.py
[2023-12-24T01:06:30.974+0000] {processor.py:836} INFO - DAG(s) dict_keys(['retrain_dag']) retrieved from /opt/airflow/dags/retrain_dag.py
[2023-12-24T01:06:30.989+0000] {logging_mixin.py:150} INFO - [2023-12-24T01:06:30.989+0000] {dag.py:2742} INFO - Sync 1 DAGs
[2023-12-24T01:06:31.009+0000] {logging_mixin.py:150} INFO - [2023-12-24T01:06:31.008+0000] {dag.py:3508} INFO - Setting next_dagrun for retrain_dag to 2023-12-24T01:04:00+00:00, run_after=2023-12-24T01:06:00+00:00
[2023-12-24T01:06:31.031+0000] {processor.py:179} INFO - Processing /opt/airflow/dags/retrain_dag.py took 1.009 seconds
[2023-12-24T01:07:01.133+0000] {processor.py:157} INFO - Started process (PID=5833) to work on /opt/airflow/dags/retrain_dag.py
[2023-12-24T01:07:01.133+0000] {processor.py:826} INFO - Processing file /opt/airflow/dags/retrain_dag.py for tasks to queue
[2023-12-24T01:07:01.134+0000] {logging_mixin.py:150} INFO - [2023-12-24T01:07:01.134+0000] {dagbag.py:541} INFO - Filling up the DagBag from /opt/airflow/dags/retrain_dag.py
[2023-12-24T01:07:02.055+0000] {processor.py:836} INFO - DAG(s) dict_keys(['retrain_dag']) retrieved from /opt/airflow/dags/retrain_dag.py
[2023-12-24T01:07:02.072+0000] {logging_mixin.py:150} INFO - [2023-12-24T01:07:02.072+0000] {dag.py:2742} INFO - Sync 1 DAGs
[2023-12-24T01:07:02.093+0000] {logging_mixin.py:150} INFO - [2023-12-24T01:07:02.093+0000] {dag.py:3508} INFO - Setting next_dagrun for retrain_dag to 2023-12-24T01:04:00+00:00, run_after=2023-12-24T01:06:00+00:00
[2023-12-24T01:07:02.109+0000] {processor.py:179} INFO - Processing /opt/airflow/dags/retrain_dag.py took 0.980 seconds
[2023-12-24T01:07:32.417+0000] {processor.py:157} INFO - Started process (PID=5949) to work on /opt/airflow/dags/retrain_dag.py
[2023-12-24T01:07:32.418+0000] {processor.py:826} INFO - Processing file /opt/airflow/dags/retrain_dag.py for tasks to queue
[2023-12-24T01:07:32.418+0000] {logging_mixin.py:150} INFO - [2023-12-24T01:07:32.418+0000] {dagbag.py:541} INFO - Filling up the DagBag from /opt/airflow/dags/retrain_dag.py
[2023-12-24T01:07:33.263+0000] {processor.py:836} INFO - DAG(s) dict_keys(['retrain_dag']) retrieved from /opt/airflow/dags/retrain_dag.py
[2023-12-24T01:07:33.278+0000] {logging_mixin.py:150} INFO - [2023-12-24T01:07:33.277+0000] {dag.py:2742} INFO - Sync 1 DAGs
[2023-12-24T01:07:33.296+0000] {logging_mixin.py:150} INFO - [2023-12-24T01:07:33.296+0000] {dag.py:3508} INFO - Setting next_dagrun for retrain_dag to 2023-12-24T01:04:00+00:00, run_after=2023-12-24T01:06:00+00:00
[2023-12-24T01:07:33.307+0000] {processor.py:179} INFO - Processing /opt/airflow/dags/retrain_dag.py took 0.894 seconds
[2023-12-24T01:08:03.937+0000] {processor.py:157} INFO - Started process (PID=6065) to work on /opt/airflow/dags/retrain_dag.py
[2023-12-24T01:08:03.939+0000] {processor.py:826} INFO - Processing file /opt/airflow/dags/retrain_dag.py for tasks to queue
[2023-12-24T01:08:03.940+0000] {logging_mixin.py:150} INFO - [2023-12-24T01:08:03.940+0000] {dagbag.py:541} INFO - Filling up the DagBag from /opt/airflow/dags/retrain_dag.py
[2023-12-24T01:08:04.796+0000] {processor.py:836} INFO - DAG(s) dict_keys(['retrain_dag']) retrieved from /opt/airflow/dags/retrain_dag.py
[2023-12-24T01:08:04.810+0000] {logging_mixin.py:150} INFO - [2023-12-24T01:08:04.809+0000] {dag.py:2742} INFO - Sync 1 DAGs
[2023-12-24T01:08:04.826+0000] {logging_mixin.py:150} INFO - [2023-12-24T01:08:04.826+0000] {dag.py:3508} INFO - Setting next_dagrun for retrain_dag to 2023-12-24T01:06:00+00:00, run_after=2023-12-24T01:08:00+00:00
[2023-12-24T01:08:04.840+0000] {processor.py:179} INFO - Processing /opt/airflow/dags/retrain_dag.py took 0.907 seconds
[2023-12-24T01:08:34.861+0000] {processor.py:157} INFO - Started process (PID=6181) to work on /opt/airflow/dags/retrain_dag.py
[2023-12-24T01:08:34.862+0000] {processor.py:826} INFO - Processing file /opt/airflow/dags/retrain_dag.py for tasks to queue
[2023-12-24T01:08:34.862+0000] {logging_mixin.py:150} INFO - [2023-12-24T01:08:34.862+0000] {dagbag.py:541} INFO - Filling up the DagBag from /opt/airflow/dags/retrain_dag.py
[2023-12-24T01:08:35.767+0000] {processor.py:836} INFO - DAG(s) dict_keys(['retrain_dag']) retrieved from /opt/airflow/dags/retrain_dag.py
[2023-12-24T01:08:35.781+0000] {logging_mixin.py:150} INFO - [2023-12-24T01:08:35.781+0000] {dag.py:2742} INFO - Sync 1 DAGs
[2023-12-24T01:08:35.798+0000] {logging_mixin.py:150} INFO - [2023-12-24T01:08:35.798+0000] {dag.py:3508} INFO - Setting next_dagrun for retrain_dag to 2023-12-24T01:06:00+00:00, run_after=2023-12-24T01:08:00+00:00
[2023-12-24T01:08:35.811+0000] {processor.py:179} INFO - Processing /opt/airflow/dags/retrain_dag.py took 0.953 seconds
[2023-12-24T01:09:05.946+0000] {processor.py:157} INFO - Started process (PID=6288) to work on /opt/airflow/dags/retrain_dag.py
[2023-12-24T01:09:05.948+0000] {processor.py:826} INFO - Processing file /opt/airflow/dags/retrain_dag.py for tasks to queue
[2023-12-24T01:09:05.948+0000] {logging_mixin.py:150} INFO - [2023-12-24T01:09:05.948+0000] {dagbag.py:541} INFO - Filling up the DagBag from /opt/airflow/dags/retrain_dag.py
[2023-12-24T01:09:06.781+0000] {processor.py:836} INFO - DAG(s) dict_keys(['retrain_dag']) retrieved from /opt/airflow/dags/retrain_dag.py
[2023-12-24T01:09:06.796+0000] {logging_mixin.py:150} INFO - [2023-12-24T01:09:06.796+0000] {dag.py:2742} INFO - Sync 1 DAGs
[2023-12-24T01:09:06.813+0000] {logging_mixin.py:150} INFO - [2023-12-24T01:09:06.813+0000] {dag.py:3508} INFO - Setting next_dagrun for retrain_dag to 2023-12-24T01:06:00+00:00, run_after=2023-12-24T01:08:00+00:00
[2023-12-24T01:09:06.826+0000] {processor.py:179} INFO - Processing /opt/airflow/dags/retrain_dag.py took 0.883 seconds
[2023-12-24T01:09:36.899+0000] {processor.py:157} INFO - Started process (PID=6403) to work on /opt/airflow/dags/retrain_dag.py
[2023-12-24T01:09:36.900+0000] {processor.py:826} INFO - Processing file /opt/airflow/dags/retrain_dag.py for tasks to queue
[2023-12-24T01:09:36.900+0000] {logging_mixin.py:150} INFO - [2023-12-24T01:09:36.900+0000] {dagbag.py:541} INFO - Filling up the DagBag from /opt/airflow/dags/retrain_dag.py
[2023-12-24T01:09:37.725+0000] {processor.py:836} INFO - DAG(s) dict_keys(['retrain_dag']) retrieved from /opt/airflow/dags/retrain_dag.py
[2023-12-24T01:09:37.738+0000] {logging_mixin.py:150} INFO - [2023-12-24T01:09:37.738+0000] {dag.py:2742} INFO - Sync 1 DAGs
[2023-12-24T01:09:37.754+0000] {logging_mixin.py:150} INFO - [2023-12-24T01:09:37.754+0000] {dag.py:3508} INFO - Setting next_dagrun for retrain_dag to 2023-12-24T01:06:00+00:00, run_after=2023-12-24T01:08:00+00:00
[2023-12-24T01:09:37.766+0000] {processor.py:179} INFO - Processing /opt/airflow/dags/retrain_dag.py took 0.871 seconds
[2023-12-24T01:10:07.814+0000] {processor.py:157} INFO - Started process (PID=6519) to work on /opt/airflow/dags/retrain_dag.py
[2023-12-24T01:10:07.816+0000] {processor.py:826} INFO - Processing file /opt/airflow/dags/retrain_dag.py for tasks to queue
[2023-12-24T01:10:07.816+0000] {logging_mixin.py:150} INFO - [2023-12-24T01:10:07.816+0000] {dagbag.py:541} INFO - Filling up the DagBag from /opt/airflow/dags/retrain_dag.py
[2023-12-24T01:10:08.847+0000] {processor.py:836} INFO - DAG(s) dict_keys(['retrain_dag']) retrieved from /opt/airflow/dags/retrain_dag.py
[2023-12-24T01:10:08.868+0000] {logging_mixin.py:150} INFO - [2023-12-24T01:10:08.868+0000] {dag.py:2742} INFO - Sync 1 DAGs
[2023-12-24T01:10:08.892+0000] {logging_mixin.py:150} INFO - [2023-12-24T01:10:08.892+0000] {dag.py:3508} INFO - Setting next_dagrun for retrain_dag to 2023-12-24T01:08:00+00:00, run_after=2023-12-24T01:10:00+00:00
[2023-12-24T01:10:08.910+0000] {processor.py:179} INFO - Processing /opt/airflow/dags/retrain_dag.py took 1.099 seconds
[2023-12-24T01:10:38.959+0000] {processor.py:157} INFO - Started process (PID=6626) to work on /opt/airflow/dags/retrain_dag.py
[2023-12-24T01:10:38.961+0000] {processor.py:826} INFO - Processing file /opt/airflow/dags/retrain_dag.py for tasks to queue
[2023-12-24T01:10:38.962+0000] {logging_mixin.py:150} INFO - [2023-12-24T01:10:38.962+0000] {dagbag.py:541} INFO - Filling up the DagBag from /opt/airflow/dags/retrain_dag.py
[2023-12-24T01:10:39.806+0000] {processor.py:836} INFO - DAG(s) dict_keys(['retrain_dag']) retrieved from /opt/airflow/dags/retrain_dag.py
[2023-12-24T01:10:39.823+0000] {logging_mixin.py:150} INFO - [2023-12-24T01:10:39.823+0000] {dag.py:2742} INFO - Sync 1 DAGs
[2023-12-24T01:10:39.839+0000] {logging_mixin.py:150} INFO - [2023-12-24T01:10:39.839+0000] {dag.py:3508} INFO - Setting next_dagrun for retrain_dag to 2023-12-24T01:08:00+00:00, run_after=2023-12-24T01:10:00+00:00
[2023-12-24T01:10:39.852+0000] {processor.py:179} INFO - Processing /opt/airflow/dags/retrain_dag.py took 0.897 seconds
[2023-12-24T01:11:10.229+0000] {processor.py:157} INFO - Started process (PID=6742) to work on /opt/airflow/dags/retrain_dag.py
[2023-12-24T01:11:10.231+0000] {processor.py:826} INFO - Processing file /opt/airflow/dags/retrain_dag.py for tasks to queue
[2023-12-24T01:11:10.232+0000] {logging_mixin.py:150} INFO - [2023-12-24T01:11:10.231+0000] {dagbag.py:541} INFO - Filling up the DagBag from /opt/airflow/dags/retrain_dag.py
[2023-12-24T01:11:11.077+0000] {processor.py:836} INFO - DAG(s) dict_keys(['retrain_dag']) retrieved from /opt/airflow/dags/retrain_dag.py
[2023-12-24T01:11:11.092+0000] {logging_mixin.py:150} INFO - [2023-12-24T01:11:11.092+0000] {dag.py:2742} INFO - Sync 1 DAGs
[2023-12-24T01:11:11.109+0000] {logging_mixin.py:150} INFO - [2023-12-24T01:11:11.108+0000] {dag.py:3508} INFO - Setting next_dagrun for retrain_dag to 2023-12-24T01:08:00+00:00, run_after=2023-12-24T01:10:00+00:00
[2023-12-24T01:11:11.122+0000] {processor.py:179} INFO - Processing /opt/airflow/dags/retrain_dag.py took 0.896 seconds
[2023-12-24T01:11:41.743+0000] {processor.py:157} INFO - Started process (PID=6858) to work on /opt/airflow/dags/retrain_dag.py
[2023-12-24T01:11:41.745+0000] {processor.py:826} INFO - Processing file /opt/airflow/dags/retrain_dag.py for tasks to queue
[2023-12-24T01:11:41.745+0000] {logging_mixin.py:150} INFO - [2023-12-24T01:11:41.745+0000] {dagbag.py:541} INFO - Filling up the DagBag from /opt/airflow/dags/retrain_dag.py
[2023-12-24T01:11:42.650+0000] {processor.py:836} INFO - DAG(s) dict_keys(['retrain_dag']) retrieved from /opt/airflow/dags/retrain_dag.py
[2023-12-24T01:11:42.664+0000] {logging_mixin.py:150} INFO - [2023-12-24T01:11:42.664+0000] {dag.py:2742} INFO - Sync 1 DAGs
[2023-12-24T01:11:42.680+0000] {logging_mixin.py:150} INFO - [2023-12-24T01:11:42.680+0000] {dag.py:3508} INFO - Setting next_dagrun for retrain_dag to 2023-12-24T01:08:00+00:00, run_after=2023-12-24T01:10:00+00:00
[2023-12-24T01:11:42.693+0000] {processor.py:179} INFO - Processing /opt/airflow/dags/retrain_dag.py took 0.952 seconds
[2023-12-24T01:12:13.062+0000] {processor.py:157} INFO - Started process (PID=6974) to work on /opt/airflow/dags/retrain_dag.py
[2023-12-24T01:12:13.062+0000] {processor.py:826} INFO - Processing file /opt/airflow/dags/retrain_dag.py for tasks to queue
[2023-12-24T01:12:13.063+0000] {logging_mixin.py:150} INFO - [2023-12-24T01:12:13.062+0000] {dagbag.py:541} INFO - Filling up the DagBag from /opt/airflow/dags/retrain_dag.py
[2023-12-24T01:12:13.992+0000] {processor.py:836} INFO - DAG(s) dict_keys(['retrain_dag']) retrieved from /opt/airflow/dags/retrain_dag.py
[2023-12-24T01:12:14.013+0000] {logging_mixin.py:150} INFO - [2023-12-24T01:12:14.013+0000] {dag.py:2742} INFO - Sync 1 DAGs
[2023-12-24T01:12:14.033+0000] {logging_mixin.py:150} INFO - [2023-12-24T01:12:14.033+0000] {dag.py:3508} INFO - Setting next_dagrun for retrain_dag to 2023-12-24T01:10:00+00:00, run_after=2023-12-24T01:12:00+00:00
[2023-12-24T01:12:14.050+0000] {processor.py:179} INFO - Processing /opt/airflow/dags/retrain_dag.py took 0.991 seconds
[2023-12-24T01:12:44.248+0000] {processor.py:157} INFO - Started process (PID=7081) to work on /opt/airflow/dags/retrain_dag.py
[2023-12-24T01:12:44.250+0000] {processor.py:826} INFO - Processing file /opt/airflow/dags/retrain_dag.py for tasks to queue
[2023-12-24T01:12:44.251+0000] {logging_mixin.py:150} INFO - [2023-12-24T01:12:44.251+0000] {dagbag.py:541} INFO - Filling up the DagBag from /opt/airflow/dags/retrain_dag.py
[2023-12-24T01:12:45.106+0000] {processor.py:836} INFO - DAG(s) dict_keys(['retrain_dag']) retrieved from /opt/airflow/dags/retrain_dag.py
[2023-12-24T01:12:45.121+0000] {logging_mixin.py:150} INFO - [2023-12-24T01:12:45.121+0000] {dag.py:2742} INFO - Sync 1 DAGs
[2023-12-24T01:12:45.139+0000] {logging_mixin.py:150} INFO - [2023-12-24T01:12:45.139+0000] {dag.py:3508} INFO - Setting next_dagrun for retrain_dag to 2023-12-24T01:10:00+00:00, run_after=2023-12-24T01:12:00+00:00
[2023-12-24T01:12:45.156+0000] {processor.py:179} INFO - Processing /opt/airflow/dags/retrain_dag.py took 0.912 seconds
[2023-12-24T01:13:15.314+0000] {processor.py:157} INFO - Started process (PID=7197) to work on /opt/airflow/dags/retrain_dag.py
[2023-12-24T01:13:15.315+0000] {processor.py:826} INFO - Processing file /opt/airflow/dags/retrain_dag.py for tasks to queue
[2023-12-24T01:13:15.315+0000] {logging_mixin.py:150} INFO - [2023-12-24T01:13:15.315+0000] {dagbag.py:541} INFO - Filling up the DagBag from /opt/airflow/dags/retrain_dag.py
[2023-12-24T01:13:16.148+0000] {processor.py:836} INFO - DAG(s) dict_keys(['retrain_dag']) retrieved from /opt/airflow/dags/retrain_dag.py
[2023-12-24T01:13:16.163+0000] {logging_mixin.py:150} INFO - [2023-12-24T01:13:16.163+0000] {dag.py:2742} INFO - Sync 1 DAGs
[2023-12-24T01:13:16.181+0000] {logging_mixin.py:150} INFO - [2023-12-24T01:13:16.181+0000] {dag.py:3508} INFO - Setting next_dagrun for retrain_dag to 2023-12-24T01:10:00+00:00, run_after=2023-12-24T01:12:00+00:00
[2023-12-24T01:13:16.194+0000] {processor.py:179} INFO - Processing /opt/airflow/dags/retrain_dag.py took 0.882 seconds
[2023-12-24T01:13:46.595+0000] {processor.py:157} INFO - Started process (PID=7313) to work on /opt/airflow/dags/retrain_dag.py
[2023-12-24T01:13:46.598+0000] {processor.py:826} INFO - Processing file /opt/airflow/dags/retrain_dag.py for tasks to queue
[2023-12-24T01:13:46.598+0000] {logging_mixin.py:150} INFO - [2023-12-24T01:13:46.598+0000] {dagbag.py:541} INFO - Filling up the DagBag from /opt/airflow/dags/retrain_dag.py
[2023-12-24T01:13:47.496+0000] {processor.py:836} INFO - DAG(s) dict_keys(['retrain_dag']) retrieved from /opt/airflow/dags/retrain_dag.py
[2023-12-24T01:13:47.511+0000] {logging_mixin.py:150} INFO - [2023-12-24T01:13:47.511+0000] {dag.py:2742} INFO - Sync 1 DAGs
[2023-12-24T01:13:47.527+0000] {logging_mixin.py:150} INFO - [2023-12-24T01:13:47.527+0000] {dag.py:3508} INFO - Setting next_dagrun for retrain_dag to 2023-12-24T01:10:00+00:00, run_after=2023-12-24T01:12:00+00:00
[2023-12-24T01:13:47.539+0000] {processor.py:179} INFO - Processing /opt/airflow/dags/retrain_dag.py took 0.946 seconds
[2023-12-24T01:14:17.927+0000] {processor.py:157} INFO - Started process (PID=7420) to work on /opt/airflow/dags/retrain_dag.py
[2023-12-24T01:14:17.927+0000] {processor.py:826} INFO - Processing file /opt/airflow/dags/retrain_dag.py for tasks to queue
[2023-12-24T01:14:17.928+0000] {logging_mixin.py:150} INFO - [2023-12-24T01:14:17.928+0000] {dagbag.py:541} INFO - Filling up the DagBag from /opt/airflow/dags/retrain_dag.py
[2023-12-24T01:14:18.836+0000] {processor.py:836} INFO - DAG(s) dict_keys(['retrain_dag']) retrieved from /opt/airflow/dags/retrain_dag.py
[2023-12-24T01:14:18.850+0000] {logging_mixin.py:150} INFO - [2023-12-24T01:14:18.850+0000] {dag.py:2742} INFO - Sync 1 DAGs
[2023-12-24T01:14:18.866+0000] {logging_mixin.py:150} INFO - [2023-12-24T01:14:18.866+0000] {dag.py:3508} INFO - Setting next_dagrun for retrain_dag to 2023-12-24T01:12:00+00:00, run_after=2023-12-24T01:14:00+00:00
[2023-12-24T01:14:18.879+0000] {processor.py:179} INFO - Processing /opt/airflow/dags/retrain_dag.py took 0.956 seconds
[2023-12-24T01:14:49.365+0000] {processor.py:157} INFO - Started process (PID=7536) to work on /opt/airflow/dags/retrain_dag.py
[2023-12-24T01:14:49.365+0000] {processor.py:826} INFO - Processing file /opt/airflow/dags/retrain_dag.py for tasks to queue
[2023-12-24T01:14:49.366+0000] {logging_mixin.py:150} INFO - [2023-12-24T01:14:49.366+0000] {dagbag.py:541} INFO - Filling up the DagBag from /opt/airflow/dags/retrain_dag.py
[2023-12-24T01:14:50.219+0000] {processor.py:836} INFO - DAG(s) dict_keys(['retrain_dag']) retrieved from /opt/airflow/dags/retrain_dag.py
[2023-12-24T01:14:50.233+0000] {logging_mixin.py:150} INFO - [2023-12-24T01:14:50.233+0000] {dag.py:2742} INFO - Sync 1 DAGs
[2023-12-24T01:14:50.249+0000] {logging_mixin.py:150} INFO - [2023-12-24T01:14:50.249+0000] {dag.py:3508} INFO - Setting next_dagrun for retrain_dag to 2023-12-24T01:12:00+00:00, run_after=2023-12-24T01:14:00+00:00
[2023-12-24T01:14:50.263+0000] {processor.py:179} INFO - Processing /opt/airflow/dags/retrain_dag.py took 0.900 seconds
[2023-12-24T01:15:20.671+0000] {processor.py:157} INFO - Started process (PID=7653) to work on /opt/airflow/dags/retrain_dag.py
[2023-12-24T01:15:20.671+0000] {processor.py:826} INFO - Processing file /opt/airflow/dags/retrain_dag.py for tasks to queue
[2023-12-24T01:15:20.672+0000] {logging_mixin.py:150} INFO - [2023-12-24T01:15:20.672+0000] {dagbag.py:541} INFO - Filling up the DagBag from /opt/airflow/dags/retrain_dag.py
[2023-12-24T01:15:21.530+0000] {processor.py:836} INFO - DAG(s) dict_keys(['retrain_dag']) retrieved from /opt/airflow/dags/retrain_dag.py
[2023-12-24T01:15:21.544+0000] {logging_mixin.py:150} INFO - [2023-12-24T01:15:21.544+0000] {dag.py:2742} INFO - Sync 1 DAGs
[2023-12-24T01:15:21.561+0000] {logging_mixin.py:150} INFO - [2023-12-24T01:15:21.561+0000] {dag.py:3508} INFO - Setting next_dagrun for retrain_dag to 2023-12-24T01:12:00+00:00, run_after=2023-12-24T01:14:00+00:00
[2023-12-24T01:15:21.575+0000] {processor.py:179} INFO - Processing /opt/airflow/dags/retrain_dag.py took 0.907 seconds
[2023-12-24T01:15:52.097+0000] {processor.py:157} INFO - Started process (PID=7763) to work on /opt/airflow/dags/retrain_dag.py
[2023-12-24T01:15:52.098+0000] {processor.py:826} INFO - Processing file /opt/airflow/dags/retrain_dag.py for tasks to queue
[2023-12-24T01:15:52.099+0000] {logging_mixin.py:150} INFO - [2023-12-24T01:15:52.098+0000] {dagbag.py:541} INFO - Filling up the DagBag from /opt/airflow/dags/retrain_dag.py
[2023-12-24T01:15:53.008+0000] {processor.py:836} INFO - DAG(s) dict_keys(['retrain_dag']) retrieved from /opt/airflow/dags/retrain_dag.py
[2023-12-24T01:15:53.024+0000] {logging_mixin.py:150} INFO - [2023-12-24T01:15:53.024+0000] {dag.py:2742} INFO - Sync 1 DAGs
[2023-12-24T01:15:53.042+0000] {logging_mixin.py:150} INFO - [2023-12-24T01:15:53.042+0000] {dag.py:3508} INFO - Setting next_dagrun for retrain_dag to 2023-12-24T01:12:00+00:00, run_after=2023-12-24T01:14:00+00:00
[2023-12-24T01:15:53.058+0000] {processor.py:179} INFO - Processing /opt/airflow/dags/retrain_dag.py took 0.963 seconds
[2023-12-24T01:16:23.127+0000] {processor.py:157} INFO - Started process (PID=7879) to work on /opt/airflow/dags/retrain_dag.py
[2023-12-24T01:16:23.128+0000] {processor.py:826} INFO - Processing file /opt/airflow/dags/retrain_dag.py for tasks to queue
[2023-12-24T01:16:23.128+0000] {logging_mixin.py:150} INFO - [2023-12-24T01:16:23.128+0000] {dagbag.py:541} INFO - Filling up the DagBag from /opt/airflow/dags/retrain_dag.py
[2023-12-24T01:16:23.965+0000] {processor.py:836} INFO - DAG(s) dict_keys(['retrain_dag']) retrieved from /opt/airflow/dags/retrain_dag.py
[2023-12-24T01:16:23.979+0000] {logging_mixin.py:150} INFO - [2023-12-24T01:16:23.978+0000] {dag.py:2742} INFO - Sync 1 DAGs
[2023-12-24T01:16:23.996+0000] {logging_mixin.py:150} INFO - [2023-12-24T01:16:23.996+0000] {dag.py:3508} INFO - Setting next_dagrun for retrain_dag to 2023-12-24T01:14:00+00:00, run_after=2023-12-24T01:16:00+00:00
[2023-12-24T01:16:24.011+0000] {processor.py:179} INFO - Processing /opt/airflow/dags/retrain_dag.py took 0.886 seconds
[2023-12-24T01:16:54.275+0000] {processor.py:157} INFO - Started process (PID=7995) to work on /opt/airflow/dags/retrain_dag.py
[2023-12-24T01:16:54.276+0000] {processor.py:826} INFO - Processing file /opt/airflow/dags/retrain_dag.py for tasks to queue
[2023-12-24T01:16:54.277+0000] {logging_mixin.py:150} INFO - [2023-12-24T01:16:54.277+0000] {dagbag.py:541} INFO - Filling up the DagBag from /opt/airflow/dags/retrain_dag.py
[2023-12-24T01:16:55.161+0000] {processor.py:836} INFO - DAG(s) dict_keys(['retrain_dag']) retrieved from /opt/airflow/dags/retrain_dag.py
[2023-12-24T01:16:55.178+0000] {logging_mixin.py:150} INFO - [2023-12-24T01:16:55.177+0000] {dag.py:2742} INFO - Sync 1 DAGs
[2023-12-24T01:16:55.195+0000] {logging_mixin.py:150} INFO - [2023-12-24T01:16:55.195+0000] {dag.py:3508} INFO - Setting next_dagrun for retrain_dag to 2023-12-24T01:14:00+00:00, run_after=2023-12-24T01:16:00+00:00
[2023-12-24T01:16:55.211+0000] {processor.py:179} INFO - Processing /opt/airflow/dags/retrain_dag.py took 0.938 seconds
[2023-12-24T01:17:25.383+0000] {processor.py:157} INFO - Started process (PID=8131) to work on /opt/airflow/dags/retrain_dag.py
[2023-12-24T01:17:25.383+0000] {processor.py:826} INFO - Processing file /opt/airflow/dags/retrain_dag.py for tasks to queue
[2023-12-24T01:17:25.384+0000] {logging_mixin.py:150} INFO - [2023-12-24T01:17:25.384+0000] {dagbag.py:541} INFO - Filling up the DagBag from /opt/airflow/dags/retrain_dag.py
[2023-12-24T01:17:26.321+0000] {processor.py:836} INFO - DAG(s) dict_keys(['retrain_dag']) retrieved from /opt/airflow/dags/retrain_dag.py
[2023-12-24T01:17:26.335+0000] {logging_mixin.py:150} INFO - [2023-12-24T01:17:26.335+0000] {dag.py:2742} INFO - Sync 1 DAGs
[2023-12-24T01:17:26.352+0000] {logging_mixin.py:150} INFO - [2023-12-24T01:17:26.352+0000] {dag.py:3508} INFO - Setting next_dagrun for retrain_dag to 2023-12-24T01:14:00+00:00, run_after=2023-12-24T01:16:00+00:00
[2023-12-24T01:17:26.366+0000] {processor.py:179} INFO - Processing /opt/airflow/dags/retrain_dag.py took 0.986 seconds
[2023-12-24T01:17:56.765+0000] {processor.py:157} INFO - Started process (PID=8238) to work on /opt/airflow/dags/retrain_dag.py
[2023-12-24T01:17:56.766+0000] {processor.py:826} INFO - Processing file /opt/airflow/dags/retrain_dag.py for tasks to queue
[2023-12-24T01:17:56.767+0000] {logging_mixin.py:150} INFO - [2023-12-24T01:17:56.767+0000] {dagbag.py:541} INFO - Filling up the DagBag from /opt/airflow/dags/retrain_dag.py
[2023-12-24T01:17:57.696+0000] {processor.py:836} INFO - DAG(s) dict_keys(['retrain_dag']) retrieved from /opt/airflow/dags/retrain_dag.py
[2023-12-24T01:17:57.710+0000] {logging_mixin.py:150} INFO - [2023-12-24T01:17:57.710+0000] {dag.py:2742} INFO - Sync 1 DAGs
[2023-12-24T01:17:57.727+0000] {logging_mixin.py:150} INFO - [2023-12-24T01:17:57.727+0000] {dag.py:3508} INFO - Setting next_dagrun for retrain_dag to 2023-12-24T01:14:00+00:00, run_after=2023-12-24T01:16:00+00:00
[2023-12-24T01:17:57.739+0000] {processor.py:179} INFO - Processing /opt/airflow/dags/retrain_dag.py took 0.976 seconds
[2023-12-24T01:18:28.453+0000] {processor.py:157} INFO - Started process (PID=8353) to work on /opt/airflow/dags/retrain_dag.py
[2023-12-24T01:18:28.468+0000] {processor.py:826} INFO - Processing file /opt/airflow/dags/retrain_dag.py for tasks to queue
[2023-12-24T01:18:28.469+0000] {logging_mixin.py:150} INFO - [2023-12-24T01:18:28.469+0000] {dagbag.py:541} INFO - Filling up the DagBag from /opt/airflow/dags/retrain_dag.py
[2023-12-24T01:18:29.323+0000] {processor.py:836} INFO - DAG(s) dict_keys(['retrain_dag']) retrieved from /opt/airflow/dags/retrain_dag.py
[2023-12-24T01:18:29.337+0000] {logging_mixin.py:150} INFO - [2023-12-24T01:18:29.337+0000] {dag.py:2742} INFO - Sync 1 DAGs
[2023-12-24T01:18:29.355+0000] {logging_mixin.py:150} INFO - [2023-12-24T01:18:29.355+0000] {dag.py:3508} INFO - Setting next_dagrun for retrain_dag to 2023-12-24T01:16:00+00:00, run_after=2023-12-24T01:18:00+00:00
[2023-12-24T01:18:29.372+0000] {processor.py:179} INFO - Processing /opt/airflow/dags/retrain_dag.py took 0.922 seconds
[2023-12-24T01:19:00.262+0000] {processor.py:157} INFO - Started process (PID=8470) to work on /opt/airflow/dags/retrain_dag.py
[2023-12-24T01:19:00.264+0000] {processor.py:826} INFO - Processing file /opt/airflow/dags/retrain_dag.py for tasks to queue
[2023-12-24T01:19:00.264+0000] {logging_mixin.py:150} INFO - [2023-12-24T01:19:00.264+0000] {dagbag.py:541} INFO - Filling up the DagBag from /opt/airflow/dags/retrain_dag.py
[2023-12-24T01:19:01.107+0000] {processor.py:836} INFO - DAG(s) dict_keys(['retrain_dag']) retrieved from /opt/airflow/dags/retrain_dag.py
[2023-12-24T01:19:01.121+0000] {logging_mixin.py:150} INFO - [2023-12-24T01:19:01.121+0000] {dag.py:2742} INFO - Sync 1 DAGs
[2023-12-24T01:19:01.137+0000] {logging_mixin.py:150} INFO - [2023-12-24T01:19:01.137+0000] {dag.py:3508} INFO - Setting next_dagrun for retrain_dag to 2023-12-24T01:16:00+00:00, run_after=2023-12-24T01:18:00+00:00
[2023-12-24T01:19:01.150+0000] {processor.py:179} INFO - Processing /opt/airflow/dags/retrain_dag.py took 0.890 seconds
[2023-12-24T01:19:31.796+0000] {processor.py:157} INFO - Started process (PID=8577) to work on /opt/airflow/dags/retrain_dag.py
[2023-12-24T01:19:31.796+0000] {processor.py:826} INFO - Processing file /opt/airflow/dags/retrain_dag.py for tasks to queue
[2023-12-24T01:19:31.797+0000] {logging_mixin.py:150} INFO - [2023-12-24T01:19:31.797+0000] {dagbag.py:541} INFO - Filling up the DagBag from /opt/airflow/dags/retrain_dag.py
[2023-12-24T01:19:32.717+0000] {processor.py:836} INFO - DAG(s) dict_keys(['retrain_dag']) retrieved from /opt/airflow/dags/retrain_dag.py
[2023-12-24T01:19:32.732+0000] {logging_mixin.py:150} INFO - [2023-12-24T01:19:32.732+0000] {dag.py:2742} INFO - Sync 1 DAGs
[2023-12-24T01:19:32.751+0000] {logging_mixin.py:150} INFO - [2023-12-24T01:19:32.751+0000] {dag.py:3508} INFO - Setting next_dagrun for retrain_dag to 2023-12-24T01:16:00+00:00, run_after=2023-12-24T01:18:00+00:00
[2023-12-24T01:19:32.765+0000] {processor.py:179} INFO - Processing /opt/airflow/dags/retrain_dag.py took 0.972 seconds
[2023-12-24T01:20:03.106+0000] {processor.py:157} INFO - Started process (PID=8714) to work on /opt/airflow/dags/retrain_dag.py
[2023-12-24T01:20:03.107+0000] {processor.py:826} INFO - Processing file /opt/airflow/dags/retrain_dag.py for tasks to queue
[2023-12-24T01:20:03.108+0000] {logging_mixin.py:150} INFO - [2023-12-24T01:20:03.108+0000] {dagbag.py:541} INFO - Filling up the DagBag from /opt/airflow/dags/retrain_dag.py
[2023-12-24T01:20:04.052+0000] {processor.py:836} INFO - DAG(s) dict_keys(['retrain_dag']) retrieved from /opt/airflow/dags/retrain_dag.py
[2023-12-24T01:20:04.067+0000] {logging_mixin.py:150} INFO - [2023-12-24T01:20:04.067+0000] {dag.py:2742} INFO - Sync 1 DAGs
[2023-12-24T01:20:04.084+0000] {logging_mixin.py:150} INFO - [2023-12-24T01:20:04.083+0000] {dag.py:3508} INFO - Setting next_dagrun for retrain_dag to 2023-12-24T01:18:00+00:00, run_after=2023-12-24T01:20:00+00:00
[2023-12-24T01:20:04.097+0000] {processor.py:179} INFO - Processing /opt/airflow/dags/retrain_dag.py took 0.993 seconds
[2023-12-24T01:20:34.352+0000] {processor.py:157} INFO - Started process (PID=8851) to work on /opt/airflow/dags/retrain_dag.py
[2023-12-24T01:20:34.355+0000] {processor.py:826} INFO - Processing file /opt/airflow/dags/retrain_dag.py for tasks to queue
[2023-12-24T01:20:34.355+0000] {logging_mixin.py:150} INFO - [2023-12-24T01:20:34.355+0000] {dagbag.py:541} INFO - Filling up the DagBag from /opt/airflow/dags/retrain_dag.py
[2023-12-24T01:20:35.291+0000] {processor.py:836} INFO - DAG(s) dict_keys(['retrain_dag']) retrieved from /opt/airflow/dags/retrain_dag.py
[2023-12-24T01:20:35.308+0000] {logging_mixin.py:150} INFO - [2023-12-24T01:20:35.308+0000] {dag.py:2742} INFO - Sync 1 DAGs
[2023-12-24T01:20:35.328+0000] {logging_mixin.py:150} INFO - [2023-12-24T01:20:35.328+0000] {dag.py:3508} INFO - Setting next_dagrun for retrain_dag to 2023-12-24T01:18:00+00:00, run_after=2023-12-24T01:20:00+00:00
[2023-12-24T01:20:35.343+0000] {processor.py:179} INFO - Processing /opt/airflow/dags/retrain_dag.py took 0.994 seconds
[2023-12-24T01:21:05.900+0000] {processor.py:157} INFO - Started process (PID=8967) to work on /opt/airflow/dags/retrain_dag.py
[2023-12-24T01:21:05.901+0000] {processor.py:826} INFO - Processing file /opt/airflow/dags/retrain_dag.py for tasks to queue
[2023-12-24T01:21:05.901+0000] {logging_mixin.py:150} INFO - [2023-12-24T01:21:05.901+0000] {dagbag.py:541} INFO - Filling up the DagBag from /opt/airflow/dags/retrain_dag.py
[2023-12-24T01:21:06.876+0000] {processor.py:836} INFO - DAG(s) dict_keys(['retrain_dag']) retrieved from /opt/airflow/dags/retrain_dag.py
[2023-12-24T01:21:06.893+0000] {logging_mixin.py:150} INFO - [2023-12-24T01:21:06.892+0000] {dag.py:2742} INFO - Sync 1 DAGs
[2023-12-24T01:21:06.912+0000] {logging_mixin.py:150} INFO - [2023-12-24T01:21:06.912+0000] {dag.py:3508} INFO - Setting next_dagrun for retrain_dag to 2023-12-24T01:18:00+00:00, run_after=2023-12-24T01:20:00+00:00
[2023-12-24T01:21:06.926+0000] {processor.py:179} INFO - Processing /opt/airflow/dags/retrain_dag.py took 1.028 seconds
[2023-12-24T01:31:05.427+0000] {processor.py:157} INFO - Started process (PID=99) to work on /opt/airflow/dags/retrain_dag.py
[2023-12-24T01:31:05.429+0000] {processor.py:826} INFO - Processing file /opt/airflow/dags/retrain_dag.py for tasks to queue
[2023-12-24T01:31:05.429+0000] {logging_mixin.py:150} INFO - [2023-12-24T01:31:05.429+0000] {dagbag.py:541} INFO - Filling up the DagBag from /opt/airflow/dags/retrain_dag.py
[2023-12-24T01:31:06.883+0000] {processor.py:836} INFO - DAG(s) dict_keys(['retrain_dag']) retrieved from /opt/airflow/dags/retrain_dag.py
[2023-12-24T01:31:06.969+0000] {logging_mixin.py:150} INFO - [2023-12-24T01:31:06.969+0000] {dag.py:2742} INFO - Sync 1 DAGs
[2023-12-24T01:31:07.075+0000] {logging_mixin.py:150} INFO - [2023-12-24T01:31:07.075+0000] {dag.py:3508} INFO - Setting next_dagrun for retrain_dag to 2023-12-24T01:28:00+00:00, run_after=2023-12-24T01:30:00+00:00
[2023-12-24T01:31:07.100+0000] {processor.py:179} INFO - Processing /opt/airflow/dags/retrain_dag.py took 1.676 seconds
[2023-12-24T01:31:37.227+0000] {processor.py:157} INFO - Started process (PID=194) to work on /opt/airflow/dags/retrain_dag.py
[2023-12-24T01:31:37.229+0000] {processor.py:826} INFO - Processing file /opt/airflow/dags/retrain_dag.py for tasks to queue
[2023-12-24T01:31:37.229+0000] {logging_mixin.py:150} INFO - [2023-12-24T01:31:37.229+0000] {dagbag.py:541} INFO - Filling up the DagBag from /opt/airflow/dags/retrain_dag.py
[2023-12-24T01:31:38.130+0000] {processor.py:836} INFO - DAG(s) dict_keys(['retrain_dag']) retrieved from /opt/airflow/dags/retrain_dag.py
[2023-12-24T01:31:38.147+0000] {logging_mixin.py:150} INFO - [2023-12-24T01:31:38.147+0000] {dag.py:2742} INFO - Sync 1 DAGs
[2023-12-24T01:31:38.164+0000] {logging_mixin.py:150} INFO - [2023-12-24T01:31:38.164+0000] {dag.py:3508} INFO - Setting next_dagrun for retrain_dag to 2023-12-24T01:28:00+00:00, run_after=2023-12-24T01:30:00+00:00
[2023-12-24T01:31:38.178+0000] {processor.py:179} INFO - Processing /opt/airflow/dags/retrain_dag.py took 0.953 seconds
[2023-12-24T01:32:08.327+0000] {processor.py:157} INFO - Started process (PID=311) to work on /opt/airflow/dags/retrain_dag.py
[2023-12-24T01:32:08.328+0000] {processor.py:826} INFO - Processing file /opt/airflow/dags/retrain_dag.py for tasks to queue
[2023-12-24T01:32:08.329+0000] {logging_mixin.py:150} INFO - [2023-12-24T01:32:08.329+0000] {dagbag.py:541} INFO - Filling up the DagBag from /opt/airflow/dags/retrain_dag.py
[2023-12-24T01:32:09.100+0000] {processor.py:836} INFO - DAG(s) dict_keys(['retrain_dag']) retrieved from /opt/airflow/dags/retrain_dag.py
[2023-12-24T01:32:09.114+0000] {logging_mixin.py:150} INFO - [2023-12-24T01:32:09.114+0000] {dag.py:2742} INFO - Sync 1 DAGs
[2023-12-24T01:32:09.130+0000] {logging_mixin.py:150} INFO - [2023-12-24T01:32:09.130+0000] {dag.py:3508} INFO - Setting next_dagrun for retrain_dag to 2023-12-24T01:30:00+00:00, run_after=2023-12-24T01:32:00+00:00
[2023-12-24T01:32:09.144+0000] {processor.py:179} INFO - Processing /opt/airflow/dags/retrain_dag.py took 0.820 seconds
[2023-12-24T01:32:39.840+0000] {processor.py:157} INFO - Started process (PID=427) to work on /opt/airflow/dags/retrain_dag.py
[2023-12-24T01:32:39.841+0000] {processor.py:826} INFO - Processing file /opt/airflow/dags/retrain_dag.py for tasks to queue
[2023-12-24T01:32:39.841+0000] {logging_mixin.py:150} INFO - [2023-12-24T01:32:39.841+0000] {dagbag.py:541} INFO - Filling up the DagBag from /opt/airflow/dags/retrain_dag.py
[2023-12-24T01:32:40.708+0000] {processor.py:836} INFO - DAG(s) dict_keys(['retrain_dag']) retrieved from /opt/airflow/dags/retrain_dag.py
[2023-12-24T01:32:40.727+0000] {logging_mixin.py:150} INFO - [2023-12-24T01:32:40.727+0000] {dag.py:2742} INFO - Sync 1 DAGs
[2023-12-24T01:32:40.747+0000] {logging_mixin.py:150} INFO - [2023-12-24T01:32:40.747+0000] {dag.py:3508} INFO - Setting next_dagrun for retrain_dag to 2023-12-24T01:30:00+00:00, run_after=2023-12-24T01:32:00+00:00
[2023-12-24T01:32:40.763+0000] {processor.py:179} INFO - Processing /opt/airflow/dags/retrain_dag.py took 0.926 seconds
[2023-12-24T01:33:11.485+0000] {processor.py:157} INFO - Started process (PID=534) to work on /opt/airflow/dags/retrain_dag.py
[2023-12-24T01:33:11.485+0000] {processor.py:826} INFO - Processing file /opt/airflow/dags/retrain_dag.py for tasks to queue
[2023-12-24T01:33:11.486+0000] {logging_mixin.py:150} INFO - [2023-12-24T01:33:11.486+0000] {dagbag.py:541} INFO - Filling up the DagBag from /opt/airflow/dags/retrain_dag.py
[2023-12-24T01:33:12.297+0000] {processor.py:836} INFO - DAG(s) dict_keys(['retrain_dag']) retrieved from /opt/airflow/dags/retrain_dag.py
[2023-12-24T01:33:12.312+0000] {logging_mixin.py:150} INFO - [2023-12-24T01:33:12.312+0000] {dag.py:2742} INFO - Sync 1 DAGs
[2023-12-24T01:33:12.330+0000] {logging_mixin.py:150} INFO - [2023-12-24T01:33:12.330+0000] {dag.py:3508} INFO - Setting next_dagrun for retrain_dag to 2023-12-24T01:30:00+00:00, run_after=2023-12-24T01:32:00+00:00
[2023-12-24T01:33:12.344+0000] {processor.py:179} INFO - Processing /opt/airflow/dags/retrain_dag.py took 0.862 seconds
[2023-12-24T01:33:43.233+0000] {processor.py:157} INFO - Started process (PID=650) to work on /opt/airflow/dags/retrain_dag.py
[2023-12-24T01:33:43.235+0000] {processor.py:826} INFO - Processing file /opt/airflow/dags/retrain_dag.py for tasks to queue
[2023-12-24T01:33:43.236+0000] {logging_mixin.py:150} INFO - [2023-12-24T01:33:43.236+0000] {dagbag.py:541} INFO - Filling up the DagBag from /opt/airflow/dags/retrain_dag.py
[2023-12-24T01:33:44.039+0000] {processor.py:836} INFO - DAG(s) dict_keys(['retrain_dag']) retrieved from /opt/airflow/dags/retrain_dag.py
[2023-12-24T01:33:44.057+0000] {logging_mixin.py:150} INFO - [2023-12-24T01:33:44.056+0000] {dag.py:2742} INFO - Sync 1 DAGs
[2023-12-24T01:33:44.078+0000] {logging_mixin.py:150} INFO - [2023-12-24T01:33:44.078+0000] {dag.py:3508} INFO - Setting next_dagrun for retrain_dag to 2023-12-24T01:30:00+00:00, run_after=2023-12-24T01:32:00+00:00
[2023-12-24T01:33:44.091+0000] {processor.py:179} INFO - Processing /opt/airflow/dags/retrain_dag.py took 0.861 seconds
[2023-12-24T01:34:14.808+0000] {processor.py:157} INFO - Started process (PID=766) to work on /opt/airflow/dags/retrain_dag.py
[2023-12-24T01:34:14.809+0000] {processor.py:826} INFO - Processing file /opt/airflow/dags/retrain_dag.py for tasks to queue
[2023-12-24T01:34:14.809+0000] {logging_mixin.py:150} INFO - [2023-12-24T01:34:14.809+0000] {dagbag.py:541} INFO - Filling up the DagBag from /opt/airflow/dags/retrain_dag.py
[2023-12-24T01:34:15.611+0000] {processor.py:836} INFO - DAG(s) dict_keys(['retrain_dag']) retrieved from /opt/airflow/dags/retrain_dag.py
[2023-12-24T01:34:15.625+0000] {logging_mixin.py:150} INFO - [2023-12-24T01:34:15.625+0000] {dag.py:2742} INFO - Sync 1 DAGs
[2023-12-24T01:34:15.642+0000] {logging_mixin.py:150} INFO - [2023-12-24T01:34:15.641+0000] {dag.py:3508} INFO - Setting next_dagrun for retrain_dag to 2023-12-24T01:32:00+00:00, run_after=2023-12-24T01:34:00+00:00
[2023-12-24T01:34:15.655+0000] {processor.py:179} INFO - Processing /opt/airflow/dags/retrain_dag.py took 0.850 seconds
[2023-12-24T01:34:45.809+0000] {processor.py:157} INFO - Started process (PID=872) to work on /opt/airflow/dags/retrain_dag.py
[2023-12-24T01:34:45.811+0000] {processor.py:826} INFO - Processing file /opt/airflow/dags/retrain_dag.py for tasks to queue
[2023-12-24T01:34:45.812+0000] {logging_mixin.py:150} INFO - [2023-12-24T01:34:45.812+0000] {dagbag.py:541} INFO - Filling up the DagBag from /opt/airflow/dags/retrain_dag.py
[2023-12-24T01:34:46.679+0000] {processor.py:836} INFO - DAG(s) dict_keys(['retrain_dag']) retrieved from /opt/airflow/dags/retrain_dag.py
[2023-12-24T01:34:46.695+0000] {logging_mixin.py:150} INFO - [2023-12-24T01:34:46.695+0000] {dag.py:2742} INFO - Sync 1 DAGs
[2023-12-24T01:34:46.715+0000] {logging_mixin.py:150} INFO - [2023-12-24T01:34:46.715+0000] {dag.py:3508} INFO - Setting next_dagrun for retrain_dag to 2023-12-24T01:32:00+00:00, run_after=2023-12-24T01:34:00+00:00
[2023-12-24T01:34:46.732+0000] {processor.py:179} INFO - Processing /opt/airflow/dags/retrain_dag.py took 0.925 seconds
[2023-12-24T01:35:17.330+0000] {processor.py:157} INFO - Started process (PID=988) to work on /opt/airflow/dags/retrain_dag.py
[2023-12-24T01:35:17.331+0000] {processor.py:826} INFO - Processing file /opt/airflow/dags/retrain_dag.py for tasks to queue
[2023-12-24T01:35:17.331+0000] {logging_mixin.py:150} INFO - [2023-12-24T01:35:17.331+0000] {dagbag.py:541} INFO - Filling up the DagBag from /opt/airflow/dags/retrain_dag.py
[2023-12-24T01:35:18.153+0000] {processor.py:836} INFO - DAG(s) dict_keys(['retrain_dag']) retrieved from /opt/airflow/dags/retrain_dag.py
[2023-12-24T01:35:18.169+0000] {logging_mixin.py:150} INFO - [2023-12-24T01:35:18.169+0000] {dag.py:2742} INFO - Sync 1 DAGs
[2023-12-24T01:35:18.186+0000] {logging_mixin.py:150} INFO - [2023-12-24T01:35:18.186+0000] {dag.py:3508} INFO - Setting next_dagrun for retrain_dag to 2023-12-24T01:32:00+00:00, run_after=2023-12-24T01:34:00+00:00
[2023-12-24T01:35:18.200+0000] {processor.py:179} INFO - Processing /opt/airflow/dags/retrain_dag.py took 0.872 seconds
[2023-12-24T01:35:48.247+0000] {processor.py:157} INFO - Started process (PID=1104) to work on /opt/airflow/dags/retrain_dag.py
[2023-12-24T01:35:48.249+0000] {processor.py:826} INFO - Processing file /opt/airflow/dags/retrain_dag.py for tasks to queue
[2023-12-24T01:35:48.250+0000] {logging_mixin.py:150} INFO - [2023-12-24T01:35:48.250+0000] {dagbag.py:541} INFO - Filling up the DagBag from /opt/airflow/dags/retrain_dag.py
[2023-12-24T01:35:49.047+0000] {processor.py:836} INFO - DAG(s) dict_keys(['retrain_dag']) retrieved from /opt/airflow/dags/retrain_dag.py
[2023-12-24T01:35:49.064+0000] {logging_mixin.py:150} INFO - [2023-12-24T01:35:49.064+0000] {dag.py:2742} INFO - Sync 1 DAGs
[2023-12-24T01:35:49.082+0000] {logging_mixin.py:150} INFO - [2023-12-24T01:35:49.082+0000] {dag.py:3508} INFO - Setting next_dagrun for retrain_dag to 2023-12-24T01:32:00+00:00, run_after=2023-12-24T01:34:00+00:00
[2023-12-24T01:35:49.094+0000] {processor.py:179} INFO - Processing /opt/airflow/dags/retrain_dag.py took 0.849 seconds
[2023-12-24T01:36:19.541+0000] {processor.py:157} INFO - Started process (PID=1220) to work on /opt/airflow/dags/retrain_dag.py
[2023-12-24T01:36:19.541+0000] {processor.py:826} INFO - Processing file /opt/airflow/dags/retrain_dag.py for tasks to queue
[2023-12-24T01:36:19.542+0000] {logging_mixin.py:150} INFO - [2023-12-24T01:36:19.542+0000] {dagbag.py:541} INFO - Filling up the DagBag from /opt/airflow/dags/retrain_dag.py
[2023-12-24T01:36:20.414+0000] {processor.py:836} INFO - DAG(s) dict_keys(['retrain_dag']) retrieved from /opt/airflow/dags/retrain_dag.py
[2023-12-24T01:36:20.432+0000] {logging_mixin.py:150} INFO - [2023-12-24T01:36:20.431+0000] {dag.py:2742} INFO - Sync 1 DAGs
[2023-12-24T01:36:20.451+0000] {logging_mixin.py:150} INFO - [2023-12-24T01:36:20.451+0000] {dag.py:3508} INFO - Setting next_dagrun for retrain_dag to 2023-12-24T01:34:00+00:00, run_after=2023-12-24T01:36:00+00:00
[2023-12-24T01:36:20.468+0000] {processor.py:179} INFO - Processing /opt/airflow/dags/retrain_dag.py took 0.930 seconds
[2023-12-24T01:36:50.584+0000] {processor.py:157} INFO - Started process (PID=1327) to work on /opt/airflow/dags/retrain_dag.py
[2023-12-24T01:36:50.585+0000] {processor.py:826} INFO - Processing file /opt/airflow/dags/retrain_dag.py for tasks to queue
[2023-12-24T01:36:50.586+0000] {logging_mixin.py:150} INFO - [2023-12-24T01:36:50.586+0000] {dagbag.py:541} INFO - Filling up the DagBag from /opt/airflow/dags/retrain_dag.py
[2023-12-24T01:36:51.390+0000] {processor.py:836} INFO - DAG(s) dict_keys(['retrain_dag']) retrieved from /opt/airflow/dags/retrain_dag.py
[2023-12-24T01:36:51.407+0000] {logging_mixin.py:150} INFO - [2023-12-24T01:36:51.407+0000] {dag.py:2742} INFO - Sync 1 DAGs
[2023-12-24T01:36:51.426+0000] {logging_mixin.py:150} INFO - [2023-12-24T01:36:51.426+0000] {dag.py:3508} INFO - Setting next_dagrun for retrain_dag to 2023-12-24T01:34:00+00:00, run_after=2023-12-24T01:36:00+00:00
[2023-12-24T01:36:51.439+0000] {processor.py:179} INFO - Processing /opt/airflow/dags/retrain_dag.py took 0.858 seconds
[2023-12-24T01:37:21.471+0000] {processor.py:157} INFO - Started process (PID=1443) to work on /opt/airflow/dags/retrain_dag.py
[2023-12-24T01:37:21.473+0000] {processor.py:826} INFO - Processing file /opt/airflow/dags/retrain_dag.py for tasks to queue
[2023-12-24T01:37:21.474+0000] {logging_mixin.py:150} INFO - [2023-12-24T01:37:21.474+0000] {dagbag.py:541} INFO - Filling up the DagBag from /opt/airflow/dags/retrain_dag.py
[2023-12-24T01:37:22.261+0000] {processor.py:836} INFO - DAG(s) dict_keys(['retrain_dag']) retrieved from /opt/airflow/dags/retrain_dag.py
[2023-12-24T01:37:22.276+0000] {logging_mixin.py:150} INFO - [2023-12-24T01:37:22.276+0000] {dag.py:2742} INFO - Sync 1 DAGs
[2023-12-24T01:37:22.294+0000] {logging_mixin.py:150} INFO - [2023-12-24T01:37:22.294+0000] {dag.py:3508} INFO - Setting next_dagrun for retrain_dag to 2023-12-24T01:34:00+00:00, run_after=2023-12-24T01:36:00+00:00
[2023-12-24T01:37:22.306+0000] {processor.py:179} INFO - Processing /opt/airflow/dags/retrain_dag.py took 0.839 seconds
[2023-12-24T01:37:53.034+0000] {processor.py:157} INFO - Started process (PID=1559) to work on /opt/airflow/dags/retrain_dag.py
[2023-12-24T01:37:53.034+0000] {processor.py:826} INFO - Processing file /opt/airflow/dags/retrain_dag.py for tasks to queue
[2023-12-24T01:37:53.035+0000] {logging_mixin.py:150} INFO - [2023-12-24T01:37:53.035+0000] {dagbag.py:541} INFO - Filling up the DagBag from /opt/airflow/dags/retrain_dag.py
[2023-12-24T01:37:53.875+0000] {processor.py:836} INFO - DAG(s) dict_keys(['retrain_dag']) retrieved from /opt/airflow/dags/retrain_dag.py
[2023-12-24T01:37:53.890+0000] {logging_mixin.py:150} INFO - [2023-12-24T01:37:53.890+0000] {dag.py:2742} INFO - Sync 1 DAGs
[2023-12-24T01:37:53.909+0000] {logging_mixin.py:150} INFO - [2023-12-24T01:37:53.909+0000] {dag.py:3508} INFO - Setting next_dagrun for retrain_dag to 2023-12-24T01:34:00+00:00, run_after=2023-12-24T01:36:00+00:00
[2023-12-24T01:37:53.925+0000] {processor.py:179} INFO - Processing /opt/airflow/dags/retrain_dag.py took 0.894 seconds
[2023-12-24T01:38:24.748+0000] {processor.py:157} INFO - Started process (PID=1666) to work on /opt/airflow/dags/retrain_dag.py
[2023-12-24T01:38:24.751+0000] {processor.py:826} INFO - Processing file /opt/airflow/dags/retrain_dag.py for tasks to queue
[2023-12-24T01:38:24.752+0000] {logging_mixin.py:150} INFO - [2023-12-24T01:38:24.751+0000] {dagbag.py:541} INFO - Filling up the DagBag from /opt/airflow/dags/retrain_dag.py
[2023-12-24T01:38:25.542+0000] {processor.py:836} INFO - DAG(s) dict_keys(['retrain_dag']) retrieved from /opt/airflow/dags/retrain_dag.py
[2023-12-24T01:38:25.557+0000] {logging_mixin.py:150} INFO - [2023-12-24T01:38:25.557+0000] {dag.py:2742} INFO - Sync 1 DAGs
[2023-12-24T01:38:25.573+0000] {logging_mixin.py:150} INFO - [2023-12-24T01:38:25.573+0000] {dag.py:3508} INFO - Setting next_dagrun for retrain_dag to 2023-12-24T01:36:00+00:00, run_after=2023-12-24T01:38:00+00:00
[2023-12-24T01:38:25.587+0000] {processor.py:179} INFO - Processing /opt/airflow/dags/retrain_dag.py took 0.842 seconds
[2023-12-24T01:38:55.644+0000] {processor.py:157} INFO - Started process (PID=1782) to work on /opt/airflow/dags/retrain_dag.py
[2023-12-24T01:38:55.645+0000] {processor.py:826} INFO - Processing file /opt/airflow/dags/retrain_dag.py for tasks to queue
[2023-12-24T01:38:55.645+0000] {logging_mixin.py:150} INFO - [2023-12-24T01:38:55.645+0000] {dagbag.py:541} INFO - Filling up the DagBag from /opt/airflow/dags/retrain_dag.py
[2023-12-24T01:38:56.548+0000] {processor.py:836} INFO - DAG(s) dict_keys(['retrain_dag']) retrieved from /opt/airflow/dags/retrain_dag.py
[2023-12-24T01:38:56.564+0000] {logging_mixin.py:150} INFO - [2023-12-24T01:38:56.563+0000] {dag.py:2742} INFO - Sync 1 DAGs
[2023-12-24T01:38:56.581+0000] {logging_mixin.py:150} INFO - [2023-12-24T01:38:56.581+0000] {dag.py:3508} INFO - Setting next_dagrun for retrain_dag to 2023-12-24T01:36:00+00:00, run_after=2023-12-24T01:38:00+00:00
[2023-12-24T01:38:56.595+0000] {processor.py:179} INFO - Processing /opt/airflow/dags/retrain_dag.py took 0.954 seconds
[2023-12-24T01:39:26.617+0000] {processor.py:157} INFO - Started process (PID=1898) to work on /opt/airflow/dags/retrain_dag.py
[2023-12-24T01:39:26.619+0000] {processor.py:826} INFO - Processing file /opt/airflow/dags/retrain_dag.py for tasks to queue
[2023-12-24T01:39:26.620+0000] {logging_mixin.py:150} INFO - [2023-12-24T01:39:26.620+0000] {dagbag.py:541} INFO - Filling up the DagBag from /opt/airflow/dags/retrain_dag.py
[2023-12-24T01:39:27.614+0000] {processor.py:836} INFO - DAG(s) dict_keys(['retrain_dag']) retrieved from /opt/airflow/dags/retrain_dag.py
[2023-12-24T01:39:27.648+0000] {logging_mixin.py:150} INFO - [2023-12-24T01:39:27.647+0000] {dag.py:2742} INFO - Sync 1 DAGs
[2023-12-24T01:39:27.684+0000] {logging_mixin.py:150} INFO - [2023-12-24T01:39:27.684+0000] {dag.py:3508} INFO - Setting next_dagrun for retrain_dag to 2023-12-24T01:36:00+00:00, run_after=2023-12-24T01:38:00+00:00
[2023-12-24T01:39:27.708+0000] {processor.py:179} INFO - Processing /opt/airflow/dags/retrain_dag.py took 1.093 seconds
