[2023-12-27T15:56:42.680+0000] {taskinstance.py:1103} INFO - Dependencies all met for dep_context=non-requeueable deps ti=<TaskInstance: modeling_dag.load_modeling manual__2023-12-27T15:56:36.572294+00:00 [queued]>
[2023-12-27T15:56:42.688+0000] {taskinstance.py:1103} INFO - Dependencies all met for dep_context=requeueable deps ti=<TaskInstance: modeling_dag.load_modeling manual__2023-12-27T15:56:36.572294+00:00 [queued]>
[2023-12-27T15:56:42.688+0000] {taskinstance.py:1308} INFO - Starting attempt 1 of 1
[2023-12-27T15:56:42.703+0000] {taskinstance.py:1327} INFO - Executing <Task(PythonOperator): load_modeling> on 2023-12-27 15:56:36.572294+00:00
[2023-12-27T15:56:42.709+0000] {standard_task_runner.py:57} INFO - Started process 212 to run task
[2023-12-27T15:56:42.712+0000] {standard_task_runner.py:84} INFO - Running: ['***', 'tasks', 'run', 'modeling_dag', 'load_modeling', 'manual__2023-12-27T15:56:36.572294+00:00', '--job-id', '387', '--raw', '--subdir', 'DAGS_FOLDER/modeling.py', '--cfg-path', '/tmp/tmpevcvmsic']
[2023-12-27T15:56:42.714+0000] {standard_task_runner.py:85} INFO - Job 387: Subtask load_modeling
[2023-12-27T15:56:42.747+0000] {task_command.py:410} INFO - Running <TaskInstance: modeling_dag.load_modeling manual__2023-12-27T15:56:36.572294+00:00 [running]> on host c56b1de7f6cf
[2023-12-27T15:56:42.803+0000] {taskinstance.py:1547} INFO - Exporting env vars: AIRFLOW_CTX_DAG_OWNER='***' AIRFLOW_CTX_DAG_ID='modeling_dag' AIRFLOW_CTX_TASK_ID='load_modeling' AIRFLOW_CTX_EXECUTION_DATE='2023-12-27T15:56:36.572294+00:00' AIRFLOW_CTX_TRY_NUMBER='1' AIRFLOW_CTX_DAG_RUN_ID='manual__2023-12-27T15:56:36.572294+00:00'
[2023-12-27T15:56:42.811+0000] {logging_mixin.py:150} INFO - /opt/***
[2023-12-27T15:56:42.812+0000] {modeling.py:153} INFO - /opt/***
[2023-12-27T15:56:44.643+0000] {warnings.py:110} WARNING - /home/***/.local/lib/python3.7/site-packages/sklearn/base.py:451: UserWarning: X does not have valid feature names, but RandomForestClassifier was fitted with feature names
  "X does not have valid feature names, but"

[2023-12-27T15:56:44.686+0000] {warnings.py:110} WARNING - /home/***/.local/lib/python3.7/site-packages/sklearn/base.py:451: UserWarning: X does not have valid feature names, but ExtraTreesClassifier was fitted with feature names
  "X does not have valid feature names, but"

[2023-12-27T15:56:45.098+0000] {warnings.py:110} WARNING - /home/***/.local/lib/python3.7/site-packages/sklearn/base.py:451: UserWarning: X does not have valid feature names, but ExtraTreesRegressor was fitted with feature names
  "X does not have valid feature names, but"

[2023-12-27T15:56:45.116+0000] {python.py:183} INFO - Done. Returned value was: (array([20.52913438]), array([0]))
[2023-12-27T15:56:45.134+0000] {taskinstance.py:1350} INFO - Marking task as SUCCESS. dag_id=modeling_dag, task_id=load_modeling, execution_date=20231227T155636, start_date=20231227T155642, end_date=20231227T155645
[2023-12-27T15:56:45.171+0000] {local_task_job_runner.py:225} INFO - Task exited with return code 0
[2023-12-27T15:56:45.192+0000] {taskinstance.py:2653} INFO - 1 downstream tasks scheduled from follow-on schedule check
